{"/home/psalmprax/ALL_PROJECTS/ag_extension_decision_support/ag-extension-dashboard/src/frontend/src/App.tsx": {"path":"/home/psalmprax/ALL_PROJECTS/ag_extension_decision_support/ag-extension-dashboard/src/frontend/src/App.tsx","statementMap":{"0":{"start":{"line":64,"column":15},"end":{"line":64,"column":null}},"1":{"start":{"line":66,"column":17},"end":{"line":89,"column":null}},"2":{"start":{"line":67,"column":4},"end":{"line":89,"column":null}},"3":{"start":{"line":93,"column":24},"end":{"line":93,"column":null}},"4":{"start":{"line":94,"column":10},"end":{"line":94,"column":null}},"5":{"start":{"line":102,"column":4},"end":{"line":102,"column":null}},"6":{"start":{"line":105,"column":25},"end":{"line":110,"column":null}},"7":{"start":{"line":106,"column":8},"end":{"line":106,"column":null}},"8":{"start":{"line":107,"column":8},"end":{"line":107,"column":null}},"9":{"start":{"line":108,"column":8},"end":{"line":108,"column":null}},"10":{"start":{"line":109,"column":8},"end":{"line":109,"column":null}},"11":{"start":{"line":112,"column":38},"end":{"line":112,"column":null}},"12":{"start":{"line":113,"column":40},"end":{"line":113,"column":null}},"13":{"start":{"line":114,"column":34},"end":{"line":114,"column":null}},"14":{"start":{"line":115,"column":34},"end":{"line":115,"column":null}},"15":{"start":{"line":116,"column":32},"end":{"line":116,"column":null}},"16":{"start":{"line":119,"column":4},"end":{"line":122,"column":null}},"17":{"start":{"line":120,"column":8},"end":{"line":120,"column":null}},"18":{"start":{"line":121,"column":8},"end":{"line":121,"column":null}},"19":{"start":{"line":125,"column":42},"end":{"line":125,"column":null}},"20":{"start":{"line":126,"column":40},"end":{"line":126,"column":null}},"21":{"start":{"line":127,"column":42},"end":{"line":127,"column":null}},"22":{"start":{"line":128,"column":40},"end":{"line":128,"column":null}},"23":{"start":{"line":129,"column":44},"end":{"line":129,"column":null}},"24":{"start":{"line":130,"column":40},"end":{"line":130,"column":null}},"25":{"start":{"line":131,"column":34},"end":{"line":131,"column":null}},"26":{"start":{"line":132,"column":32},"end":{"line":132,"column":null}},"27":{"start":{"line":135,"column":54},"end":{"line":135,"column":null}},"28":{"start":{"line":138,"column":44},"end":{"line":138,"column":null}},"29":{"start":{"line":139,"column":52},"end":{"line":139,"column":null}},"30":{"start":{"line":140,"column":52},"end":{"line":140,"column":null}},"31":{"start":{"line":141,"column":46},"end":{"line":141,"column":null}},"32":{"start":{"line":142,"column":46},"end":{"line":142,"column":null}},"33":{"start":{"line":143,"column":50},"end":{"line":143,"column":null}},"34":{"start":{"line":146,"column":44},"end":{"line":146,"column":null}},"35":{"start":{"line":147,"column":50},"end":{"line":147,"column":null}},"36":{"start":{"line":149,"column":35},"end":{"line":152,"column":null}},"37":{"start":{"line":150,"column":8},"end":{"line":150,"column":null}},"38":{"start":{"line":151,"column":8},"end":{"line":151,"column":null}},"39":{"start":{"line":154,"column":4},"end":{"line":162,"column":null}},"40":{"start":{"line":155,"column":8},"end":{"line":161,"column":null}},"41":{"start":{"line":156,"column":12},"end":{"line":156,"column":null}},"42":{"start":{"line":157,"column":12},"end":{"line":157,"column":null}},"43":{"start":{"line":159,"column":12},"end":{"line":159,"column":null}},"44":{"start":{"line":160,"column":12},"end":{"line":160,"column":null}},"45":{"start":{"line":164,"column":4},"end":{"line":182,"column":null}},"46":{"start":{"line":165,"column":8},"end":{"line":165,"column":null}},"47":{"start":{"line":168,"column":21},"end":{"line":168,"column":null}},"48":{"start":{"line":169,"column":22},"end":{"line":169,"column":null}},"49":{"start":{"line":172,"column":14},"end":{"line":172,"column":null}},"50":{"start":{"line":175,"column":26},"end":{"line":175,"column":null}},"51":{"start":{"line":175,"column":57},"end":{"line":175,"column":65}},"52":{"start":{"line":176,"column":8},"end":{"line":181,"column":null}},"53":{"start":{"line":177,"column":34},"end":{"line":177,"column":null}},"54":{"start":{"line":178,"column":12},"end":{"line":180,"column":null}},"55":{"start":{"line":179,"column":16},"end":{"line":179,"column":null}},"56":{"start":{"line":185,"column":4},"end":{"line":215,"column":null}},"57":{"start":{"line":187,"column":8},"end":{"line":187,"column":null}},"58":{"start":{"line":190,"column":8},"end":{"line":214,"column":null}},"59":{"start":{"line":191,"column":12},"end":{"line":211,"column":null}},"60":{"start":{"line":193,"column":52},"end":{"line":193,"column":null}},"61":{"start":{"line":194,"column":20},"end":{"line":205,"column":null}},"62":{"start":{"line":196,"column":41},"end":{"line":198,"column":null}},"63":{"start":{"line":199,"column":37},"end":{"line":199,"column":null}},"64":{"start":{"line":200,"column":41},"end":{"line":200,"column":null}},"65":{"start":{"line":201,"column":40},"end":{"line":201,"column":null}},"66":{"start":{"line":202,"column":24},"end":{"line":202,"column":null}},"67":{"start":{"line":204,"column":24},"end":{"line":204,"column":null}},"68":{"start":{"line":208,"column":20},"end":{"line":208,"column":null}},"69":{"start":{"line":209,"column":20},"end":{"line":209,"column":null}},"70":{"start":{"line":213,"column":12},"end":{"line":213,"column":null}},"71":{"start":{"line":217,"column":4},"end":{"line":225,"column":null}},"72":{"start":{"line":218,"column":23},"end":{"line":218,"column":null}},"73":{"start":{"line":219,"column":8},"end":{"line":224,"column":null}},"74":{"start":{"line":220,"column":12},"end":{"line":220,"column":null}},"75":{"start":{"line":222,"column":8},"end":{"line":224,"column":null}},"76":{"start":{"line":223,"column":12},"end":{"line":223,"column":null}},"77":{"start":{"line":227,"column":31},"end":{"line":230,"column":null}},"78":{"start":{"line":232,"column":17},"end":{"line":232,"column":null}},"79":{"start":{"line":235,"column":56},"end":{"line":239,"column":null}},"80":{"start":{"line":241,"column":27},"end":{"line":241,"column":null}},"81":{"start":{"line":244,"column":34},"end":{"line":248,"column":null}},"82":{"start":{"line":249,"column":26},"end":{"line":249,"column":null}},"83":{"start":{"line":250,"column":20},"end":{"line":250,"column":null}},"84":{"start":{"line":253,"column":57},"end":{"line":257,"column":null}},"85":{"start":{"line":258,"column":20},"end":{"line":258,"column":null}},"86":{"start":{"line":261,"column":34},"end":{"line":265,"column":null}},"87":{"start":{"line":266,"column":21},"end":{"line":266,"column":null}},"88":{"start":{"line":269,"column":38},"end":{"line":273,"column":null}},"89":{"start":{"line":274,"column":29},"end":{"line":274,"column":null}},"90":{"start":{"line":276,"column":24},"end":{"line":290,"column":null}},"91":{"start":{"line":292,"column":21},"end":{"line":292,"column":null}},"92":{"start":{"line":292,"column":48},"end":{"line":292,"column":87}},"93":{"start":{"line":294,"column":34},"end":{"line":306,"column":null}},"94":{"start":{"line":295,"column":8},"end":{"line":295,"column":null}},"95":{"start":{"line":295,"column":15},"end":{"line":295,"column":null}},"96":{"start":{"line":296,"column":8},"end":{"line":296,"column":null}},"97":{"start":{"line":297,"column":8},"end":{"line":297,"column":null}},"98":{"start":{"line":298,"column":8},"end":{"line":305,"column":null}},"99":{"start":{"line":299,"column":27},"end":{"line":299,"column":null}},"100":{"start":{"line":300,"column":12},"end":{"line":300,"column":null}},"101":{"start":{"line":302,"column":12},"end":{"line":302,"column":null}},"102":{"start":{"line":304,"column":12},"end":{"line":304,"column":null}},"103":{"start":{"line":308,"column":30},"end":{"line":318,"column":null}},"104":{"start":{"line":309,"column":8},"end":{"line":317,"column":null}},"105":{"start":{"line":310,"column":24},"end":{"line":310,"column":null}},"106":{"start":{"line":311,"column":12},"end":{"line":311,"column":null}},"107":{"start":{"line":312,"column":12},"end":{"line":314,"column":null}},"108":{"start":{"line":313,"column":16},"end":{"line":313,"column":null}},"109":{"start":{"line":316,"column":12},"end":{"line":316,"column":null}},"110":{"start":{"line":320,"column":25},"end":{"line":327,"column":null}},"111":{"start":{"line":321,"column":8},"end":{"line":326,"column":null}},"112":{"start":{"line":322,"column":24},"end":{"line":322,"column":null}},"113":{"start":{"line":323,"column":12},"end":{"line":323,"column":null}},"114":{"start":{"line":325,"column":12},"end":{"line":325,"column":null}},"115":{"start":{"line":329,"column":36},"end":{"line":347,"column":null}},"116":{"start":{"line":330,"column":8},"end":{"line":346,"column":null}},"117":{"start":{"line":331,"column":26},"end":{"line":331,"column":null}},"118":{"start":{"line":332,"column":24},"end":{"line":339,"column":null}},"119":{"start":{"line":340,"column":12},"end":{"line":343,"column":null}},"120":{"start":{"line":341,"column":16},"end":{"line":341,"column":null}},"121":{"start":{"line":341,"column":41},"end":{"line":341,"column":89}},"122":{"start":{"line":341,"column":55},"end":{"line":341,"column":88}},"123":{"start":{"line":342,"column":16},"end":{"line":342,"column":null}},"124":{"start":{"line":345,"column":12},"end":{"line":345,"column":null}},"125":{"start":{"line":349,"column":31},"end":{"line":369,"column":null}},"126":{"start":{"line":350,"column":8},"end":{"line":368,"column":null}},"127":{"start":{"line":351,"column":26},"end":{"line":351,"column":null}},"128":{"start":{"line":352,"column":24},"end":{"line":357,"column":null}},"129":{"start":{"line":358,"column":12},"end":{"line":365,"column":null}},"130":{"start":{"line":359,"column":16},"end":{"line":359,"column":null}},"131":{"start":{"line":359,"column":41},"end":{"line":359,"column":70}},"132":{"start":{"line":359,"column":58},"end":{"line":359,"column":69}},"133":{"start":{"line":360,"column":16},"end":{"line":363,"column":null}},"134":{"start":{"line":361,"column":20},"end":{"line":361,"column":null}},"135":{"start":{"line":362,"column":20},"end":{"line":362,"column":null}},"136":{"start":{"line":364,"column":16},"end":{"line":364,"column":null}},"137":{"start":{"line":367,"column":12},"end":{"line":367,"column":null}},"138":{"start":{"line":372,"column":36},"end":{"line":382,"column":null}},"139":{"start":{"line":373,"column":8},"end":{"line":381,"column":null}},"140":{"start":{"line":374,"column":24},"end":{"line":374,"column":null}},"141":{"start":{"line":375,"column":12},"end":{"line":375,"column":null}},"142":{"start":{"line":376,"column":12},"end":{"line":378,"column":null}},"143":{"start":{"line":377,"column":16},"end":{"line":377,"column":null}},"144":{"start":{"line":380,"column":12},"end":{"line":380,"column":null}},"145":{"start":{"line":384,"column":31},"end":{"line":391,"column":null}},"146":{"start":{"line":385,"column":8},"end":{"line":390,"column":null}},"147":{"start":{"line":386,"column":24},"end":{"line":386,"column":null}},"148":{"start":{"line":387,"column":12},"end":{"line":387,"column":null}},"149":{"start":{"line":389,"column":12},"end":{"line":389,"column":null}},"150":{"start":{"line":393,"column":33},"end":{"line":417,"column":null}},"151":{"start":{"line":394,"column":8},"end":{"line":394,"column":null}},"152":{"start":{"line":395,"column":8},"end":{"line":395,"column":null}},"153":{"start":{"line":395,"column":37},"end":{"line":395,"column":null}},"154":{"start":{"line":397,"column":24},"end":{"line":397,"column":null}},"155":{"start":{"line":398,"column":8},"end":{"line":398,"column":null}},"156":{"start":{"line":398,"column":38},"end":{"line":398,"column":56}},"157":{"start":{"line":399,"column":8},"end":{"line":399,"column":null}},"158":{"start":{"line":401,"column":8},"end":{"line":416,"column":null}},"159":{"start":{"line":402,"column":24},"end":{"line":407,"column":null}},"160":{"start":{"line":408,"column":12},"end":{"line":413,"column":null}},"161":{"start":{"line":410,"column":16},"end":{"line":412,"column":null}},"162":{"start":{"line":411,"column":20},"end":{"line":411,"column":null}},"163":{"start":{"line":415,"column":12},"end":{"line":415,"column":null}},"164":{"start":{"line":420,"column":36},"end":{"line":420,"column":null}},"165":{"start":{"line":421,"column":48},"end":{"line":421,"column":null}},"166":{"start":{"line":423,"column":24},"end":{"line":434,"column":null}},"167":{"start":{"line":424,"column":8},"end":{"line":433,"column":null}},"168":{"start":{"line":425,"column":12},"end":{"line":425,"column":null}},"169":{"start":{"line":426,"column":24},"end":{"line":426,"column":null}},"170":{"start":{"line":427,"column":12},"end":{"line":427,"column":null}},"171":{"start":{"line":429,"column":12},"end":{"line":429,"column":null}},"172":{"start":{"line":430,"column":12},"end":{"line":430,"column":null}},"173":{"start":{"line":432,"column":12},"end":{"line":432,"column":null}},"174":{"start":{"line":436,"column":36},"end":{"line":479,"column":null}},"175":{"start":{"line":437,"column":8},"end":{"line":478,"column":null}},"176":{"start":{"line":439,"column":42},"end":{"line":439,"column":null}},"177":{"start":{"line":440,"column":33},"end":{"line":440,"column":null}},"178":{"start":{"line":440,"column":72},"end":{"line":440,"column":96}},"179":{"start":{"line":442,"column":12},"end":{"line":454,"column":null}},"180":{"start":{"line":444,"column":16},"end":{"line":450,"column":null}},"181":{"start":{"line":445,"column":20},"end":{"line":445,"column":null}},"182":{"start":{"line":446,"column":20},"end":{"line":446,"column":null}},"183":{"start":{"line":448,"column":20},"end":{"line":448,"column":null}},"184":{"start":{"line":449,"column":20},"end":{"line":449,"column":null}},"185":{"start":{"line":451,"column":16},"end":{"line":451,"column":null}},"186":{"start":{"line":452,"column":16},"end":{"line":452,"column":null}},"187":{"start":{"line":453,"column":16},"end":{"line":453,"column":null}},"188":{"start":{"line":456,"column":24},"end":{"line":460,"column":null}},"189":{"start":{"line":461,"column":12},"end":{"line":475,"column":null}},"190":{"start":{"line":462,"column":16},"end":{"line":472,"column":null}},"191":{"start":{"line":464,"column":20},"end":{"line":464,"column":null}},"192":{"start":{"line":464,"column":51},"end":{"line":464,"column":70}},"193":{"start":{"line":465,"column":20},"end":{"line":465,"column":null}},"194":{"start":{"line":466,"column":20},"end":{"line":466,"column":null}},"195":{"start":{"line":469,"column":20},"end":{"line":469,"column":null}},"196":{"start":{"line":469,"column":45},"end":{"line":469,"column":64}},"197":{"start":{"line":470,"column":20},"end":{"line":470,"column":null}},"198":{"start":{"line":471,"column":20},"end":{"line":471,"column":null}},"199":{"start":{"line":473,"column":16},"end":{"line":473,"column":null}},"200":{"start":{"line":474,"column":16},"end":{"line":474,"column":null}},"201":{"start":{"line":477,"column":12},"end":{"line":477,"column":null}},"202":{"start":{"line":481,"column":27},"end":{"line":499,"column":null}},"203":{"start":{"line":482,"column":8},"end":{"line":482,"column":null}},"204":{"start":{"line":483,"column":8},"end":{"line":483,"column":null}},"205":{"start":{"line":483,"column":48},"end":{"line":483,"column":null}},"206":{"start":{"line":485,"column":24},"end":{"line":485,"column":null}},"207":{"start":{"line":486,"column":8},"end":{"line":486,"column":null}},"208":{"start":{"line":486,"column":32},"end":{"line":486,"column":50}},"209":{"start":{"line":487,"column":8},"end":{"line":487,"column":null}},"210":{"start":{"line":488,"column":8},"end":{"line":488,"column":null}},"211":{"start":{"line":490,"column":8},"end":{"line":498,"column":null}},"212":{"start":{"line":491,"column":24},"end":{"line":491,"column":null}},"213":{"start":{"line":492,"column":26},"end":{"line":492,"column":null}},"214":{"start":{"line":493,"column":12},"end":{"line":493,"column":null}},"215":{"start":{"line":493,"column":36},"end":{"line":493,"column":52}},"216":{"start":{"line":495,"column":12},"end":{"line":495,"column":null}},"217":{"start":{"line":497,"column":12},"end":{"line":497,"column":null}},"218":{"start":{"line":501,"column":4},"end":{"line":508,"column":null}},"219":{"start":{"line":502,"column":8},"end":{"line":504,"column":null}},"220":{"start":{"line":503,"column":12},"end":{"line":503,"column":null}},"221":{"start":{"line":505,"column":8},"end":{"line":507,"column":null}},"222":{"start":{"line":506,"column":12},"end":{"line":506,"column":null}},"223":{"start":{"line":510,"column":4},"end":{"line":514,"column":null}},"224":{"start":{"line":511,"column":8},"end":{"line":513,"column":null}},"225":{"start":{"line":512,"column":12},"end":{"line":512,"column":null}},"226":{"start":{"line":516,"column":4},"end":{"line":516,"column":null}},"227":{"start":{"line":516,"column":17},"end":{"line":516,"column":null}},"228":{"start":{"line":518,"column":24},"end":{"line":525,"column":null}},"229":{"start":{"line":519,"column":8},"end":{"line":525,"column":null}},"230":{"start":{"line":520,"column":27},"end":{"line":520,"column":null}},"231":{"start":{"line":528,"column":4},"end":{"line":1650,"column":null}},"232":{"start":{"line":535,"column":43},"end":{"line":535,"column":null}},"233":{"start":{"line":563,"column":49},"end":{"line":563,"column":null}},"234":{"start":{"line":610,"column":32},"end":{"line":620,"column":null}},"235":{"start":{"line":612,"column":51},"end":{"line":612,"column":null}},"236":{"start":{"line":690,"column":78},"end":{"line":700,"column":46}},"237":{"start":{"line":702,"column":48},"end":{"line":707,"column":null}},"238":{"start":{"line":703,"column":52},"end":{"line":703,"column":null}},"239":{"start":{"line":704,"column":52},"end":{"line":704,"column":null}},"240":{"start":{"line":706,"column":52},"end":{"line":706,"column":null}},"241":{"start":{"line":737,"column":44},"end":{"line":750,"column":null}},"242":{"start":{"line":777,"column":48},"end":{"line":810,"column":null}},"243":{"start":{"line":779,"column":67},"end":{"line":779,"column":null}},"244":{"start":{"line":800,"column":64},"end":{"line":802,"column":null}},"245":{"start":{"line":827,"column":51},"end":{"line":827,"column":null}},"246":{"start":{"line":835,"column":36},"end":{"line":870,"column":null}},"247":{"start":{"line":862,"column":71},"end":{"line":862,"column":null}},"248":{"start":{"line":862,"column":96},"end":{"line":862,"column":152}},"249":{"start":{"line":863,"column":52},"end":{"line":863,"column":null}},"250":{"start":{"line":863,"column":68},"end":{"line":863,"column":null}},"251":{"start":{"line":890,"column":36},"end":{"line":920,"column":null}},"252":{"start":{"line":1042,"column":53},"end":{"line":1042,"column":73}},"253":{"start":{"line":1042,"column":73},"end":{"line":1042,"column":99}},"254":{"start":{"line":1054,"column":61},"end":{"line":1054,"column":null}},"255":{"start":{"line":1098,"column":48},"end":{"line":1103,"column":null}},"256":{"start":{"line":1126,"column":44},"end":{"line":1135,"column":null}},"257":{"start":{"line":1127,"column":60},"end":{"line":1127,"column":null}},"258":{"start":{"line":1128,"column":48},"end":{"line":1132,"column":null}},"259":{"start":{"line":1129,"column":52},"end":{"line":1129,"column":null}},"260":{"start":{"line":1129,"column":77},"end":{"line":1129,"column":96}},"261":{"start":{"line":1130,"column":52},"end":{"line":1130,"column":null}},"262":{"start":{"line":1131,"column":52},"end":{"line":1131,"column":null}},"263":{"start":{"line":1134,"column":48},"end":{"line":1134,"column":null}},"264":{"start":{"line":1180,"column":44},"end":{"line":1281,"column":null}},"265":{"start":{"line":1191,"column":60},"end":{"line":1191,"column":null}},"266":{"start":{"line":1192,"column":60},"end":{"line":1192,"column":null}},"267":{"start":{"line":1202,"column":81},"end":{"line":1202,"column":null}},"268":{"start":{"line":1204,"column":68},"end":{"line":1208,"column":null}},"269":{"start":{"line":1205,"column":72},"end":{"line":1205,"column":null}},"270":{"start":{"line":1206,"column":68},"end":{"line":1208,"column":null}},"271":{"start":{"line":1207,"column":72},"end":{"line":1207,"column":null}},"272":{"start":{"line":1214,"column":79},"end":{"line":1214,"column":null}},"273":{"start":{"line":1220,"column":79},"end":{"line":1220,"column":null}},"274":{"start":{"line":1231,"column":68},"end":{"line":1231,"column":null}},"275":{"start":{"line":1232,"column":68},"end":{"line":1232,"column":null}},"276":{"start":{"line":1245,"column":72},"end":{"line":1245,"column":null}},"277":{"start":{"line":1246,"column":72},"end":{"line":1246,"column":null}},"278":{"start":{"line":1256,"column":91},"end":{"line":1256,"column":null}},"279":{"start":{"line":1262,"column":91},"end":{"line":1262,"column":null}},"280":{"start":{"line":1270,"column":87},"end":{"line":1270,"column":null}},"281":{"start":{"line":1309,"column":48},"end":{"line":1319,"column":null}},"282":{"start":{"line":1338,"column":69},"end":{"line":1338,"column":null}},"283":{"start":{"line":1366,"column":114},"end":{"line":1366,"column":141}},"284":{"start":{"line":1374,"column":67},"end":{"line":1374,"column":94}},"285":{"start":{"line":1387,"column":69},"end":{"line":1387,"column":null}},"286":{"start":{"line":1398,"column":48},"end":{"line":1401,"column":null}},"287":{"start":{"line":1406,"column":52},"end":{"line":1409,"column":null}},"288":{"start":{"line":1411,"column":52},"end":{"line":1434,"column":null}},"289":{"start":{"line":1413,"column":71},"end":{"line":1413,"column":null}},"290":{"start":{"line":1428,"column":72},"end":{"line":1428,"column":null}},"291":{"start":{"line":1452,"column":57},"end":{"line":1452,"column":72}},"292":{"start":{"line":1452,"column":72},"end":{"line":1452,"column":98}},"293":{"start":{"line":1466,"column":44},"end":{"line":1488,"column":null}},"294":{"start":{"line":1469,"column":52},"end":{"line":1469,"column":null}},"295":{"start":{"line":1470,"column":52},"end":{"line":1470,"column":null}},"296":{"start":{"line":1502,"column":83},"end":{"line":1502,"column":110}},"297":{"start":{"line":1506,"column":87},"end":{"line":1506,"column":114}},"298":{"start":{"line":1519,"column":48},"end":{"line":1529,"column":null}},"299":{"start":{"line":1539,"column":69},"end":{"line":1539,"column":null}},"300":{"start":{"line":1570,"column":102},"end":{"line":1570,"column":129}},"301":{"start":{"line":1577,"column":55},"end":{"line":1577,"column":82}},"302":{"start":{"line":1588,"column":57},"end":{"line":1588,"column":null}},"303":{"start":{"line":1597,"column":36},"end":{"line":1600,"column":null}},"304":{"start":{"line":1605,"column":40},"end":{"line":1608,"column":null}},"305":{"start":{"line":1610,"column":40},"end":{"line":1627,"column":null}},"306":{"start":{"line":1612,"column":59},"end":{"line":1612,"column":null}},"307":{"start":{"line":1639,"column":31},"end":{"line":1639,"column":null}},"308":{"start":{"line":1640,"column":33},"end":{"line":1640,"column":null}},"309":{"start":{"line":1646,"column":31},"end":{"line":1646,"column":null}},"310":{"start":{"line":1648,"column":50},"end":{"line":1648,"column":181}}},"fnMap":{"0":{"name":"(anonymous_0)","decl":{"start":{"line":66,"column":17},"end":{"line":66,"column":18}},"loc":{"start":{"line":67,"column":4},"end":{"line":89,"column":null}},"line":67},"1":{"name":"App","decl":{"start":{"line":92,"column":9},"end":{"line":92,"column":15}},"loc":{"start":{"line":92,"column":15},"end":{"line":1652,"column":null}},"line":92},"2":{"name":"(anonymous_2)","decl":{"start":{"line":105,"column":25},"end":{"line":105,"column":31}},"loc":{"start":{"line":105,"column":31},"end":{"line":110,"column":null}},"line":105},"3":{"name":"(anonymous_3)","decl":{"start":{"line":119,"column":14},"end":{"line":119,"column":20}},"loc":{"start":{"line":119,"column":20},"end":{"line":122,"column":7}},"line":119},"4":{"name":"(anonymous_4)","decl":{"start":{"line":149,"column":35},"end":{"line":149,"column":36}},"loc":{"start":{"line":149,"column":52},"end":{"line":152,"column":null}},"line":149},"5":{"name":"(anonymous_5)","decl":{"start":{"line":154,"column":14},"end":{"line":154,"column":20}},"loc":{"start":{"line":154,"column":20},"end":{"line":162,"column":7}},"line":154},"6":{"name":"(anonymous_6)","decl":{"start":{"line":164,"column":14},"end":{"line":164,"column":20}},"loc":{"start":{"line":164,"column":20},"end":{"line":182,"column":7}},"line":164},"7":{"name":"(anonymous_7)","decl":{"start":{"line":175,"column":52},"end":{"line":175,"column":57}},"loc":{"start":{"line":175,"column":57},"end":{"line":175,"column":65}},"line":175},"8":{"name":"(anonymous_8)","decl":{"start":{"line":176,"column":26},"end":{"line":176,"column":31}},"loc":{"start":{"line":176,"column":31},"end":{"line":181,"column":9}},"line":176},"9":{"name":"(anonymous_9)","decl":{"start":{"line":185,"column":14},"end":{"line":185,"column":20}},"loc":{"start":{"line":185,"column":20},"end":{"line":215,"column":7}},"line":185},"10":{"name":"(anonymous_10)","decl":{"start":{"line":192,"column":16},"end":{"line":192,"column":23}},"loc":{"start":{"line":192,"column":36},"end":{"line":206,"column":null}},"line":192},"11":{"name":"(anonymous_11)","decl":{"start":{"line":207,"column":16},"end":{"line":207,"column":17}},"loc":{"start":{"line":207,"column":27},"end":{"line":210,"column":null}},"line":207},"12":{"name":"(anonymous_12)","decl":{"start":{"line":217,"column":14},"end":{"line":217,"column":20}},"loc":{"start":{"line":217,"column":20},"end":{"line":225,"column":7}},"line":217},"13":{"name":"(anonymous_13)","decl":{"start":{"line":292,"column":40},"end":{"line":292,"column":48}},"loc":{"start":{"line":292,"column":48},"end":{"line":292,"column":87}},"line":292},"14":{"name":"(anonymous_14)","decl":{"start":{"line":294,"column":34},"end":{"line":294,"column":41}},"loc":{"start":{"line":294,"column":65},"end":{"line":306,"column":null}},"line":294},"15":{"name":"(anonymous_15)","decl":{"start":{"line":308,"column":30},"end":{"line":308,"column":42}},"loc":{"start":{"line":308,"column":42},"end":{"line":318,"column":null}},"line":308},"16":{"name":"(anonymous_16)","decl":{"start":{"line":320,"column":25},"end":{"line":320,"column":32}},"loc":{"start":{"line":320,"column":47},"end":{"line":327,"column":null}},"line":320},"17":{"name":"(anonymous_17)","decl":{"start":{"line":329,"column":36},"end":{"line":329,"column":43}},"loc":{"start":{"line":329,"column":73},"end":{"line":347,"column":null}},"line":329},"18":{"name":"(anonymous_18)","decl":{"start":{"line":341,"column":33},"end":{"line":341,"column":41}},"loc":{"start":{"line":341,"column":41},"end":{"line":341,"column":89}},"line":341},"19":{"name":"(anonymous_19)","decl":{"start":{"line":341,"column":50},"end":{"line":341,"column":55}},"loc":{"start":{"line":341,"column":55},"end":{"line":341,"column":88}},"line":341},"20":{"name":"(anonymous_20)","decl":{"start":{"line":349,"column":31},"end":{"line":349,"column":38}},"loc":{"start":{"line":349,"column":53},"end":{"line":369,"column":null}},"line":349},"21":{"name":"(anonymous_21)","decl":{"start":{"line":359,"column":33},"end":{"line":359,"column":41}},"loc":{"start":{"line":359,"column":41},"end":{"line":359,"column":70}},"line":359},"22":{"name":"(anonymous_22)","decl":{"start":{"line":359,"column":53},"end":{"line":359,"column":58}},"loc":{"start":{"line":359,"column":58},"end":{"line":359,"column":69}},"line":359},"23":{"name":"(anonymous_23)","decl":{"start":{"line":372,"column":36},"end":{"line":372,"column":48}},"loc":{"start":{"line":372,"column":48},"end":{"line":382,"column":null}},"line":372},"24":{"name":"(anonymous_24)","decl":{"start":{"line":384,"column":31},"end":{"line":384,"column":38}},"loc":{"start":{"line":384,"column":53},"end":{"line":391,"column":null}},"line":384},"25":{"name":"(anonymous_25)","decl":{"start":{"line":393,"column":33},"end":{"line":393,"column":40}},"loc":{"start":{"line":393,"column":63},"end":{"line":417,"column":null}},"line":393},"26":{"name":"(anonymous_26)","decl":{"start":{"line":398,"column":30},"end":{"line":398,"column":38}},"loc":{"start":{"line":398,"column":38},"end":{"line":398,"column":56}},"line":398},"27":{"name":"(anonymous_27)","decl":{"start":{"line":423,"column":24},"end":{"line":423,"column":36}},"loc":{"start":{"line":423,"column":36},"end":{"line":434,"column":null}},"line":423},"28":{"name":"(anonymous_28)","decl":{"start":{"line":436,"column":36},"end":{"line":436,"column":43}},"loc":{"start":{"line":436,"column":93},"end":{"line":479,"column":null}},"line":436},"29":{"name":"(anonymous_29)","decl":{"start":{"line":440,"column":60},"end":{"line":440,"column":61}},"loc":{"start":{"line":440,"column":72},"end":{"line":440,"column":96}},"line":440},"30":{"name":"(anonymous_30)","decl":{"start":{"line":464,"column":43},"end":{"line":464,"column":51}},"loc":{"start":{"line":464,"column":51},"end":{"line":464,"column":70}},"line":464},"31":{"name":"(anonymous_31)","decl":{"start":{"line":469,"column":37},"end":{"line":469,"column":45}},"loc":{"start":{"line":469,"column":45},"end":{"line":469,"column":64}},"line":469},"32":{"name":"(anonymous_32)","decl":{"start":{"line":481,"column":27},"end":{"line":481,"column":34}},"loc":{"start":{"line":481,"column":57},"end":{"line":499,"column":null}},"line":481},"33":{"name":"(anonymous_33)","decl":{"start":{"line":486,"column":24},"end":{"line":486,"column":32}},"loc":{"start":{"line":486,"column":32},"end":{"line":486,"column":50}},"line":486},"34":{"name":"(anonymous_34)","decl":{"start":{"line":493,"column":28},"end":{"line":493,"column":36}},"loc":{"start":{"line":493,"column":36},"end":{"line":493,"column":52}},"line":493},"35":{"name":"(anonymous_35)","decl":{"start":{"line":501,"column":14},"end":{"line":501,"column":20}},"loc":{"start":{"line":501,"column":20},"end":{"line":508,"column":7}},"line":501},"36":{"name":"(anonymous_36)","decl":{"start":{"line":510,"column":14},"end":{"line":510,"column":20}},"loc":{"start":{"line":510,"column":20},"end":{"line":514,"column":7}},"line":510},"37":{"name":"(anonymous_37)","decl":{"start":{"line":518,"column":24},"end":{"line":518,"column":null}},"loc":{"start":{"line":519,"column":8},"end":{"line":525,"column":null}},"line":519},"38":{"name":"(anonymous_38)","decl":{"start":{"line":520,"column":21},"end":{"line":520,"column":27}},"loc":{"start":{"line":520,"column":27},"end":{"line":520,"column":null}},"line":520},"39":{"name":"(anonymous_39)","decl":{"start":{"line":535,"column":37},"end":{"line":535,"column":43}},"loc":{"start":{"line":535,"column":43},"end":{"line":535,"column":null}},"line":535},"40":{"name":"(anonymous_40)","decl":{"start":{"line":563,"column":42},"end":{"line":563,"column":43}},"loc":{"start":{"line":563,"column":49},"end":{"line":563,"column":null}},"line":563},"41":{"name":"(anonymous_41)","decl":{"start":{"line":609,"column":42},"end":{"line":609,"column":43}},"loc":{"start":{"line":610,"column":32},"end":{"line":620,"column":null}},"line":610},"42":{"name":"(anonymous_42)","decl":{"start":{"line":612,"column":45},"end":{"line":612,"column":51}},"loc":{"start":{"line":612,"column":51},"end":{"line":612,"column":null}},"line":612},"43":{"name":"(anonymous_43)","decl":{"start":{"line":690,"column":65},"end":{"line":690,"column":66}},"loc":{"start":{"line":690,"column":78},"end":{"line":700,"column":46}},"line":690},"44":{"name":"(anonymous_44)","decl":{"start":{"line":701,"column":59},"end":{"line":701,"column":60}},"loc":{"start":{"line":701,"column":71},"end":{"line":708,"column":null}},"line":701},"45":{"name":"(anonymous_45)","decl":{"start":{"line":736,"column":46},"end":{"line":736,"column":47}},"loc":{"start":{"line":737,"column":44},"end":{"line":750,"column":null}},"line":737},"46":{"name":"(anonymous_46)","decl":{"start":{"line":776,"column":57},"end":{"line":776,"column":58}},"loc":{"start":{"line":777,"column":48},"end":{"line":810,"column":null}},"line":777},"47":{"name":"(anonymous_47)","decl":{"start":{"line":779,"column":61},"end":{"line":779,"column":67}},"loc":{"start":{"line":779,"column":67},"end":{"line":779,"column":null}},"line":779},"48":{"name":"(anonymous_48)","decl":{"start":{"line":799,"column":79},"end":{"line":799,"column":80}},"loc":{"start":{"line":800,"column":64},"end":{"line":802,"column":null}},"line":800},"49":{"name":"(anonymous_49)","decl":{"start":{"line":827,"column":45},"end":{"line":827,"column":51}},"loc":{"start":{"line":827,"column":51},"end":{"line":827,"column":null}},"line":827},"50":{"name":"(anonymous_50)","decl":{"start":{"line":834,"column":44},"end":{"line":834,"column":45}},"loc":{"start":{"line":835,"column":36},"end":{"line":870,"column":null}},"line":835},"51":{"name":"(anonymous_51)","decl":{"start":{"line":861,"column":57},"end":{"line":861,"column":63}},"loc":{"start":{"line":861,"column":63},"end":{"line":864,"column":null}},"line":861},"52":{"name":"(anonymous_52)","decl":{"start":{"line":862,"column":84},"end":{"line":862,"column":85}},"loc":{"start":{"line":862,"column":96},"end":{"line":862,"column":152}},"line":862},"53":{"name":"(anonymous_53)","decl":{"start":{"line":889,"column":45},"end":{"line":889,"column":46}},"loc":{"start":{"line":890,"column":36},"end":{"line":920,"column":null}},"line":890},"54":{"name":"(anonymous_54)","decl":{"start":{"line":1042,"column":44},"end":{"line":1042,"column":45}},"loc":{"start":{"line":1042,"column":51},"end":{"line":1042,"column":102}},"line":1042},"55":{"name":"(anonymous_55)","decl":{"start":{"line":1054,"column":54},"end":{"line":1054,"column":55}},"loc":{"start":{"line":1054,"column":61},"end":{"line":1054,"column":null}},"line":1054},"56":{"name":"(anonymous_56)","decl":{"start":{"line":1097,"column":71},"end":{"line":1097,"column":72}},"loc":{"start":{"line":1098,"column":48},"end":{"line":1103,"column":null}},"line":1098},"57":{"name":"(anonymous_57)","decl":{"start":{"line":1125,"column":49},"end":{"line":1125,"column":61}},"loc":{"start":{"line":1125,"column":61},"end":{"line":1136,"column":null}},"line":1125},"58":{"name":"(anonymous_58)","decl":{"start":{"line":1129,"column":69},"end":{"line":1129,"column":77}},"loc":{"start":{"line":1129,"column":77},"end":{"line":1129,"column":96}},"line":1129},"59":{"name":"(anonymous_59)","decl":{"start":{"line":1179,"column":58},"end":{"line":1179,"column":null}},"loc":{"start":{"line":1180,"column":44},"end":{"line":1281,"column":null}},"line":1180},"60":{"name":"(anonymous_60)","decl":{"start":{"line":1190,"column":65},"end":{"line":1190,"column":71}},"loc":{"start":{"line":1190,"column":71},"end":{"line":1193,"column":null}},"line":1190},"61":{"name":"(anonymous_61)","decl":{"start":{"line":1202,"column":74},"end":{"line":1202,"column":75}},"loc":{"start":{"line":1202,"column":81},"end":{"line":1202,"column":null}},"line":1202},"62":{"name":"(anonymous_62)","decl":{"start":{"line":1203,"column":75},"end":{"line":1203,"column":76}},"loc":{"start":{"line":1203,"column":82},"end":{"line":1209,"column":null}},"line":1203},"63":{"name":"(anonymous_63)","decl":{"start":{"line":1214,"column":73},"end":{"line":1214,"column":79}},"loc":{"start":{"line":1214,"column":79},"end":{"line":1214,"column":null}},"line":1214},"64":{"name":"(anonymous_64)","decl":{"start":{"line":1220,"column":73},"end":{"line":1220,"column":79}},"loc":{"start":{"line":1220,"column":79},"end":{"line":1220,"column":null}},"line":1220},"65":{"name":"(anonymous_65)","decl":{"start":{"line":1230,"column":73},"end":{"line":1230,"column":79}},"loc":{"start":{"line":1230,"column":79},"end":{"line":1233,"column":null}},"line":1230},"66":{"name":"(anonymous_66)","decl":{"start":{"line":1244,"column":77},"end":{"line":1244,"column":83}},"loc":{"start":{"line":1244,"column":83},"end":{"line":1247,"column":null}},"line":1244},"67":{"name":"(anonymous_67)","decl":{"start":{"line":1256,"column":85},"end":{"line":1256,"column":91}},"loc":{"start":{"line":1256,"column":91},"end":{"line":1256,"column":null}},"line":1256},"68":{"name":"(anonymous_68)","decl":{"start":{"line":1262,"column":85},"end":{"line":1262,"column":91}},"loc":{"start":{"line":1262,"column":91},"end":{"line":1262,"column":null}},"line":1262},"69":{"name":"(anonymous_69)","decl":{"start":{"line":1270,"column":81},"end":{"line":1270,"column":87}},"loc":{"start":{"line":1270,"column":87},"end":{"line":1270,"column":null}},"line":1270},"70":{"name":"(anonymous_70)","decl":{"start":{"line":1308,"column":62},"end":{"line":1308,"column":63}},"loc":{"start":{"line":1309,"column":48},"end":{"line":1319,"column":null}},"line":1309},"71":{"name":"(anonymous_71)","decl":{"start":{"line":1338,"column":62},"end":{"line":1338,"column":63}},"loc":{"start":{"line":1338,"column":69},"end":{"line":1338,"column":null}},"line":1338},"72":{"name":"(anonymous_72)","decl":{"start":{"line":1366,"column":108},"end":{"line":1366,"column":114}},"loc":{"start":{"line":1366,"column":114},"end":{"line":1366,"column":141}},"line":1366},"73":{"name":"(anonymous_73)","decl":{"start":{"line":1374,"column":61},"end":{"line":1374,"column":67}},"loc":{"start":{"line":1374,"column":67},"end":{"line":1374,"column":94}},"line":1374},"74":{"name":"(anonymous_74)","decl":{"start":{"line":1387,"column":62},"end":{"line":1387,"column":63}},"loc":{"start":{"line":1387,"column":69},"end":{"line":1387,"column":null}},"line":1387},"75":{"name":"(anonymous_75)","decl":{"start":{"line":1397,"column":66},"end":{"line":1397,"column":null}},"loc":{"start":{"line":1398,"column":48},"end":{"line":1401,"column":null}},"line":1398},"76":{"name":"(anonymous_76)","decl":{"start":{"line":1405,"column":66},"end":{"line":1405,"column":null}},"loc":{"start":{"line":1406,"column":52},"end":{"line":1409,"column":null}},"line":1406},"77":{"name":"(anonymous_77)","decl":{"start":{"line":1410,"column":54},"end":{"line":1410,"column":55}},"loc":{"start":{"line":1411,"column":52},"end":{"line":1434,"column":null}},"line":1411},"78":{"name":"(anonymous_78)","decl":{"start":{"line":1413,"column":65},"end":{"line":1413,"column":71}},"loc":{"start":{"line":1413,"column":71},"end":{"line":1413,"column":null}},"line":1413},"79":{"name":"(anonymous_79)","decl":{"start":{"line":1427,"column":98},"end":{"line":1427,"column":99}},"loc":{"start":{"line":1428,"column":72},"end":{"line":1428,"column":null}},"line":1428},"80":{"name":"(anonymous_80)","decl":{"start":{"line":1452,"column":49},"end":{"line":1452,"column":55}},"loc":{"start":{"line":1452,"column":55},"end":{"line":1452,"column":null}},"line":1452},"81":{"name":"(anonymous_81)","decl":{"start":{"line":1465,"column":64},"end":{"line":1465,"column":null}},"loc":{"start":{"line":1466,"column":44},"end":{"line":1488,"column":null}},"line":1466},"82":{"name":"(anonymous_82)","decl":{"start":{"line":1468,"column":57},"end":{"line":1468,"column":63}},"loc":{"start":{"line":1468,"column":63},"end":{"line":1471,"column":null}},"line":1468},"83":{"name":"(anonymous_83)","decl":{"start":{"line":1502,"column":78},"end":{"line":1502,"column":83}},"loc":{"start":{"line":1502,"column":83},"end":{"line":1502,"column":110}},"line":1502},"84":{"name":"(anonymous_84)","decl":{"start":{"line":1506,"column":82},"end":{"line":1506,"column":87}},"loc":{"start":{"line":1506,"column":87},"end":{"line":1506,"column":114}},"line":1506},"85":{"name":"(anonymous_85)","decl":{"start":{"line":1518,"column":68},"end":{"line":1518,"column":69}},"loc":{"start":{"line":1519,"column":48},"end":{"line":1529,"column":null}},"line":1519},"86":{"name":"(anonymous_86)","decl":{"start":{"line":1539,"column":62},"end":{"line":1539,"column":63}},"loc":{"start":{"line":1539,"column":69},"end":{"line":1539,"column":null}},"line":1539},"87":{"name":"(anonymous_87)","decl":{"start":{"line":1570,"column":96},"end":{"line":1570,"column":102}},"loc":{"start":{"line":1570,"column":102},"end":{"line":1570,"column":129}},"line":1570},"88":{"name":"(anonymous_88)","decl":{"start":{"line":1577,"column":49},"end":{"line":1577,"column":55}},"loc":{"start":{"line":1577,"column":55},"end":{"line":1577,"column":82}},"line":1577},"89":{"name":"(anonymous_89)","decl":{"start":{"line":1588,"column":50},"end":{"line":1588,"column":51}},"loc":{"start":{"line":1588,"column":57},"end":{"line":1588,"column":null}},"line":1588},"90":{"name":"(anonymous_90)","decl":{"start":{"line":1596,"column":54},"end":{"line":1596,"column":null}},"loc":{"start":{"line":1597,"column":36},"end":{"line":1600,"column":null}},"line":1597},"91":{"name":"(anonymous_91)","decl":{"start":{"line":1604,"column":54},"end":{"line":1604,"column":null}},"loc":{"start":{"line":1605,"column":40},"end":{"line":1608,"column":null}},"line":1605},"92":{"name":"(anonymous_92)","decl":{"start":{"line":1609,"column":42},"end":{"line":1609,"column":43}},"loc":{"start":{"line":1610,"column":40},"end":{"line":1627,"column":null}},"line":1610},"93":{"name":"(anonymous_93)","decl":{"start":{"line":1612,"column":53},"end":{"line":1612,"column":59}},"loc":{"start":{"line":1612,"column":59},"end":{"line":1612,"column":null}},"line":1612},"94":{"name":"(anonymous_94)","decl":{"start":{"line":1639,"column":25},"end":{"line":1639,"column":31}},"loc":{"start":{"line":1639,"column":31},"end":{"line":1639,"column":null}},"line":1639},"95":{"name":"(anonymous_95)","decl":{"start":{"line":1640,"column":27},"end":{"line":1640,"column":33}},"loc":{"start":{"line":1640,"column":33},"end":{"line":1640,"column":null}},"line":1640},"96":{"name":"(anonymous_96)","decl":{"start":{"line":1646,"column":25},"end":{"line":1646,"column":31}},"loc":{"start":{"line":1646,"column":31},"end":{"line":1646,"column":null}},"line":1646},"97":{"name":"(anonymous_97)","decl":{"start":{"line":1648,"column":38},"end":{"line":1648,"column":39}},"loc":{"start":{"line":1648,"column":50},"end":{"line":1648,"column":181}},"line":1648}},"branchMap":{"0":{"loc":{"start":{"line":77,"column":17},"end":{"line":82,"column":null}},"type":"binary-expr","locations":[{"start":{"line":77,"column":17},"end":{"line":77,"column":null}},{"start":{"line":78,"column":20},"end":{"line":82,"column":null}}],"line":77},"1":{"loc":{"start":{"line":78,"column":86},"end":{"line":78,"column":171}},"type":"cond-expr","locations":[{"start":{"line":78,"column":100},"end":{"line":78,"column":139}},{"start":{"line":78,"column":139},"end":{"line":78,"column":171}}],"line":78},"2":{"loc":{"start":{"line":79,"column":25},"end":{"line":79,"column":null}},"type":"cond-expr","locations":[{"start":{"line":79,"column":39},"end":{"line":79,"column":76}},{"start":{"line":79,"column":76},"end":{"line":79,"column":null}}],"line":79},"3":{"loc":{"start":{"line":80,"column":31},"end":{"line":80,"column":55}},"type":"cond-expr","locations":[{"start":{"line":80,"column":45},"end":{"line":80,"column":51}},{"start":{"line":80,"column":51},"end":{"line":80,"column":55}}],"line":80},"4":{"loc":{"start":{"line":155,"column":8},"end":{"line":161,"column":null}},"type":"if","locations":[{"start":{"line":155,"column":8},"end":{"line":161,"column":null}},{"start":{"line":158,"column":15},"end":{"line":161,"column":null}}],"line":155},"5":{"loc":{"start":{"line":178,"column":12},"end":{"line":180,"column":null}},"type":"if","locations":[{"start":{"line":178,"column":12},"end":{"line":180,"column":null}},{"start":{},"end":{}}],"line":178},"6":{"loc":{"start":{"line":178,"column":16},"end":{"line":178,"column":31}},"type":"binary-expr","locations":[{"start":{"line":178,"column":16},"end":{"line":178,"column":24}},{"start":{"line":178,"column":24},"end":{"line":178,"column":31}}],"line":178},"7":{"loc":{"start":{"line":190,"column":8},"end":{"line":214,"column":null}},"type":"if","locations":[{"start":{"line":190,"column":8},"end":{"line":214,"column":null}},{"start":{"line":212,"column":15},"end":{"line":214,"column":null}}],"line":190},"8":{"loc":{"start":{"line":200,"column":41},"end":{"line":200,"column":null}},"type":"binary-expr","locations":[{"start":{"line":200,"column":41},"end":{"line":200,"column":63}},{"start":{"line":200,"column":63},"end":{"line":200,"column":85}},{"start":{"line":200,"column":85},"end":{"line":200,"column":110}},{"start":{"line":200,"column":110},"end":{"line":200,"column":134}},{"start":{"line":200,"column":134},"end":{"line":200,"column":null}}],"line":200},"9":{"loc":{"start":{"line":201,"column":40},"end":{"line":201,"column":null}},"type":"binary-expr","locations":[{"start":{"line":201,"column":40},"end":{"line":201,"column":65}},{"start":{"line":201,"column":65},"end":{"line":201,"column":null}}],"line":201},"10":{"loc":{"start":{"line":202,"column":52},"end":{"line":202,"column":82}},"type":"cond-expr","locations":[{"start":{"line":202,"column":62},"end":{"line":202,"column":79}},{"start":{"line":202,"column":79},"end":{"line":202,"column":82}}],"line":202},"11":{"loc":{"start":{"line":209,"column":36},"end":{"line":209,"column":61}},"type":"binary-expr","locations":[{"start":{"line":209,"column":36},"end":{"line":209,"column":52}},{"start":{"line":209,"column":52},"end":{"line":209,"column":61}}],"line":209},"12":{"loc":{"start":{"line":213,"column":28},"end":{"line":213,"column":58}},"type":"binary-expr","locations":[{"start":{"line":213,"column":28},"end":{"line":213,"column":49}},{"start":{"line":213,"column":49},"end":{"line":213,"column":58}}],"line":213},"13":{"loc":{"start":{"line":219,"column":8},"end":{"line":224,"column":null}},"type":"if","locations":[{"start":{"line":219,"column":8},"end":{"line":224,"column":null}},{"start":{"line":222,"column":8},"end":{"line":224,"column":null}}],"line":219},"14":{"loc":{"start":{"line":222,"column":8},"end":{"line":224,"column":null}},"type":"if","locations":[{"start":{"line":222,"column":8},"end":{"line":224,"column":null}},{"start":{},"end":{}}],"line":222},"15":{"loc":{"start":{"line":249,"column":26},"end":{"line":249,"column":null}},"type":"binary-expr","locations":[{"start":{"line":249,"column":26},"end":{"line":249,"column":68}},{"start":{"line":249,"column":68},"end":{"line":249,"column":null}}],"line":249},"16":{"loc":{"start":{"line":250,"column":20},"end":{"line":250,"column":null}},"type":"cond-expr","locations":[{"start":{"line":250,"column":46},"end":{"line":250,"column":61}},{"start":{"line":250,"column":61},"end":{"line":250,"column":null}}],"line":250},"17":{"loc":{"start":{"line":258,"column":20},"end":{"line":258,"column":null}},"type":"binary-expr","locations":[{"start":{"line":258,"column":20},"end":{"line":258,"column":60}},{"start":{"line":258,"column":60},"end":{"line":258,"column":null}}],"line":258},"18":{"loc":{"start":{"line":266,"column":21},"end":{"line":266,"column":null}},"type":"binary-expr","locations":[{"start":{"line":266,"column":21},"end":{"line":266,"column":63}},{"start":{"line":266,"column":63},"end":{"line":266,"column":null}}],"line":266},"19":{"loc":{"start":{"line":292,"column":48},"end":{"line":292,"column":87}},"type":"binary-expr","locations":[{"start":{"line":292,"column":48},"end":{"line":292,"column":57}},{"start":{"line":292,"column":57},"end":{"line":292,"column":87}}],"line":292},"20":{"loc":{"start":{"line":295,"column":8},"end":{"line":295,"column":null}},"type":"if","locations":[{"start":{"line":295,"column":8},"end":{"line":295,"column":null}},{"start":{},"end":{}}],"line":295},"21":{"loc":{"start":{"line":312,"column":12},"end":{"line":314,"column":null}},"type":"if","locations":[{"start":{"line":312,"column":12},"end":{"line":314,"column":null}},{"start":{},"end":{}}],"line":312},"22":{"loc":{"start":{"line":312,"column":16},"end":{"line":312,"column":54}},"type":"binary-expr","locations":[{"start":{"line":312,"column":16},"end":{"line":312,"column":39}},{"start":{"line":312,"column":39},"end":{"line":312,"column":54}}],"line":312},"23":{"loc":{"start":{"line":340,"column":12},"end":{"line":343,"column":null}},"type":"if","locations":[{"start":{"line":340,"column":12},"end":{"line":343,"column":null}},{"start":{},"end":{}}],"line":340},"24":{"loc":{"start":{"line":341,"column":55},"end":{"line":341,"column":88}},"type":"cond-expr","locations":[{"start":{"line":341,"column":69},"end":{"line":341,"column":87}},{"start":{"line":341,"column":87},"end":{"line":341,"column":88}}],"line":341},"25":{"loc":{"start":{"line":358,"column":12},"end":{"line":365,"column":null}},"type":"if","locations":[{"start":{"line":358,"column":12},"end":{"line":365,"column":null}},{"start":{},"end":{}}],"line":358},"26":{"loc":{"start":{"line":360,"column":16},"end":{"line":363,"column":null}},"type":"if","locations":[{"start":{"line":360,"column":16},"end":{"line":363,"column":null}},{"start":{},"end":{}}],"line":360},"27":{"loc":{"start":{"line":376,"column":12},"end":{"line":378,"column":null}},"type":"if","locations":[{"start":{"line":376,"column":12},"end":{"line":378,"column":null}},{"start":{},"end":{}}],"line":376},"28":{"loc":{"start":{"line":376,"column":16},"end":{"line":376,"column":60}},"type":"binary-expr","locations":[{"start":{"line":376,"column":16},"end":{"line":376,"column":39}},{"start":{"line":376,"column":39},"end":{"line":376,"column":60}}],"line":376},"29":{"loc":{"start":{"line":395,"column":8},"end":{"line":395,"column":null}},"type":"if","locations":[{"start":{"line":395,"column":8},"end":{"line":395,"column":null}},{"start":{},"end":{}}],"line":395},"30":{"loc":{"start":{"line":403,"column":32},"end":{"line":403,"column":null}},"type":"binary-expr","locations":[{"start":{"line":403,"column":32},"end":{"line":403,"column":54}},{"start":{"line":403,"column":54},"end":{"line":403,"column":null}}],"line":403},"31":{"loc":{"start":{"line":408,"column":12},"end":{"line":413,"column":null}},"type":"if","locations":[{"start":{"line":408,"column":12},"end":{"line":413,"column":null}},{"start":{},"end":{}}],"line":408},"32":{"loc":{"start":{"line":410,"column":16},"end":{"line":412,"column":null}},"type":"if","locations":[{"start":{"line":410,"column":16},"end":{"line":412,"column":null}},{"start":{},"end":{}}],"line":410},"33":{"loc":{"start":{"line":427,"column":26},"end":{"line":427,"column":49}},"type":"binary-expr","locations":[{"start":{"line":427,"column":26},"end":{"line":427,"column":47}},{"start":{"line":427,"column":47},"end":{"line":427,"column":49}}],"line":427},"34":{"loc":{"start":{"line":436,"column":56},"end":{"line":436,"column":93}},"type":"default-arg","locations":[{"start":{"line":436,"column":84},"end":{"line":436,"column":93}}],"line":436},"35":{"loc":{"start":{"line":439,"column":42},"end":{"line":439,"column":null}},"type":"cond-expr","locations":[{"start":{"line":439,"column":66},"end":{"line":439,"column":88}},{"start":{"line":439,"column":88},"end":{"line":439,"column":null}}],"line":439},"36":{"loc":{"start":{"line":442,"column":12},"end":{"line":454,"column":null}},"type":"if","locations":[{"start":{"line":442,"column":12},"end":{"line":454,"column":null}},{"start":{},"end":{}}],"line":442},"37":{"loc":{"start":{"line":444,"column":16},"end":{"line":450,"column":null}},"type":"if","locations":[{"start":{"line":444,"column":16},"end":{"line":450,"column":null}},{"start":{"line":447,"column":23},"end":{"line":450,"column":null}}],"line":444},"38":{"loc":{"start":{"line":461,"column":12},"end":{"line":475,"column":null}},"type":"if","locations":[{"start":{"line":461,"column":12},"end":{"line":475,"column":null}},{"start":{},"end":{}}],"line":461},"39":{"loc":{"start":{"line":461,"column":16},"end":{"line":461,"column":41}},"type":"binary-expr","locations":[{"start":{"line":461,"column":16},"end":{"line":461,"column":31}},{"start":{"line":461,"column":31},"end":{"line":461,"column":41}}],"line":461},"40":{"loc":{"start":{"line":462,"column":16},"end":{"line":472,"column":null}},"type":"if","locations":[{"start":{"line":462,"column":16},"end":{"line":472,"column":null}},{"start":{"line":467,"column":23},"end":{"line":472,"column":null}}],"line":462},"41":{"loc":{"start":{"line":483,"column":8},"end":{"line":483,"column":null}},"type":"if","locations":[{"start":{"line":483,"column":8},"end":{"line":483,"column":null}},{"start":{},"end":{}}],"line":483},"42":{"loc":{"start":{"line":483,"column":12},"end":{"line":483,"column":48}},"type":"binary-expr","locations":[{"start":{"line":483,"column":12},"end":{"line":483,"column":33}},{"start":{"line":483,"column":33},"end":{"line":483,"column":48}}],"line":483},"43":{"loc":{"start":{"line":502,"column":8},"end":{"line":504,"column":null}},"type":"if","locations":[{"start":{"line":502,"column":8},"end":{"line":504,"column":null}},{"start":{},"end":{}}],"line":502},"44":{"loc":{"start":{"line":505,"column":8},"end":{"line":507,"column":null}},"type":"if","locations":[{"start":{"line":505,"column":8},"end":{"line":507,"column":null}},{"start":{},"end":{}}],"line":505},"45":{"loc":{"start":{"line":511,"column":8},"end":{"line":513,"column":null}},"type":"if","locations":[{"start":{"line":511,"column":8},"end":{"line":513,"column":null}},{"start":{},"end":{}}],"line":511},"46":{"loc":{"start":{"line":516,"column":4},"end":{"line":516,"column":null}},"type":"if","locations":[{"start":{"line":516,"column":4},"end":{"line":516,"column":null}},{"start":{},"end":{}}],"line":516},"47":{"loc":{"start":{"line":522,"column":19},"end":{"line":522,"column":null}},"type":"cond-expr","locations":[{"start":{"line":522,"column":30},"end":{"line":522,"column":55}},{"start":{"line":522,"column":55},"end":{"line":522,"column":null}}],"line":522},"48":{"loc":{"start":{"line":524,"column":13},"end":{"line":524,"column":null}},"type":"cond-expr","locations":[{"start":{"line":524,"column":24},"end":{"line":524,"column":58}},{"start":{"line":524,"column":58},"end":{"line":524,"column":null}}],"line":524},"49":{"loc":{"start":{"line":529,"column":40},"end":{"line":529,"column":62}},"type":"cond-expr","locations":[{"start":{"line":529,"column":51},"end":{"line":529,"column":60}},{"start":{"line":529,"column":60},"end":{"line":529,"column":62}}],"line":529},"50":{"loc":{"start":{"line":538,"column":29},"end":{"line":538,"column":null}},"type":"cond-expr","locations":[{"start":{"line":538,"column":43},"end":{"line":538,"column":71}},{"start":{"line":538,"column":71},"end":{"line":538,"column":null}}],"line":538},"51":{"loc":{"start":{"line":552,"column":49},"end":{"line":552,"column":95}},"type":"binary-expr","locations":[{"start":{"line":552,"column":49},"end":{"line":552,"column":65}},{"start":{"line":552,"column":65},"end":{"line":552,"column":86}},{"start":{"line":552,"column":86},"end":{"line":552,"column":95}}],"line":552},"52":{"loc":{"start":{"line":575,"column":101},"end":{"line":575,"column":133}},"type":"binary-expr","locations":[{"start":{"line":575,"column":101},"end":{"line":575,"column":129}},{"start":{"line":575,"column":129},"end":{"line":575,"column":133}}],"line":575},"53":{"loc":{"start":{"line":578,"column":119},"end":{"line":578,"column":149}},"type":"binary-expr","locations":[{"start":{"line":578,"column":119},"end":{"line":578,"column":142}},{"start":{"line":578,"column":142},"end":{"line":578,"column":149}}],"line":578},"54":{"loc":{"start":{"line":579,"column":130},"end":{"line":579,"column":188}},"type":"binary-expr","locations":[{"start":{"line":579,"column":130},"end":{"line":579,"column":168}},{"start":{"line":579,"column":168},"end":{"line":579,"column":188}}],"line":579},"55":{"loc":{"start":{"line":580,"column":33},"end":{"line":584,"column":null}},"type":"binary-expr","locations":[{"start":{"line":580,"column":33},"end":{"line":580,"column":null}},{"start":{"line":581,"column":36},"end":{"line":584,"column":null}}],"line":580},"56":{"loc":{"start":{"line":601,"column":17},"end":{"line":627,"column":null}},"type":"binary-expr","locations":[{"start":{"line":601,"column":17},"end":{"line":601,"column":null}},{"start":{"line":602,"column":20},"end":{"line":627,"column":null}}],"line":601},"57":{"loc":{"start":{"line":612,"column":51},"end":{"line":612,"column":null}},"type":"cond-expr","locations":[{"start":{"line":612,"column":71},"end":{"line":612,"column":90}},{"start":{"line":612,"column":90},"end":{"line":612,"column":null}}],"line":612},"58":{"loc":{"start":{"line":613,"column":140},"end":{"line":615,"column":null}},"type":"cond-expr","locations":[{"start":{"line":614,"column":42},"end":{"line":614,"column":null}},{"start":{"line":615,"column":42},"end":{"line":615,"column":null}}],"line":613},"59":{"loc":{"start":{"line":618,"column":83},"end":{"line":618,"column":165}},"type":"cond-expr","locations":[{"start":{"line":618,"column":107},"end":{"line":618,"column":150}},{"start":{"line":618,"column":150},"end":{"line":618,"column":165}}],"line":618},"60":{"loc":{"start":{"line":632,"column":83},"end":{"line":632,"column":118}},"type":"cond-expr","locations":[{"start":{"line":632,"column":97},"end":{"line":632,"column":112}},{"start":{"line":632,"column":112},"end":{"line":632,"column":118}}],"line":632},"61":{"loc":{"start":{"line":634,"column":21},"end":{"line":634,"column":null}},"type":"binary-expr","locations":[{"start":{"line":634,"column":21},"end":{"line":634,"column":57}},{"start":{"line":634,"column":57},"end":{"line":634,"column":null}}],"line":634},"62":{"loc":{"start":{"line":636,"column":21},"end":{"line":639,"column":null}},"type":"binary-expr","locations":[{"start":{"line":636,"column":21},"end":{"line":636,"column":null}},{"start":{"line":637,"column":24},"end":{"line":639,"column":null}}],"line":636},"63":{"loc":{"start":{"line":642,"column":21},"end":{"line":645,"column":null}},"type":"binary-expr","locations":[{"start":{"line":642,"column":21},"end":{"line":642,"column":null}},{"start":{"line":643,"column":24},"end":{"line":645,"column":null}}],"line":642},"64":{"loc":{"start":{"line":648,"column":21},"end":{"line":755,"column":null}},"type":"binary-expr","locations":[{"start":{"line":648,"column":21},"end":{"line":648,"column":null}},{"start":{"line":649,"column":24},"end":{"line":755,"column":null}}],"line":648},"65":{"loc":{"start":{"line":652,"column":139},"end":{"line":652,"column":177}},"type":"binary-expr","locations":[{"start":{"line":652,"column":139},"end":{"line":652,"column":158}},{"start":{"line":652,"column":158},"end":{"line":652,"column":177}}],"line":652},"66":{"loc":{"start":{"line":656,"column":33},"end":{"line":670,"column":null}},"type":"cond-expr","locations":[{"start":{"line":657,"column":36},"end":{"line":662,"column":null}},{"start":{"line":663,"column":36},"end":{"line":670,"column":null}}],"line":656},"67":{"loc":{"start":{"line":663,"column":36},"end":{"line":670,"column":null}},"type":"cond-expr","locations":[{"start":{"line":664,"column":36},"end":{"line":669,"column":null}},{"start":{"line":670,"column":36},"end":{"line":670,"column":null}}],"line":663},"68":{"loc":{"start":{"line":692,"column":54},"end":{"line":692,"column":null}},"type":"binary-expr","locations":[{"start":{"line":692,"column":54},"end":{"line":692,"column":64}},{"start":{"line":692,"column":64},"end":{"line":692,"column":null}}],"line":692},"69":{"loc":{"start":{"line":693,"column":53},"end":{"line":693,"column":null}},"type":"binary-expr","locations":[{"start":{"line":693,"column":53},"end":{"line":693,"column":67}},{"start":{"line":693,"column":67},"end":{"line":693,"column":76}},{"start":{"line":693,"column":76},"end":{"line":693,"column":null}}],"line":693},"70":{"loc":{"start":{"line":694,"column":53},"end":{"line":694,"column":null}},"type":"binary-expr","locations":[{"start":{"line":694,"column":53},"end":{"line":694,"column":68}},{"start":{"line":694,"column":68},"end":{"line":694,"column":77}},{"start":{"line":694,"column":77},"end":{"line":694,"column":null}}],"line":694},"71":{"loc":{"start":{"line":695,"column":54},"end":{"line":695,"column":null}},"type":"binary-expr","locations":[{"start":{"line":695,"column":54},"end":{"line":695,"column":70}},{"start":{"line":695,"column":70},"end":{"line":695,"column":80}},{"start":{"line":695,"column":80},"end":{"line":695,"column":null}}],"line":695},"72":{"loc":{"start":{"line":696,"column":56},"end":{"line":696,"column":null}},"type":"binary-expr","locations":[{"start":{"line":696,"column":56},"end":{"line":696,"column":68}},{"start":{"line":696,"column":68},"end":{"line":696,"column":82}},{"start":{"line":696,"column":82},"end":{"line":696,"column":null}}],"line":696},"73":{"loc":{"start":{"line":697,"column":54},"end":{"line":697,"column":null}},"type":"binary-expr","locations":[{"start":{"line":697,"column":54},"end":{"line":697,"column":68}},{"start":{"line":697,"column":68},"end":{"line":697,"column":78}},{"start":{"line":697,"column":78},"end":{"line":697,"column":null}}],"line":697},"74":{"loc":{"start":{"line":699,"column":55},"end":{"line":699,"column":null}},"type":"binary-expr","locations":[{"start":{"line":699,"column":55},"end":{"line":699,"column":66}},{"start":{"line":699,"column":66},"end":{"line":699,"column":null}}],"line":699},"75":{"loc":{"start":{"line":702,"column":48},"end":{"line":707,"column":null}},"type":"if","locations":[{"start":{"line":702,"column":48},"end":{"line":707,"column":null}},{"start":{"line":705,"column":55},"end":{"line":707,"column":null}}],"line":702},"76":{"loc":{"start":{"line":702,"column":52},"end":{"line":702,"column":114}},"type":"binary-expr","locations":[{"start":{"line":702,"column":52},"end":{"line":702,"column":90}},{"start":{"line":702,"column":90},"end":{"line":702,"column":114}}],"line":702},"77":{"loc":{"start":{"line":757,"column":21},"end":{"line":816,"column":null}},"type":"binary-expr","locations":[{"start":{"line":757,"column":21},"end":{"line":757,"column":null}},{"start":{"line":758,"column":24},"end":{"line":816,"column":null}}],"line":757},"78":{"loc":{"start":{"line":819,"column":21},"end":{"line":873,"column":null}},"type":"binary-expr","locations":[{"start":{"line":819,"column":21},"end":{"line":819,"column":null}},{"start":{"line":820,"column":24},"end":{"line":873,"column":null}}],"line":819},"79":{"loc":{"start":{"line":854,"column":135},"end":{"line":856,"column":null}},"type":"cond-expr","locations":[{"start":{"line":855,"column":50},"end":{"line":855,"column":null}},{"start":{"line":856,"column":50},"end":{"line":856,"column":null}}],"line":854},"80":{"loc":{"start":{"line":862,"column":96},"end":{"line":862,"column":152}},"type":"binary-expr","locations":[{"start":{"line":862,"column":96},"end":{"line":862,"column":124}},{"start":{"line":862,"column":124},"end":{"line":862,"column":152}}],"line":862},"81":{"loc":{"start":{"line":863,"column":52},"end":{"line":863,"column":null}},"type":"if","locations":[{"start":{"line":863,"column":52},"end":{"line":863,"column":null}},{"start":{},"end":{}}],"line":863},"82":{"loc":{"start":{"line":876,"column":21},"end":{"line":923,"column":null}},"type":"binary-expr","locations":[{"start":{"line":876,"column":21},"end":{"line":876,"column":null}},{"start":{"line":877,"column":24},"end":{"line":923,"column":null}}],"line":876},"83":{"loc":{"start":{"line":895,"column":134},"end":{"line":897,"column":null}},"type":"cond-expr","locations":[{"start":{"line":896,"column":50},"end":{"line":896,"column":null}},{"start":{"line":897,"column":50},"end":{"line":897,"column":null}}],"line":895},"84":{"loc":{"start":{"line":926,"column":21},"end":{"line":1028,"column":null}},"type":"binary-expr","locations":[{"start":{"line":926,"column":21},"end":{"line":926,"column":50}},{"start":{"line":926,"column":50},"end":{"line":926,"column":null}},{"start":{"line":927,"column":24},"end":{"line":1028,"column":null}}],"line":926},"85":{"loc":{"start":{"line":1015,"column":69},"end":{"line":1015,"column":null}},"type":"cond-expr","locations":[{"start":{"line":1015,"column":80},"end":{"line":1015,"column":92}},{"start":{"line":1015,"column":92},"end":{"line":1015,"column":null}}],"line":1015},"86":{"loc":{"start":{"line":1016,"column":65},"end":{"line":1016,"column":null}},"type":"cond-expr","locations":[{"start":{"line":1016,"column":76},"end":{"line":1016,"column":88}},{"start":{"line":1016,"column":88},"end":{"line":1016,"column":null}}],"line":1016},"87":{"loc":{"start":{"line":1031,"column":21},"end":{"line":1032,"column":null}},"type":"binary-expr","locations":[{"start":{"line":1031,"column":21},"end":{"line":1031,"column":null}},{"start":{"line":1032,"column":24},"end":{"line":1032,"column":null}}],"line":1031},"88":{"loc":{"start":{"line":1035,"column":21},"end":{"line":1109,"column":null}},"type":"binary-expr","locations":[{"start":{"line":1035,"column":21},"end":{"line":1035,"column":null}},{"start":{"line":1036,"column":24},"end":{"line":1109,"column":null}}],"line":1035},"89":{"loc":{"start":{"line":1061,"column":45},"end":{"line":1066,"column":null}},"type":"cond-expr","locations":[{"start":{"line":1062,"column":48},"end":{"line":1065,"column":null}},{"start":{"line":1066,"column":48},"end":{"line":1066,"column":null}}],"line":1061},"90":{"loc":{"start":{"line":1072,"column":29},"end":{"line":1107,"column":null}},"type":"binary-expr","locations":[{"start":{"line":1072,"column":29},"end":{"line":1072,"column":null}},{"start":{"line":1073,"column":32},"end":{"line":1107,"column":null}}],"line":1072},"91":{"loc":{"start":{"line":1112,"column":21},"end":{"line":1441,"column":null}},"type":"binary-expr","locations":[{"start":{"line":1112,"column":21},"end":{"line":1112,"column":null}},{"start":{"line":1113,"column":24},"end":{"line":1441,"column":null}}],"line":1112},"92":{"loc":{"start":{"line":1128,"column":48},"end":{"line":1132,"column":null}},"type":"if","locations":[{"start":{"line":1128,"column":48},"end":{"line":1132,"column":null}},{"start":{},"end":{}}],"line":1128},"93":{"loc":{"start":{"line":1128,"column":52},"end":{"line":1128,"column":77}},"type":"binary-expr","locations":[{"start":{"line":1128,"column":52},"end":{"line":1128,"column":67}},{"start":{"line":1128,"column":67},"end":{"line":1128,"column":77}}],"line":1128},"94":{"loc":{"start":{"line":1174,"column":37},"end":{"line":1282,"column":null}},"type":"cond-expr","locations":[{"start":{"line":1175,"column":40},"end":{"line":1177,"column":null}},{"start":{"line":1179,"column":40},"end":{"line":1282,"column":null}}],"line":1174},"95":{"loc":{"start":{"line":1182,"column":114},"end":{"line":1184,"column":null}},"type":"cond-expr","locations":[{"start":{"line":1183,"column":54},"end":{"line":1183,"column":null}},{"start":{"line":1184,"column":54},"end":{"line":1184,"column":null}}],"line":1182},"96":{"loc":{"start":{"line":1197,"column":53},"end":{"line":1278,"column":null}},"type":"cond-expr","locations":[{"start":{"line":1198,"column":56},"end":{"line":1225,"column":null}},{"start":{"line":1227,"column":56},"end":{"line":1278,"column":null}}],"line":1197},"97":{"loc":{"start":{"line":1204,"column":68},"end":{"line":1208,"column":null}},"type":"if","locations":[{"start":{"line":1204,"column":68},"end":{"line":1208,"column":null}},{"start":{"line":1206,"column":68},"end":{"line":1208,"column":null}}],"line":1204},"98":{"loc":{"start":{"line":1206,"column":68},"end":{"line":1208,"column":null}},"type":"if","locations":[{"start":{"line":1206,"column":68},"end":{"line":1208,"column":null}},{"start":{},"end":{}}],"line":1206},"99":{"loc":{"start":{"line":1236,"column":69},"end":{"line":1236,"column":null}},"type":"binary-expr","locations":[{"start":{"line":1236,"column":69},"end":{"line":1236,"column":83}},{"start":{"line":1236,"column":83},"end":{"line":1236,"column":null}}],"line":1236},"100":{"loc":{"start":{"line":1239,"column":69},"end":{"line":1239,"column":null}},"type":"binary-expr","locations":[{"start":{"line":1239,"column":69},"end":{"line":1239,"column":89}},{"start":{"line":1239,"column":89},"end":{"line":1239,"column":null}}],"line":1239},"101":{"loc":{"start":{"line":1246,"column":88},"end":{"line":1246,"column":104}},"type":"binary-expr","locations":[{"start":{"line":1246,"column":88},"end":{"line":1246,"column":102}},{"start":{"line":1246,"column":102},"end":{"line":1246,"column":104}}],"line":1246},"102":{"loc":{"start":{"line":1253,"column":65},"end":{"line":1275,"column":null}},"type":"cond-expr","locations":[{"start":{"line":1254,"column":68},"end":{"line":1267,"column":null}},{"start":{"line":1269,"column":68},"end":{"line":1275,"column":null}}],"line":1253},"103":{"loc":{"start":{"line":1289,"column":33},"end":{"line":1359,"column":null}},"type":"cond-expr","locations":[{"start":{"line":1290,"column":36},"end":{"line":1351,"column":null}},{"start":{"line":1353,"column":36},"end":{"line":1359,"column":null}}],"line":1289},"104":{"loc":{"start":{"line":1309,"column":80},"end":{"line":1309,"column":138}},"type":"cond-expr","locations":[{"start":{"line":1309,"column":107},"end":{"line":1309,"column":125}},{"start":{"line":1309,"column":125},"end":{"line":1309,"column":138}}],"line":1309},"105":{"loc":{"start":{"line":1310,"column":109},"end":{"line":1312,"column":null}},"type":"cond-expr","locations":[{"start":{"line":1311,"column":58},"end":{"line":1311,"column":null}},{"start":{"line":1312,"column":58},"end":{"line":1312,"column":null}}],"line":1310},"106":{"loc":{"start":{"line":1315,"column":98},"end":{"line":1315,"column":161}},"type":"cond-expr","locations":[{"start":{"line":1315,"column":125},"end":{"line":1315,"column":143}},{"start":{"line":1315,"column":143},"end":{"line":1315,"column":161}}],"line":1315},"107":{"loc":{"start":{"line":1321,"column":45},"end":{"line":1328,"column":null}},"type":"binary-expr","locations":[{"start":{"line":1321,"column":45},"end":{"line":1321,"column":null}},{"start":{"line":1322,"column":48},"end":{"line":1328,"column":null}}],"line":1321},"108":{"loc":{"start":{"line":1344,"column":62},"end":{"line":1344,"column":null}},"type":"binary-expr","locations":[{"start":{"line":1344,"column":62},"end":{"line":1344,"column":83}},{"start":{"line":1344,"column":83},"end":{"line":1344,"column":null}}],"line":1344},"109":{"loc":{"start":{"line":1364,"column":29},"end":{"line":1439,"column":null}},"type":"binary-expr","locations":[{"start":{"line":1364,"column":29},"end":{"line":1364,"column":null}},{"start":{"line":1365,"column":32},"end":{"line":1439,"column":null}}],"line":1364},"110":{"loc":{"start":{"line":1395,"column":45},"end":{"line":1435,"column":null}},"type":"cond-expr","locations":[{"start":{"line":1396,"column":48},"end":{"line":1396,"column":null}},{"start":{"line":1397,"column":48},"end":{"line":1435,"column":null}}],"line":1395},"111":{"loc":{"start":{"line":1397,"column":48},"end":{"line":1435,"column":null}},"type":"cond-expr","locations":[{"start":{"line":1403,"column":48},"end":{"line":1403,"column":null}},{"start":{"line":1405,"column":48},"end":{"line":1435,"column":null}}],"line":1397},"112":{"loc":{"start":{"line":1398,"column":48},"end":{"line":1401,"column":null}},"type":"binary-expr","locations":[{"start":{"line":1398,"column":48},"end":{"line":1398,"column":null}},{"start":{"line":1399,"column":48},"end":{"line":1399,"column":null}},{"start":{"line":1399,"column":133},"end":{"line":1400,"column":null}},{"start":{"line":1400,"column":119},"end":{"line":1401,"column":null}}],"line":1398},"113":{"loc":{"start":{"line":1401,"column":49},"end":{"line":1401,"column":66}},"type":"binary-expr","locations":[{"start":{"line":1401,"column":49},"end":{"line":1401,"column":62}},{"start":{"line":1401,"column":62},"end":{"line":1401,"column":66}}],"line":1401},"114":{"loc":{"start":{"line":1406,"column":52},"end":{"line":1409,"column":null}},"type":"binary-expr","locations":[{"start":{"line":1406,"column":52},"end":{"line":1406,"column":null}},{"start":{"line":1407,"column":52},"end":{"line":1407,"column":null}},{"start":{"line":1407,"column":137},"end":{"line":1408,"column":null}},{"start":{"line":1408,"column":123},"end":{"line":1409,"column":null}}],"line":1406},"115":{"loc":{"start":{"line":1409,"column":53},"end":{"line":1409,"column":70}},"type":"binary-expr","locations":[{"start":{"line":1409,"column":53},"end":{"line":1409,"column":66}},{"start":{"line":1409,"column":66},"end":{"line":1409,"column":70}}],"line":1409},"116":{"loc":{"start":{"line":1423,"column":65},"end":{"line":1423,"column":null}},"type":"binary-expr","locations":[{"start":{"line":1423,"column":65},"end":{"line":1423,"column":83}},{"start":{"line":1423,"column":83},"end":{"line":1423,"column":100}},{"start":{"line":1423,"column":100},"end":{"line":1423,"column":null}}],"line":1423},"117":{"loc":{"start":{"line":1425,"column":61},"end":{"line":1430,"column":null}},"type":"binary-expr","locations":[{"start":{"line":1425,"column":61},"end":{"line":1425,"column":77}},{"start":{"line":1425,"column":77},"end":{"line":1425,"column":null}},{"start":{"line":1426,"column":64},"end":{"line":1430,"column":null}}],"line":1425},"118":{"loc":{"start":{"line":1445,"column":21},"end":{"line":1563,"column":null}},"type":"binary-expr","locations":[{"start":{"line":1445,"column":21},"end":{"line":1445,"column":null}},{"start":{"line":1446,"column":24},"end":{"line":1563,"column":null}}],"line":1445},"119":{"loc":{"start":{"line":1460,"column":37},"end":{"line":1489,"column":null}},"type":"cond-expr","locations":[{"start":{"line":1461,"column":40},"end":{"line":1463,"column":null}},{"start":{"line":1465,"column":40},"end":{"line":1489,"column":null}}],"line":1460},"120":{"loc":{"start":{"line":1472,"column":109},"end":{"line":1474,"column":98}},"type":"cond-expr","locations":[{"start":{"line":1473,"column":54},"end":{"line":1473,"column":null}},{"start":{"line":1474,"column":54},"end":{"line":1474,"column":98}}],"line":1472},"121":{"loc":{"start":{"line":1496,"column":33},"end":{"line":1560,"column":null}},"type":"cond-expr","locations":[{"start":{"line":1497,"column":36},"end":{"line":1552,"column":null}},{"start":{"line":1554,"column":36},"end":{"line":1560,"column":null}}],"line":1496},"122":{"loc":{"start":{"line":1519,"column":80},"end":{"line":1519,"column":136}},"type":"cond-expr","locations":[{"start":{"line":1519,"column":105},"end":{"line":1519,"column":121}},{"start":{"line":1519,"column":121},"end":{"line":1519,"column":136}}],"line":1519},"123":{"loc":{"start":{"line":1520,"column":109},"end":{"line":1522,"column":null}},"type":"cond-expr","locations":[{"start":{"line":1521,"column":58},"end":{"line":1521,"column":null}},{"start":{"line":1522,"column":58},"end":{"line":1522,"column":null}}],"line":1520},"124":{"loc":{"start":{"line":1525,"column":98},"end":{"line":1525,"column":159}},"type":"cond-expr","locations":[{"start":{"line":1525,"column":123},"end":{"line":1525,"column":144}},{"start":{"line":1525,"column":144},"end":{"line":1525,"column":159}}],"line":1525},"125":{"loc":{"start":{"line":1565,"column":16},"end":{"line":1632,"column":null}},"type":"binary-expr","locations":[{"start":{"line":1568,"column":18},"end":{"line":1568,"column":49}},{"start":{"line":1568,"column":49},"end":{"line":1568,"column":80}},{"start":{"line":1568,"column":80},"end":{"line":1568,"column":null}},{"start":{"line":1569,"column":20},"end":{"line":1632,"column":null}}],"line":1565},"126":{"loc":{"start":{"line":1594,"column":33},"end":{"line":1628,"column":null}},"type":"cond-expr","locations":[{"start":{"line":1595,"column":36},"end":{"line":1595,"column":null}},{"start":{"line":1596,"column":36},"end":{"line":1628,"column":null}}],"line":1594},"127":{"loc":{"start":{"line":1596,"column":36},"end":{"line":1628,"column":null}},"type":"cond-expr","locations":[{"start":{"line":1602,"column":36},"end":{"line":1602,"column":null}},{"start":{"line":1604,"column":36},"end":{"line":1628,"column":null}}],"line":1596},"128":{"loc":{"start":{"line":1597,"column":36},"end":{"line":1600,"column":null}},"type":"binary-expr","locations":[{"start":{"line":1597,"column":36},"end":{"line":1597,"column":null}},{"start":{"line":1598,"column":36},"end":{"line":1598,"column":null}},{"start":{"line":1598,"column":121},"end":{"line":1599,"column":null}},{"start":{"line":1599,"column":107},"end":{"line":1600,"column":null}}],"line":1597},"129":{"loc":{"start":{"line":1600,"column":37},"end":{"line":1600,"column":54}},"type":"binary-expr","locations":[{"start":{"line":1600,"column":37},"end":{"line":1600,"column":50}},{"start":{"line":1600,"column":50},"end":{"line":1600,"column":54}}],"line":1600},"130":{"loc":{"start":{"line":1605,"column":40},"end":{"line":1608,"column":null}},"type":"binary-expr","locations":[{"start":{"line":1605,"column":40},"end":{"line":1605,"column":null}},{"start":{"line":1606,"column":40},"end":{"line":1606,"column":null}},{"start":{"line":1606,"column":125},"end":{"line":1607,"column":null}},{"start":{"line":1607,"column":111},"end":{"line":1608,"column":null}}],"line":1605},"131":{"loc":{"start":{"line":1608,"column":41},"end":{"line":1608,"column":58}},"type":"binary-expr","locations":[{"start":{"line":1608,"column":41},"end":{"line":1608,"column":54}},{"start":{"line":1608,"column":54},"end":{"line":1608,"column":58}}],"line":1608},"132":{"loc":{"start":{"line":1612,"column":59},"end":{"line":1612,"column":null}},"type":"cond-expr","locations":[{"start":{"line":1612,"column":88},"end":{"line":1612,"column":132}},{"start":{"line":1612,"column":132},"end":{"line":1612,"column":null}}],"line":1612},"133":{"loc":{"start":{"line":1623,"column":68},"end":{"line":1623,"column":null}},"type":"cond-expr","locations":[{"start":{"line":1623,"column":85},"end":{"line":1623,"column":109}},{"start":{"line":1623,"column":109},"end":{"line":1623,"column":null}}],"line":1623},"134":{"loc":{"start":{"line":1648,"column":50},"end":{"line":1648,"column":181}},"type":"binary-expr","locations":[{"start":{"line":1648,"column":50},"end":{"line":1648,"column":69}},{"start":{"line":1648,"column":69},"end":{"line":1648,"column":106}},{"start":{"line":1648,"column":106},"end":{"line":1648,"column":181}}],"line":1648}},"s":{"0":0,"1":0,"2":0,"3":0,"4":0,"5":0,"6":0,"7":0,"8":0,"9":0,"10":0,"11":0,"12":0,"13":0,"14":0,"15":0,"16":0,"17":0,"18":0,"19":0,"20":0,"21":0,"22":0,"23":0,"24":0,"25":0,"26":0,"27":0,"28":0,"29":0,"30":0,"31":0,"32":0,"33":0,"34":0,"35":0,"36":0,"37":0,"38":0,"39":0,"40":0,"41":0,"42":0,"43":0,"44":0,"45":0,"46":0,"47":0,"48":0,"49":0,"50":0,"51":0,"52":0,"53":0,"54":0,"55":0,"56":0,"57":0,"58":0,"59":0,"60":0,"61":0,"62":0,"63":0,"64":0,"65":0,"66":0,"67":0,"68":0,"69":0,"70":0,"71":0,"72":0,"73":0,"74":0,"75":0,"76":0,"77":0,"78":0,"79":0,"80":0,"81":0,"82":0,"83":0,"84":0,"85":0,"86":0,"87":0,"88":0,"89":0,"90":0,"91":0,"92":0,"93":0,"94":0,"95":0,"96":0,"97":0,"98":0,"99":0,"100":0,"101":0,"102":0,"103":0,"104":0,"105":0,"106":0,"107":0,"108":0,"109":0,"110":0,"111":0,"112":0,"113":0,"114":0,"115":0,"116":0,"117":0,"118":0,"119":0,"120":0,"121":0,"122":0,"123":0,"124":0,"125":0,"126":0,"127":0,"128":0,"129":0,"130":0,"131":0,"132":0,"133":0,"134":0,"135":0,"136":0,"137":0,"138":0,"139":0,"140":0,"141":0,"142":0,"143":0,"144":0,"145":0,"146":0,"147":0,"148":0,"149":0,"150":0,"151":0,"152":0,"153":0,"154":0,"155":0,"156":0,"157":0,"158":0,"159":0,"160":0,"161":0,"162":0,"163":0,"164":0,"165":0,"166":0,"167":0,"168":0,"169":0,"170":0,"171":0,"172":0,"173":0,"174":0,"175":0,"176":0,"177":0,"178":0,"179":0,"180":0,"181":0,"182":0,"183":0,"184":0,"185":0,"186":0,"187":0,"188":0,"189":0,"190":0,"191":0,"192":0,"193":0,"194":0,"195":0,"196":0,"197":0,"198":0,"199":0,"200":0,"201":0,"202":0,"203":0,"204":0,"205":0,"206":0,"207":0,"208":0,"209":0,"210":0,"211":0,"212":0,"213":0,"214":0,"215":0,"216":0,"217":0,"218":0,"219":0,"220":0,"221":0,"222":0,"223":0,"224":0,"225":0,"226":0,"227":0,"228":0,"229":0,"230":0,"231":0,"232":0,"233":0,"234":0,"235":0,"236":0,"237":0,"238":0,"239":0,"240":0,"241":0,"242":0,"243":0,"244":0,"245":0,"246":0,"247":0,"248":0,"249":0,"250":0,"251":0,"252":0,"253":0,"254":0,"255":0,"256":0,"257":0,"258":0,"259":0,"260":0,"261":0,"262":0,"263":0,"264":0,"265":0,"266":0,"267":0,"268":0,"269":0,"270":0,"271":0,"272":0,"273":0,"274":0,"275":0,"276":0,"277":0,"278":0,"279":0,"280":0,"281":0,"282":0,"283":0,"284":0,"285":0,"286":0,"287":0,"288":0,"289":0,"290":0,"291":0,"292":0,"293":0,"294":0,"295":0,"296":0,"297":0,"298":0,"299":0,"300":0,"301":0,"30
[...]
column":33}},"loc":{"start":{"line":123,"column":33},"end":{"line":123,"column":null}},"line":123},"4":{"name":"(anonymous_4)","decl":{"start":{"line":123,"column":37},"end":{"line":123,"column":38}},"loc":{"start":{"line":123,"column":49},"end":{"line":123,"column":85}},"line":123},"5":{"name":"(anonymous_5)","decl":{"start":{"line":125,"column":26},"end":{"line":125,"column":27}},"loc":{"start":{"line":125,"column":41},"end":{"line":128,"column":null}},"line":125},"6":{"name":"(anonymous_6)","decl":{"start":{"line":130,"column":25},"end":{"line":130,"column":26}},"loc":{"start":{"line":130,"column":39},"end":{"line":133,"column":null}},"line":130},"7":{"name":"(anonymous_7)","decl":{"start":{"line":134,"column":28},"end":{"line":134,"column":34}},"loc":{"start":{"line":134,"column":34},"end":{"line":138,"column":null}},"line":134},"8":{"name":"(anonymous_8)","decl":{"start":{"line":134,"column":38},"end":{"line":134,"column":39}},"loc":{"start":{"line":134,"column":49},"end":{"line":138,"column":13}},"line":134},"9":{"name":"(anonymous_9)","decl":{"start":{"line":140,"column":26},"end":{"line":140,"column":27}},"loc":{"start":{"line":140,"column":41},"end":{"line":140,"column":null}},"line":140},"10":{"name":"(anonymous_10)","decl":{"start":{"line":142,"column":24},"end":{"line":142,"column":25}},"loc":{"start":{"line":142,"column":37},"end":{"line":142,"column":null}},"line":142},"11":{"name":"(anonymous_11)","decl":{"start":{"line":143,"column":23},"end":{"line":143,"column":24}},"loc":{"start":{"line":143,"column":35},"end":{"line":145,"column":null}},"line":143},"12":{"name":"(anonymous_12)","decl":{"start":{"line":143,"column":39},"end":{"line":143,"column":40}},"loc":{"start":{"line":143,"column":51},"end":{"line":145,"column":14}},"line":143},"13":{"name":"(anonymous_13)","decl":{"start":{"line":146,"column":26},"end":{"line":146,"column":27}},"loc":{"start":{"line":146,"column":43},"end":{"line":150,"column":null}},"line":146},"14":{"name":"(anonymous_14)","decl":{"start":{"line":146,"column":47},"end":{"line":146,"column":48}},"loc":{"start":{"line":146,"column":59},"end":{"line":150,"column":14}},"line":146},"15":{"name":"(anonymous_15)","decl":{"start":{"line":147,"column":43},"end":{"line":147,"column":44}},"loc":{"start":{"line":148,"column":20},"end":{"line":148,"column":null}},"line":148},"16":{"name":"(anonymous_16)","decl":{"start":{"line":151,"column":26},"end":{"line":151,"column":27}},"loc":{"start":{"line":151,"column":34},"end":{"line":153,"column":null}},"line":151},"17":{"name":"(anonymous_17)","decl":{"start":{"line":151,"column":38},"end":{"line":151,"column":39}},"loc":{"start":{"line":151,"column":50},"end":{"line":153,"column":14}},"line":151},"18":{"name":"(anonymous_18)","decl":{"start":{"line":152,"column":46},"end":{"line":152,"column":47}},"loc":{"start":{"line":152,"column":53},"end":{"line":152,"column":64}},"line":152},"19":{"name":"(anonymous_19)","decl":{"start":{"line":155,"column":23},"end":{"line":155,"column":24}},"loc":{"start":{"line":155,"column":35},"end":{"line":155,"column":null}},"line":155},"20":{"name":"(anonymous_20)","decl":{"start":{"line":156,"column":22},"end":{"line":156,"column":23}},"loc":{"start":{"line":156,"column":33},"end":{"line":158,"column":null}},"line":156},"21":{"name":"(anonymous_21)","decl":{"start":{"line":156,"column":37},"end":{"line":156,"column":38}},"loc":{"start":{"line":156,"column":49},"end":{"line":158,"column":14}},"line":156},"22":{"name":"(anonymous_22)","decl":{"start":{"line":159,"column":25},"end":{"line":159,"column":26}},"loc":{"start":{"line":159,"column":42},"end":{"line":163,"column":null}},"line":159},"23":{"name":"(anonymous_23)","decl":{"start":{"line":159,"column":46},"end":{"line":159,"column":47}},"loc":{"start":{"line":159,"column":58},"end":{"line":163,"column":14}},"line":159},"24":{"name":"(anonymous_24)","decl":{"start":{"line":160,"column":41},"end":{"line":160,"column":42}},"loc":{"start":{"line":161,"column":20},"end":{"line":161,"column":null}},"line":161},"25":{"name":"(anonymous_25)","decl":{"start":{"line":165,"column":29},"end":{"line":165,"column":30}},"loc":{"start":{"line":165,"column":47},"end":{"line":175,"column":null}},"line":165},"26":{"name":"(anonymous_26)","decl":{"start":{"line":165,"column":51},"end":{"line":165,"column":52}},"loc":{"start":{"line":165,"column":63},"end":{"line":175,"column":14}},"line":165},"27":{"name":"(anonymous_27)","decl":{"start":{"line":176,"column":34},"end":{"line":176,"column":35}},"loc":{"start":{"line":176,"column":42},"end":{"line":180,"column":null}},"line":176},"28":{"name":"(anonymous_28)","decl":{"start":{"line":176,"column":46},"end":{"line":176,"column":47}},"loc":{"start":{"line":176,"column":58},"end":{"line":180,"column":14}},"line":176},"29":{"name":"(anonymous_29)","decl":{"start":{"line":177,"column":55},"end":{"line":177,"column":56}},"loc":{"start":{"line":178,"column":20},"end":{"line":178,"column":null}},"line":178},"30":{"name":"(anonymous_30)","decl":{"start":{"line":181,"column":32},"end":{"line":181,"column":38}},"loc":{"start":{"line":181,"column":38},"end":{"line":181,"column":null}},"line":181},"31":{"name":"(anonymous_31)","decl":{"start":{"line":183,"column":24},"end":{"line":183,"column":25}},"loc":{"start":{"line":183,"column":39},"end":{"line":183,"column":null}},"line":183},"32":{"name":"(anonymous_32)","decl":{"start":{"line":187,"column":24},"end":{"line":187,"column":25}},"loc":{"start":{"line":187,"column":36},"end":{"line":193,"column":null}},"line":187}},"branchMap":{"0":{"loc":{"start":{"line":105,"column":24},"end":{"line":105,"column":null}},"type":"binary-expr","locations":[{"start":{"line":105,"column":24},"end":{"line":105,"column":79}},{"start":{"line":105,"column":79},"end":{"line":105,"column":null}}],"line":105},"1":{"loc":{"start":{"line":131,"column":46},"end":{"line":131,"column":73}},"type":"cond-expr","locations":[{"start":{"line":131,"column":57},"end":{"line":131,"column":66}},{"start":{"line":131,"column":66},"end":{"line":131,"column":73}}],"line":131},"2":{"loc":{"start":{"line":136,"column":46},"end":{"line":136,"column":69}},"type":"cond-expr","locations":[{"start":{"line":136,"column":53},"end":{"line":136,"column":62}},{"start":{"line":136,"column":62},"end":{"line":136,"column":69}}],"line":136},"3":{"loc":{"start":{"line":148,"column":20},"end":{"line":148,"column":null}},"type":"cond-expr","locations":[{"start":{"line":148,"column":34},"end":{"line":148,"column":57}},{"start":{"line":148,"column":57},"end":{"line":148,"column":null}}],"line":148},"4":{"loc":{"start":{"line":161,"column":20},"end":{"line":161,"column":null}},"type":"cond-expr","locations":[{"start":{"line":161,"column":34},"end":{"line":161,"column":57}},{"start":{"line":161,"column":57},"end":{"line":161,"column":null}}],"line":161},"5":{"loc":{"start":{"line":178,"column":20},"end":{"line":178,"column":null}},"type":"cond-expr","locations":[{"start":{"line":178,"column":34},"end":{"line":178,"column":57}},{"start":{"line":178,"column":57},"end":{"line":178,"column":null}}],"line":178}},"s":{"0":1,"1":1,"2":0,"3":0,"4":2,"5":2,"6":0,"7":0,"8":0,"9":0,"10":2,"11":2,"12":2,"13":2,"14":1,"15":0,"16":1,"17":1,"18":1,"19":1,"20":6,"21":1,"22":1,"23":6,"24":0,"25":0,"26":0,"27":0,"28":0,"29":0,"30":1,"31":1,"32":0,"33":0,"34":0,"35":1,"36":0,"37":16},"f":{"0":1,"1":0,"2":0,"3":2,"4":2,"5":0,"6":0,"7":2,"8":2,"9":1,"10":0,"11":1,"12":1,"13":1,"14":1,"15":6,"16":1,"17":1,"18":6,"19":0,"20":0,"21":0,"22":0,"23":0,"24":0,"25":1,"26":1,"27":0,"28":0,"29":0,"30":1,"31":0,"32":16},"b":{"0":[1,1],"1":[0,0],"2":[1,1],"3":[1,5],"4":[0,0],"5":[0,0]},"meta":{"lastBranch":6,"lastFunction":33,"lastStatement":38,"seen":{"s:92:13:196:Infinity":0,"f:94:8:94:9":0,"s:94:18:184:Infinity":1,"b:105:24:105:79:105:79:105:Infinity":0,"f:120:21:120:22":1,"s:120:31:120:Infinity":2,"f:122:28:122:29":2,"s:122:45:122:Infinity":3,"f:123:27:123:33":3,"s:123:33:123:Infinity":4,"f:123:37:123:38":4,"s:123:49:123:85":5,"f:125:26:125:27":5,"s:126:16:126:Infinity":6,"s:127:16:127:Infinity":7,"f:130:25:130:26":6,"s:131:16:131:Infinity":8,"b:131:57:131:66:131:66:131:73":1,"s:132:16:132:Infinity":9,"f:134:28:134:34":7,"s:134:34:138:Infinity":10,"f:134:38:134:39":8,"s:135:29:135:Infinity":11,"s:136:16:136:Infinity":12,"b:136:53:136:62:136:62:136:69":2,"s:137:16:137:Infinity":13,"f:140:26:140:27":9,"s:140:41:140:Infinity":14,"f:142:24:142:25":10,"s:142:37:142:Infinity":15,"f:143:23:143:24":11,"s:143:35:145:Infinity":16,"f:143:39:143:40":12,"s:143:51:145:14":17,"f:146:26:146:27":13,"s:146:43:150:Infinity":18,"f:146:47:146:48":14,"s:146:59:150:14":19,"f:147:43:147:44":15,"s:148:20:148:Infinity":20,"b:148:34:148:57:148:57:148:Infinity":3,"f:151:26:151:27":16,"s:151:34:153:Infinity":21,"f:151:38:151:39":17,"s:151:50:153:14":22,"f:152:46:152:47":18,"s:152:53:152:64":23,"f:155:23:155:24":19,"s:155:35:155:Infinity":24,"f:156:22:156:23":20,"s:156:33:158:Infinity":25,"f:156:37:156:38":21,"s:156:49:158:14":26,"f:159:25:159:26":22,"s:159:42:163:Infinity":27,"f:159:46:159:47":23,"s:159:58:163:14":28,"f:160:41:160:42":24,"s:161:20:161:Infinity":29,"b:161:34:161:57:161:57:161:Infinity":4,"f:165:29:165:30":25,"s:165:47:175:Infinity":30,"f:165:51:165:52":26,"s:165:63:175:14":31,"f:176:34:176:35":27,"s:176:42:180:Infinity":32,"f:176:46:176:47":28,"s:176:58:180:14":33,"f:177:55:177:56":29,"s:178:20:178:Infinity":34,"b:178:34:178:57:178:57:178:Infinity":5,"f:181:32:181:38":30,"s:181:38:181:Infinity":35,"f:183:24:183:25":31,"s:183:39:183:Infinity":36,"f:187:24:187:25":32,"s:187:36:193:Infinity":37}}}
,"/home/psalmprax/ALL_PROJECTS/ag_extension_decision_support/ag-extension-dashboard/src/frontend/src/theme/index.ts": {"path":"/home/psalmprax/ALL_PROJECTS/ag_extension_decision_support/ag-extension-dashboard/src/frontend/src/theme/index.ts","statementMap":{"0":{"start":{"line":52,"column":54},"end":{"line":340,"column":null}},"1":{"start":{"line":346,"column":14},"end":{"line":346,"column":null}},"2":{"start":{"line":347,"column":14},"end":{"line":347,"column":null}},"3":{"start":{"line":348,"column":14},"end":{"line":348,"column":null}},"4":{"start":{"line":349,"column":4},"end":{"line":349,"column":null}},"5":{"start":{"line":356,"column":18},"end":{"line":356,"column":null}},"6":{"start":{"line":357,"column":27},"end":{"line":357,"column":null}},"7":{"start":{"line":360,"column":4},"end":{"line":363,"column":null}},"8":{"start":{"line":361,"column":8},"end":{"line":361,"column":null}},"9":{"start":{"line":362,"column":8},"end":{"line":362,"column":null}},"10":{"start":{"line":366,"column":4},"end":{"line":369,"column":null}},"11":{"start":{"line":367,"column":8},"end":{"line":367,"column":null}},"12":{"start":{"line":368,"column":8},"end":{"line":368,"column":null}},"13":{"start":{"line":372,"column":4},"end":{"line":375,"column":null}},"14":{"start":{"line":373,"column":8},"end":{"line":373,"column":null}},"15":{"start":{"line":374,"column":8},"end":{"line":374,"column":null}},"16":{"start":{"line":378,"column":4},"end":{"line":378,"column":null}},"17":{"start":{"line":379,"column":4},"end":{"line":379,"column":null}},"18":{"start":{"line":380,"column":4},"end":{"line":380,"column":null}},"19":{"start":{"line":382,"column":4},"end":{"line":382,"column":null}},"20":{"start":{"line":383,"column":4},"end":{"line":383,"column":null}},"21":{"start":{"line":384,"column":4},"end":{"line":384,"column":null}},"22":{"start":{"line":386,"column":4},"end":{"line":386,"column":null}},"23":{"start":{"line":389,"column":60},"end":{"line":396,"column":null}},"24":{"start":{"line":402,"column":16},"end":{"line":402,"column":null}},"25":{"start":{"line":405,"column":23},"end":{"line":405,"column":null}},"26":{"start":{"line":406,"column":4},"end":{"line":410,"column":null}},"27":{"start":{"line":407,"column":8},"end":{"line":407,"column":null}},"28":{"start":{"line":408,"column":8},"end":{"line":408,"column":null}},"29":{"start":{"line":409,"column":8},"end":{"line":409,"column":null}},"30":{"start":{"line":413,"column":31},"end":{"line":413,"column":null}},"31":{"start":{"line":414,"column":18},"end":{"line":414,"column":null}},"32":{"start":{"line":418,"column":4},"end":{"line":428,"column":null}},"33":{"start":{"line":420,"column":24},"end":{"line":425,"column":null}},"34":{"start":{"line":426,"column":8},"end":{"line":426,"column":null}},"35":{"start":{"line":427,"column":8},"end":{"line":427,"column":null}},"36":{"start":{"line":430,"column":4},"end":{"line":433,"column":null}},"37":{"start":{"line":431,"column":8},"end":{"line":431,"column":null}},"38":{"start":{"line":432,"column":8},"end":{"line":432,"column":null}},"39":{"start":{"line":435,"column":4},"end":{"line":438,"column":null}},"40":{"start":{"line":436,"column":8},"end":{"line":436,"column":null}},"41":{"start":{"line":437,"column":8},"end":{"line":437,"column":null}},"42":{"start":{"line":441,"column":4},"end":{"line":441,"column":null}},"43":{"start":{"line":442,"column":4},"end":{"line":442,"column":null}},"44":{"start":{"line":443,"column":4},"end":{"line":443,"column":null}},"45":{"start":{"line":444,"column":4},"end":{"line":444,"column":null}},"46":{"start":{"line":445,"column":4},"end":{"line":445,"column":null}},"47":{"start":{"line":446,"column":4},"end":{"line":446,"column":null}},"48":{"start":{"line":448,"column":4},"end":{"line":448,"column":null}},"49":{"start":{"line":455,"column":23},"end":{"line":455,"column":null}},"50":{"start":{"line":456,"column":18},"end":{"line":456,"column":null}},"51":{"start":{"line":457,"column":4},"end":{"line":457,"column":null}}},"fnMap":{"0":{"name":"hexToRgb","decl":{"start":{"line":345,"column":9},"end":{"line":345,"column":18}},"loc":{"start":{"line":345,"column":39},"end":{"line":350,"column":null}},"line":345},"1":{"name":"getThemeCSS","decl":{"start":{"line":355,"column":16},"end":{"line":355,"column":28}},"loc":{"start":{"line":355,"column":58},"end":{"line":387,"column":null}},"line":355},"2":{"name":"(anonymous_2)","decl":{"start":{"line":360,"column":42},"end":{"line":360,"column":43}},"loc":{"start":{"line":360,"column":58},"end":{"line":363,"column":5}},"line":360},"3":{"name":"(anonymous_3)","decl":{"start":{"line":366,"column":44},"end":{"line":366,"column":45}},"loc":{"start":{"line":366,"column":60},"end":{"line":369,"column":5}},"line":366},"4":{"name":"(anonymous_4)","decl":{"start":{"line":372,"column":41},"end":{"line":372,"column":42}},"loc":{"start":{"line":372,"column":57},"end":{"line":375,"column":5}},"line":372},"5":{"name":"applyTheme","decl":{"start":{"line":401,"column":16},"end":{"line":401,"column":27}},"loc":{"start":{"line":401,"column":55},"end":{"line":449,"column":null}},"line":401},"6":{"name":"(anonymous_6)","decl":{"start":{"line":418,"column":42},"end":{"line":418,"column":43}},"loc":{"start":{"line":418,"column":58},"end":{"line":428,"column":5}},"line":418},"7":{"name":"(anonymous_7)","decl":{"start":{"line":430,"column":44},"end":{"line":430,"column":45}},"loc":{"start":{"line":430,"column":60},"end":{"line":433,"column":5}},"line":430},"8":{"name":"(anonymous_8)","decl":{"start":{"line":435,"column":41},"end":{"line":435,"column":42}},"loc":{"start":{"line":435,"column":57},"end":{"line":438,"column":5}},"line":435},"9":{"name":"initializeTheme","decl":{"start":{"line":454,"column":16},"end":{"line":454,"column":40}},"loc":{"start":{"line":454,"column":40},"end":{"line":458,"column":null}},"line":454}},"branchMap":{"0":{"loc":{"start":{"line":406,"column":4},"end":{"line":410,"column":null}},"type":"if","locations":[{"start":{"line":406,"column":4},"end":{"line":410,"column":null}},{"start":{},"end":{}}],"line":406},"1":{"loc":{"start":{"line":420,"column":24},"end":{"line":425,"column":null}},"type":"cond-expr","locations":[{"start":{"line":420,"column":39},"end":{"line":420,"column":null}},{"start":{"line":421,"column":12},"end":{"line":425,"column":null}}],"line":420},"2":{"loc":{"start":{"line":421,"column":12},"end":{"line":425,"column":null}},"type":"cond-expr","locations":[{"start":{"line":421,"column":28},"end":{"line":421,"column":null}},{"start":{"line":422,"column":16},"end":{"line":425,"column":null}}],"line":421},"3":{"loc":{"start":{"line":422,"column":16},"end":{"line":425,"column":null}},"type":"cond-expr","locations":[{"start":{"line":422,"column":32},"end":{"line":422,"column":null}},{"start":{"line":423,"column":20},"end":{"line":425,"column":null}}],"line":422},"4":{"loc":{"start":{"line":423,"column":20},"end":{"line":425,"column":null}},"type":"cond-expr","locations":[{"start":{"line":423,"column":36},"end":{"line":423,"column":null}},{"start":{"line":424,"column":24},"end":{"line":425,"column":null}}],"line":423},"5":{"loc":{"start":{"line":424,"column":24},"end":{"line":425,"column":null}},"type":"cond-expr","locations":[{"start":{"line":424,"column":40},"end":{"line":424,"column":null}},{"start":{"line":425,"column":28},"end":{"line":425,"column":null}}],"line":424},"6":{"loc":{"start":{"line":456,"column":18},"end":{"line":456,"column":null}},"type":"cond-expr","locations":[{"start":{"line":456,"column":53},"end":{"line":456,"column":66}},{"start":{"line":456,"column":66},"end":{"line":456,"column":null}}],"line":456},"7":{"loc":{"start":{"line":456,"column":18},"end":{"line":456,"column":53}},"type":"binary-expr","locations":[{"start":{"line":456,"column":18},"end":{"line":456,"column":32}},{"start":{"line":456,"column":32},"end":{"line":456,"column":53}}],"line":456}},"s":{"0":0,"1":0,"2":0,"3":0,"4":0,"5":0,"6":0,"7":0,"8":0,"9":0,"10":0,"11":0,"12":0,"13":0,"14":0,"15":0,"16":0,"17":0,"18":0,"19":0,"20":0,"21":0,"22":0,"23":0,"24":0,"25":0,"26":0,"27":0,"28":0,"29":0,"30":0,"31":0,"32":0,"33":0,"34":0,"35":0,"36":0,"37":0,"38":0,"39":0,"40":0,"41":0,"42":0,"43":0,"44":0,"45":0,"46":0,"47":0,"48":0,"49":0,"50":0,"51":0},"f":{"0":0,"1":0,"2":0,"3":0,"4":0,"5":0,"6":0,"7":0,"8":0,"9":0},"b":{"0":[0,0],"1":[0,0],"2":[0,0],"3":[0,0],"4":[0,0],"5":[0,0],"6":[0,0],"7":[0,0]},"meta":{"lastBranch":8,"lastFunction":10,"lastStatement":52,"seen":{"s:52:54:340:Infinity":0,"f:345:9:345:18":0,"s:346:14:346:Infinity":1,"s:347:14:347:Infinity":2,"s:348:14:348:Infinity":3,"s:349:4:349:Infinity":4,"f:355:16:355:28":1,"s:356:18:356:Infinity":5,"s:357:27:357:Infinity":6,"s:360:4:363:Infinity":7,"f:360:42:360:43":2,"s:361:8:361:Infinity":8,"s:362:8:362:Infinity":9,"s:366:4:369:Infinity":10,"f:366:44:366:45":3,"s:367:8:367:Infinity":11,"s:368:8:368:Infinity":12,"s:372:4:375:Infinity":13,"f:372:41:372:42":4,"s:373:8:373:Infinity":14,"s:374:8:374:Infinity":15,"s:378:4:378:Infinity":16,"s:379:4:379:Infinity":17,"s:380:4:380:Infinity":18,"s:382:4:382:Infinity":19,"s:383:4:383:Infinity":20,"s:384:4:384:Infinity":21,"s:386:4:386:Infinity":22,"s:389:60:396:Infinity":23,"f:401:16:401:27":5,"s:402:16:402:Infinity":24,"s:405:23:405:Infinity":25,"b:406:4:410:Infinity:undefined:undefined:undefined:undefined":0,"s:406:4:410:Infinity":26,"s:407:8:407:Infinity":27,"s:408:8:408:Infinity":28,"s:409:8:409:Infinity":29,"s:413:31:413:Infinity":30,"s:414:18:414:Infinity":31,"s:418:4:428:Infinity":32,"f:418:42:418:43":6,"s:420:24:425:Infinity":33,"b:420:39:420:Infinity:421:12:425:Infinity":1,"b:421:28:421:Infinity:422:16:425:Infinity":2,"b:422:32:422:Infinity:423:20:425:Infinity":3,"b:423:36:423:Infinity:424:24:425:Infinity":4,"b:424:40:424:Infinity:425:28:425:Infinity":5,"s:426:8:426:Infinity":34,"s:427:8:427:Infinity":35,"s:430:4:433:Infinity":36,"f:430:44:430:45":7,"s:431:8:431:Infinity":37,"s:432:8:432:Infinity":38,"s:435:4:438:Infinity":39,"f:435:41:435:42":8,"s:436:8:436:Infinity":40,"s:437:8:437:Infinity":41,"s:441:4:441:Infinity":42,"s:442:4:442:Infinity":43,"s:443:4:443:Infinity":44,"s:444:4:444:Infinity":45,"s:445:4:445:Infinity":46,"s:446:4:446:Infinity":47,"s:448:4:448:Infinity":48,"f:454:16:454:40":9,"s:455:23:455:Infinity":49,"s:456:18:456:Infinity":50,"b:456:53:456:66:456:66:456:Infinity":6,"b:456:18:456:32:456:32:456:53":7,"s:457:4:457:Infinity":51}}}
}
