{"total": {"lines":{"total":4798,"covered":314,"skipped":0,"pct":6.54},"statements":{"total":5178,"covered":331,"skipped":0,"pct":6.39},"functions":{"total":1581,"covered":74,"skipped":0,"pct":4.68},"branches":{"total":4100,"covered":109,"skipped":0,"pct":2.65},"branchesTrue":{"total":0,"covered":0,"skipped":0,"pct":100}}
,"/home/psalmprax/ALL_PROJECTS/ag_extension_decision_support/ag-extension-dashboard/src/frontend/src/App.tsx": {"lines":{"total":9,"covered":0,"skipped":0,"pct":0},"functions":{"total":12,"covered":0,"skipped":0,"pct":0},"statements":{"total":20,"covered":0,"skipped":0,"pct":0},"branches":{"total":2,"covered":0,"skipped":0,"pct":0}}
,"/home/psalmprax/ALL_PROJECTS/ag_extension_decision_support/ag-extension-dashboard/src/frontend/src/main.tsx": {"lines":{"total":15,"covered":0,"skipped":0,"pct":0},"functions":{"total":3,"covered":0,"skipped":0,"pct":0},"statements":{"total":15,"covered":0,"skipped":0,"pct":0},"branches":{"total":6,"covered":0,"skipped":0,"pct":0}}
,"/home/psalmprax/ALL_PROJECTS/ag_extension_decision_support/ag-extension-dashboard/src/frontend/src/api/agentService.ts": {"lines":{"total":12,"covered":0,"skipped":0,"pct":0},"functions":{"total":4,"covered":0,"skipped":0,"pct":0},"statements":{"total":12,"covered":0,"skipped":0,"pct":0},"branches":{"total":0,"covered":0,"skipped":0,"pct":100}}
,"/home/psalmprax/ALL_PROJECTS/ag_extension_decision_support/ag-extension-dashboard/src/frontend/src/api/aiService.ts": {"lines":{"total":3,"covered":0,"skipped":0,"pct":0},"functions":{"total":1,"covered":0,"skipped":0,"pct":0},"statements":{"total":3,"covered":0,"skipped":0,"pct":0},"branches":{"total":0,"covered":0,"skipped":0,"pct":100}}
,"/home/psalmprax/ALL_PROJECTS/ag_extension_decision_support/ag-extension-dashboard/src/frontend/src/api/analyticsService.ts": {"lines":{"total":3,"covered":0,"skipped":0,"pct":0},"functions":{"total":1,"covered":0,"skipped":0,"pct":0},"statements":{"total":3,"covered":0,"skipped":0,"pct":0},"branches":{"total":0,"covered":0,"skipped":0,"pct":100}}
,"/home/psalmprax/ALL_PROJECTS/ag_extension_decision_support/ag-extension-dashboard/src/frontend/src/api/authService.ts": {"lines":{"total":21,"covered":21,"skipped":0,"pct":100},"functions":{"total":7,"covered":7,"skipped":0,"pct":100},"statements":{"total":21,"covered":21,"skipped":0,"pct":100},"branches":{"total":0,"covered":0,"skipped":0,"pct":100}}
,"/home/psalmprax/ALL_PROJECTS/ag_extension_decision_support/ag-extension-dashboard/src/frontend/src/api/billingService.ts": {"lines":{"total":107,"covered":45,"skipped":0,"pct":42.05},"functions":{"total":29,"covered":6,"skipped":0,"pct":20.68},"statements":{"total":107,"covered":45,"skipped":0,"pct":42.05},"branches":{"total":49,"covered":0,"skipped":0,"pct":0}}
,"/home/psalmprax/ALL_PROJECTS/ag_extension_decision_support/ag-extension-dashboard/src/frontend/src/api/chatbotService.ts": {"lines":{"total":24,"covered":0,"skipped":0,"pct":0},"functions":{"total":8,"covered":0,"skipped":0,"pct":0},"statements":{"total":24,"covered":0,"skipped":0,"pct":0},"branches":{"total":0,"covered":0,"skipped":0,"pct":100}}
,"/home/psalmprax/ALL_PROJECTS/ag_extension_decision_support/ag-extension-dashboard/src/frontend/src/api/client.ts": {"lines":{"total":50,"covered":9,"skipped":0,"pct":18},"functions":{"total":7,"covered":0,"skipped":0,"pct":0},"statements":{"total":53,"covered":9,"skipped":0,"pct":16.98},"branches":{"total":41,"covered":1,"skipped":0,"pct":2.43}}
,"/home/psalmprax/ALL_PROJECTS/ag_extension_decision_support/ag-extension-dashboard/src/frontend/src/api/contextMenuService.ts": {"lines":{"total":7,"covered":0,"skipped":0,"pct":0},"functions":{"total":2,"covered":0,"skipped":0,"pct":0},"statements":{"total":7,"covered":0,"skipped":0,"pct":0},"branches":{"total":5,"covered":0,"skipped":0,"pct":0}}
,"/home/psalmprax/ALL_PROJECTS/ag_extension_decision_support/ag-extension-dashboard/src/frontend/src/api/dashboardService.ts": {"lines":{"total":3,"covered":0,"skipped":0,"pct":0},"functions":{"total":1,"covered":0,"skipped":0,"pct":0},"statements":{"total":3,"covered":0,"skipped":0,"pct":0},"branches":{"total":0,"covered":0,"skipped":0,"pct":100}}
,"/home/psalmprax/ALL_PROJECTS/ag_extension_decision_support/ag-extension-dashboard/src/frontend/src/api/diagnosticsService.ts": {"lines":{"total":3,"covered":0,"skipped":0,"pct":0},"functions":{"total":1,"covered":0,"skipped":0,"pct":0},"statements":{"total":3,"covered":0,"skipped":0,"pct":0},"branches":{"total":0,"covered":0,"skipped":0,"pct":100}}
,"/home/psalmprax/ALL_PROJECTS/ag_extension_decision_support/ag-extension-dashboard/src/frontend/src/api/diseaseService.ts": {"lines":{"total":15,"covered":0,"skipped":0,"pct":0},"functions":{"total":5,"covered":0,"skipped":0,"pct":0},"statements":{"total":15,"covered":0,"skipped":0,"pct":0},"branches":{"total":0,"covered":0,"skipped":0,"pct":100}}
,"/home/psalmprax/ALL_PROJECTS/ag_extension_decision_support/ag-extension-dashboard/src/frontend/src/api/emailWorkflowService.ts": {"lines":{"total":16,"covered":0,"skipped":0,"pct":0},"functions":{"total":5,"covered":0,"skipped":0,"pct":0},"statements":{"total":16,"covered":0,"skipped":0,"pct":0},"branches":{"total":2,"covered":0,"skipped":0,"pct":0}}
,"/home/psalmprax/ALL_PROJECTS/ag_extension_decision_support/ag-extension-dashboard/src/frontend/src/api/farmerService.ts": {"lines":{"total":24,"covered":8,"skipped":0,"pct":33.33},"functions":{"total":8,"covered":0,"skipped":0,"pct":0},"statements":{"total":24,"covered":8,"skipped":0,"pct":33.33},"branches":{"total":0,"covered":0,"skipped":0,"pct":100}}
,"/home/psalmprax/ALL_PROJECTS/ag_extension_decision_support/ag-extension-dashboard/src/frontend/src/api/knowledgeService.ts": {"lines":{"total":17,"covered":17,"skipped":0,"pct":100},"functions":{"total":4,"covered":4,"skipped":0,"pct":100},"statements":{"total":21,"covered":21,"skipped":0,"pct":100},"branches":{"total":9,"covered":7,"skipped":0,"pct":77.77}}
,"/home/psalmprax/ALL_PROJECTS/ag_extension_decision_support/ag-extension-dashboard/src/frontend/src/api/languageService.ts": {"lines":{"total":9,"covered":0,"skipped":0,"pct":0},"functions":{"total":3,"covered":0,"skipped":0,"pct":0},"statements":{"total":9,"covered":0,"skipped":0,"pct":0},"branches":{"total":0,"covered":0,"skipped":0,"pct":100}}
,"/home/psalmprax/ALL_PROJECTS/ag_extension_decision_support/ag-extension-dashboard/src/frontend/src/api/mcpService.ts": {"lines":{"total":9,"covered":0,"skipped":0,"pct":0},"functions":{"total":3,"covered":0,"skipped":0,"pct":0},"statements":{"total":9,"covered":0,"skipped":0,"pct":0},"branches":{"total":0,"covered":0,"skipped":0,"pct":100}}
,"/home/psalmprax/ALL_PROJECTS/ag_extension_decision_support/ag-extension-dashboard/src/frontend/src/api/memoryService.ts": {"lines":{"total":13,"covered":0,"skipped":0,"pct":0},"functions":{"total":4,"covered":0,"skipped":0,"pct":0},"statements":{"total":13,"covered":0,"skipped":0,"pct":0},"branches":{"total":4,"covered":0,"skipped":0,"pct":0}}
,"/home/psalmprax/ALL_PROJECTS/ag_extension_decision_support/ag-extension-dashboard/src/frontend/src/api/notificationService.ts": {"lines":{"total":19,"covered":0,"skipped":0,"pct":0},"functions":{"total":8,"covered":0,"skipped":0,"pct":0},"statements":{"total":19,"covered":0,"skipped":0,"pct":0},"branches":{"total":0,"covered":0,"skipped":0,"pct":100}}
,"/home/psalmprax/ALL_PROJECTS/ag_extension_decision_support/ag-extension-dashboard/src/frontend/src/api/priceService.ts": {"lines":{"total":3,"covered":0,"skipped":0,"pct":0},"functions":{"total":1,"covered":0,"skipped":0,"pct":0},"statements":{"total":3,"covered":0,"skipped":0,"pct":0},"branches":{"total":0,"covered":0,"skipped":0,"pct":100}}
,"/home/psalmprax/ALL_PROJECTS/ag_extension_decision_support/ag-extension-dashboard/src/frontend/src/api/pushNotificationService.ts": {"lines":{"total":32,"covered":0,"skipped":0,"pct":0},"functions":{"total":3,"covered":0,"skipped":0,"pct":0},"statements":{"total":33,"covered":0,"skipped":0,"pct":0},"branches":{"total":12,"covered":0,"skipped":0,"pct":0}}
,"/home/psalmprax/ALL_PROJECTS/ag_extension_decision_support/ag-extension-dashboard/src/frontend/src/api/reportService.ts": {"lines":{"total":15,"covered":0,"skipped":0,"pct":0},"functions":{"total":5,"covered":0,"skipped":0,"pct":0},"statements":{"total":15,"covered":0,"skipped":0,"pct":0},"branches":{"total":0,"covered":0,"skipped":0,"pct":100}}
,"/home/psalmprax/ALL_PROJECTS/ag_extension_decision_support/ag-extension-dashboard/src/frontend/src/api/shareService.ts": {"lines":{"total":9,"covered":0,"skipped":0,"pct":0},"functions":{"total":3,"covered":0,"skipped":0,"pct":0},"statements":{"total":9,"covered":0,"skipped":0,"pct":0},"branches":{"total":0,"covered":0,"skipped":0,"pct":100}}
,"/home/psalmprax/ALL_PROJECTS/ag_extension_decision_support/ag-extension-dashboard/src/frontend/src/api/smsService.ts": {"lines":{"total":12,"covered":0,"skipped":0,"pct":0},"functions":{"total":4,"covered":0,"skipped":0,"pct":0},"statements":{"total":12,"covered":0,"skipped":0,"pct":0},"branches":{"total":0,"covered":0,"skipped":0,"pct":100}}
,"/home/psalmprax/ALL_PROJECTS/ag_extension_decision_support/ag-extension-dashboard/src/frontend/src/api/supportService.ts": {"lines":{"total":9,"covered":0,"skipped":0,"pct":0},"functions":{"total":3,"covered":0,"skipped":0,"pct":0},"statements":{"total":9,"covered":0,"skipped":0,"pct":0},"branches":{"total":0,"covered":0,"skipped":0,"pct":100}}
,"/home/psalmprax/ALL_PROJECTS/ag_extension_decision_support/ag-extension-dashboard/src/frontend/src/api/syncQueueService.ts": {"lines":{"total":55,"covered":0,"skipped":0,"pct":0},"functions":{"total":17,"covered":0,"skipped":0,"pct":0},"statements":{"total":59,"covered":0,"skipped":0,"pct":0},"branches":{"total":11,"covered":0,"skipped":0,"pct":0}}
,"/home/psalmprax/ALL_PROJECTS/ag_extension_decision_support/ag-extension-dashboard/src/frontend/src/api/systemHealthService.ts": {"lines":{"total":9,"covered":0,"skipped":0,"pct":0},"functions":{"total":3,"covered":0,"skipped":0,"pct":0},"statements":{"total":9,"covered":0,"skipped":0,"pct":0},"branches":{"total":0,"covered":0,"skipped":0,"pct":100}}
,"/home/psalmprax/ALL_PROJECTS/ag_extension_decision_support/ag-extension-dashboard/src/frontend/src/api/telemetryService.ts": {"lines":{"total":6,"covered":0,"skipped":0,"pct":0},"functions":{"total":2,"covered":0,"skipped":0,"pct":0},"statements":{"total":6,"covered":0,"skipped":0,"pct":0},"branches":{"total":2,"covered":0,"skipped":0,"pct":0}}
,"/home/psalmprax/ALL_PROJECTS/ag_extension_decision_support/ag-extension-dashboard/src/frontend/src/api/uploadService.ts": {"lines":{"total":24,"covered":0,"skipped":0,"pct":0},"functions":{"total":5,"covered":0,"skipped":0,"pct":0},"statements":{"total":24,"covered":0,"skipped":0,"pct":0},"branches":{"total":0,"covered":0,"skipped":0,"pct":100}}
,"/home/psalmprax/ALL_PROJECTS/ag_extension_decision_support/ag-extension-dashboard/src/frontend/src/api/visitService.ts": {"lines":{"total":21,"covered":0,"skipped":0,"pct":0},"functions":{"total":7,"covered":0,"skipped":0,"pct":0},"statements":{"total":21,"covered":0,"skipped":0,"pct":0},"branches":{"total":0,"covered":0,"skipped":0,"pct":100}}
,"/home/psalmprax/ALL_PROJECTS/ag_extension_decision_support/ag-extension-dashboard/src/frontend/src/api/weatherService.ts": {"lines":{"total":6,"covered":2,"skipped":0,"pct":33.33},"functions":{"total":2,"covered":0,"skipped":0,"pct":0},"statements":{"total":6,"covered":2,"skipped":0,"pct":33.33},"branches":{"total":0,"covered":0,"skipped":0,"pct":100}}
,"/home/psalmprax/ALL_PROJECTS/ag_extension_decision_support/ag-extension-dashboard/src/frontend/src/components/ABTestBanner.tsx": {"lines":{"total":21,"covered":0,"skipped":0,"pct":0},"functions":{"total":8,"covered":0,"skipped":0,"pct":0},"statements":{"total":25,"covered":0,"skipped":0,"pct":0},"branches":{"total":45,"covered":0,"skipped":0,"pct":0}}
,"/home/psalmprax/ALL_PROJECTS/ag_extension_decision_support/ag-extension-dashboard/src/frontend/src/components/ABTestIntegration.tsx": {"lines":{"total":22,"covered":0,"skipped":0,"pct":0},"functions":{"total":9,"covered":0,"skipped":0,"pct":0},"statements":{"total":24,"covered":0,"skipped":0,"pct":0},"branches":{"total":6,"covered":0,"skipped":0,"pct":0}}
,"/home/psalmprax/ALL_PROJECTS/ag_extension_decision_support/ag-extension-dashboard/src/frontend/src/components/AppModals.tsx": {"lines":{"total":41,"covered":0,"skipped":0,"pct":0},"functions":{"total":22,"covered":0,"skipped":0,"pct":0},"statements":{"total":43,"covered":0,"skipped":0,"pct":0},"branches":{"total":48,"covered":0,"skipped":0,"pct":0}}
,"/home/psalmprax/ALL_PROJECTS/ag_extension_decision_support/ag-extension-dashboard/src/frontend/src/components/BillingDashboard.tsx": {"lines":{"total":251,"covered":64,"skipped":0,"pct":25.49},"functions":{"total":50,"covered":6,"skipped":0,"pct":12},"statements":{"total":264,"covered":67,"skipped":0,"pct":25.37},"branches":{"total":238,"covered":47,"skipped":0,"pct":19.74}}
,"/home/psalmprax/ALL_PROJECTS/ag_extension_decision_support/ag-extension-dashboard/src/frontend/src/components/BreadcrumbNavigation.tsx": {"lines":{"total":5,"covered":0,"skipped":0,"pct":0},"functions":{"total":3,"covered":0,"skipped":0,"pct":0},"statements":{"total":6,"covered":0,"skipped":0,"pct":0},"branches":{"total":7,"covered":0,"skipped":0,"pct":0}}
,"/home/psalmprax/ALL_PROJECTS/ag_extension_decision_support/ag-extension-dashboard/src/frontend/src/components/BulkSmsModal.tsx": {"lines":{"total":11,"covered":0,"skipped":0,"pct":0},"functions":{"total":5,"covered":0,"skipped":0,"pct":0},"statements":{"total":12,"covered":0,"skipped":0,"pct":0},"branches":{"total":17,"covered":0,"skipped":0,"pct":0}}
,"/home/psalmprax/ALL_PROJECTS/ag_extension_decision_support/ag-extension-dashboard/src/frontend/src/components/BulkUpdateModal.tsx": {"lines":{"total":24,"covered":0,"skipped":0,"pct":0},"functions":{"total":14,"covered":0,"skipped":0,"pct":0},"statements":{"total":33,"covered":0,"skipped":0,"pct":0},"branches":{"total":25,"covered":0,"skipped":0,"pct":0}}
,"/home/psalmprax/ALL_PROJECTS/ag_extension_decision_support/ag-extension-dashboard/src/frontend/src/components/ChatInterface.tsx": {"lines":{"total":19,"covered":0,"skipped":0,"pct":0},"functions":{"total":12,"covered":0,"skipped":0,"pct":0},"statements":{"total":19,"covered":0,"skipped":0,"pct":0},"branches":{"total":16,"covered":0,"skipped":0,"pct":0}}
,"/home/psalmprax/ALL_PROJECTS/ag_extension_decision_support/ag-extension-dashboard/src/frontend/src/components/ConfirmModal.tsx": {"lines":{"total":7,"covered":1,"skipped":0,"pct":14.28},"functions":{"total":1,"covered":0,"skipped":0,"pct":0},"statements":{"total":7,"covered":1,"skipped":0,"pct":14.28},"branches":{"total":8,"covered":0,"skipped":0,"pct":0}}
,"/home/psalmprax/ALL_PROJECTS/ag_extension_decision_support/ag-extension-dashboard/src/frontend/src/components/ContextMenu.tsx": {"lines":{"total":32,"covered":0,"skipped":0,"pct":0},"functions":{"total":9,"covered":0,"skipped":0,"pct":0},"statements":{"total":33,"covered":0,"skipped":0,"pct":0},"branches":{"total":21,"covered":0,"skipped":0,"pct":0}}
,"/home/psalmprax/ALL_PROJECTS/ag_extension_decision_support/ag-extension-dashboard/src/frontend/src/components/DashboardStats.tsx": {"lines":{"total":18,"covered":0,"skipped":0,"pct":0},"functions":{"total":6,"covered":0,"skipped":0,"pct":0},"statements":{"total":18,"covered":0,"skipped":0,"pct":0},"branches":{"total":8,"covered":0,"skipped":0,"pct":0}}
,"/home/psalmprax/ALL_PROJECTS/ag_extension_decision_support/ag-extension-dashboard/src/frontend/src/components/ErrorBoundary.tsx": {"lines":{"total":73,"covered":0,"skipped":0,"pct":0},"functions":{"total":25,"covered":0,"skipped":0,"pct":0},"statements":{"total":76,"covered":0,"skipped":0,"pct":0},"branches":{"total":42,"covered":0,"skipped":0,"pct":0}}
,"/home/psalmprax/ALL_PROJECTS/ag_extension_decision_support/ag-extension-dashboard/src/frontend/src/components/FarmerDashboard.tsx": {"lines":{"total":24,"covered":0,"skipped":0,"pct":0},"functions":{"total":9,"covered":0,"skipped":0,"pct":0},"statements":{"total":24,"covered":0,"skipped":0,"pct":0},"branches":{"total":68,"covered":0,"skipped":0,"pct":0}}
,"/home/psalmprax/ALL_PROJECTS/ag_extension_decision_support/ag-extension-dashboard/src/frontend/src/components/FarmerDetailPanel.tsx": {"lines":{"total":129,"covered":0,"skipped":0,"pct":0},"functions":{"total":43,"covered":0,"skipped":0,"pct":0},"statements":{"total":141,"covered":0,"skipped":0,"pct":0},"branches":{"total":189,"covered":0,"skipped":0,"pct":0}}
,"/home/psalmprax/ALL_PROJECTS/ag_extension_decision_support/ag-extension-dashboard/src/frontend/src/components/FarmerMap.tsx": {"lines":{"total":162,"covered":0,"skipped":0,"pct":0},"functions":{"total":65,"covered":0,"skipped":0,"pct":0},"statements":{"total":174,"covered":0,"skipped":0,"pct":0},"branches":{"total":192,"covered":0,"skipped":0,"pct":0}}
,"/home/psalmprax/ALL_PROJECTS/ag_extension_decision_support/ag-extension-dashboard/src/frontend/src/components/FarmerTable.tsx": {"lines":{"total":12,"covered":0,"skipped":0,"pct":0},"functions":{"total":6,"covered":0,"skipped":0,"pct":0},"statements":{"total":12,"covered":0,"skipped":0,"pct":0},"branches":{"total":2,"covered":0,"skipped":0,"pct":0}}
,"/home/psalmprax/ALL_PROJECTS/ag_extension_decision_support/ag-extension-dashboard/src/frontend/src/components/HelpCenterModal.tsx": {"lines":{"total":49,"covered":0,"skipped":0,"pct":0},"functions":{"total":24,"covered":0,"skipped":0,"pct":0},"statements":{"total":59,"covered":0,"skipped":0,"pct":0},"branches":{"total":50,"covered":0,"skipped":0,"pct":0}}
,"/home/psalmprax/ALL_PROJECTS/ag_extension_decision_support/ag-extension-dashboard/src/frontend/src/components/LanguageSwitcher.tsx": {"lines":{"total":9,"covered":0,"skipped":0,"pct":0},"functions":{"total":4,"covered":0,"skipped":0,"pct":0},"statements":{"total":9,"covered":0,"skipped":0,"pct":0},"branches":{"total":9,"covered":0,"skipped":0,"pct":0}}
,"/home/psalmprax/ALL_PROJECTS/ag_extension_decision_support/ag-extension-dashboard/src/frontend/src/components/MarkdownRenderer.tsx": {"lines":{"total":18,"covered":0,"skipped":0,"pct":0},"functions":{"total":16,"covered":0,"skipped":0,"pct":0},"statements":{"total":18,"covered":0,"skipped":0,"pct":0},"branches":{"total":5,"covered":0,"skipped":0,"pct":0}}
,"/home/psalmprax/ALL_PROJECTS/ag_extension_decision_support/ag-extension-dashboard/src/frontend/src/components/NotificationPanel.tsx": {"lines":{"total":49,"covered":0,"skipped":0,"pct":0},"functions":{"total":18,"covered":0,"skipped":0,"pct":0},"statements":{"total":54,"covered":0,"skipped":0,"pct":0},"branches":{"total":47,"covered":0,"skipped":0,"pct":0}}
,"/home/psalmprax/ALL_PROJECTS/ag_extension_decision_support/ag-extension-dashboard/src/frontend/src/components/PaymentAnalyticsDashboard.tsx": {"lines":{"total":33,"covered":0,"skipped":0,"pct":0},"functions":{"total":14,"covered":0,"skipped":0,"pct":0},"statements":{"total":33,"covered":0,"skipped":0,"pct":0},"branches":{"total":46,"covered":0,"skipped":0,"pct":0}}
,"/home/psalmprax/ALL_PROJECTS/ag_extension_decision_support/ag-extension-dashboard/src/frontend/src/components/ProfileModal.tsx": {"lines":{"total":27,"covered":0,"skipped":0,"pct":0},"functions":{"total":11,"covered":0,"skipped":0,"pct":0},"statements":{"total":31,"covered":0,"skipped":0,"pct":0},"branches":{"total":42,"covered":0,"skipped":0,"pct":0}}
,"/home/psalmprax/ALL_PROJECTS/ag_extension_decision_support/ag-extension-dashboard/src/frontend/src/components/ProtectedRoute.tsx": {"lines":{"total":12,"covered":0,"skipped":0,"pct":0},"functions":{"total":1,"covered":0,"skipped":0,"pct":0},"statements":{"total":12,"covered":0,"skipped":0,"pct":0},"branches":{"total":6,"covered":0,"skipped":0,"pct":0}}
,"/home/psalmprax/ALL_PROJECTS/ag_extension_decision_support/ag-extension-dashboard/src/frontend/src/components/RoleGuard.tsx": {"lines":{"total":7,"covered":0,"skipped":0,"pct":0},"functions":{"total":1,"covered":0,"skipped":0,"pct":0},"statements":{"total":7,"covered":0,"skipped":0,"pct":0},"branches":{"total":4,"covered":0,"skipped":0,"pct":0}}
,"/home/psalmprax/ALL_PROJECTS/ag_extension_decision_support/ag-extension-dashboard/src/frontend/src/components/SatelliteInsights.tsx": {"lines":{"total":39,"covered":0,"skipped":0,"pct":0},"functions":{"total":7,"covered":0,"skipped":0,"pct":0},"statements":{"total":40,"covered":0,"skipped":0,"pct":0},"branches":{"total":81,"covered":0,"skipped":0,"pct":0}}
,"/home/psalmprax/ALL_PROJECTS/ag_extension_decision_support/ag-extension-dashboard/src/frontend/src/components/SettingsPanel.tsx": {"lines":{"total":41,"covered":0,"skipped":0,"pct":0},"functions":{"total":11,"covered":0,"skipped":0,"pct":0},"statements":{"total":45,"covered":0,"skipped":0,"pct":0},"branches":{"total":48,"covered":0,"skipped":0,"pct":0}}
,"/home/psalmprax/ALL_PROJECTS/ag_extension_decision_support/ag-extension-dashboard/src/frontend/src/components/ShareModal.tsx": {"lines":{"total":29,"covered":0,"skipped":0,"pct":0},"functions":{"total":10,"covered":0,"skipped":0,"pct":0},"statements":{"total":31,"covered":0,"skipped":0,"pct":0},"branches":{"total":28,"covered":0,"skipped":0,"pct":0}}
,"/home/psalmprax/ALL_PROJECTS/ag_extension_decision_support/ag-extension-dashboard/src/frontend/src/components/Skeleton.tsx": {"lines":{"total":16,"covered":0,"skipped":0,"pct":0},"functions":{"total":9,"covered":0,"skipped":0,"pct":0},"statements":{"total":16,"covered":0,"skipped":0,"pct":0},"branches":{"total":13,"covered":0,"skipped":0,"pct":0}}
,"/home/psalmprax/ALL_PROJECTS/ag_extension_decision_support/ag-extension-dashboard/src/frontend/src/components/StatCard.tsx": {"lines":{"total":14,"covered":0,"skipped":0,"pct":0},"functions":{"total":3,"covered":0,"skipped":0,"pct":0},"statements":{"total":15,"covered":0,"skipped":0,"pct":0},"branches":{"total":34,"covered":0,"skipped":0,"pct":0}}
,"/home/psalmprax/ALL_PROJECTS/ag_extension_decision_support/ag-extension-dashboard/src/frontend/src/components/ThemeSwitcher.tsx": {"lines":{"total":17,"covered":0,"skipped":0,"pct":0},"functions":{"total":9,"covered":0,"skipped":0,"pct":0},"statements":{"total":17,"covered":0,"skipped":0,"pct":0},"branches":{"total":8,"covered":0,"skipped":0,"pct":0}}
,"/home/psalmprax/ALL_PROJECTS/ag_extension_decision_support/ag-extension-dashboard/src/frontend/src/components/UsageQuota.tsx": {"lines":{"total":23,"covered":9,"skipped":0,"pct":39.13},"functions":{"total":5,"covered":1,"skipped":0,"pct":20},"statements":{"total":24,"covered":9,"skipped":0,"pct":37.5},"branches":{"total":49,"covered":8,"skipped":0,"pct":16.32}}
,"/home/psalmprax/ALL_PROJECTS/ag_extension_decision_support/ag-extension-dashboard/src/frontend/src/components/VideoCall.tsx": {"lines":{"total":32,"covered":0,"skipped":0,"pct":0},"functions":{"total":9,"covered":0,"skipped":0,"pct":0},"statements":{"total":32,"covered":0,"skipped":0,"pct":0},"branches":{"total":79,"covered":0,"skipped":0,"pct":0}}
,"/home/psalmprax/ALL_PROJECTS/ag_extension_decision_support/ag-extension-dashboard/src/frontend/src/components/VisitsPage.tsx": {"lines":{"total":17,"covered":0,"skipped":0,"pct":0},"functions":{"total":10,"covered":0,"skipped":0,"pct":0},"statements":{"total":17,"covered":0,"skipped":0,"pct":0},"branches":{"total":20,"covered":0,"skipped":0,"pct":0}}
,"/home/psalmprax/ALL_PROJECTS/ag_extension_decision_support/ag-extension-dashboard/src/frontend/src/components/WeatherWidget.tsx": {"lines":{"total":15,"covered":0,"skipped":0,"pct":0},"functions":{"total":2,"covered":0,"skipped":0,"pct":0},"statements":{"total":16,"covered":0,"skipped":0,"pct":0},"branches":{"total":16,"covered":0,"skipped":0,"pct":0}}
,"/home/psalmprax/ALL_PROJECTS/ag_extension_decision_support/ag-extension-dashboard/src/frontend/src/components/Cyber/ActionableAI.tsx": {"lines":{"total":40,"covered":0,"skipped":0,"pct":0},"functions":{"total":10,"covered":0,"skipped":0,"pct":0},"statements":{"total":40,"covered":0,"skipped":0,"pct":0},"branches":{"total":55,"covered":0,"skipped":0,"pct":0}}
,"/home/psalmprax/ALL_PROJECTS/ag_extension_decision_support/ag-extension-dashboard/src/frontend/src/components/Cyber/AlphaAI.tsx": {"lines":{"total":62,"covered":0,"skipped":0,"pct":0},"functions":{"total":25,"covered":0,"skipped":0,"pct":0},"statements":{"total":76,"covered":0,"skipped":0,"pct":0},"branches":{"total":84,"covered":0,"skipped":0,"pct":0}}
,"/home/psalmprax/ALL_PROJECTS/ag_extension_decision_support/ag-extension-dashboard/src/frontend/src/components/Cyber/AlphaAgentOps.tsx": {"lines":{"total":79,"covered":0,"skipped":0,"pct":0},"functions":{"total":25,"covered":0,"skipped":0,"pct":0},"statements":{"total":91,"covered":0,"skipped":0,"pct":0},"branches":{"total":87,"covered":0,"skipped":0,"pct":0}}
,"/home/psalmprax/ALL_PROJECTS/ag_extension_decision_support/ag-extension-dashboard/src/frontend/src/components/Cyber/CropCycleGantt.tsx": {"lines":{"total":21,"covered":0,"skipped":0,"pct":0},"functions":{"total":8,"covered":0,"skipped":0,"pct":0},"statements":{"total":23,"covered":0,"skipped":0,"pct":0},"branches":{"total":18,"covered":0,"skipped":0,"pct":0}}
,"/home/psalmprax/ALL_PROJECTS/ag_extension_decision_support/ag-extension-dashboard/src/frontend/src/components/Cyber/IsometricFarmOverview.tsx": {"lines":{"total":17,"covered":0,"skipped":0,"pct":0},"functions":{"total":5,"covered":0,"skipped":0,"pct":0},"statements":{"total":19,"covered":0,"skipped":0,"pct":0},"branches":{"total":30,"covered":0,"skipped":0,"pct":0}}
,"/home/psalmprax/ALL_PROJECTS/ag_extension_decision_support/ag-extension-dashboard/src/frontend/src/components/Cyber/SystemOverview.tsx": {"lines":{"total":32,"covered":0,"skipped":0,"pct":0},"functions":{"total":6,"covered":0,"skipped":0,"pct":0},"statements":{"total":34,"covered":0,"skipped":0,"pct":0},"branches":{"total":39,"covered":0,"skipped":0,"pct":0}}
,"/home/psalmprax/ALL_PROJECTS/ag_extension_decision_support/ag-extension-dashboard/src/frontend/src/components/KnowledgeBase/KnowledgeSidebar.tsx": {"lines":{"total":12,"covered":0,"skipped":0,"pct":0},"functions":{"total":5,"covered":0,"skipped":0,"pct":0},"statements":{"total":12,"covered":0,"skipped":0,"pct":0},"branches":{"total":24,"covered":0,"skipped":0,"pct":0}}
,"/home/psalmprax/ALL_PROJECTS/ag_extension_decision_support/ag-extension-dashboard/src/frontend/src/components/KnowledgeBase/KnowledgeStats.tsx": {"lines":{"total":13,"covered":0,"skipped":0,"pct":0},"functions":{"total":4,"covered":0,"skipped":0,"pct":0},"statements":{"total":14,"covered":0,"skipped":0,"pct":0},"branches":{"total":18,"covered":0,"skipped":0,"pct":0}}
,"/home/psalmprax/ALL_PROJECTS/ag_extension_decision_support/ag-extension-dashboard/src/frontend/src/components/KnowledgeBase/ReasoningVisuals.tsx": {"lines":{"total":48,"covered":0,"skipped":0,"pct":0},"functions":{"total":20,"covered":0,"skipped":0,"pct":0},"statements":{"total":52,"covered":0,"skipped":0,"pct":0},"branches":{"total":99,"covered":0,"skipped":0,"pct":0}}
,"/home/psalmprax/ALL_PROJECTS/ag_extension_decision_support/ag-extension-dashboard/src/frontend/src/components/KnowledgeBase/index.tsx": {"lines":{"total":68,"covered":0,"skipped":0,"pct":0},"functions":{"total":25,"covered":0,"skipped":0,"pct":0},"statements":{"total":75,"covered":0,"skipped":0,"pct":0},"branches":{"total":72,"covered":0,"skipped":0,"pct":0}}
,"/home/psalmprax/ALL_PROJECTS/ag_extension_decision_support/ag-extension-dashboard/src/frontend/src/components/forms/FarmerRegistrationForm.tsx": {"lines":{"total":25,"covered":0,"skipped":0,"pct":0},"functions":{"total":5,"covered":0,"skipped":0,"pct":0},"statements":{"total":25,"covered":0,"skipped":0,"pct":0},"branches":{"total":20,"covered":0,"skipped":0,"pct":0}}
,"/home/psalmprax/ALL_PROJECTS/ag_extension_decision_support/ag-extension-dashboard/src/frontend/src/components/forms/VisitModal.tsx": {"lines":{"total":41,"covered":0,"skipped":0,"pct":0},"functions":{"total":14,"covered":0,"skipped":0,"pct":0},"statements":{"total":43,"covered":0,"skipped":0,"pct":0},"branches":{"total":66,"covered":0,"skipped":0,"pct":0}}
,"/home/psalmprax/ALL_PROJECTS/ag_extension_decision_support/ag-extension-dashboard/src/frontend/src/components/forms/VisitSynthesisForm.tsx": {"lines":{"total":45,"covered":0,"skipped":0,"pct":0},"functions":{"total":7,"covered":0,"skipped":0,"pct":0},"statements":{"total":46,"covered":0,"skipped":0,"pct":0},"branches":{"total":33,"covered":0,"skipped":0,"pct":0}}
,"/home/psalmprax/ALL_PROJECTS/ag_extension_decision_support/ag-extension-dashboard/src/frontend/src/components/layout/AppHeader.tsx": {"lines":{"total":35,"covered":0,"skipped":0,"pct":0},"functions":{"total":23,"covered":0,"skipped":0,"pct":0},"statements":{"total":44,"covered":0,"skipped":0,"pct":0},"branches":{"total":42,"covered":0,"skipped":0,"pct":0}}
,"/home/psalmprax/ALL_PROJECTS/ag_extension_decision_support/ag-extension-dashboard/src/frontend/src/components/layout/AppSidebar.tsx": {"lines":{"total":8,"covered":0,"skipped":0,"pct":0},"functions":{"total":7,"covered":0,"skipped":0,"pct":0},"statements":{"total":10,"covered":0,"skipped":0,"pct":0},"branches":{"total":10,"covered":0,"skipped":0,"pct":0}}
,"/home/psalmprax/ALL_PROJECTS/ag_extension_decision_support/ag-extension-dashboard/src/frontend/src/components/layout/AuthenticatedLayout.tsx": {"lines":{"total":80,"covered":0,"skipped":0,"pct":0},"functions":{"total":13,"covered":0,"skipped":0,"pct":0},"statements":{"total":90,"covered":0,"skipped":0,"pct":0},"branches":{"total":58,"covered":0,"skipped":0,"pct":0}}
,"/home/psalmprax/ALL_PROJECTS/ag_extension_decision_support/ag-extension-dashboard/src/frontend/src/components/layout/TabContent.tsx": {"lines":{"total":17,"covered":0,"skipped":0,"pct":0},"functions":{"total":24,"covered":0,"skipped":0,"pct":0},"statements":{"total":40,"covered":0,"skipped":0,"pct":0},"branches":{"total":46,"covered":0,"skipped":0,"pct":0}}
,"/home/psalmprax/ALL_PROJECTS/ag_extension_decision_support/ag-extension-dashboard/src/frontend/src/components/ui/Badge.tsx": {"lines":{"total":4,"covered":4,"skipped":0,"pct":100},"functions":{"total":1,"covered":1,"skipped":0,"pct":100},"statements":{"total":4,"covered":4,"skipped":0,"pct":100},"branches":{"total":0,"covered":0,"skipped":0,"pct":100}}
,"/home/psalmprax/ALL_PROJECTS/ag_extension_decision_support/ag-extension-dashboard/src/frontend/src/components/ui/Button.tsx": {"lines":{"total":4,"covered":4,"skipped":0,"pct":100},"functions":{"total":1,"covered":1,"skipped":0,"pct":100},"statements":{"total":4,"covered":4,"skipped":0,"pct":100},"branches":{"total":4,"covered":3,"skipped":0,"pct":75}}
,"/home/psalmprax/ALL_PROJECTS/ag_extension_decision_support/ag-extension-dashboard/src/frontend/src/components/ui/Card.tsx": {"lines":{"total":13,"covered":0,"skipped":0,"pct":0},"functions":{"total":4,"covered":0,"skipped":0,"pct":0},"statements":{"total":13,"covered":0,"skipped":0,"pct":0},"branches":{"total":0,"covered":0,"skipped":0,"pct":100}}
,"/home/psalmprax/ALL_PROJECTS/ag_extension_decision_support/ag-extension-dashboard/src/frontend/src/components/ui/Dialog.tsx": {"lines":{"total":6,"covered":2,"skipped":0,"pct":33.33},"functions":{"total":5,"covered":1,"skipped":0,"pct":20},"statements":{"total":6,"covered":2,"skipped":0,"pct":33.33},"branches":{"total":1,"covered":1,"skipped":0,"pct":100}}
,"/home/psalmprax/ALL_PROJECTS/ag_extension_decision_support/ag-extension-dashboard/src/frontend/src/components/ui/Input.tsx": {"lines":{"total":7,"covered":5,"skipped":0,"pct":71.42},"functions":{"total":2,"covered":0,"skipped":0,"pct":0},"statements":{"total":7,"covered":5,"skipped":0,"pct":71.42},"branches":{"total":4,"covered":0,"skipped":0,"pct":0}}
,"/home/psalmprax/ALL_PROJECTS/ag_extension_decision_support/ag-extension-dashboard/src/frontend/src/components/ui/Select.tsx": {"lines":{"total":5,"covered":3,"skipped":0,"pct":60},"functions":{"total":2,"covered":0,"skipped":0,"pct":0},"statements":{"total":5,"covered":3,"skipped":0,"pct":60},"branches":{"total":4,"covered":0,"skipped":0,"pct":0}}
,"/home/psalmprax/ALL_PROJECTS/ag_extension_decision_support/ag-extension-dashboard/src/frontend/src/components/ui/Textarea.tsx": {"lines":{"total":4,"covered":3,"skipped":0,"pct":75},"functions":{"total":1,"covered":0,"skipped":0,"pct":0},"statements":{"total":4,"covered":3,"skipped":0,"pct":75},"branches":{"total":4,"covered":0,"skipped":0,"pct":0}}
,"/home/psalmprax/ALL_PROJECTS/ag_extension_decision_support/ag-extension-dashboard/src/frontend/src/components/ui/index.ts": {"lines":{"total":0,"covered":0,"skipped":0,"pct":0},"functions":{"total":0,"covered":0,"skipped":0,"pct":0},"statements":{"total":0,"covered":0,"skipped":0,"pct":0},"branches":{"total":0,"covered":0,"skipped":0,"pct":0}}
,"/home/psalmprax/ALL_PROJECTS/ag_extension_decision_support/ag-extension-dashboard/src/frontend/src/config/navItems.ts": {"lines":{"total":1,"covered":0,"skipped":0,"pct":0},"functions":{"total":1,"covered":0,"skipped":0,"pct":0},"statements":{"total":2,"covered":0,"skipped":0,"pct":0},"branches":{"total":42,"covered":0,"skipped":0,"pct":0}}
,"/home/psalmprax/ALL_PROJECTS/ag_extension_decision_support/ag-extension-dashboard/src/frontend/src/hooks/useAppAuth.ts": {"lines":{"total":20,"covered":0,"skipped":0,"pct":0},"functions":{"total":5,"covered":0,"skipped":0,"pct":0},"statements":{"total":21,"covered":0,"skipped":0,"pct":0},"branches":{"total":8,"covered":0,"skipped":0,"pct":0}}
,"/home/psalmprax/ALL_PROJECTS/ag_extension_decision_support/ag-extension-dashboard/src/frontend/src/hooks/useAppBootstrap.ts": {"lines":{"total":31,"covered":0,"skipped":0,"pct":0},"functions":{"total":8,"covered":0,"skipped":0,"pct":0},"statements":{"total":32,"covered":0,"skipped":0,"pct":0},"branches":{"total":25,"covered":0,"skipped":0,"pct":0}}
,"/home/psalmprax/ALL_PROJECTS/ag_extension_decision_support/ag-extension-dashboard/src/frontend/src/hooks/useAppChat.ts": {"lines":{"total":82,"covered":0,"skipped":0,"pct":0},"functions":{"total":17,"covered":0,"skipped":0,"pct":0},"statements":{"total":92,"covered":0,"skipped":0,"pct":0},"branches":{"total":39,"covered":0,"skipped":0,"pct":0}}
,"/home/psalmprax/ALL_PROJECTS/ag_extension_decision_support/ag-extension-dashboard/src/frontend/src/hooks/useAppSearch.ts": {"lines":{"total":41,"covered":0,"skipped":0,"pct":0},"functions":{"total":11,"covered":0,"skipped":0,"pct":0},"statements":{"total":41,"covered":0,"skipped":0,"pct":0},"branches":{"total":44,"covered":0,"skipped":0,"pct":0}}
,"/home/psalmprax/ALL_PROJECTS/ag_extension_decision_support/ag-extension-dashboard/src/frontend/src/hooks/useAppShortcuts.ts": {"lines":{"total":28,"covered":0,"skipped":0,"pct":0},"functions":{"total":4,"covered":0,"skipped":0,"pct":0},"statements":{"total":41,"covered":0,"skipped":0,"pct":0},"branches":{"total":38,"covered":0,"skipped":0,"pct":0}}
,"/home/psalmprax/ALL_PROJECTS/ag_extension_decision_support/ag-extension-dashboard/src/frontend/src/hooks/useAppSync.ts": {"lines":{"total":44,"covered":0,"skipped":0,"pct":0},"functions":{"total":9,"covered":0,"skipped":0,"pct":0},"statements":{"total":44,"covered":0,"skipped":0,"pct":0},"branches":{"total":8,"covered":0,"skipped":0,"pct":0}}
,"/home/psalmprax/ALL_PROJECTS/ag_extension_decision_support/ag-extension-dashboard/src/frontend/src/hooks/useAppTheme.ts": {"lines":{"total":19,"covered":0,"skipped":0,"pct":0},"functions":{"total":6,"covered":0,"skipped":0,"pct":0},"statements":{"total":20,"covered":0,"skipped":0,"pct":0},"branches":{"total":6,"covered":0,"skipped":0,"pct":0}}
,"/home/psalmprax/ALL_PROJECTS/ag_extension_decision_support/ag-extension-dashboard/src/frontend/src/hooks/useBulkActions.ts": {"lines":{"total":72,"covered":0,"skipped":0,"pct":0},"functions":{"total":18,"covered":0,"skipped":0,"pct":0},"statements":{"total":78,"covered":0,"skipped":0,"pct":0},"branches":{"total":34,"covered":0,"skipped":0,"pct":0}}
,"/home/psalmprax/ALL_PROJECTS/ag_extension_decision_support/ag-extension-dashboard/src/frontend/src/hooks/useDashboardQueries.ts": {"lines":{"total":25,"covered":0,"skipped":0,"pct":0},"functions":{"total":7,"covered":0,"skipped":0,"pct":0},"statements":{"total":31,"covered":0,"skipped":0,"pct":0},"branches":{"total":29,"covered":0,"skipped":0,"pct":0}}
,"/home/psalmprax/ALL_PROJECTS/ag_extension_decision_support/ag-extension-dashboard/src/frontend/src/hooks/useDesignVariant.ts": {"lines":{"total":7,"covered":0,"skipped":0,"pct":0},"functions":{"total":4,"covered":0,"skipped":0,"pct":0},"statements":{"total":7,"covered":0,"skipped":0,"pct":0},"branches":{"total":2,"covered":0,"skipped":0,"pct":0}}
,"/home/psalmprax/ALL_PROJECTS/ag_extension_decision_support/ag-extension-dashboard/src/frontend/src/hooks/useFocusTrap.ts": {"lines":{"total":27,"covered":0,"skipped":0,"pct":0},"functions":{"total":5,"covered":0,"skipped":0,"pct":0},"statements":{"total":31,"covered":0,"skipped":0,"pct":0},"branches":{"total":16,"covered":0,"skipped":0,"pct":0}}
,"/home/psalmprax/ALL_PROJECTS/ag_extension_decision_support/ag-extension-dashboard/src/frontend/src/hooks/useModalState.ts": {"lines":{"total":17,"covered":0,"skipped":0,"pct":0},"functions":{"total":1,"covered":0,"skipped":0,"pct":0},"statements":{"total":17,"covered":0,"skipped":0,"pct":0},"branches":{"total":0,"covered":0,"skipped":0,"pct":100}}
,"/home/psalmprax/ALL_PROJECTS/ag_extension_decision_support/ag-extension-dashboard/src/frontend/src/hooks/useThemeClasses.ts": {"lines":{"total":14,"covered":14,"skipped":0,"pct":100},"functions":{"total":4,"covered":4,"skipped":0,"pct":100},"statements":{"total":16,"covered":16,"skipped":0,"pct":100},"branches":{"total":18,"covered":9,"skipped":0,"pct":50}}
,"/home/psalmprax/ALL_PROJECTS/ag_extension_decision_support/ag-extension-dashboard/src/frontend/src/hooks/useWebRTC.ts": {"lines":{"total":133,"covered":0,"skipped":0,"pct":0},"functions":{"total":29,"covered":0,"skipped":0,"pct":0},"statements":{"total":135,"covered":0,"skipped":0,"pct":0},"branches":{"total":44,"covered":0,"skipped":0,"pct":0}}
,"/home/psalmprax/ALL_PROJECTS/ag_extension_decision_support/ag-extension-dashboard/src/frontend/src/lib/LanguageContext.tsx": {"lines":{"total":58,"covered":48,"skipped":0,"pct":82.75},"functions":{"total":12,"covered":10,"skipped":0,"pct":83.33},"statements":{"total":62,"covered":49,"skipped":0,"pct":79.03},"branches":{"total":32,"covered":14,"skipped":0,"pct":43.75}}
,"/home/psalmprax/ALL_PROJECTS/ag_extension_decision_support/ag-extension-dashboard/src/frontend/src/lib/ThemeProvider.tsx": {"lines":{"total":24,"covered":0,"skipped":0,"pct":0},"functions":{"total":3,"covered":0,"skipped":0,"pct":0},"statements":{"total":24,"covered":0,"skipped":0,"pct":0},"branches":{"total":8,"covered":0,"skipped":0,"pct":0}}
,"/home/psalmprax/ALL_PROJECTS/ag_extension_decision_support/ag-extension-dashboard/src/frontend/src/lib/animations.ts": {"lines":{"total":9,"covered":0,"skipped":0,"pct":0},"functions":{"total":0,"covered":0,"skipped":0,"pct":100},"statements":{"total":9,"covered":0,"skipped":0,"pct":0},"branches":{"total":0,"covered":0,"skipped":0,"pct":100}}
,"/home/psalmprax/ALL_PROJECTS/ag_extension_decision_support/ag-extension-dashboard/src/frontend/src/lib/cn.ts": {"lines":{"total":1,"covered":1,"skipped":0,"pct":100},"functions":{"total":1,"covered":1,"skipped":0,"pct":100},"statements":{"total":1,"covered":1,"skipped":0,"pct":100},"branches":{"total":0,"covered":0,"skipped":0,"pct":100}}
,"/home/psalmprax/ALL_PROJECTS/ag_extension_decision_support/ag-extension-dashboard/src/frontend/src/lib/color-tokens.ts": {"lines":{"total":2,"covered":0,"skipped":0,"pct":0},"functions":{"total":0,"covered":0,"skipped":0,"pct":100},"statements":{"total":2,"covered":0,"skipped":0,"pct":0},"branches":{"total":0,"covered":0,"skipped":0,"pct":100}}
,"/home/psalmprax/ALL_PROJECTS/ag_extension_decision_support/ag-extension-dashboard/src/frontend/src/lib/design-tokens.ts": {"lines":{"total":6,"covered":0,"skipped":0,"pct":0},"functions":{"total":0,"covered":0,"skipped":0,"pct":100},"statements":{"total":6,"covered":0,"skipped":0,"pct":0},"branches":{"total":0,"covered":0,"skipped":0,"pct":100}}
,"/home/psalmprax/ALL_PROJECTS/ag_extension_decision_support/ag-extension-dashboard/src/frontend/src/lib/i18n.ts": {"lines":{"total":2,"covered":0,"skipped":0,"pct":0},"functions":{"total":0,"covered":0,"skipped":0,"pct":100},"statements":{"total":2,"covered":0,"skipped":0,"pct":0},"branches":{"total":0,"covered":0,"skipped":0,"pct":100}}
,"/home/psalmprax/ALL_PROJECTS/ag_extension_decision_support/ag-extension-dashboard/src/frontend/src/lib/realFirst.ts": {"lines":{"total":10,"covered":0,"skipped":0,"pct":0},"functions":{"total":1,"covered":0,"skipped":0,"pct":0},"statements":{"total":10,"covered":0,"skipped":0,"pct":0},"branches":{"total":13,"covered":0,"skipped":0,"pct":0}}
,"/home/psalmprax/ALL_PROJECTS/ag_extension_decision_support/ag-extension-dashboard/src/frontend/src/lib/schemas.ts": {"lines":{"total":21,"covered":0,"skipped":0,"pct":0},"functions":{"total":2,"covered":0,"skipped":0,"pct":0},"statements":{"total":21,"covered":0,"skipped":0,"pct":0},"branches":{"total":2,"covered":0,"skipped":0,"pct":0}}
,"/home/psalmprax/ALL_PROJECTS/ag_extension_decision_support/ag-extension-dashboard/src/frontend/src/lib/store.ts": {"lines":{"total":23,"covered":0,"skipped":0,"pct":0},"functions":{"total":28,"covered":0,"skipped":0,"pct":0},"statements":{"total":30,"covered":0,"skipped":0,"pct":0},"branches":{"total":10,"covered":0,"skipped":0,"pct":0}}
,"/home/psalmprax/ALL_PROJECTS/ag_extension_decision_support/ag-extension-dashboard/src/frontend/src/lib/swRegistration.ts": {"lines":{"total":2,"covered":0,"skipped":0,"pct":0},"functions":{"total":3,"covered":0,"skipped":0,"pct":0},"statements":{"total":2,"covered":0,"skipped":0,"pct":0},"branches":{"total":0,"covered":0,"skipped":0,"pct":100}}
,"/home/psalmprax/ALL_PROJECTS/ag_extension_decision_support/ag-extension-dashboard/src/frontend/src/lib/translationUtils.ts": {"lines":{"total":21,"covered":10,"skipped":0,"pct":47.61},"functions":{"total":4,"covered":1,"skipped":0,"pct":25},"statements":{"total":22,"covered":10,"skipped":0,"pct":45.45},"branches":{"total":4,"covered":3,"skipped":0,"pct":75}}
,"/home/psalmprax/ALL_PROJECTS/ag_extension_decision_support/ag-extension-dashboard/src/frontend/src/pages/Agents.tsx": {"lines":{"total":67,"covered":0,"skipped":0,"pct":0},"functions":{"total":17,"covered":0,"skipped":0,"pct":0},"statements":{"total":70,"covered":0,"skipped":0,"pct":0},"branches":{"total":30,"covered":0,"skipped":0,"pct":0}}
,"/home/psalmprax/ALL_PROJECTS/ag_extension_decision_support/ag-extension-dashboard/src/frontend/src/pages/AnalyticsPage.tsx": {"lines":{"total":5,"covered":0,"skipped":0,"pct":0},"functions":{"total":2,"covered":0,"skipped":0,"pct":0},"statements":{"total":6,"covered":0,"skipped":0,"pct":0},"branches":{"total":28,"covered":0,"skipped":0,"pct":0}}
,"/home/psalmprax/ALL_PROJECTS/ag_extension_decision_support/ag-extension-dashboard/src/frontend/src/pages/DashboardPage.tsx": {"lines":{"total":14,"covered":0,"skipped":0,"pct":0},"functions":{"total":9,"covered":0,"skipped":0,"pct":0},"statements":{"total":18,"covered":0,"skipped":0,"pct":0},"branches":{"total":52,"covered":0,"skipped":0,"pct":0}}
,"/home/psalmprax/ALL_PROJECTS/ag_extension_decision_support/ag-extension-dashboard/src/frontend/src/pages/DemoPage.tsx": {"lines":{"total":49,"covered":0,"skipped":0,"pct":0},"functions":{"total":17,"covered":0,"skipped":0,"pct":0},"statements":{"total":57,"covered":0,"skipped":0,"pct":0},"branches":{"total":39,"covered":0,"skipped":0,"pct":0}}
,"/home/psalmprax/ALL_PROJECTS/ag_extension_decision_support/ag-extension-dashboard/src/frontend/src/pages/DiseaseDiagnosis.tsx": {"lines":{"total":141,"covered":0,"skipped":0,"pct":0},"functions":{"total":47,"covered":0,"skipped":0,"pct":0},"statements":{"total":151,"covered":0,"skipped":0,"pct":0},"branches":{"total":94,"covered":0,"skipped":0,"pct":0}}
,"/home/psalmprax/ALL_PROJECTS/ag_extension_decision_support/ag-extension-dashboard/src/frontend/src/pages/EmailWorkflows.tsx": {"lines":{"total":125,"covered":0,"skipped":0,"pct":0},"functions":{"total":44,"covered":0,"skipped":0,"pct":0},"statements":{"total":135,"covered":0,"skipped":0,"pct":0},"branches":{"total":88,"covered":0,"skipped":0,"pct":0}}
,"/home/psalmprax/ALL_PROJECTS/ag_extension_decision_support/ag-extension-dashboard/src/frontend/src/pages/FarmerChatPage.tsx": {"lines":{"total":12,"covered":0,"skipped":0,"pct":0},"functions":{"total":8,"covered":0,"skipped":0,"pct":0},"statements":{"total":13,"covered":0,"skipped":0,"pct":0},"branches":{"total":16,"covered":0,"skipped":0,"pct":0}}
,"/home/psalmprax/ALL_PROJECTS/ag_extension_decision_support/ag-extension-dashboard/src/frontend/src/pages/ForgotPassword.tsx": {"lines":{"total":26,"covered":0,"skipped":0,"pct":0},"functions":{"total":5,"covered":0,"skipped":0,"pct":0},"statements":{"total":27,"covered":0,"skipped":0,"pct":0},"branches":{"total":18,"covered":0,"skipped":0,"pct":0}}
,"/home/psalmprax/ALL_PROJECTS/ag_extension_decision_support/ag-extension-dashboard/src/frontend/src/pages/LandingPage.tsx": {"lines":{"total":80,"covered":0,"skipped":0,"pct":0},"functions":{"total":32,"covered":0,"skipped":0,"pct":0},"statements":{"total":86,"covered":0,"skipped":0,"pct":0},"branches":{"total":42,"covered":0,"skipped":0,"pct":0}}
,"/home/psalmprax/ALL_PROJECTS/ag_extension_decision_support/ag-extension-dashboard/src/frontend/src/pages/Login.tsx": {"lines":{"total":52,"covered":0,"skipped":0,"pct":0},"functions":{"total":6,"covered":0,"skipped":0,"pct":0},"statements":{"total":53,"covered":0,"skipped":0,"pct":0},"branches":{"total":36,"covered":0,"skipped":0,"pct":0}}
,"/home/psalmprax/ALL_PROJECTS/ag_extension_decision_support/ag-extension-dashboard/src/frontend/src/pages/MCPTools.tsx": {"lines":{"total":100,"covered":0,"skipped":0,"pct":0},"functions":{"total":27,"covered":0,"skipped":0,"pct":0},"statements":{"total":108,"covered":0,"skipped":0,"pct":0},"branches":{"total":111,"covered":0,"skipped":0,"pct":0}}
,"/home/psalmprax/ALL_PROJECTS/ag_extension_decision_support/ag-extension-dashboard/src/frontend/src/pages/Memory.tsx": {"lines":{"total":93,"covered":0,"skipped":0,"pct":0},"functions":{"total":32,"covered":0,"skipped":0,"pct":0},"statements":{"total":102,"covered":0,"skipped":0,"pct":0},"branches":{"total":63,"covered":0,"skipped":0,"pct":0}}
,"/home/psalmprax/ALL_PROJECTS/ag_extension_decision_support/ag-extension-dashboard/src/frontend/src/pages/PortfolioPage.tsx": {"lines":{"total":15,"covered":0,"skipped":0,"pct":0},"functions":{"total":12,"covered":0,"skipped":0,"pct":0},"statements":{"total":15,"covered":0,"skipped":0,"pct":0},"branches":{"total":15,"covered":0,"skipped":0,"pct":0}}
,"/home/psalmprax/ALL_PROJECTS/ag_extension_decision_support/ag-extension-dashboard/src/frontend/src/pages/Register.tsx": {"lines":{"total":38,"covered":0,"skipped":0,"pct":0},"functions":{"total":12,"covered":0,"skipped":0,"pct":0},"statements":{"total":39,"covered":0,"skipped":0,"pct":0},"branches":{"total":30,"covered":0,"skipped":0,"pct":0}}
,"/home/psalmprax/ALL_PROJECTS/ag_extension_decision_support/ag-extension-dashboard/src/frontend/src/pages/ReportsPage.tsx": {"lines":{"total":22,"covered":0,"skipped":0,"pct":0},"functions":{"total":6,"covered":0,"skipped":0,"pct":0},"statements":{"total":22,"covered":0,"skipped":0,"pct":0},"branches":{"total":36,"covered":0,"skipped":0,"pct":0}}
,"/home/psalmprax/ALL_PROJECTS/ag_extension_decision_support/ag-extension-dashboard/src/frontend/src/pages/SMS.tsx": {"lines":{"total":127,"covered":0,"skipped":0,"pct":0},"functions":{"total":42,"covered":0,"skipped":0,"pct":0},"statements":{"total":134,"covered":0,"skipped":0,"pct":0},"branches":{"total":121,"covered":0,"skipped":0,"pct":0}}
,"/home/psalmprax/ALL_PROJECTS/ag_extension_decision_support/ag-extension-dashboard/src/frontend/src/pages/SystemHealth.tsx": {"lines":{"total":97,"covered":0,"skipped":0,"pct":0},"functions":{"total":26,"covered":0,"skipped":0,"pct":0},"statements":{"total":105,"covered":0,"skipped":0,"pct":0},"branches":{"total":141,"covered":0,"skipped":0,"pct":0}}
,"/home/psalmprax/ALL_PROJECTS/ag_extension_decision_support/ag-extension-dashboard/src/frontend/src/pages/Telemetry.tsx": {"lines":{"total":43,"covered":0,"skipped":0,"pct":0},"functions":{"total":14,"covered":0,"skipped":0,"pct":0},"statements":{"total":44,"covered":0,"skipped":0,"pct":0},"branches":{"total":38,"covered":0,"skipped":0,"pct":0}}
,"/home/psalmprax/ALL_PROJECTS/ag_extension_decision_support/ag-extension-dashboard/src/frontend/src/pages/UserManagementPage.tsx": {"lines":{"total":54,"covered":0,"skipped":0,"pct":0},"functions":{"total":27,"covered":0,"skipped":0,"pct":0},"statements":{"total":59,"covered":0,"skipped":0,"pct":0},"branches":{"total":48,"covered":0,"skipped":0,"pct":0}}
,"/home/psalmprax/ALL_PROJECTS/ag_extension_decision_support/ag-extension-dashboard/src/frontend/src/pages/VisitsPage.tsx": {"lines":{"total":20,"covered":0,"skipped":0,"pct":0},"functions":{"total":7,"covered":0,"skipped":0,"pct":0},"statements":{"total":22,"covered":0,"skipped":0,"pct":0},"branches":{"total":13,"covered":0,"skipped":0,"pct":0}}
,"/home/psalmprax/ALL_PROJECTS/ag_extension_decision_support/ag-extension-dashboard/src/frontend/src/store/useAppStore.ts": {"lines":{"total":93,"covered":40,"skipped":0,"pct":43.01},"functions":{"total":52,"covered":28,"skipped":0,"pct":53.84},"statements":{"total":104,"covered":45,"skipped":0,"pct":43.26},"branches":{"total":42,"covered":12,"skipped":0,"pct":28.57}}
,"/home/psalmprax/ALL_PROJECTS/ag_extension_decision_support/ag-extension-dashboard/src/frontend/src/store/useAuthStore.ts": {"lines":{"total":4,"covered":2,"skipped":0,"pct":50},"functions":{"total":3,"covered":1,"skipped":0,"pct":33.33},"statements":{"total":4,"covered":2,"skipped":0,"pct":50},"branches":{"total":0,"covered":0,"skipped":0,"pct":100}}
,"/home/psalmprax/ALL_PROJECTS/ag_extension_decision_support/ag-extension-dashboard/src/frontend/src/store/useDataStore.ts": {"lines":{"total":72,"covered":1,"skipped":0,"pct":1.38},"functions":{"total":35,"covered":1,"skipped":0,"pct":2.85},"statements":{"total":82,"covered":2,"skipped":0,"pct":2.43},"branches":{"total":32,"covered":0,"skipped":0,"pct":0}}
,"/home/psalmprax/ALL_PROJECTS/ag_extension_decision_support/ag-extension-dashboard/src/frontend/src/store/useFeatureFlags.ts": {"lines":{"total":8,"covered":0,"skipped":0,"pct":0},"functions":{"total":4,"covered":0,"skipped":0,"pct":0},"statements":{"total":9,"covered":0,"skipped":0,"pct":0},"branches":{"total":2,"covered":0,"skipped":0,"pct":0}}
,"/home/psalmprax/ALL_PROJECTS/ag_extension_decision_support/ag-extension-dashboard/src/frontend/src/store/useUIStore.ts": {"lines":{"total":19,"covered":1,"skipped":0,"pct":5.26},"functions":{"total":16,"covered":1,"skipped":0,"pct":6.25},"statements":{"total":22,"covered":2,"skipped":0,"pct":9.09},"branches":{"total":10,"covered":4,"skipped":0,"pct":40}}
,"/home/psalmprax/ALL_PROJECTS/ag_extension_decision_support/ag-extension-dashboard/src/frontend/src/theme/index.ts": {"lines":{"total":52,"covered":0,"skipped":0,"pct":0},"functions":{"total":10,"covered":0,"skipped":0,"pct":0},"statements":{"total":52,"covered":0,"skipped":0,"pct":0},"branches":{"total":16,"covered":0,"skipped":0,"pct":0}}
,"/home/psalmprax/ALL_PROJECTS/ag_extension_decision_support/ag-extension-dashboard/src/frontend/src/types/dashboard.ts": {"lines":{"total":0,"covered":0,"skipped":0,"pct":0},"functions":{"total":0,"covered":0,"skipped":0,"pct":0},"statements":{"total":0,"covered":0,"skipped":0,"pct":0},"branches":{"total":0,"covered":0,"skipped":0,"pct":0}}
,"/home/psalmprax/ALL_PROJECTS/ag_extension_decision_support/ag-extension-dashboard/src/frontend/src/types/index.ts": {"lines":{"total":0,"covered":0,"skipped":0,"pct":0},"functions":{"total":0,"covered":0,"skipped":0,"pct":0},"statements":{"total":0,"covered":0,"skipped":0,"pct":0},"branches":{"total":0,"covered":0,"skipped":0,"pct":0}}
,"/home/psalmprax/ALL_PROJECTS/ag_extension_decision_support/ag-extension-dashboard/src/frontend/src/utils/format.ts": {"lines":{"total":45,"covered":0,"skipped":0,"pct":0},"functions":{"total":12,"covered":0,"skipped":0,"pct":0},"statements":{"total":52,"covered":0,"skipped":0,"pct":0},"branches":{"total":32,"covered":0,"skipped":0,"pct":0}}
,"/home/psalmprax/ALL_PROJECTS/ag_extension_decision_support/ag-extension-dashboard/src/frontend/src/utils/validators.ts": {"lines":{"total":21,"covered":0,"skipped":0,"pct":0},"functions":{"total":10,"covered":0,"skipped":0,"pct":0},"statements":{"total":21,"covered":0,"skipped":0,"pct":0},"branches":{"total":7,"covered":0,"skipped":0,"pct":0}}
}
