{"/home/psalmprax/ALL_PROJECTS/ag_extension_decision_support/ag-extension-dashboard/src/backend/src/app.ts": {"path":"/home/psalmprax/ALL_PROJECTS/ag_extension_decision_support/ag-extension-dashboard/src/backend/src/app.ts","statementMap":{"0":{"start":{"line":1,"column":0},"end":{"line":1,"column":66}},"1":{"start":{"line":2,"column":0},"end":{"line":2,"column":24}},"2":{"start":{"line":3,"column":0},"end":{"line":3,"column":28}},"3":{"start":{"line":4,"column":0},"end":{"line":4,"column":28}},"4":{"start":{"line":5,"column":0},"end":{"line":5,"column":38}},"5":{"start":{"line":6,"column":0},"end":{"line":6,"column":41}},"6":{"start":{"line":7,"column":0},"end":{"line":7,"column":24}},"7":{"start":{"line":8,"column":0},"end":{"line":8,"column":34}},"8":{"start":{"line":9,"column":0},"end":{"line":9,"column":40}},"9":{"start":{"line":10,"column":0},"end":{"line":10,"column":57}},"10":{"start":{"line":11,"column":0},"end":{"line":11,"column":43}},"11":{"start":{"line":12,"column":0},"end":{"line":12,"column":47}},"12":{"start":{"line":13,"column":0},"end":{"line":13,"column":53}},"13":{"start":{"line":14,"column":0},"end":{"line":14,"column":51}},"14":{"start":{"line":17,"column":0},"end":{"line":17,"column":39}},"15":{"start":{"line":18,"column":0},"end":{"line":18,"column":49}},"16":{"start":{"line":19,"column":0},"end":{"line":19,"column":45}},"17":{"start":{"line":20,"column":0},"end":{"line":20,"column":49}},"18":{"start":{"line":21,"column":0},"end":{"line":21,"column":49}},"19":{"start":{"line":22,"column":0},"end":{"line":22,"column":49}},"20":{"start":{"line":23,"column":0},"end":{"line":23,"column":41}},"21":{"start":{"line":24,"column":0},"end":{"line":24,"column":45}},"22":{"start":{"line":25,"column":0},"end":{"line":25,"column":43}},"23":{"start":{"line":26,"column":0},"end":{"line":26,"column":47}},"24":{"start":{"line":27,"column":0},"end":{"line":27,"column":47}},"25":{"start":{"line":28,"column":0},"end":{"line":28,"column":35}},"26":{"start":{"line":29,"column":0},"end":{"line":29,"column":43}},"27":{"start":{"line":30,"column":0},"end":{"line":30,"column":56}},"28":{"start":{"line":31,"column":0},"end":{"line":31,"column":37}},"29":{"start":{"line":32,"column":0},"end":{"line":32,"column":45}},"30":{"start":{"line":34,"column":25},"end":{"line":34,"column":34}},"31":{"start":{"line":36,"column":16},"end":{"line":42,"column":2}},"32":{"start":{"line":45,"column":0},"end":{"line":45,"column":18}},"33":{"start":{"line":46,"column":0},"end":{"line":46,"column":23}},"34":{"start":{"line":47,"column":0},"end":{"line":47,"column":65}},"35":{"start":{"line":48,"column":0},"end":{"line":48,"column":86}},"36":{"start":{"line":48,"column":59},"end":{"line":48,"column":79}},"37":{"start":{"line":49,"column":0},"end":{"line":49,"column":41}},"38":{"start":{"line":50,"column":0},"end":{"line":50,"column":48}},"39":{"start":{"line":51,"column":0},"end":{"line":51,"column":24}},"40":{"start":{"line":52,"column":0},"end":{"line":52,"column":17}},"41":{"start":{"line":55,"column":0},"end":{"line":55,"column":75}},"42":{"start":{"line":58,"column":0},"end":{"line":58,"column":18}},"43":{"start":{"line":61,"column":0},"end":{"line":93,"column":3}},"44":{"start":{"line":62,"column":19},"end":{"line":62,"column":28}},"45":{"start":{"line":63,"column":22},"end":{"line":63,"column":31}},"46":{"start":{"line":64,"column":4},"end":{"line":74,"column":5}},"47":{"start":{"line":65,"column":21},"end":{"line":65,"column":30}},"48":{"start":{"line":66,"column":8},"end":{"line":71,"column":9}},"49":{"start":{"line":67,"column":12},"end":{"line":67,"column":41}},"50":{"start":{"line":68,"column":12},"end":{"line":68,"column":35}},"51":{"start":{"line":70,"column":12},"end":{"line":70,"column":40}},"52":{"start":{"line":73,"column":8},"end":{"line":73,"column":27}},"53":{"start":{"line":75,"column":4},"end":{"line":84,"column":5}},"54":{"start":{"line":76,"column":22},"end":{"line":76,"column":32}},"55":{"start":{"line":77,"column":8},"end":{"line":81,"column":9}},"56":{"start":{"line":78,"column":12},"end":{"line":78,"column":38}},"57":{"start":{"line":80,"column":12},"end":{"line":80,"column":42}},"58":{"start":{"line":83,"column":8},"end":{"line":83,"column":30}},"59":{"start":{"line":85,"column":22},"end":{"line":85,"column":46}},"60":{"start":{"line":86,"column":4},"end":{"line":92,"column":7}},"61":{"start":{"line":95,"column":0},"end":{"line":95,"column":86}},"62":{"start":{"line":95,"column":58},"end":{"line":95,"column":84}},"63":{"start":{"line":96,"column":0},"end":{"line":96,"column":90}},"64":{"start":{"line":96,"column":59},"end":{"line":96,"column":88}},"65":{"start":{"line":99,"column":0},"end":{"line":99,"column":36}},"66":{"start":{"line":100,"column":0},"end":{"line":100,"column":46}},"67":{"start":{"line":101,"column":0},"end":{"line":101,"column":42}},"68":{"start":{"line":102,"column":0},"end":{"line":102,"column":46}},"69":{"start":{"line":103,"column":0},"end":{"line":103,"column":46}},"70":{"start":{"line":104,"column":0},"end":{"line":104,"column":46}},"71":{"start":{"line":105,"column":0},"end":{"line":105,"column":38}},"72":{"start":{"line":106,"column":0},"end":{"line":106,"column":42}},"73":{"start":{"line":107,"column":0},"end":{"line":107,"column":40}},"74":{"start":{"line":108,"column":0},"end":{"line":108,"column":44}},"75":{"start":{"line":109,"column":0},"end":{"line":109,"column":44}},"76":{"start":{"line":110,"column":0},"end":{"line":110,"column":32}},"77":{"start":{"line":111,"column":0},"end":{"line":111,"column":40}},"78":{"start":{"line":112,"column":0},"end":{"line":112,"column":53}},"79":{"start":{"line":113,"column":0},"end":{"line":113,"column":34}},"80":{"start":{"line":114,"column":0},"end":{"line":114,"column":42}},"81":{"start":{"line":117,"column":0},"end":{"line":117,"column":33}},"82":{"start":{"line":118,"column":0},"end":{"line":118,"column":43}},"83":{"start":{"line":119,"column":0},"end":{"line":119,"column":39}},"84":{"start":{"line":120,"column":0},"end":{"line":120,"column":43}},"85":{"start":{"line":121,"column":0},"end":{"line":121,"column":43}},"86":{"start":{"line":122,"column":0},"end":{"line":122,"column":43}},"87":{"start":{"line":123,"column":0},"end":{"line":123,"column":35}},"88":{"start":{"line":124,"column":0},"end":{"line":124,"column":39}},"89":{"start":{"line":125,"column":0},"end":{"line":125,"column":37}},"90":{"start":{"line":126,"column":0},"end":{"line":126,"column":41}},"91":{"start":{"line":127,"column":0},"end":{"line":127,"column":41}},"92":{"start":{"line":128,"column":0},"end":{"line":128,"column":29}},"93":{"start":{"line":129,"column":0},"end":{"line":129,"column":37}},"94":{"start":{"line":130,"column":0},"end":{"line":130,"column":50}},"95":{"start":{"line":131,"column":0},"end":{"line":131,"column":31}},"96":{"start":{"line":132,"column":0},"end":{"line":132,"column":39}},"97":{"start":{"line":134,"column":0},"end":{"line":141,"column":3}},"98":{"start":{"line":135,"column":4},"end":{"line":140,"column":7}},"99":{"start":{"line":143,"column":0},"end":{"line":143,"column":22}},"100":{"start":{"line":144,"column":0},"end":{"line":144,"column":88}},"101":{"start":{"line":144,"column":42},"end":{"line":144,"column":86}},"102":{"start":{"line":146,"column":0},"end":{"line":146,"column":19}}},"fnMap":{"0":{"name":"(anonymous_1)","decl":{"start":{"line":48,"column":46},"end":{"line":48,"column":47}},"loc":{"start":{"line":48,"column":59},"end":{"line":48,"column":79}}},"1":{"name":"(anonymous_2)","decl":{"start":{"line":61,"column":19},"end":{"line":61,"column":24}},"loc":{"start":{"line":61,"column":58},"end":{"line":93,"column":1}}},"2":{"name":"(anonymous_3)","decl":{"start":{"line":95,"column":24},"end":{"line":95,"column":25}},"loc":{"start":{"line":95,"column":58},"end":{"line":95,"column":84}}},"3":{"name":"(anonymous_4)","decl":{"start":{"line":96,"column":25},"end":{"line":96,"column":26}},"loc":{"start":{"line":96,"column":59},"end":{"line":96,"column":88}}},"4":{"name":"(anonymous_5)","decl":{"start":{"line":134,"column":25},"end":{"line":134,"column":26}},"loc":{"start":{"line":134,"column":58},"end":{"line":141,"column":1}}},"5":{"name":"(anonymous_6)","decl":{"start":{"line":144,"column":8},"end":{"line":144,"column":9}},"loc":{"start":{"line":144,"column":42},"end":{"line":144,"column":86}}}},"branchMap":{"0":{"loc":{"start":{"line":66,"column":8},"end":{"line":71,"column":9}},"type":"if","locations":[{"start":{"line":66,"column":8},"end":{"line":71,"column":9}},{"start":{"line":69,"column":15},"end":{"line":71,"column":9}}]},"1":{"loc":{"start":{"line":77,"column":8},"end":{"line":81,"column":9}},"type":"if","locations":[{"start":{"line":77,"column":8},"end":{"line":81,"column":9}},{"start":{"line":79,"column":15},"end":{"line":81,"column":9}}]},"2":{"loc":{"start":{"line":77,"column":12},"end":{"line":77,"column":33}},"type":"binary-expr","locations":[{"start":{"line":77,"column":12},"end":{"line":77,"column":17}},{"start":{"line":77,"column":21},"end":{"line":77,"column":33}}]},"3":{"loc":{"start":{"line":86,"column":15},"end":{"line":86,"column":36}},"type":"cond-expr","locations":[{"start":{"line":86,"column":27},"end":{"line":86,"column":30}},{"start":{"line":86,"column":33},"end":{"line":86,"column":36}}]},"4":{"loc":{"start":{"line":87,"column":16},"end":{"line":87,"column":51}},"type":"cond-expr","locations":[{"start":{"line":87,"column":28},"end":{"line":87,"column":37}},{"start":{"line":87,"column":40},"end":{"line":87,"column":51}}]}},"s":{"0":2,"1":2,"2":2,"3":2,"4":2,"5":2,"6":2,"7":2,"8":2,"9":2,"10":2,"11":2,"12":2,"13":2,"14":2,"15":2,"16":2,"17":2,"18":2,"19":2,"20":2,"21":2,"22":2,"23":2,"24":2,"25":2,"26":2,"27":2,"28":2,"29":2,"30":2,"31":2,"32":2,"33":2,"34":2,"35":2,"36":5,"37":2,"38":2,"39":2,"40":2,"41":2,"42":2,"43":2,"44":0,"45":0,"46":0,"47":0,"48":0,"49":0,"50":0,"51":0,"52":0,"53":0,"54":0,"55":0,"56":0,"57":0,"58":0,"59":0,"60":0,"61":2,"62":0,"63":2,"64":0,"65":2,"66":2,"67":2,"68":2,"69":2,"70":2,"71":2,"72":2,"73":2,"74":2,"75":2,"76":2,"77":2,"78":2,"79":2,"80":2,"81":2,"82":2,"83":2,"84":2,"85":2,"86":2,"87":2,"88":2,"89":2,"90":2,"91":2,"92":2,"93":2,"94":2,"95":2,"96":2,"97":2,"98":0,"99":2,"100":2,"101":0,"102":2},"f":{"0":5,"1":0,"2":0,"3":0,"4":0,"5":0},"b":{"0":[0,0],"1":[0,0],"2":[0,0],"3":[0,0],"4":[0,0]}}
,"/home/psalmprax/ALL_PROJECTS/ag_extension_decision_support/ag-extension-dashboard/src/backend/src/test-alfa.ts": {"path":"/home/psalmprax/ALL_PROJECTS/ag_extension_decision_support/ag-extension-dashboard/src/backend/src/test-alfa.ts","statementMap":{"0":{"start":{"line":1,"column":0},"end":{"line":1,"column":79}},"1":{"start":{"line":5,"column":4},"end":{"line":5,"column":60}},"2":{"start":{"line":8,"column":4},"end":{"line":8,"column":35}},"3":{"start":{"line":10,"column":4},"end":{"line":36,"column":5}},"4":{"start":{"line":11,"column":8},"end":{"line":11,"column":76}},"5":{"start":{"line":12,"column":30},"end":{"line":15,"column":10}},"6":{"start":{"line":16,"column":8},"end":{"line":16,"column":51}},"7":{"start":{"line":17,"column":8},"end":{"line":17,"column":54}},"8":{"start":{"line":19,"column":8},"end":{"line":19,"column":69}},"9":{"start":{"line":20,"column":32},"end":{"line":22,"column":10}},"10":{"start":{"line":23,"column":8},"end":{"line":23,"column":73}},"11":{"start":{"line":25,"column":8},"end":{"line":25,"column":60}},"12":{"start":{"line":26,"column":32},"end":{"line":29,"column":10}},"13":{"start":{"line":30,"column":8},"end":{"line":30,"column":55}},"14":{"start":{"line":31,"column":8},"end":{"line":31,"column":63}},"15":{"start":{"line":33,"column":8},"end":{"line":33,"column":66}},"16":{"start":{"line":35,"column":8},"end":{"line":35,"column":58}},"17":{"start":{"line":39,"column":0},"end":{"line":39,"column":11}}},"fnMap":{"0":{"name":"testALFA","decl":{"start":{"line":4,"column":15},"end":{"line":4,"column":23}},"loc":{"start":{"line":4,"column":23},"end":{"line":37,"column":1}}}},"branchMap":{},"s":{"0":0,"1":0,"2":0,"3":0,"4":0,"5":0,"6":0,"7":0,"8":0,"9":0,"10":0,"11":0,"12":0,"13":0,"14":0,"15":0,"16":0,"17":0},"f":{"0":0},"b":{}}
,"/home/psalmprax/ALL_PROJECTS/ag_extension_decision_support/ag-extension-dashboard/src/backend/src/test-rag.ts": {"path":"/home/psalmprax/ALL_PROJECTS/ag_extension_decision_support/ag-extension-dashboard/src/backend/src/test-rag.ts","statementMap":{"0":{"start":{"line":1,"column":0},"end":{"line":1,"column":69}},"1":{"start":{"line":2,"column":0},"end":{"line":2,"column":57}},"2":{"start":{"line":3,"column":0},"end":{"line":3,"column":63}},"3":{"start":{"line":4,"column":0},"end":{"line":4,"column":59}},"4":{"start":{"line":8,"column":4},"end":{"line":8,"column":53}},"5":{"start":{"line":11,"column":4},"end":{"line":11,"column":35}},"6":{"start":{"line":14,"column":4},"end":{"line":14,"column":48}},"7":{"start":{"line":15,"column":4},"end":{"line":15,"column":61}},"8":{"start":{"line":16,"column":4},"end":{"line":16,"column":37}},"9":{"start":{"line":18,"column":4},"end":{"line":33,"column":5}},"10":{"start":{"line":19,"column":8},"end":{"line":19,"column":79}},"11":{"start":{"line":20,"column":30},"end":{"line":20,"column":89}},"12":{"start":{"line":21,"column":8},"end":{"line":23,"column":11}},"13":{"start":{"line":22,"column":12},"end":{"line":22,"column":122}},"14":{"start":{"line":25,"column":8},"end":{"line":25,"column":62}},"15":{"start":{"line":26,"column":26},"end":{"line":26,"column":119}},"16":{"start":{"line":27,"column":8},"end":{"line":27,"column":49}},"17":{"start":{"line":28,"column":8},"end":{"line":28,"column":73}},"18":{"start":{"line":30,"column":8},"end":{"line":30,"column":59}},"19":{"start":{"line":32,"column":8},"end":{"line":32,"column":57}},"20":{"start":{"line":36,"column":0},"end":{"line":36,"column":10}}},"fnMap":{"0":{"name":"testRAG","decl":{"start":{"line":7,"column":15},"end":{"line":7,"column":22}},"loc":{"start":{"line":7,"column":22},"end":{"line":34,"column":1}}},"1":{"name":"(anonymous_1)","decl":{"start":{"line":21,"column":30},"end":{"line":21,"column":31}},"loc":{"start":{"line":21,"column":41},"end":{"line":23,"column":9}}}},"branchMap":{},"s":{"0":0,"1":0,"2":0,"3":0,"4":0,"5":0,"6":0,"7":0,"8":0,"9":0,"10":0,"11":0,"12":0,"13":0,"14":0,"15":0,"16":0,"17":0,"18":0,"19":0,"20":0},"f":{"0":0,"1":0},"b":{}}
,"/home/psalmprax/ALL_PROJECTS/ag_extension_decision_support/ag-extension-dashboard/src/backend/src/test-tool-flow.ts": {"path":"/home/psalmprax/ALL_PROJECTS/ag_extension_decision_support/ag-extension-dashboard/src/backend/src/test-tool-flow.ts","statementMap":{"0":{"start":{"line":2,"column":0},"end":{"line":2,"column":26}},"1":{"start":{"line":4,"column":16},"end":{"line":4,"column":59}},"2":{"start":{"line":7,"column":25},"end":{"line":7,"column":50}},"3":{"start":{"line":8,"column":18},"end":{"line":8,"column":43}},"4":{"start":{"line":10,"column":2},"end":{"line":10,"column":64}},"5":{"start":{"line":11,"column":2},"end":{"line":11,"column":42}},"6":{"start":{"line":13,"column":2},"end":{"line":26,"column":3}},"7":{"start":{"line":14,"column":21},"end":{"line":17,"column":6}},"8":{"start":{"line":19,"column":4},"end":{"line":19,"column":50}},"9":{"start":{"line":21,"column":4},"end":{"line":25,"column":5}},"10":{"start":{"line":22,"column":8},"end":{"line":22,"column":87}},"11":{"start":{"line":24,"column":8},"end":{"line":24,"column":62}},"12":{"start":{"line":29,"column":0},"end":{"line":29,"column":14}}},"fnMap":{"0":{"name":"testChatbot","decl":{"start":{"line":6,"column":15},"end":{"line":6,"column":26}},"loc":{"start":{"line":6,"column":26},"end":{"line":27,"column":1}}}},"branchMap":{"0":{"loc":{"start":{"line":21,"column":4},"end":{"line":25,"column":5}},"type":"if","locations":[{"start":{"line":21,"column":4},"end":{"line":25,"column":5}},{"start":{"line":23,"column":11},"end":{"line":25,"column":5}}]},"1":{"loc":{"start":{"line":22,"column":48},"end":{"line":22,"column":85}},"type":"binary-expr","locations":[{"start":{"line":22,"column":48},"end":{"line":22,"column":68}},{"start":{"line":22,"column":72},"end":{"line":22,"column":85}}]}},"s":{"0":0,"1":0,"2":0,"3":0,"4":0,"5":0,"6":0,"7":0,"8":0,"9":0,"10":0,"11":0,"12":0},"f":{"0":0},"b":{"0":[0,0],"1":[0,0]}}
,"/home/psalmprax/ALL_PROJECTS/ag_extension_decision_support/ag-extension-dashboard/src/backend/src/test_phase1.ts": {"path":"/home/psalmprax/ALL_PROJECTS/ag_extension_decision_support/ag-extension-dashboard/src/backend/src/test_phase1.ts","statementMap":{"0":{"start":{"line":1,"column":0},"end":{"line":1,"column":57}},"1":{"start":{"line":2,"column":0},"end":{"line":2,"column":86}},"2":{"start":{"line":3,"column":0},"end":{"line":3,"column":40}},"3":{"start":{"line":6,"column":4},"end":{"line":58,"column":5}},"4":{"start":{"line":7,"column":8},"end":{"line":7,"column":56}},"5":{"start":{"line":8,"column":8},"end":{"line":8,"column":35}},"6":{"start":{"line":9,"column":33},"end":{"line":9,"column":75}},"7":{"start":{"line":10,"column":8},"end":{"line":10,"column":29}},"8":{"start":{"line":12,"column":38},"end":{"line":12,"column":86}},"9":{"start":{"line":13,"column":8},"end":{"line":13,"column":39}},"10":{"start":{"line":16,"column":8},"end":{"line":16,"column":62}},"11":{"start":{"line":17,"column":26},"end":{"line":17,"column":104}},"12":{"start":{"line":18,"column":8},"end":{"line":20,"column":9}},"13":{"start":{"line":19,"column":12},"end":{"line":19,"column":69}},"14":{"start":{"line":21,"column":8},"end":{"line":21,"column":63}},"15":{"start":{"line":24,"column":8},"end":{"line":24,"column":48}},"16":{"start":{"line":25,"column":23},"end":{"line":25,"column":61}},"17":{"start":{"line":26,"column":8},"end":{"line":26,"column":130}},"18":{"start":{"line":27,"column":8},"end":{"line":27,"column":51}},"19":{"start":{"line":30,"column":8},"end":{"line":30,"column":48}},"20":{"start":{"line":31,"column":24},"end":{"line":31,"column":74}},"21":{"start":{"line":32,"column":8},"end":{"line":36,"column":9}},"22":{"start":{"line":33,"column":12},"end":{"line":33,"column":96}},"23":{"start":{"line":35,"column":12},"end":{"line":35,"column":75}},"24":{"start":{"line":39,"column":8},"end":{"line":39,"column":48}},"25":{"start":{"line":40,"column":27},"end":{"line":40,"column":65}},"26":{"start":{"line":41,"column":8},"end":{"line":44,"column":71}},"27":{"start":{"line":46,"column":28},"end":{"line":46,"column":105}},"28":{"start":{"line":47,"column":8},"end":{"line":51,"column":9}},"29":{"start":{"line":48,"column":12},"end":{"line":48,"column":53}},"30":{"start":{"line":50,"column":12},"end":{"line":50,"column":58}},"31":{"start":{"line":53,"column":8},"end":{"line":53,"column":54}},"32":{"start":{"line":55,"column":8},"end":{"line":55,"column":60}},"33":{"start":{"line":57,"column":8},"end":{"line":57,"column":30}},"34":{"start":{"line":61,"column":0},"end":{"line":61,"column":13}}},"fnMap":{"0":{"name":"testPhase1","decl":{"start":{"line":5,"column":15},"end":{"line":5,"column":25}},"loc":{"start":{"line":5,"column":25},"end":{"line":59,"column":1}}},"1":{"name":"(anonymous_10)","decl":{"start":{"line":9,"column":33},"end":{"line":9,"column":46}},"loc":{"start":{"line":9,"column":33},"end":{"line":9,"column":75}}},"2":{"name":"(anonymous_11)","decl":{"start":{"line":12,"column":38},"end":{"line":12,"column":51}},"loc":{"start":{"line":12,"column":38},"end":{"line":12,"column":86}}}},"branchMap":{"0":{"loc":{"start":{"line":18,"column":8},"end":{"line":20,"column":9}},"type":"if","locations":[{"start":{"line":18,"column":8},"end":{"line":20,"column":9}}]},"1":{"loc":{"start":{"line":32,"column":8},"end":{"line":36,"column":9}},"type":"if","locations":[{"start":{"line":32,"column":8},"end":{"line":36,"column":9}},{"start":{"line":34,"column":15},"end":{"line":36,"column":9}}]},"2":{"loc":{"start":{"line":32,"column":12},"end":{"line":32,"column":56}},"type":"binary-expr","locations":[{"start":{"line":32,"column":12},"end":{"line":32,"column":30}},{"start":{"line":32,"column":34},"end":{"line":32,"column":56}}]},"3":{"loc":{"start":{"line":47,"column":8},"end":{"line":51,"column":9}},"type":"if","locations":[{"start":{"line":47,"column":8},"end":{"line":51,"column":9}},{"start":{"line":49,"column":15},"end":{"line":51,"column":9}}]}},"s":{"0":0,"1":0,"2":0,"3":0,"4":0,"5":0,"6":0,"7":0,"8":0,"9":0,"10":0,"11":0,"12":0,"13":0,"14":0,"15":0,"16":0,"17":0,"18":0,"19":0,"20":0,"21":0,"22":0,"23":0,"24":0,"25":0,"26":0,"27":0,"28":0,"29":0,"30":0,"31":0,"32":0,"33":0,"34":0},"f":{"0":0,"1":0,"2":0},"b":{"0":[0],"1":[0,0],"2":[0,0],"3":[0,0]}}
,"/home/psalmprax/ALL_PROJECTS/ag_extension_decision_support/ag-extension-dashboard/src/backend/src/types.d.ts": {"path":"/home/psalmprax/ALL_PROJECTS/ag_extension_decision_support/ag-extension-dashboard/src/backend/src/types.d.ts","statementMap":{},"fnMap":{},"branchMap":{},"s":{},"f":{},"b":{}}
,"/home/psalmprax/ALL_PROJECTS/ag_extension_decision_support/ag-extension-dashboard/src/backend/src/config/index.ts": {"path":"/home/psalmprax/ALL_PROJECTS/ag_extension_decision_support/ag-extension-dashboard/src/backend/src/config/index.ts","statementMap":{"0":{"start":{"line":1,"column":0},"end":{"line":1,"column":28}},"1":{"start":{"line":3,"column":0},"end":{"line":3,"column":16}},"2":{"start":{"line":32,"column":21},"end":{"line":32,"column":58}},"3":{"start":{"line":36,"column":18},"end":{"line":36,"column":34}},"4":{"start":{"line":37,"column":4},"end":{"line":37,"column":28}},"5":{"start":{"line":37,"column":15},"end":{"line":37,"column":28}},"6":{"start":{"line":38,"column":4},"end":{"line":40,"column":5}},"7":{"start":{"line":39,"column":8},"end":{"line":39,"column":81}},"8":{"start":{"line":41,"column":4},"end":{"line":41,"column":30}},"9":{"start":{"line":44,"column":13},"end":{"line":121,"column":2}}},"fnMap":{"0":{"name":"getEnv","decl":{"start":{"line":35,"column":9},"end":{"line":35,"column":15}},"loc":{"start":{"line":35,"column":74},"end":{"line":42,"column":1}}}},"branchMap":{"0":{"loc":{"start":{"line":35,"column":52},"end":{"line":35,"column":74}},"type":"default-arg","locations":[{"start":{"line":35,"column":69},"end":{"line":35,"column":74}}]},"1":{"loc":{"start":{"line":37,"column":4},"end":{"line":37,"column":28}},"type":"if","locations":[{"start":{"line":37,"column":4},"end":{"line":37,"column":28}}]},"2":{"loc":{"start":{"line":38,"column":4},"end":{"line":40,"column":5}},"type":"if","locations":[{"start":{"line":38,"column":4},"end":{"line":40,"column":5}}]},"3":{"loc":{"start":{"line":38,"column":8},"end":{"line":38,"column":38}},"type":"binary-expr","locations":[{"start":{"line":38,"column":8},"end":{"line":38,"column":20}},{"start":{"line":38,"column":24},"end":{"line":38,"column":38}}]},"4":{"loc":{"start":{"line":41,"column":11},"end":{"line":41,"column":29}},"type":"binary-expr","locations":[{"start":{"line":41,"column":11},"end":{"line":41,"column":23}},{"start":{"line":41,"column":27},"end":{"line":41,"column":29}}]}},"s":{"0":2,"1":2,"2":2,"3":60,"4":60,"5":60,"6":0,"7":0,"8":0,"9":2},"f":{"0":60},"b":{"0":[54],"1":[60],"2":[0],"3":[0,0],"4":[0,0]}}
,"/home/psalmprax/ALL_PROJECTS/ag_extension_decision_support/ag-extension-dashboard/src/backend/src/middleware/auditMiddleware.ts": {"path":"/home/psalmprax/ALL_PROJECTS/ag_extension_decision_support/ag-extension-dashboard/src/backend/src/middleware/auditMiddleware.ts","statementMap":{"0":{"start":{"line":2,"column":0},"end":{"line":2,"column":51}},"1":{"start":{"line":3,"column":0},"end":{"line":3,"column":40}},"2":{"start":{"line":5,"column":31},"end":{"line":39,"column":1}},"3":{"start":{"line":6,"column":4},"end":{"line":38,"column":6}},"4":{"start":{"line":7,"column":29},"end":{"line":7,"column":37}},"5":{"start":{"line":10,"column":8},"end":{"line":35,"column":10}},"6":{"start":{"line":11,"column":31},"end":{"line":11,"column":45}},"7":{"start":{"line":14,"column":12},"end":{"line":32,"column":13}},"8":{"start":{"line":15,"column":32},"end":{"line":15,"column":52}},"9":{"start":{"line":16,"column":33},"end":{"line":24,"column":18}},"10":{"start":{"line":27,"column":16},"end":{"line":31,"column":74}},"11":{"start":{"line":31,"column":30},"end":{"line":31,"column":72}},"12":{"start":{"line":34,"column":12},"end":{"line":34,"column":61}},"13":{"start":{"line":37,"column":8},"end":{"line":37,"column":15}},"14":{"start":{"line":5,"column":13},"end":{"line":5,"column":31}},"15":{"start":{"line":44,"column":34},"end":{"line":53,"column":1}},"16":{"start":{"line":45,"column":4},"end":{"line":52,"column":5}},"17":{"start":{"line":46,"column":8},"end":{"line":49,"column":55}},"18":{"start":{"line":51,"column":8},"end":{"line":51,"column":68}},"19":{"start":{"line":44,"column":13},"end":{"line":44,"column":34}}},"fnMap":{"0":{"name":"(anonymous_0)","decl":{"start":{"line":5,"column":31},"end":{"line":5,"column":32}},"loc":{"start":{"line":5,"column":54},"end":{"line":39,"column":1}}},"1":{"name":"(anonymous_1)","decl":{"start":{"line":6,"column":11},"end":{"line":6,"column":16}},"loc":{"start":{"line":6,"column":69},"end":{"line":38,"column":5}}},"2":{"name":"(anonymous_2)","decl":{"start":{"line":10,"column":19},"end":{"line":10,"column":28}},"loc":{"start":{"line":10,"column":40},"end":{"line":35,"column":9}}},"3":{"name":"(anonymous_3)","decl":{"start":{"line":31,"column":23},"end":{"line":31,"column":26}},"loc":{"start":{"line":31,"column":30},"end":{"line":31,"column":72}}},"4":{"name":"(anonymous_4)","decl":{"start":{"line":44,"column":34},"end":{"line":44,"column":39}},"loc":{"start":{"line":44,"column":90},"end":{"line":53,"column":1}}}},"branchMap":{"0":{"loc":{"start":{"line":14,"column":12},"end":{"line":32,"column":13}},"type":"if","locations":[{"start":{"line":14,"column":12},"end":{"line":32,"column":13}}]},"1":{"loc":{"start":{"line":14,"column":16},"end":{"line":14,"column":53}},"type":"binary-expr","locations":[{"start":{"line":14,"column":16},"end":{"line":14,"column":33}},{"start":{"line":14,"column":37},"end":{"line":14,"column":53}}]}},"s":{"0":2,"1":2,"2":2,"3":4,"4":0,"5":0,"6":0,"7":0,"8":0,"9":0,"10":0,"11":0,"12":0,"13":0,"14":2,"15":2,"16":0,"17":0,"18":0,"19":2},"f":{"0":4,"1":0,"2":0,"3":0,"4":0},"b":{"0":[0],"1":[0,0]}}
,"/home/psalmprax/ALL_PROJECTS/ag_extension_decision_support/ag-extension-dashboard/src/backend/src/middleware/authorize.ts": {"path":"/home/psalmprax/ALL_PROJECTS/ag_extension_decision_support/ag-extension-dashboard/src/backend/src/middleware/authorize.ts","statementMap":{"0":{"start":{"line":2,"column":0},"end":{"line":2,"column":31}},"1":{"start":{"line":3,"column":0},"end":{"line":3,"column":34}},"2":{"start":{"line":4,"column":0},"end":{"line":4,"column":40}},"3":{"start":{"line":20,"column":25},"end":{"line":84,"column":1}},"4":{"start":{"line":21,"column":4},"end":{"line":83,"column":6}},"5":{"start":{"line":22,"column":8},"end":{"line":82,"column":9}},"6":{"start":{"line":24,"column":31},"end":{"line":24,"column":56}},"7":{"start":{"line":25,"column":12},"end":{"line":31,"column":13}},"8":{"start":{"line":26,"column":16},"end":{"line":29,"column":19}},"9":{"start":{"line":30,"column":16},"end":{"line":30,"column":23}},"10":{"start":{"line":33,"column":26},"end":{"line":33,"column":50}},"11":{"start":{"line":36,"column":28},"end":{"line":36,"column":null}},"12":{"start":{"line":43,"column":12},"end":{"line":47,"column":14}},"13":{"start":{"line":50,"column":12},"end":{"line":57,"column":13}},"14":{"start":{"line":51,"column":16},"end":{"line":51,"column":115}},"15":{"start":{"line":52,"column":16},"end":{"line":55,"column":19}},"16":{"start":{"line":56,"column":16},"end":{"line":56,"column":23}},"17":{"start":{"line":59,"column":12},"end":{"line":59,"column":19}},"18":{"start":{"line":61,"column":12},"end":{"line":67,"column":13}},"19":{"start":{"line":62,"column":16},"end":{"line":65,"column":19}},"20":{"start":{"line":66,"column":16},"end":{"line":66,"column":23}},"21":{"start":{"line":69,"column":12},"end":{"line":75,"column":13}},"22":{"start":{"line":70,"column":16},"end":{"line":73,"column":19}},"23":{"start":{"line":74,"column":16},"end":{"line":74,"column":23}},"24":{"start":{"line":77,"column":12},"end":{"line":77,"column":56}},"25":{"start":{"line":78,"column":12},"end":{"line":81,"column":15}},"26":{"start":{"line":20,"column":13},"end":{"line":20,"column":25}},"27":{"start":{"line":90,"column":28},"end":{"line":116,"column":1}},"28":{"start":{"line":91,"column":4},"end":{"line":115,"column":5}},"29":{"start":{"line":92,"column":27},"end":{"line":92,"column":52}},"30":{"start":{"line":94,"column":8},"end":{"line":96,"column":9}},"31":{"start":{"line":95,"column":12},"end":{"line":95,"column":26}},"32":{"start":{"line":98,"column":22},"end":{"line":98,"column":46}},"33":{"start":{"line":99,"column":24},"end":{"line":99,"column":null}},"34":{"start":{"line":105,"column":8},"end":{"line":109,"column":10}},"35":{"start":{"line":111,"column":8},"end":{"line":111,"column":15}},"36":{"start":{"line":114,"column":8},"end":{"line":114,"column":15}},"37":{"start":{"line":90,"column":13},"end":{"line":90,"column":28}},"38":{"start":{"line":121,"column":32},"end":{"line":157,"column":1}},"39":{"start":{"line":126,"column":23},"end":{"line":126,"column":33}},"40":{"start":{"line":129,"column":4},"end":{"line":135,"column":5}},"41":{"start":{"line":130,"column":8},"end":{"line":133,"column":11}},"42":{"start":{"line":134,"column":8},"end":{"line":134,"column":15}},"43":{"start":{"line":138,"column":4},"end":{"line":140,"column":5}},"44":{"start":{"line":139,"column":8},"end":{"line":139,"column":22}},"45":{"start":{"line":143,"column":4},"end":{"line":145,"column":5}},"46":{"start":{"line":144,"column":8},"end":{"line":144,"column":22}},"47":{"start":{"line":148,"column":4},"end":{"line":151,"column":5}},"48":{"start":{"line":150,"column":8},"end":{"line":150,"column":22}},"49":{"start":{"line":153,"column":4},"end":{"line":156,"column":7}},"50":{"start":{"line":121,"column":13},"end":{"line":121,"column":32}},"51":{"start":{"line":162,"column":13},"end":{"line":209,"column":11}},"52":{"start":{"line":214,"column":29},"end":{"line":217,"column":1}},"53":{"start":{"line":215,"column":28},"end":{"line":215,"column":45}},"54":{"start":{"line":216,"column":4},"end":{"line":216,"column":71}},"55":{"start":{"line":214,"column":13},"end":{"line":214,"column":29}},"56":{"start":{"line":222,"column":33},"end":{"line":242,"column":1}},"57":{"start":{"line":223,"column":4},"end":{"line":241,"column":6}},"58":{"start":{"line":224,"column":8},"end":{"line":230,"column":9}},"59":{"start":{"line":225,"column":12},"end":{"line":228,"column":15}},"60":{"start":{"line":229,"column":12},"end":{"line":229,"column":19}},"61":{"start":{"line":232,"column":8},"end":{"line":238,"column":9}},"62":{"start":{"line":233,"column":12},"end":{"line":236,"column":15}},"63":{"start":{"line":237,"column":12},"end":{"line":237,"column":19}},"64":{"start":{"line":240,"column":8},"end":{"line":240,"column":15}},"65":{"start":{"line":222,"column":13},"end":{"line":222,"column":33}}},"fnMap":{"0":{"name":"(anonymous_1)","decl":{"start":{"line":20,"column":25},"end":{"line":20,"column":26}},"loc":{"start":{"line":20,"column":57},"end":{"line":84,"column":1}}},"1":{"name":"(anonymous_2)","decl":{"start":{"line":21,"column":11},"end":{"line":21,"column":12}},"loc":{"start":{"line":21,"column":73},"end":{"line":83,"column":5}}},"2":{"name":"(anonymous_3)","decl":{"start":{"line":90,"column":28},"end":{"line":90,"column":29}},"loc":{"start":{"line":90,"column":90},"end":{"line":116,"column":1}}},"3":{"name":"(anonymous_4)","decl":{"start":{"line":121,"column":32},"end":{"line":121,"column":null}},"loc":{"start":{"line":125,"column":10},"end":{"line":157,"column":1}}},"4":{"name":"(anonymous_5)","decl":{"start":{"line":214,"column":29},"end":{"line":214,"column":30}},"loc":{"start":{"line":214,"column":77},"end":{"line":217,"column":1}}},"5":{"name":"(anonymous_6)","decl":{"start":{"line":222,"column":33},"end":{"line":222,"column":34}},"loc":{"start":{"line":222,"column":56},"end":{"line":242,"column":1}}},"6":{"name":"(anonymous_7)","decl":{"start":{"line":223,"column":11},"end":{"line":223,"column":12}},"loc":{"start":{"line":223,"column":73},"end":{"line":241,"column":5}}}},"branchMap":{"0":{"loc":{"start":{"line":25,"column":12},"end":{"line":31,"column":13}},"type":"if","locations":[{"start":{"line":25,"column":12},"end":{"line":31,"column":13}}]},"1":{"loc":{"start":{"line":25,"column":16},"end":{"line":25,"column":64}},"type":"binary-expr","locations":[{"start":{"line":25,"column":16},"end":{"line":25,"column":27}},{"start":{"line":25,"column":31},"end":{"line":25,"column":64}}]},"2":{"loc":{"start":{"line":50,"column":12},"end":{"line":57,"column":13}},"type":"if","locations":[{"start":{"line":50,"column":12},"end":{"line":57,"column":13}}]},"3":{"loc":{"start":{"line":61,"column":12},"end":{"line":67,"column":13}},"type":"if","locations":[{"start":{"line":61,"column":12},"end":{"line":67,"column":13}}]},"4":{"loc":{"start":{"line":69,"column":12},"end":{"line":75,"column":13}},"type":"if","locations":[{"start":{"line":69,"column":12},"end":{"line":75,"column":13}}]},"5":{"loc":{"start":{"line":94,"column":8},"end":{"line":96,"column":9}},"type":"if","locations":[{"start":{"line":94,"column":8},"end":{"line":96,"column":9}}]},"6":{"loc":{"start":{"line":94,"column":12},"end":{"line":94,"column":60}},"type":"binary-expr","locations":[{"start":{"line":94,"column":12},"end":{"line":94,"column":23}},{"start":{"line":94,"column":27},"end":{"line":94,"column":60}}]},"7":{"loc":{"start":{"line":129,"column":4},"end":{"line":135,"column":5}},"type":"if","locations":[{"start":{"line":129,"column":4},"end":{"line":135,"column":5}}]},"8":{"loc":{"start":{"line":138,"column":4},"end":{"line":140,"column":5}},"type":"if","locations":[{"start":{"line":138,"column":4},"end":{"line":140,"column":5}}]},"9":{"loc":{"start":{"line":143,"column":4},"end":{"line":145,"column":5}},"type":"if","locations":[{"start":{"line":143,"column":4},"end":{"line":145,"column":5}}]},"10":{"loc":{"start":{"line":148,"column":4},"end":{"line":151,"column":5}},"type":"if","locations":[{"start":{"line":148,"column":4},"end":{"line":151,"column":5}}]},"11":{"loc":{"start":{"line":224,"column":8},"end":{"line":230,"column":9}},"type":"if","locations":[{"start":{"line":224,"column":8},"end":{"line":230,"column":9}}]},"12":{"loc":{"start":{"line":232,"column":8},"end":{"line":238,"column":9}},"type":"if","locations":[{"start":{"line":232,"column":8},"end":{"line":238,"column":9}}]}},"s":{"0":2,"1":2,"2":2,"3":2,"4":38,"5":5,"6":5,"7":5,"8":2,"9":2,"10":3,"11":3,"12":3,"13":3,"14":0,"15":0,"16":0,"17":3,"18":0,"19":0,"20":0,"21":0,"22":0,"23":0,"24":0,"25":0,"26":2,"27":2,"28":0,"29":0,"30":0,"31":0,"32":0,"33":0,"34":0,"35":0,"36":0,"37":2,"38":2,"39":0,"40":0,"41":0,"42":0,"43":0,"44":0,"45":0,"46":0,"47":0,"48":0,"49":0,"50":2,"51":2,"52":2,"53":0,"54":0,"55":2,"56":2,"57":0,"58":0,"59":0,"60":0,"61":0,"62":0,"63":0,"64":0,"65":2},"f":{"0":38,"1":5,"2":0,"3":0,"4":0,"5":0,"6":0},"b":{"0":[2],"1":[5,3],"2":[0],"3":[0],"4":[0],"5":[0],"6":[0,0],"7":[0],"8":[0],"9":[0],"10":[0],"11":[0],"12":[0]}}
,"/home/psalmprax/ALL_PROJECTS/ag_extension_decision_support/ag-extension-dashboard/src/backend/src/middleware/errorHandler.ts": {"path":"/home/psalmprax/ALL_PROJECTS/ag_extension_decision_support/ag-extension-dashboard/src/backend/src/middleware/errorHandler.ts","statementMap":{"0":{"start":{"line":9,"column":0},"end":{"line":9,"column":16}},"1":{"start":{"line":33,"column":0},"end":{"line":33,"column":16}},"2":{"start":{"line":40,"column":0},"end":{"line":40,"column":16}},"3":{"start":{"line":2,"column":0},"end":{"line":2,"column":40}},"4":{"start":{"line":15,"column":23},"end":{"line":15,"column":44}},"5":{"start":{"line":16,"column":20},"end":{"line":16,"column":58}},"6":{"start":{"line":18,"column":4},"end":{"line":22,"column":7}},"7":{"start":{"line":24,"column":4},"end":{"line":30,"column":7}},"8":{"start":{"line":34,"column":28},"end":{"line":34,"column":46}},"9":{"start":{"line":35,"column":4},"end":{"line":35,"column":34}},"10":{"start":{"line":36,"column":4},"end":{"line":36,"column":31}},"11":{"start":{"line":37,"column":4},"end":{"line":37,"column":17}},"12":{"start":{"line":41,"column":4},"end":{"line":46,"column":7}}},"fnMap":{"0":{"name":"errorHandler","decl":{"start":{"line":9,"column":16},"end":{"line":9,"column":28}},"loc":{"start":{"line":13,"column":23},"end":{"line":31,"column":1}}},"1":{"name":"createError","decl":{"start":{"line":33,"column":16},"end":{"line":33,"column":27}},"loc":{"start":{"line":33,"column":63},"end":{"line":38,"column":1}}},"2":{"name":"notFound","decl":{"start":{"line":40,"column":16},"end":{"line":40,"column":24}},"loc":{"start":{"line":40,"column":53},"end":{"line":47,"column":1}}}},"branchMap":{"0":{"loc":{"start":{"line":15,"column":23},"end":{"line":15,"column":44}},"type":"binary-expr","locations":[{"start":{"line":15,"column":23},"end":{"line":15,"column":37}},{"start":{"line":15,"column":41},"end":{"line":15,"column":44}}]},"1":{"loc":{"start":{"line":16,"column":20},"end":{"line":16,"column":58}},"type":"binary-expr","locations":[{"start":{"line":16,"column":20},"end":{"line":16,"column":31}},{"start":{"line":16,"column":35},"end":{"line":16,"column":58}}]},"2":{"loc":{"start":{"line":28,"column":16},"end":{"line":28,"column":78}},"type":"binary-expr","locations":[{"start":{"line":28,"column":16},"end":{"line":28,"column":54}},{"start":{"line":28,"column":58},"end":{"line":28,"column":78}}]}},"s":{"0":2,"1":2,"2":2,"3":2,"4":0,"5":0,"6":0,"7":0,"8":0,"9":0,"10":0,"11":0,"12":0},"f":{"0":0,"1":0,"2":0},"b":{"0":[0,0],"1":[0,0],"2":[0,0]}}
,"/home/psalmprax/ALL_PROJECTS/ag_extension_decision_support/ag-extension-dashboard/src/backend/src/middleware/usageMiddleware.ts": {"path":"/home/psalmprax/ALL_PROJECTS/ag_extension_decision_support/ag-extension-dashboard/src/backend/src/middleware/usageMiddleware.ts","statementMap":{"0":{"start":{"line":2,"column":0},"end":{"line":2,"column":67}},"1":{"start":{"line":4,"column":0},"end":{"line":4,"column":41}},"2":{"start":{"line":10,"column":31},"end":{"line":51,"column":1}},"3":{"start":{"line":11,"column":4},"end":{"line":50,"column":6}},"4":{"start":{"line":12,"column":8},"end":{"line":18,"column":9}},"5":{"start":{"line":13,"column":12},"end":{"line":16,"column":15}},"6":{"start":{"line":17,"column":12},"end":{"line":17,"column":19}},"7":{"start":{"line":21,"column":8},"end":{"line":23,"column":9}},"8":{"start":{"line":22,"column":12},"end":{"line":22,"column":26}},"9":{"start":{"line":25,"column":8},"end":{"line":49,"column":9}},"10":{"start":{"line":26,"column":48},"end":{"line":26,"column":100}},"11":{"start":{"line":28,"column":12},"end":{"line":41,"column":13}},"12":{"start":{"line":29,"column":16},"end":{"line":29,"column":99}},"13":{"start":{"line":30,"column":16},"end":{"line":39,"column":19}},"14":{"start":{"line":40,"column":16},"end":{"line":40,"column":23}},"15":{"start":{"line":43,"column":12},"end":{"line":43,"column":19}},"16":{"start":{"line":45,"column":12},"end":{"line":45,"column":93}},"17":{"start":{"line":48,"column":12},"end":{"line":48,"column":19}},"18":{"start":{"line":10,"column":13},"end":{"line":10,"column":31}}},"fnMap":{"0":{"name":"(anonymous_0)","decl":{"start":{"line":10,"column":31},"end":{"line":10,"column":32}},"loc":{"start":{"line":10,"column":51},"end":{"line":51,"column":1}}},"1":{"name":"(anonymous_1)","decl":{"start":{"line":11,"column":11},"end":{"line":11,"column":16}},"loc":{"start":{"line":11,"column":88},"end":{"line":50,"column":5}}}},"branchMap":{"0":{"loc":{"start":{"line":12,"column":8},"end":{"line":18,"column":9}},"type":"if","locations":[{"start":{"line":12,"column":8},"end":{"line":18,"column":9}}]},"1":{"loc":{"start":{"line":21,"column":8},"end":{"line":23,"column":9}},"type":"if","locations":[{"start":{"line":21,"column":8},"end":{"line":23,"column":9}}]},"2":{"loc":{"start":{"line":28,"column":12},"end":{"line":41,"column":13}},"type":"if","locations":[{"start":{"line":28,"column":12},"end":{"line":41,"column":13}}]}},"s":{"0":2,"1":2,"2":2,"3":6,"4":0,"5":0,"6":0,"7":0,"8":0,"9":0,"10":0,"11":0,"12":0,"13":0,"14":0,"15":0,"16":0,"17":0,"18":2},"f":{"0":6,"1":0},"b":{"0":[0],"1":[0],"2":[0]}}
,"/home/psalmprax/ALL_PROJECTS/ag_extension_decision_support/ag-extension-dashboard/src/backend/src/middleware/validate.ts": {"path":"/home/psalmprax/ALL_PROJECTS/ag_extension_decision_support/ag-extension-dashboard/src/backend/src/middleware/validate.ts","statementMap":{"0":{"start":{"line":2,"column":0},"end":{"line":2,"column":9}},"1":{"start":{"line":79,"column":9},"end":{"line":2,"column":45}},"2":{"start":{"line":8,"column":24},"end":{"line":48,"column":1}},"3":{"start":{"line":13,"column":4},"end":{"line":47,"column":6}},"4":{"start":{"line":14,"column":8},"end":{"line":46,"column":9}},"5":{"start":{"line":16,"column":12},"end":{"line":18,"column":13}},"6":{"start":{"line":17,"column":16},"end":{"line":17,"column":44}},"7":{"start":{"line":21,"column":12},"end":{"line":23,"column":13}},"8":{"start":{"line":22,"column":16},"end":{"line":22,"column":46}},"9":{"start":{"line":26,"column":12},"end":{"line":28,"column":13}},"10":{"start":{"line":27,"column":16},"end":{"line":27,"column":48}},"11":{"start":{"line":30,"column":12},"end":{"line":30,"column":19}},"12":{"start":{"line":32,"column":12},"end":{"line":43,"column":13}},"13":{"start":{"line":33,"column":31},"end":{"line":36,"column":19}},"14":{"start":{"line":33,"column":60},"end":{"line":36,"column":18}},"15":{"start":{"line":38,"column":16},"end":{"line":42,"column":19}},"16":{"start":{"line":45,"column":12},"end":{"line":45,"column":24}},"17":{"start":{"line":8,"column":13},"end":{"line":8,"column":24}},"18":{"start":{"line":53,"column":13},"end":{"line":76,"column":2}}},"fnMap":{"0":{"name":"(anonymous_0)","decl":{"start":{"line":79,"column":9},"end":{"line":79,"column":10}},"loc":{"start":{"line":79,"column":9},"end":{"line":2,"column":45}}},"1":{"name":"(anonymous_1)","decl":{"start":{"line":8,"column":24},"end":{"line":8,"column":25}},"loc":{"start":{"line":12,"column":5},"end":{"line":48,"column":1}}},"2":{"name":"(anonymous_2)","decl":{"start":{"line":13,"column":11},"end":{"line":13,"column":12}},"loc":{"start":{"line":13,"column":63},"end":{"line":47,"column":5}}},"3":{"name":"(anonymous_3)","decl":{"start":{"line":33,"column":48},"end":{"line":33,"column":49}},"loc":{"start":{"line":33,"column":60},"end":{"line":36,"column":18}}}},"branchMap":{"0":{"loc":{"start":{"line":16,"column":12},"end":{"line":18,"column":13}},"type":"if","locations":[{"start":{"line":16,"column":12},"end":{"line":18,"column":13}}]},"1":{"loc":{"start":{"line":21,"column":12},"end":{"line":23,"column":13}},"type":"if","locations":[{"start":{"line":21,"column":12},"end":{"line":23,"column":13}}]},"2":{"loc":{"start":{"line":26,"column":12},"end":{"line":28,"column":13}},"type":"if","locations":[{"start":{"line":26,"column":12},"end":{"line":28,"column":13}}]},"3":{"loc":{"start":{"line":32,"column":12},"end":{"line":43,"column":13}},"type":"if","locations":[{"start":{"line":32,"column":12},"end":{"line":43,"column":13}}]}},"s":{"0":2,"1":2,"2":2,"3":12,"4":0,"5":0,"6":0,"7":0,"8":0,"9":0,"10":0,"11":0,"12":0,"13":0,"14":0,"15":0,"16":0,"17":2,"18":2},"f":{"0":0,"1":12,"2":0,"3":0},"b":{"0":[0],"1":[0],"2":[0],"3":[0]}}
,"/home/psalmprax/ALL_PROJECTS/ag_extension_decision_support/ag-extension-dashboard/src/backend/src/middleware/validationMiddleware.ts": {"path":"/home/psalmprax/ALL_PROJECTS/ag_extension_decision_support/ag-extension-dashboard/src/backend/src/middleware/validationMiddleware.ts","statementMap":{"0":{"start":{"line":2,"column":0},"end":{"line":2,"column":45}},"1":{"start":{"line":3,"column":0},"end":{"line":3,"column":41}},"2":{"start":{"line":5,"column":24},"end":{"line":28,"column":1}},"3":{"start":{"line":5,"column":50},"end":{"line":28,"column":1}},"4":{"start":{"line":6,"column":2},"end":{"line":27,"column":3}},"5":{"start":{"line":7,"column":4},"end":{"line":11,"column":7}},"6":{"start":{"line":12,"column":4},"end":{"line":12,"column":18}},"7":{"start":{"line":14,"column":4},"end":{"line":24,"column":5}},"8":{"start":{"line":15,"column":6},"end":{"line":15,"column":53}},"9":{"start":{"line":16,"column":6},"end":{"line":23,"column":9}},"10":{"start":{"line":19,"column":44},"end":{"line":22,"column":10}},"11":{"start":{"line":25,"column":4},"end":{"line":25,"column":56}},"12":{"start":{"line":26,"column":4},"end":{"line":26,"column":84}},"13":{"start":{"line":5,"column":13},"end":{"line":5,"column":24}}},"fnMap":{"0":{"name":"(anonymous_0)","decl":{"start":{"line":5,"column":24},"end":{"line":5,"column":25}},"loc":{"start":{"line":5,"column":50},"end":{"line":28,"column":1}}},"1":{"name":"(anonymous_1)","decl":{"start":{"line":5,"column":50},"end":{"line":5,"column":55}},"loc":{"start":{"line":5,"column":108},"end":{"line":28,"column":1}}},"2":{"name":"(anonymous_2)","decl":{"start":{"line":19,"column":34},"end":{"line":19,"column":35}},"loc":{"start":{"line":19,"column":44},"end":{"line":22,"column":10}}}},"branchMap":{"0":{"loc":{"start":{"line":14,"column":4},"end":{"line":24,"column":5}},"type":"if","locations":[{"start":{"line":14,"column":4},"end":{"line":24,"column":5}}]}},"s":{"0":2,"1":2,"2":2,"3":8,"4":0,"5":0,"6":0,"7":0,"8":0,"9":0,"10":0,"11":0,"12":0,"13":2},"f":{"0":8,"1":0,"2":0},"b":{"0":[0]}}
,"/home/psalmprax/ALL_PROJECTS/ag_extension_decision_support/ag-extension-dashboard/src/backend/src/queues/connection.ts": {"path":"/home/psalmprax/ALL_PROJECTS/ag_extension_decision_support/ag-extension-dashboard/src/backend/src/queues/connection.ts","statementMap":{"0":{"start":{"line":2,"column":0},"end":{"line":2,"column":34}},"1":{"start":{"line":4,"column":13},"end":{"line":8,"column":2}}},"fnMap":{},"branchMap":{},"s":{"0":0,"1":0},"f":{},"b":{}}
,"/home/psalmprax/ALL_PROJECTS/ag_extension_decision_support/ag-extension-dashboard/src/backend/src/queues/emailQueue.ts": {"path":"/home/psalmprax/ALL_PROJECTS/ag_extension_decision_support/ag-extension-dashboard/src/backend/src/queues/emailQueue.ts","statementMap":{"0":{"start":{"line":1,"column":0},"end":{"line":1,"column":31}},"1":{"start":{"line":2,"column":0},"end":{"line":2,"column":47}},"2":{"start":{"line":13,"column":13},"end":{"line":24,"column":3}},"3":{"start":{"line":26,"column":27},"end":{"line":28,"column":1}},"4":{"start":{"line":27,"column":4},"end":{"line":27,"column":52}},"5":{"start":{"line":26,"column":13},"end":{"line":26,"column":27}}},"fnMap":{"0":{"name":"(anonymous_0)","decl":{"start":{"line":26,"column":27},"end":{"line":26,"column":32}},"loc":{"start":{"line":26,"column":56},"end":{"line":28,"column":1}}}},"branchMap":{},"s":{"0":0,"1":0,"2":0,"3":0,"4":0,"5":0},"f":{"0":0},"b":{}}
,"/home/psalmprax/ALL_PROJECTS/ag_extension_decision_support/ag-extension-dashboard/src/backend/src/queues/index.ts": {"path":"/home/psalmprax/ALL_PROJECTS/ag_extension_decision_support/ag-extension-dashboard/src/backend/src/queues/index.ts","statementMap":{"0":{"start":{"line":1,"column":0},"end":{"line":1,"column":29}}},"fnMap":{},"branchMap":{},"s":{"0":0},"f":{},"b":{}}
,"/home/psalmprax/ALL_PROJECTS/ag_extension_decision_support/ag-extension-dashboard/src/backend/src/routes/ai.ts": {"path":"/home/psalmprax/ALL_PROJECTS/ag_extension_decision_support/ag-extension-dashboard/src/backend/src/routes/ai.ts","statementMap":{"0":{"start":{"line":1,"column":0},"end":{"line":1,"column":33}},"1":{"start":{"line":2,"column":0},"end":{"line":2,"column":49}},"2":{"start":{"line":3,"column":0},"end":{"line":3,"column":38}},"3":{"start":{"line":4,"column":0},"end":{"line":4,"column":60}},"4":{"start":{"line":5,"column":0},"end":{"line":5,"column":40}},"5":{"start":{"line":6,"column":0},"end":{"line":6,"column":51}},"6":{"start":{"line":8,"column":15},"end":{"line":8,"column":23}},"7":{"start":{"line":11,"column":0},"end":{"line":11,"column":82}},"8":{"start":{"line":35,"column":0},"end":{"line":82,"column":3}},"9":{"start":{"line":36,"column":4},"end":{"line":81,"column":5}},"10":{"start":{"line":37,"column":36},"end":{"line":37,"column":44}},"11":{"start":{"line":39,"column":23},"end":{"line":56,"column":10}},"12":{"start":{"line":58,"column":23},"end":{"line":61,"column":10}},"13":{"start":{"line":64,"column":29},"end":{"line":64,"column":31}},"14":{"start":{"line":65,"column":8},"end":{"line":72,"column":9}},"15":{"start":{"line":67,"column":29},"end":{"line":67,"column":81}},"16":{"start":{"line":68,"column":12},"end":{"line":68,"column":50}},"17":{"start":{"line":70,"column":12},"end":{"line":70,"column":65}},"18":{"start":{"line":71,"column":12},"end":{"line":71,"column":58}},"19":{"start":{"line":74,"column":8},"end":{"line":77,"column":11}},"20":{"start":{"line":79,"column":8},"end":{"line":79,"column":55}},"21":{"start":{"line":80,"column":8},"end":{"line":80,"column":91}},"22":{"start":{"line":84,"column":0},"end":{"line":84,"column":22}}},"fnMap":{"0":{"name":"(anonymous_0)","decl":{"start":{"line":35,"column":80},"end":{"line":35,"column":85}},"loc":{"start":{"line":35,"column":99},"end":{"line":82,"column":1}}}},"branchMap":{"0":{"loc":{"start":{"line":67,"column":29},"end":{"line":67,"column":81}},"type":"binary-expr","locations":[{"start":{"line":67,"column":29},"end":{"line":67,"column":66}},{"start":{"line":67,"column":70},"end":{"line":67,"column":81}}]}},"s":{"0":2,"1":2,"2":2,"3":2,"4":2,"5":2,"6":2,"7":2,"8":2,"9":0,"10":0,"11":0,"12":0,"13":0,"14":0,"15":0,"16":0,"17":0,"18":0,"19":0,"20":0,"21":0,"22":2},"f":{"0":0},"b":{"0":[0,0]}}
,"/home/psalmprax/ALL_PROJECTS/ag_extension_decision_support/ag-extension-dashboard/src/backend/src/routes/analytics.ts": {"path":"/home/psalmprax/ALL_PROJECTS/ag_extension_decision_support/ag-extension-dashboard/src/backend/src/routes/analytics.ts","statementMap":{"0":{"start":{"line":1,"column":0},"end":{"line":1,"column":52}},"1":{"start":{"line":2,"column":0},"end":{"line":2,"column":60}},"2":{"start":{"line":3,"column":0},"end":{"line":3,"column":61}},"3":{"start":{"line":4,"column":0},"end":{"line":4,"column":40}},"4":{"start":{"line":5,"column":0},"end":{"line":5,"column":51}},"5":{"start":{"line":7,"column":15},"end":{"line":7,"column":23}},"6":{"start":{"line":10,"column":0},"end":{"line":10,"column":82}},"7":{"start":{"line":14,"column":4},"end":{"line":25,"column":5}},"8":{"start":{"line":15,"column":21},"end":{"line":15,"column":30}},"9":{"start":{"line":16,"column":8},"end":{"line":19,"column":9}},"10":{"start":{"line":17,"column":12},"end":{"line":17,"column":66}},"11":{"start":{"line":18,"column":12},"end":{"line":18,"column":22}},"12":{"start":{"line":20,"column":23},"end":{"line":20,"column":47}},"13":{"start":{"line":21,"column":8},"end":{"line":21,"column":33}},"14":{"start":{"line":23,"column":8},"end":{"line":23,"column":53}},"15":{"start":{"line":24,"column":8},"end":{"line":24,"column":18}},"16":{"start":{"line":29,"column":0},"end":{"line":198,"column":3}},"17":{"start":{"line":30,"column":4},"end":{"line":197,"column":5}},"18":{"start":{"line":32,"column":23},"end":{"line":32,"column":60}},"19":{"start":{"line":33,"column":8},"end":{"line":35,"column":9}},"20":{"start":{"line":34,"column":12},"end":{"line":34,"column":48}},"21":{"start":{"line":45,"column":12},"end":{"line":52,"column":10}},"22":{"start":{"line":55,"column":26},"end":{"line":64,"column":10}},"23":{"start":{"line":67,"column":26},"end":{"line":73,"column":10}},"24":{"start":{"line":76,"column":31},"end":{"line":76,"column":104}},"25":{"start":{"line":76,"column":75},"end":{"line":76,"column":100}},"26":{"start":{"line":77,"column":22},"end":{"line":80,"column":11}},"27":{"start":{"line":77,"column":63},"end":{"line":80,"column":10}},"28":{"start":{"line":83,"column":31},"end":{"line":102,"column":10}},"29":{"start":{"line":105,"column":27},"end":{"line":111,"column":9}},"30":{"start":{"line":106,"column":26},"end":{"line":106,"column":56}},"31":{"start":{"line":107,"column":25},"end":{"line":107,"column":47}},"32":{"start":{"line":108,"column":12},"end":{"line":108,"column":73}},"33":{"start":{"line":108,"column":26},"end":{"line":108,"column":73}},"34":{"start":{"line":109,"column":12},"end":{"line":109,"column":77}},"35":{"start":{"line":109,"column":27},"end":{"line":109,"column":77}},"36":{"start":{"line":110,"column":12},"end":{"line":110,"column":30}},"37":{"start":{"line":119,"column":12},"end":{"line":124,"column":10}},"38":{"start":{"line":126,"column":31},"end":{"line":126,"column":70}},"39":{"start":{"line":127,"column":28},"end":{"line":127,"column":71}},"40":{"start":{"line":128,"column":30},"end":{"line":128,"column":104}},"41":{"start":{"line":130,"column":37},"end":{"line":130,"column":83}},"42":{"start":{"line":131,"column":34},"end":{"line":131,"column":83}},"43":{"start":{"line":132,"column":36},"end":{"line":132,"column":134}},"44":{"start":{"line":134,"column":30},"end":{"line":134,"column":69}},"45":{"start":{"line":135,"column":27},"end":{"line":135,"column":69}},"46":{"start":{"line":136,"column":29},"end":{"line":136,"column":99}},"47":{"start":{"line":138,"column":36},"end":{"line":138,"column":84}},"48":{"start":{"line":139,"column":33},"end":{"line":139,"column":81}},"49":{"start":{"line":140,"column":35},"end":{"line":140,"column":102}},"50":{"start":{"line":143,"column":34},"end":{"line":154,"column":10}},"51":{"start":{"line":156,"column":26},"end":{"line":188,"column":10}},"52":{"start":{"line":171,"column":52},"end":{"line":175,"column":14}},"53":{"start":{"line":176,"column":64},"end":{"line":182,"column":14}},"54":{"start":{"line":191,"column":8},"end":{"line":191,"column":103}},"55":{"start":{"line":193,"column":8},"end":{"line":193,"column":53}},"56":{"start":{"line":195,"column":8},"end":{"line":195,"column":58}},"57":{"start":{"line":196,"column":8},"end":{"line":196,"column":90}},"58":{"start":{"line":201,"column":0},"end":{"line":313,"column":3}},"59":{"start":{"line":202,"column":4},"end":{"line":312,"column":5}},"60":{"start":{"line":203,"column":56},"end":{"line":203,"column":65}},"61":{"start":{"line":204,"column":21},"end":{"line":204,"column":73}},"62":{"start":{"line":206,"column":25},"end":{"line":206,"column":99}},"63":{"start":{"line":207,"column":23},"end":{"line":207,"column":47}},"64":{"start":{"line":208,"column":8},"end":{"line":210,"column":9}},"65":{"start":{"line":209,"column":12},"end":{"line":209,"column":48}},"66":{"start":{"line":221,"column":12},"end":{"line":278,"column":10}},"67":{"start":{"line":280,"column":35},"end":{"line":280,"column":78}},"68":{"start":{"line":281,"column":38},"end":{"line":281,"column":84}},"69":{"start":{"line":283,"column":28},"end":{"line":304,"column":10}},"70":{"start":{"line":291,"column":80},"end":{"line":296,"column":14}},"71":{"start":{"line":297,"column":79},"end":{"line":303,"column":14}},"72":{"start":{"line":306,"column":8},"end":{"line":306,"column":92}},"73":{"start":{"line":308,"column":8},"end":{"line":308,"column":55}},"74":{"start":{"line":310,"column":8},"end":{"line":310,"column":60}},"75":{"start":{"line":311,"column":8},"end":{"line":311,"column":92}},"76":{"start":{"line":316,"column":0},"end":{"line":387,"column":3}},"77":{"start":{"line":317,"column":4},"end":{"line":386,"column":5}},"78":{"start":{"line":318,"column":37},"end":{"line":318,"column":46}},"79":{"start":{"line":319,"column":21},"end":{"line":319,"column":73}},"80":{"start":{"line":329,"column":12},"end":{"line":360,"column":10}},"81":{"start":{"line":362,"column":22},"end":{"line":362,"column":61}},"82":{"start":{"line":364,"column":24},"end":{"line":380,"column":10}},"83":{"start":{"line":368,"column":56},"end":{"line":372,"column":14}},"84":{"start":{"line":373,"column":55},"end":{"line":377,"column":14}},"85":{"start":{"line":379,"column":53},"end":{"line":379,"column":62}},"86":{"start":{"line":382,"column":8},"end":{"line":382,"column":51}},"87":{"start":{"line":384,"column":8},"end":{"line":384,"column":54}},"88":{"start":{"line":385,"column":8},"end":{"line":385,"column":91}},"89":{"start":{"line":390,"column":0},"end":{"line":448,"column":3}},"90":{"start":{"line":391,"column":4},"end":{"line":447,"column":5}},"91":{"start":{"line":392,"column":37},"end":{"line":392,"column":46}},"92":{"start":{"line":393,"column":21},"end":{"line":393,"column":73}},"93":{"start":{"line":398,"column":12},"end":{"line":415,"column":10}},"94":{"start":{"line":417,"column":22},"end":{"line":417,"column":62}},"95":{"start":{"line":419,"column":24},"end":{"line":441,"column":10}},"96":{"start":{"line":436,"column":55},"end":{"line":440,"column":14}},"97":{"start":{"line":443,"column":8},"end":{"line":443,"column":51}},"98":{"start":{"line":445,"column":8},"end":{"line":445,"column":56}},"99":{"start":{"line":446,"column":8},"end":{"line":446,"column":93}},"100":{"start":{"line":450,"column":0},"end":{"line":450,"column":22}}},"fnMap":{"0":{"name":"getFromDB","decl":{"start":{"line":13,"column":15},"end":{"line":13,"column":24}},"loc":{"start":{"line":13,"column":56},"end":{"line":26,"column":1}}},"1":{"name":"(anonymous_1)","decl":{"start":{"line":29,"column":25},"end":{"line":29,"column":30}},"loc":{"start":{"line":29,"column":64},"end":{"line":198,"column":1}}},"2":{"name":"(anonymous_2)","decl":{"start":{"line":76,"column":48},"end":{"line":76,"column":49}},"loc":{"start":{"line":76,"column":75},"end":{"line":76,"column":100}}},"3":{"name":"(anonymous_3)","decl":{"start":{"line":77,"column":48},"end":{"line":77,"column":49}},"loc":{"start":{"line":77,"column":63},"end":{"line":80,"column":10}}},"4":{"name":"(anonymous_4)","decl":{"start":{"line":105,"column":27},"end":{"line":105,"column":28}},"loc":{"start":{"line":105,"column":45},"end":{"line":111,"column":9}}},"5":{"name":"(anonymous_5)","decl":{"start":{"line":171,"column":37},"end":{"line":171,"column":38}},"loc":{"start":{"line":171,"column":52},"end":{"line":175,"column":14}}},"6":{"name":"(anonymous_6)","decl":{"start":{"line":176,"column":49},"end":{"line":176,"column":50}},"loc":{"start":{"line":176,"column":64},"end":{"line":182,"column":14}}},"7":{"name":"(anonymous_7)","decl":{"start":{"line":201,"column":27},"end":{"line":201,"column":32}},"loc":{"start":{"line":201,"column":65},"end":{"line":313,"column":1}}},"8":{"name":"(anonymous_8)","decl":{"start":{"line":291,"column":65},"end":{"line":291,"column":66}},"loc":{"start":{"line":291,"column":80},"end":{"line":296,"column":14}}},"9":{"name":"(anonymous_9)","decl":{"start":{"line":297,"column":64},"end":{"line":297,"column":65}},"loc":{"start":{"line":297,"column":79},"end":{"line":303,"column":14}}},"10":{"name":"(anonymous_10)","decl":{"start":{"line":316,"column":23},"end":{"line":316,"column":28}},"loc":{"start":{"line":316,"column":61},"end":{"line":387,"column":1}}},"11":{"name":"(anonymous_11)","decl":{"start":{"line":368,"column":41},"end":{"line":368,"column":42}},"loc":{"start":{"line":368,"column":56},"end":{"line":372,"column":14}}},"12":{"name":"(anonymous_12)","decl":{"start":{"line":373,"column":40},"end":{"line":373,"column":41}},"loc":{"start":{"line":373,"column":55},"end":{"line":377,"column":14}}},"13":{"name":"(anonymous_13)","decl":{"start":{"line":379,"column":41},"end":{"line":379,"column":42}},"loc":{"start":{"line":379,"column":53},"end":{"line":379,"column":62}}},"14":{"name":"(anonymous_14)","decl":{"start":{"line":390,"column":23},"end":{"line":390,"column":28}},"loc":{"start":{"line":390,"column":61},"end":{"line":448,"column":1}}},"15":{"name":"(anonymous_15)","decl":{"start":{"line":436,"column":40},"end":{"line":436,"column":41}},"loc":{"start":{"line":436,"column":55},"end":{"line":440,"column":14}}}},"branchMap":{"0":{"loc":{"start":{"line":13,"column":38},"end":{"line":13,"column":56}},"type":"default-arg","locations":[{"start":{"line":13,"column":54},"end":{"line":13,"column":56}}]},"1":{"loc":{"start":{"line":16,"column":8},"end":{"line":19,"column":9}},"type":"if","locations":[{"start":{"line":16,"column":8},"end":{"line":19,"column":9}}]},"2":{"loc":{"start":{"line":21,"column":15},"end":{"line":21,"column":32}},"type":"binary-expr","locations":[{"start":{"line":21,"column":15},"end":{"line":21,"column":26}},{"start":{"line":21,"column":30},"end":{"line":21,"column":32}}]},"3":{"loc":{"start":{"line":33,"column":8},"end":{"line":35,"column":9}},"type":"if","locations":[{"start":{"line":33,"column":8},"end":{"line":35,"column":9}}]},"4":{"loc":{"start":{"line":108,"column":12},"end":{"line":108,"column":73}},"type":"if","locations":[{"start":{"line":108,"column":12},"end":{"line":108,"column":73}}]},"5":{"loc":{"start":{"line":108,"column":47},"end":{"line":108,"column":66}},"type":"cond-expr","locations":[{"start":{"line":108,"column":58},"end":{"line":108,"column":61}},{"start":{"line":108,"column":64},"end":{"line":108,"column":66}}]},"6":{"loc":{"start":{"line":109,"column":12},"end":{"line":109,"column":77}},"type":"if","locations":[{"start":{"line":109,"column":12},"end":{"line":109,"column":77}}]},"7":{"loc":{"start":{"line":109,"column":50},"end":{"line":109,"column":70}},"type":"cond-expr","locations":[{"start":{"line":109,"column":62},"end":{"line":109,"column":65}},{"start":{"line":109,"column":68},"end":{"line":109,"column":70}}]},"8":{"loc":{"start":{"line":126,"column":40},"end":{"line":126,"column":69}},"type":"binary-expr","locations":[{"start":{"line":126,"column":40},"end":{"line":126,"column":62}},{"start":{"line":126,"column":66},"end":{"line":126,"column":69}}]},"9":{"loc":{"start":{"line":127,"column":37},"end":{"line":127,"column":70}},"type":"binary-expr","locations":[{"start":{"line":127,"column":37},"end":{"line":127,"column":63}},{"start":{"line":127,"column":67},"end":{"line":127,"column":70}}]},"10":{"loc":{"start":{"line":128,"column":30},"end":{"line":128,"column":104}},"type":"cond-expr","locations":[{"start":{"line":128,"column":49},"end":{"line":128,"column":99}},{"start":{"line":128,"column":103},"end":{"line":128,"column":104}}]},"11":{"loc":{"start":{"line":130,"column":46},"end":{"line":130,"column":82}},"type":"binary-expr","locations":[{"start":{"line":130,"column":46},"end":{"line":130,"column":75}},{"start":{"line":130,"column":79},"end":{"line":130,"column":82}}]},"12":{"loc":{"start":{"line":131,"column":43},"end":{"line":131,"column":82}},"type":"binary-expr","locations":[{"start":{"line":131,"column":43},"end":{"line":131,"column":75}},{"start":{"line":131,"column":79},"end":{"line":131,"column":82}}]},"13":{"loc":{"start":{"line":132,"column":36},"end":{"line":132,"column":134}},"type":"cond-expr","locations":[{"start":{"line":132,"column":61},"end":{"line":132,"column":129}},{"start":{"line":132,"column":133},"end":{"line":132,"column":134}}]},"14":{"loc":{"start":{"line":134,"column":39},"end":{"line":134,"column":68}},"type":"binary-expr","locations":[{"start":{"line":134,"column":39},"end":{"line":134,"column":61}},{"start":{"line":134,"column":65},"end":{"line":134,"column":68}}]},"15":{"loc":{"start":{"line":135,"column":36},"end":{"line":135,"column":68}},"type":"binary-expr","locations":[{"start":{"line":135,"column":36},"end":{"line":135,"column":61}},{"start":{"line":135,"column":65},"end":{"line":135,"column":68}}]},"16":{"loc":{"start":{"line":136,"column":29},"end":{"line":136,"column":99}},"type":"cond-expr","locations":[{"start":{"line":136,"column":47},"end":{"line":136,"column":94}},{"start":{"line":136,"column":98},"end":{"line":136,"column":99}}]},"17":{"loc":{"start":{"line":138,"column":47},"end":{"line":138,"column":83}},"type":"binary-expr","locations":[{"start":{"line":138,"column":47},"end":{"line":138,"column":76}},{"start":{"line":138,"column":80},"end":{"line":138,"column":83}}]},"18":{"loc":{"start":{"line":139,"column":44},"end":{"line":139,"column":80}},"type":"binary-expr","locations":[{"start":{"line":139,"column":44},"end":{"line":139,"column":73}},{"start":{"line":139,"column":77},"end":{"line":139,"column":80}}]},"19":{"loc":{"start":{"line":140,"column":35},"end":{"line":140,"column":102}},"type":"cond-expr","locations":[{"start":{"line":140,"column":59},"end":{"line":140,"column":97}},{"start":{"line":140,"column":101},"end":{"line":140,"column":102}}]},"20":{"loc":{"start":{"line":159,"column":40},"end":{"line":159,"column":70}},"type":"binary-expr","locations":[{"start":{"line":159,"column":40},"end":{"line":159,"column":63}},{"start":{"line":159,"column":67},"end":{"line":159,"column":70}}]},"21":{"loc":{"start":{"line":163,"column":42},"end":{"line":163,"column":74}},"type":"binary-expr","locations":[{"start":{"line":163,"column":42},"end":{"line":163,"column":67}},{"start":{"line":163,"column":71},"end":{"line":163,"column":74}}]},"22":{"loc":{"start":{"line":172,"column":24},"end":{"line":172,"column":47}},"type":"binary-expr","locations":[{"start":{"line":172,"column":24},"end":{"line":172,"column":34}},{"start":{"line":172,"column":38},"end":{"line":172,"column":47}}]},"23":{"loc":{"start":{"line":173,"column":25},"end":{"line":173,"column":51}},"type":"binary-expr","locations":[{"start":{"line":173,"column":25},"end":{"line":173,"column":46}},{"start":{"line":173,"column":50},"end":{"line":173,"column":51}}]},"24":{"loc":{"start":{"line":174,"column":26},"end":{"line":174,"column":53}},"type":"binary-expr","locations":[{"start":{"line":174,"column":26},"end":{"line":174,"column":48}},{"start":{"line":174,"column":52},"end":{"line":174,"column":53}}]},"25":{"loc":{"start":{"line":184,"column":28},"end":{"line":187,"column":null}},"type":"binary-expr","locations":[{"start":{"line":184,"column":28},"end":{"line":184,"column":42}},{"start":{"line":184,"column":46},"end":{"line":187,"column":null}}]},"26":{"loc":{"start":{"line":203,"column":16},"end":{"line":203,"column":32}},"type":"default-arg","locations":[{"start":{"line":203,"column":25},"end":{"line":203,"column":32}}]},"27":{"loc":{"start":{"line":204,"column":21},"end":{"line":204,"column":73}},"type":"cond-expr","locations":[{"start":{"line":204,"column":41},"end":{"line":204,"column":42}},{"start":{"line":204,"column":45},"end":{"line":204,"column":73}}]},"28":{"loc":{"start":{"line":204,"column":45},"end":{"line":204,"column":73}},"type":"cond-expr","locations":[{"start":{"line":204,"column":66},"end":{"line":204,"column":68}},{"start":{"line":204,"column":71},"end":{"line":204,"column":73}}]},"29":{"loc":{"start":{"line":206,"column":60},"end":{"line":206,"column":78}},"type":"binary-expr","locations":[{"start":{"line":206,"column":60},"end":{"line":206,"column":69}},{"start":{"line":206,"column":73},"end":{"line":206,"column":78}}]},"30":{"loc":{"start":{"line":206,"column":82},"end":{"line":206,"column":97}},"type":"binary-expr","locations":[{"start":{"line":206,"column":82},"end":{"line":206,"column":88}},{"start":{"line":206,"column":92},"end":{"line":206,"column":97}}]},"31":{"loc":{"start":{"line":208,"column":8},"end":{"line":210,"column":9}},"type":"if","locations":[{"start":{"line":208,"column":8},"end":{"line":210,"column":9}}]},"32":{"loc":{"start":{"line":280,"column":44},"end":{"line":280,"column":77}},"type":"binary-expr","locations":[{"start":{"line":280,"column":44},"end":{"line":280,"column":70}},{"start":{"line":280,"column":74},"end":{"line":280,"column":77}}]},"33":{"loc":{"start":{"line":281,"column":47},"end":{"line":281,"column":83}},"type":"binary-expr","locations":[{"start":{"line":281,"column":47},"end":{"line":281,"column":76}},{"start":{"line":281,"column":80},"end":{"line":281,"column":83}}]},"34":{"loc":{"start":{"line":285,"column":33},"end":{"line":285,"column":115}},"type":"binary-expr","locations":[{"start":{"line":285,"column":33},"end":{"line":285,"column":108}},{"start":{"line":285,"column":112},"end":{"line":285,"column":115}}]},"35":{"loc":{"start":{"line":285,"column":55},"end":{"line":285,"column":96}},"type":"binary-expr","locations":[{"start":{"line":285,"column":55},"end":{"line":285,"column":89}},{"start":{"line":285,"column":93},"end":{"line":285,"column":96}}]},"36":{"loc":{"start":{"line":286,"column":32},"end":{"line":286,"column":124}},"type":"cond-expr","locations":[{"start":{"line":286,"column":57},"end":{"line":286,"column":119}},{"start":{"line":286,"column":122},"end":{"line":286,"column":124}}]},"37":{"loc":{"start":{"line":287,"column":35},"end":{"line":287,"column":109}},"type":"binary-expr","locations":[{"start":{"line":287,"column":35},"end":{"line":287,"column":102}},{"start":{"line":287,"column":106},"end":{"line":287,"column":109}}]},"38":{"loc":{"start":{"line":287,"column":57},"end":{"line":287,"column":90}},"type":"binary-expr","locations":[{"start":{"line":287,"column":57},"end":{"line":287,"column":83}},{"start":{"line":287,"column":87},"end":{"line":287,"column":90}}]},"39":{"loc":{"start":{"line":288,"column":30},"end":{"line":288,"column":102}},"type":"binary-expr","locations":[{"start":{"line":288,"column":30},"end":{"line":288,"column":96}},{"start":{"line":288,"column":100},"end":{"line":288,"column":102}}]},"40":{"loc":{"start":{"line":288,"column":50},"end":{"line":288,"column":81}},"type":"binary-expr","locations":[{"start":{"line":288,"column":50},"end":{"line":288,"column":74}},{"start":{"line":288,"column":78},"end":{"line":288,"column":81}}]},"41":{"loc":{"start":{"line":289,"column":40},"end":{"line":289,"column":121}},"type":"binary-expr","locations":[{"start":{"line":289,"column":40},"end":{"line":289,"column":115}},{"start":{"line":289,"column":119},"end":{"line":289,"column":121}}]},"42":{"loc":{"start":{"line":289,"column":60},"end":{"line":289,"column":86}},"type":"binary-expr","locations":[{"start":{"line":289,"column":60},"end":{"line":289,"column":79}},{"start":{"line":289,"column":83},"end":{"line":289,"column":86}}]},"43":{"loc":{"start":{"line":291,"column":22},"end":{"line":296,"column":20}},"type":"cond-expr","locations":[{"start":{"line":291,"column":48},"end":{"line":296,"column":15}},{"start":{"line":296,"column":18},"end":{"line":296,"column":20}}]},"44":{"loc":{"start":{"line":293,"column":24},"end":{"line":293,"column":49}},"type":"binary-expr","locations":[{"start":{"line":293,"column":24},"end":{"line":293,"column":44}},{"start":{"line":293,"column":48},"end":{"line":293,"column":49}}]},"45":{"loc":{"start":{"line":294,"column":25},"end":{"line":294,"column":51}},"type":"binary-expr","locations":[{"start":{"line":294,"column":25},"end":{"line":294,"column":46}},{"start":{"line":294,"column":50},"end":{"line":294,"column":51}}]},"46":{"loc":{"start":{"line":297,"column":23},"end":{"line":303,"column":20}},"type":"cond-expr","locations":[{"start":{"line":297,"column":48},"end":{"line":303,"column":15}},{"start":{"line":303,"column":18},"end":{"line":303,"column":20}}]},"47":{"loc":{"start":{"line":300,"column":24},"end":{"line":300,"column":49}},"type":"binary-expr","locations":[{"start":{"line":300,"column":24},"end":{"line":300,"column":44}},{"start":{"line":300,"column":48},"end":{"line":300,"column":49}}]},"48":{"loc":{"start":{"line":301,"column":25},"end":{"line":301,"column":51}},"type":"binary-expr","locations":[{"start":{"line":301,"column":25},"end":{"line":301,"column":46}},{"start":{"line":301,"column":50},"end":{"line":301,"column":51}}]},"49":{"loc":{"start":{"line":302,"column":30},"end":{"line":302,"column":92}},"type":"binary-expr","locations":[{"start":{"line":302,"column":30},"end":{"line":302,"column":87}},{"start":{"line":302,"column":91},"end":{"line":302,"column":92}}]},"50":{"loc":{"start":{"line":302,"column":52},"end":{"line":302,"column":75}},"type":"binary-expr","locations":[{"start":{"line":302,"column":52},"end":{"line":302,"column":68}},{"start":{"line":302,"column":72},"end":{"line":302,"column":75}}]},"51":{"loc":{"start":{"line":318,"column":16},"end":{"line":318,"column":32}},"type":"default-arg","locations":[{"start":{"line":318,"column":25},"end":{"line":318,"column":32}}]},"52":{"loc":{"start":{"line":319,"column":21},"end":{"line":319,"column":73}},"type":"cond-expr","locations":[{"start":{"line":319,"column":41},"end":{"line":319,"column":42}},{"start":{"line":319,"column":45},"end":{"line":319,"column":73}}]},"53":{"loc":{"start":{"line":319,"column":45},"end":{"line":319,"column":73}},"type":"cond-expr","locations":[{"start":{"line":319,"column":66},"end":{"line":319,"column":68}},{"start":{"line":319,"column":71},"end":{"line":319,"column":73}}]},"54":{"loc":{"start":{"line":362,"column":31},"end":{"line":362,"column":60}},"type":"binary-expr","locations":[{"start":{"line":362,"column":31},"end":{"line":362,"column":53}},{"start":{"line":362,"column":57},"end":{"line":362,"column":60}}]},"55":{"loc":{"start":{"line":366,"column":31},"end":{"line":366,"column":63}},"type":"binary-expr","locations":[{"start":{"line":366,"column":31},"end":{"line":366,"column":56}},{"start":{"line":366,"column":60},"end":{"line":366,"column":63}}]},"56":{"loc":{"start":{"line":367,"column":30},"end":{"line":367,"column":61}},"type":"binary-expr","locations":[{"start":{"line":367,"column":30},"end":{"line":367,"column":54}},{"start":{"line":367,"column":58},"end":{"line":367,"column":61}}]},"57":{"loc":{"start":{"line":371,"column":28},"end":{"line":371,"column":91}},"type":"cond-expr","locations":[{"start":{"line":371,"column":40},"end":{"line":371,"column":87}},{"start":{"line":371,"column":90},"end":{"line":371,"column":91}}]},"58":{"loc":{"start":{"line":374,"column":22},"end":{"line":374,"column":38}},"type":"binary-expr","locations":[{"start":{"line":374,"column":22},"end":{"line":374,"column":30}},{"start":{"line":374,"column":34},"end":{"line":374,"column":38}}]},"59":{"loc":{"start":{"line":376,"column":28},"end":{"line":376,"column":91}},"type":"cond-expr","locations":[{"start":{"line":376,"column":40},"end":{"line":376,"column":87}},{"start":{"line":376,"column":90},"end":{"line":376,"column":91}}]},"60":{"loc":{"start":{"line":378,"column":31},"end":{"line":378,"column":110}},"type":"binary-expr","locations":[{"start":{"line":378,"column":31},"end":{"line":378,"column":105}},{"start":{"line":378,"column":109},"end":{"line":378,"column":110}}]},"61":{"loc":{"start":{"line":378,"column":53},"end":{"line":378,"column":93}},"type":"binary-expr","locations":[{"start":{"line":378,"column":53},"end":{"line":378,"column":86}},{"start":{"line":378,"column":90},"end":{"line":378,"column":93}}]},"62":{"loc":{"start":{"line":392,"column":16},"end":{"line":392,"column":32}},"type":"default-arg","locations":[{"start":{"line":392,"column":25},"end":{"line":392,"column":32}}]},"63":{"loc":{"start":{"line":393,"column":21},"end":{"line":393,"column":73}},"type":"cond-expr","locations":[{"start":{"line":393,"column":41},"end":{"line":393,"column":42}},{"start":{"line":393,"column":45},"end":{"line":393,"column":73}}]},"64":{"loc":{"start":{"line":393,"column":45},"end":{"line":393,"column":73}},"type":"cond-expr","locations":[{"start":{"line":393,"column":66},"end":{"line":393,"column":68}},{"start":{"line":393,"column":71},"end":{"line":393,"column":73}}]},"65":{"loc":{"start":{"line":417,"column":31},"end":{"line":417,"column":61}},"type":"binary-expr","locations":[{"start":{"line":417,"column":31},"end":{"line":417,"column":54}},{"start":{"line":417,"column":58},"end":{"line":417,"column":61}}]},"66":{"loc":{"start":{"line":422,"column":36},"end":{"line":422,"column":70}},"type":"binary-expr","locations":[{"start":{"line":422,"column":36},"end":{"line":422,"column":63}},{"start":{"line":422,"column":67},"end":{"line":422,"column":70}}]},"67":{"loc":{"start":{"line":423,"column":33},"end":{"line":423,"column":64}},"type":"binary-expr","locations":[{"start":{"line":423,"column":33},"end":{"line":423,"column":57}},{"start":{"line":423,"column":61},"end":{"line":423,"column":64}}]},"68":{"loc":{"start":{"line":424,"column":36},"end":{"line":424,"column":70}},"type":"binary-expr","locations":[{"start":{"line":424,"column":36},"end":{"line":424,"column":63}},{"start":{"line":424,"column":67},"end":{"line":424,"column":70}}]},"69":{"loc":{"start":{"line":437,"column":26},"end":{"line":437,"column":46}},"type":"binary-expr","locations":[{"start":{"line":437,"column":26},"end":{"line":437,"column":38}},{"start":{"line":437,"column":42},"end":{"line":437,"column":46}}]},"70":{"loc":{"start":{"line":439,"column":28},"end":{"line":439,"column":91}},"type":"cond-expr","locations":[{"start":{"line":439,"column":40},"end":{"line":439,"column":87}},{"start":{"line":439,"column":90},"end":{"line":439,"column":91}}]}},"s":{"0":2,"1":2,"2":2,"3":2,"4":2,"5":2,"6":2,"7":0,"8":0,"9":0,"10":0,"11":0,"12":0,"13":0,"14":0,"15":0,"16":2,"17":0,"18":0,"19":0,"20":0,"21":0,"22":0,"23":0,"24":0,"25":0,"26":0,"27":0,"28":0,"29":0,"30":0,"31":0,"32":0,"33":0,"34":0,"35":0,"36":0,"37":0,"38":0,"39":0,"40":0,"41":0,"42":0,"43":0,"44":0,"45":0,"46":0,"47":0,"48":0,"49":0,"50":0,"51":0,"52":0,"53":0,"54":0,"55":0,"56":0,"57":0,"58":2,"59":0,"60":0,"61":0,"62":0,"63":0,"64":0,"65":0,"66":0,"67":0,"68":0,"69":0,"70":0,"71":0,"72":0,"73":0,"74":0,"75":0,"76":2,"77":0,"78":0,"79":0,"80":0,"81":0,"82":0,"83":0,"84":0,"85":0,"86":0,"87":0,"88":0,"89":2,"90":0,"91":0,"92":0,"93":0,"94":0,"95":0,"96":0,"97":0,"98":0,"99":0,"100":2},"f":{"0":0,"1":0,"2":0,"3":0,"4":0,"5":0,"6":0,"7":0,"8":0,"9":0,"10":0,"11":0,"12":0,"13":0,"14":0,"15":0},"b":{"0":[0],"1":[0],"2":[0,0],"3":[0],"4":[0],"5":[0,0],"6":[0],"7":[0,0],"8":[0,0],"9":[0,0],"10":[0,0],"11":[0,0],"12":[0,0],"13":[0,0],"14":[0,0],"15":[0,0],"16":[0,0],"17":[0,0],"18":[0,0],"19":[0,0],"20":[0,0],"21":[0,0],"22":[0,0],"23":[0,0],"24":[0,0],"25":[0,0],"26":[0],"27":[0,0],"28":[0,0],"29":[0,0],"30":[0,0],"31":[0],"32":[0,0],"33":[0,0],"34":[0,0],"35":[0,0],"36":[0,0],"37":[0,0],"38":[0,0],"39":[0,0],"40":[0,0],"41":[0,0],"42":[0,0],"43":[0,0],"44":[0,0],"45":[0,0],"46":[0,0],"47":[0,0],"48":[0,0],"49":[0,0],"50":[0,0],"51":[0],"52":[0,0],"53":[0,0],"54":[0,0],"55":[0,0],"56":[0,0],"57":[0,0],"58":[0,0],"59":[0,0],"60":[0,0],"61":[0,0],"62":[0],"63":[0,0],"64":[0,0],"65":[0,0],"66":[0,0],"67":[0,0],"68":[0,0],"69":[0,0],"70":[0,0]}}
[...]
lumn":16},"end":{"line":146,"column":34}},"62":{"start":{"line":147,"column":16},"end":{"line":147,"column":38}},"63":{"start":{"line":149,"column":8},"end":{"line":149,"column":49}},"64":{"start":{"line":150,"column":8},"end":{"line":150,"column":37}},"65":{"start":{"line":154,"column":8},"end":{"line":154,"column":22}},"66":{"start":{"line":156,"column":8},"end":{"line":159,"column":9}},"67":{"start":{"line":157,"column":12},"end":{"line":157,"column":34}},"68":{"start":{"line":158,"column":12},"end":{"line":158,"column":19}},"69":{"start":{"line":161,"column":25},"end":{"line":161,"column":74}},"70":{"start":{"line":162,"column":8},"end":{"line":162,"column":30}},"71":{"start":{"line":163,"column":8},"end":{"line":163,"column":22}},"72":{"start":{"line":164,"column":8},"end":{"line":164,"column":30}},"73":{"start":{"line":168,"column":20},"end":{"line":168,"column":30}},"74":{"start":{"line":169,"column":24},"end":{"line":169,"column":54}},"75":{"start":{"line":170,"column":26},"end":{"line":170,"column":51}},"76":{"start":{"line":172,"column":8},"end":{"line":172,"column":72}},"77":{"start":{"line":173,"column":8},"end":{"line":173,"column":30}},"78":{"start":{"line":177,"column":8},"end":{"line":177,"column":22}},"79":{"start":{"line":178,"column":8},"end":{"line":178,"column":27}},"80":{"start":{"line":140,"column":0},"end":{"line":140,"column":13}}},"fnMap":{"0":{"name":"(anonymous_0)","decl":{"start":{"line":16,"column":21},"end":{"line":16,"column":22}},"loc":{"start":{"line":16,"column":36},"end":{"line":21,"column":5}}},"1":{"name":"withRetry","decl":{"start":{"line":24,"column":22},"end":{"line":24,"column":31}},"loc":{"start":{"line":26,"column":39},"end":{"line":60,"column":1}}},"2":{"name":"defaultRetryableErrors","decl":{"start":{"line":62,"column":9},"end":{"line":62,"column":31}},"loc":{"start":{"line":62,"column":42},"end":{"line":66,"column":1}}},"3":{"name":"sleep","decl":{"start":{"line":68,"column":9},"end":{"line":68,"column":14}},"loc":{"start":{"line":68,"column":25},"end":{"line":70,"column":1}}},"4":{"name":"(anonymous_4)","decl":{"start":{"line":69,"column":23},"end":{"line":69,"column":30}},"loc":{"start":{"line":69,"column":34},"end":{"line":69,"column":57}}},"5":{"name":"calculateBackoffWithJitter","decl":{"start":{"line":73,"column":16},"end":{"line":73,"column":42}},"loc":{"start":{"line":77,"column":22},"end":{"line":82,"column":1}}},"6":{"name":"(anonymous_7)","decl":{"start":{"line":96,"column":4},"end":{"line":96,"column":9}},"loc":{"start":{"line":96,"column":41},"end":{"line":114,"column":5}}},"7":{"name":"(anonymous_8)","decl":{"start":{"line":116,"column":12},"end":{"line":116,"column":21}},"loc":{"start":{"line":116,"column":21},"end":{"line":122,"column":5}}},"8":{"name":"(anonymous_9)","decl":{"start":{"line":124,"column":12},"end":{"line":124,"column":21}},"loc":{"start":{"line":124,"column":21},"end":{"line":132,"column":5}}},"9":{"name":"(anonymous_10)","decl":{"start":{"line":134,"column":4},"end":{"line":134,"column":12}},"loc":{"start":{"line":134,"column":12},"end":{"line":136,"column":5}}},"10":{"name":"(anonymous_11)","decl":{"start":{"line":144,"column":4},"end":{"line":144,"column":null}},"loc":{"start":{"line":147,"column":38},"end":{"line":151,"column":5}}},"11":{"name":"(anonymous_12)","decl":{"start":{"line":153,"column":4},"end":{"line":153,"column":9}},"loc":{"start":{"line":153,"column":36},"end":{"line":165,"column":5}}},"12":{"name":"(anonymous_13)","decl":{"start":{"line":167,"column":12},"end":{"line":167,"column":18}},"loc":{"start":{"line":167,"column":18},"end":{"line":174,"column":5}}},"13":{"name":"(anonymous_14)","decl":{"start":{"line":176,"column":4},"end":{"line":176,"column":22}},"loc":{"start":{"line":176,"column":22},"end":{"line":179,"column":5}}}},"branchMap":{"0":{"loc":{"start":{"line":18,"column":8},"end":{"line":18,"column":41}},"type":"if","locations":[{"start":{"line":18,"column":8},"end":{"line":18,"column":41}}]},"1":{"loc":{"start":{"line":20,"column":15},"end":{"line":20,"column":64}},"type":"binary-expr","locations":[{"start":{"line":20,"column":15},"end":{"line":20,"column":29}},{"start":{"line":20,"column":34},"end":{"line":20,"column":47}},{"start":{"line":20,"column":51},"end":{"line":20,"column":63}}]},"2":{"loc":{"start":{"line":26,"column":4},"end":{"line":26,"column":39}},"type":"default-arg","locations":[{"start":{"line":26,"column":37},"end":{"line":26,"column":39}}]},"3":{"loc":{"start":{"line":39,"column":12},"end":{"line":55,"column":13}},"type":"if","locations":[{"start":{"line":39,"column":12},"end":{"line":55,"column":13}}]},"4":{"loc":{"start":{"line":40,"column":36},"end":{"line":42,"column":51}},"type":"cond-expr","locations":[{"start":{"line":41,"column":22},"end":{"line":41,"column":49}},{"start":{"line":42,"column":22},"end":{"line":42,"column":51}}]},"5":{"loc":{"start":{"line":44,"column":16},"end":{"line":54,"column":17}},"type":"if","locations":[{"start":{"line":44,"column":16},"end":{"line":54,"column":17}},{"start":{"line":51,"column":23},"end":{"line":54,"column":17}}]},"6":{"loc":{"start":{"line":46,"column":32},"end":{"line":46,"column":65}},"type":"binary-expr","locations":[{"start":{"line":46,"column":32},"end":{"line":46,"column":56}},{"start":{"line":46,"column":60},"end":{"line":46,"column":65}}]},"7":{"loc":{"start":{"line":63,"column":4},"end":{"line":63,"column":37}},"type":"if","locations":[{"start":{"line":63,"column":4},"end":{"line":63,"column":37}}]},"8":{"loc":{"start":{"line":65,"column":11},"end":{"line":65,"column":60}},"type":"binary-expr","locations":[{"start":{"line":65,"column":11},"end":{"line":65,"column":25}},{"start":{"line":65,"column":30},"end":{"line":65,"column":43}},{"start":{"line":65,"column":47},"end":{"line":65,"column":59}}]},"9":{"loc":{"start":{"line":91,"column":16},"end":{"line":91,"column":37}},"type":"default-arg","locations":[{"start":{"line":91,"column":36},"end":{"line":91,"column":37}}]},"10":{"loc":{"start":{"line":92,"column":16},"end":{"line":92,"column":39}},"type":"default-arg","locations":[{"start":{"line":92,"column":34},"end":{"line":92,"column":39}}]},"11":{"loc":{"start":{"line":93,"column":16},"end":{"line":93,"column":44}},"type":"default-arg","locations":[{"start":{"line":93,"column":39},"end":{"line":93,"column":44}}]},"12":{"loc":{"start":{"line":97,"column":8},"end":{"line":104,"column":9}},"type":"if","locations":[{"start":{"line":97,"column":8},"end":{"line":104,"column":9}}]},"13":{"loc":{"start":{"line":98,"column":12},"end":{"line":103,"column":13}},"type":"if","locations":[{"start":{"line":98,"column":12},"end":{"line":103,"column":13}},{"start":{"line":101,"column":19},"end":{"line":103,"column":13}}]},"14":{"loc":{"start":{"line":118,"column":8},"end":{"line":121,"column":9}},"type":"if","locations":[{"start":{"line":118,"column":8},"end":{"line":121,"column":9}}]},"15":{"loc":{"start":{"line":128,"column":8},"end":{"line":131,"column":9}},"type":"if","locations":[{"start":{"line":128,"column":8},"end":{"line":131,"column":9}}]},"16":{"loc":{"start":{"line":149,"column":22},"end":{"line":149,"column":48}},"type":"binary-expr","locations":[{"start":{"line":149,"column":22},"end":{"line":149,"column":35}},{"start":{"line":149,"column":39},"end":{"line":149,"column":48}}]},"17":{"loc":{"start":{"line":153,"column":18},"end":{"line":153,"column":36}},"type":"default-arg","locations":[{"start":{"line":153,"column":35},"end":{"line":153,"column":36}}]},"18":{"loc":{"start":{"line":156,"column":8},"end":{"line":159,"column":9}},"type":"if","locations":[{"start":{"line":156,"column":8},"end":{"line":159,"column":9}}]}},"s":{"0":0,"1":0,"2":0,"3":0,"4":0,"5":0,"6":0,"7":0,"8":0,"9":0,"10":0,"11":0,"12":0,"13":0,"14":0,"15":0,"16":0,"17":0,"18":0,"19":0,"20":0,"21":0,"22":0,"23":0,"24":0,"25":0,"26":0,"27":0,"28":0,"29":0,"30":0,"31":0,"32":0,"33":0,"34":0,"35":0,"36":0,"37":0,"38":0,"39":0,"40":0,"41":0,"42":0,"43":0,"44":0,"45":0,"46":0,"47":0,"48":0,"49":0,"50":0,"51":0,"52":0,"53":0,"54":0,"55":0,"56":0,"57":0,"58":0,"59":0,"60":0,"61":0,"62":0,"63":0,"64":0,"65":0,"66":0,"67":0,"68":0,"69":0,"70":0,"71":0,"72":0,"73":0,"74":0,"75":0,"76":0,"77":0,"78":0,"79":0,"80":0},"f":{"0":0,"1":0,"2":0,"3":0,"4":0,"5":0,"6":0,"7":0,"8":0,"9":0,"10":0,"11":0,"12":0,"13":0},"b":{"0":[0],"1":[0,0,0],"2":[0],"3":[0],"4":[0,0],"5":[0,0],"6":[0,0],"7":[0],"8":[0,0,0],"9":[0],"10":[0],"11":[0],"12":[0],"13":[0,0],"14":[0],"15":[0],"16":[0,0],"17":[0],"18":[0]}}
,"/home/psalmprax/ALL_PROJECTS/ag_extension_decision_support/ag-extension-dashboard/src/backend/src/utils/schemas.ts": {"path":"/home/psalmprax/ALL_PROJECTS/ag_extension_decision_support/ag-extension-dashboard/src/backend/src/utils/schemas.ts","statementMap":{"0":{"start":{"line":1,"column":0},"end":{"line":1,"column":24}},"1":{"start":{"line":4,"column":13},"end":{"line":9,"column":3}},"2":{"start":{"line":11,"column":13},"end":{"line":21,"column":3}},"3":{"start":{"line":24,"column":13},"end":{"line":34,"column":3}},"4":{"start":{"line":37,"column":13},"end":{"line":44,"column":3}}},"fnMap":{},"branchMap":{},"s":{"0":2,"1":2,"2":2,"3":2,"4":2},"f":{},"b":{}}
,"/home/psalmprax/ALL_PROJECTS/ag_extension_decision_support/ag-extension-dashboard/src/backend/src/utils/swagger.ts": {"path":"/home/psalmprax/ALL_PROJECTS/ag_extension_decision_support/ag-extension-dashboard/src/backend/src/utils/swagger.ts","statementMap":{"0":{"start":{"line":44,"column":0},"end":{"line":44,"column":16}},"1":{"start":{"line":1,"column":0},"end":{"line":1,"column":41}},"2":{"start":{"line":2,"column":0},"end":{"line":2,"column":43}},"3":{"start":{"line":4,"column":0},"end":{"line":4,"column":34}},"4":{"start":{"line":6,"column":38},"end":{"line":40,"column":2}},"5":{"start":{"line":42,"column":14},"end":{"line":42,"column":35}},"6":{"start":{"line":45,"column":4},"end":{"line":45,"column":66}},"7":{"start":{"line":46,"column":4},"end":{"line":46,"column":68}}},"fnMap":{"0":{"name":"setupSwagger","decl":{"start":{"line":44,"column":16},"end":{"line":44,"column":28}},"loc":{"start":{"line":44,"column":45},"end":{"line":47,"column":1}}}},"branchMap":{},"s":{"0":2,"1":2,"2":2,"3":2,"4":2,"5":2,"6":2,"7":2},"f":{"0":2},"b":{}}
,"/home/psalmprax/ALL_PROJECTS/ag_extension_decision_support/ag-extension-dashboard/src/backend/src/utils/translateAll.ts": {"path":"/home/psalmprax/ALL_PROJECTS/ag_extension_decision_support/ag-extension-dashboard/src/backend/src/utils/translateAll.ts","statementMap":{"0":{"start":{"line":8,"column":0},"end":{"line":8,"column":59}},"1":{"start":{"line":11,"column":20},"end":{"line":92,"column":2}},"2":{"start":{"line":95,"column":18},"end":{"line":113,"column":2}},"3":{"start":{"line":116,"column":4},"end":{"line":116,"column":49}},"4":{"start":{"line":118,"column":68},"end":{"line":118,"column":70}},"5":{"start":{"line":121,"column":4},"end":{"line":121,"column":40}},"6":{"start":{"line":123,"column":4},"end":{"line":148,"column":5}},"7":{"start":{"line":124,"column":8},"end":{"line":124,"column":54}},"8":{"start":{"line":125,"column":53},"end":{"line":125,"column":55}},"9":{"start":{"line":127,"column":21},"end":{"line":127,"column":45}},"10":{"start":{"line":129,"column":8},"end":{"line":144,"column":9}},"11":{"start":{"line":129,"column":21},"end":{"line":129,"column":22}},"12":{"start":{"line":130,"column":24},"end":{"line":130,"column":31}},"13":{"start":{"line":131,"column":25},"end":{"line":131,"column":69}},"14":{"start":{"line":133,"column":12},"end":{"line":140,"column":13}},"15":{"start":{"line":134,"column":31},"end":{"line":134,"column":71}},"16":{"start":{"line":135,"column":16},"end":{"line":135,"column":48}},"17":{"start":{"line":136,"column":16},"end":{"line":136,"column":67}},"18":{"start":{"line":138,"column":16},"end":{"line":138,"column":66}},"19":{"start":{"line":139,"column":16},"end":{"line":139,"column":41}},"20":{"start":{"line":143,"column":12},"end":{"line":143,"column":55}},"21":{"start":{"line":143,"column":35},"end":{"line":143,"column":53}},"22":{"start":{"line":146,"column":8},"end":{"line":146,"column":81}},"23":{"start":{"line":147,"column":8},"end":{"line":147,"column":90}},"24":{"start":{"line":151,"column":4},"end":{"line":151,"column":49}},"25":{"start":{"line":152,"column":4},"end":{"line":152,"column":32}},"26":{"start":{"line":153,"column":4},"end":{"line":153,"column":58}},"27":{"start":{"line":156,"column":0},"end":{"line":156,"column":36}}},"fnMap":{"0":{"name":"translateAll","decl":{"start":{"line":115,"column":15},"end":{"line":115,"column":27}},"loc":{"start":{"line":115,"column":27},"end":{"line":154,"column":1}}},"1":{"name":"(anonymous_1)","decl":{"start":{"line":143,"column":30},"end":{"line":143,"column":31}},"loc":{"start":{"line":143,"column":35},"end":{"line":143,"column":53}}}},"branchMap":{"0":{"loc":{"start":{"line":146,"column":24},"end":{"line":146,"column":64}},"type":"cond-expr","locations":[{"start":{"line":146,"column":48},"end":{"line":146,"column":52}},{"start":{"line":146,"column":55},"end":{"line":146,"column":64}}]}},"s":{"0":0,"1":0,"2":0,"3":0,"4":0,"5":0,"6":0,"7":0,"8":0,"9":0,"10":0,"11":0,"12":0,"13":0,"14":0,"15":0,"16":0,"17":0,"18":0,"19":0,"20":0,"21":0,"22":0,"23":0,"24":0,"25":0,"26":0,"27":0},"f":{"0":0,"1":0},"b":{"0":[0,0]}}
,"/home/psalmprax/ALL_PROJECTS/ag_extension_decision_support/ag-extension-dashboard/src/backend/src/utils/translationGenerator.ts": {"path":"/home/psalmprax/ALL_PROJECTS/ag_extension_decision_support/ag-extension-dashboard/src/backend/src/utils/translationGenerator.ts","statementMap":{"0":{"start":{"line":212,"column":9},"end":{"line":212,"column":29}},"1":{"start":{"line":8,"column":0},"end":{"line":8,"column":70}},"2":{"start":{"line":11,"column":28},"end":{"line":117,"column":2}},"3":{"start":{"line":212,"column":31},"end":{"line":212,"column":50}},"4":{"start":{"line":120,"column":24},"end":{"line":141,"column":2}},"5":{"start":{"line":212,"column":52},"end":{"line":212,"column":67}},"6":{"start":{"line":144,"column":4},"end":{"line":144,"column":61}},"7":{"start":{"line":146,"column":21},"end":{"line":146,"column":64}},"8":{"start":{"line":147,"column":68},"end":{"line":147,"column":70}},"9":{"start":{"line":150,"column":4},"end":{"line":150,"column":48}},"10":{"start":{"line":153,"column":33},"end":{"line":155,"column":6}},"11":{"start":{"line":157,"column":4},"end":{"line":198,"column":5}},"12":{"start":{"line":158,"column":8},"end":{"line":158,"column":72}},"13":{"start":{"line":160,"column":53},"end":{"line":160,"column":55}},"14":{"start":{"line":163,"column":32},"end":{"line":165,"column":32}},"15":{"start":{"line":164,"column":35},"end":{"line":164,"column":78}},"16":{"start":{"line":167,"column":23},"end":{"line":175,"column":3}},"17":{"start":{"line":177,"column":8},"end":{"line":195,"column":9}},"18":{"start":{"line":178,"column":29},"end":{"line":180,"column":18}},"19":{"start":{"line":183,"column":27},"end":{"line":183,"column":56}},"20":{"start":{"line":184,"column":33},"end":{"line":184,"column":50}},"21":{"start":{"line":185,"column":30},"end":{"line":185,"column":63}},"22":{"start":{"line":186,"column":12},"end":{"line":192,"column":13}},"23":{"start":{"line":187,"column":31},"end":{"line":187,"column":55}},"24":{"start":{"line":188,"column":16},"end":{"line":188,"column":52}},"25":{"start":{"line":189,"column":16},"end":{"line":189,"column":95}},"26":{"start":{"line":191,"column":16},"end":{"line":191,"column":64}},"27":{"start":{"line":194,"column":12},"end":{"line":194,"column":48}},"28":{"start":{"line":197,"column":8},"end":{"line":197,"column":50}},"29":{"start":{"line":201,"column":4},"end":{"line":201,"column":50}},"30":{"start":{"line":202,"column":4},"end":{"line":202,"column":58}},"31":{"start":{"line":206,"column":0},"end":{"line":210,"column":1}},"32":{"start":{"line":207,"column":4},"end":{"line":209,"column":30}},"33":{"start":{"line":208,"column":20},"end":{"line":208,"column":44}}},"fnMap":{"0":{"name":"generateTranslations","decl":{"start":{"line":143,"column":15},"end":{"line":143,"column":35}},"loc":{"start":{"line":143,"column":35},"end":{"line":203,"column":1}}},"1":{"name":"(anonymous_1)","decl":{"start":{"line":164,"column":17},"end":{"line":164,"column":18}},"loc":{"start":{"line":164,"column":35},"end":{"line":164,"column":78}}},"2":{"name":"(anonymous_2)","decl":{"start":{"line":208,"column":14},"end":{"line":208,"column":17}},"loc":{"start":{"line":208,"column":20},"end":{"line":208,"column":44}}}},"branchMap":{"0":{"loc":{"start":{"line":184,"column":33},"end":{"line":184,"column":50}},"type":"binary-expr","locations":[{"start":{"line":184,"column":33},"end":{"line":184,"column":44}},{"start":{"line":184,"column":48},"end":{"line":184,"column":50}}]},"1":{"loc":{"start":{"line":186,"column":12},"end":{"line":192,"column":13}},"type":"if","locations":[{"start":{"line":186,"column":12},"end":{"line":192,"column":13}},{"start":{"line":190,"column":19},"end":{"line":192,"column":13}}]},"2":{"loc":{"start":{"line":206,"column":0},"end":{"line":210,"column":1}},"type":"if","locations":[{"start":{"line":206,"column":0},"end":{"line":210,"column":1}}]}},"s":{"0":0,"1":0,"2":0,"3":0,"4":0,"5":0,"6":0,"7":0,"8":0,"9":0,"10":0,"11":0,"12":0,"13":0,"14":0,"15":0,"16":0,"17":0,"18":0,"19":0,"20":0,"21":0,"22":0,"23":0,"24":0,"25":0,"26":0,"27":0,"28":0,"29":0,"30":0,"31":0,"32":0,"33":0},"f":{"0":0,"1":0,"2":0},"b":{"0":[0,0],"1":[0,0],"2":[0]}}
,"/home/psalmprax/ALL_PROJECTS/ag_extension_decision_support/ag-extension-dashboard/src/backend/src/workers/emailWorker.ts": {"path":"/home/psalmprax/ALL_PROJECTS/ag_extension_decision_support/ag-extension-dashboard/src/backend/src/workers/emailWorker.ts","statementMap":{"0":{"start":{"line":1,"column":0},"end":{"line":1,"column":37}},"1":{"start":{"line":2,"column":0},"end":{"line":2,"column":55}},"2":{"start":{"line":4,"column":0},"end":{"line":4,"column":56}},"3":{"start":{"line":5,"column":0},"end":{"line":5,"column":41}},"4":{"start":{"line":7,"column":13},"end":{"line":32,"column":2}},"5":{"start":{"line":10,"column":69},"end":{"line":10,"column":77}},"6":{"start":{"line":12,"column":8},"end":{"line":12,"column":63}},"7":{"start":{"line":14,"column":8},"end":{"line":26,"column":9}},"8":{"start":{"line":15,"column":12},"end":{"line":21,"column":15}},"9":{"start":{"line":22,"column":12},"end":{"line":22,"column":70}},"10":{"start":{"line":24,"column":12},"end":{"line":24,"column":63}},"11":{"start":{"line":25,"column":12},"end":{"line":25,"column":24}},"12":{"start":{"line":34,"column":0},"end":{"line":36,"column":3}},"13":{"start":{"line":35,"column":4},"end":{"line":35,"column":51}},"14":{"start":{"line":38,"column":0},"end":{"line":40,"column":3}},"15":{"start":{"line":39,"column":4},"end":{"line":39,"column":77}}},"fnMap":{"0":{"name":"(anonymous_0)","decl":{"start":{"line":9,"column":4},"end":{"line":9,"column":9}},"loc":{"start":{"line":9,"column":37},"end":{"line":27,"column":5}}},"1":{"name":"(anonymous_1)","decl":{"start":{"line":34,"column":28},"end":{"line":34,"column":29}},"loc":{"start":{"line":34,"column":36},"end":{"line":36,"column":1}}},"2":{"name":"(anonymous_2)","decl":{"start":{"line":38,"column":25},"end":{"line":38,"column":26}},"loc":{"start":{"line":38,"column":38},"end":{"line":40,"column":1}}}},"branchMap":{"0":{"loc":{"start":{"line":10,"column":20},"end":{"line":10,"column":42}},"type":"default-arg","locations":[{"start":{"line":10,"column":30},"end":{"line":10,"column":42}}]},"1":{"loc":{"start":{"line":10,"column":44},"end":{"line":10,"column":53}},"type":"default-arg","locations":[{"start":{"line":10,"column":51},"end":{"line":10,"column":53}}]},"2":{"loc":{"start":{"line":10,"column":55},"end":{"line":10,"column":64}},"type":"default-arg","locations":[{"start":{"line":10,"column":62},"end":{"line":10,"column":64}}]}},"s":{"0":0,"1":0,"2":0,"3":0,"4":0,"5":0,"6":0,"7":0,"8":0,"9":0,"10":0,"11":0,"12":0,"13":0,"14":0,"15":0},"f":{"0":0,"1":0,"2":0},"b":{"0":[0],"1":[0],"2":[0]}}
}
