TN:
SF:src/app.ts
FN:48,(anonymous_1)
FN:61,(anonymous_2)
FN:95,(anonymous_3)
FN:96,(anonymous_4)
FN:134,(anonymous_5)
FN:144,(anonymous_6)
FNF:6
FNH:1
FNDA:5,(anonymous_1)
FNDA:0,(anonymous_2)
FNDA:0,(anonymous_3)
FNDA:0,(anonymous_4)
FNDA:0,(anonymous_5)
FNDA:0,(anonymous_6)
DA:1,2
DA:2,2
DA:3,2
DA:4,2
DA:5,2
DA:6,2
DA:7,2
DA:8,2
DA:9,2
DA:10,2
DA:11,2
DA:12,2
DA:13,2
DA:14,2
DA:17,2
DA:18,2
DA:19,2
DA:20,2
DA:21,2
DA:22,2
DA:23,2
DA:24,2
DA:25,2
DA:26,2
DA:27,2
DA:28,2
DA:29,2
DA:30,2
DA:31,2
DA:32,2
DA:34,2
DA:36,2
DA:45,2
DA:46,2
DA:47,2
DA:48,5
DA:49,2
DA:50,2
DA:51,2
DA:52,2
DA:55,2
DA:58,2
DA:61,2
DA:62,0
DA:63,0
DA:64,0
DA:65,0
DA:66,0
DA:67,0
DA:68,0
DA:70,0
DA:73,0
DA:75,0
DA:76,0
DA:77,0
DA:78,0
DA:80,0
DA:83,0
DA:85,0
DA:86,0
DA:95,2
DA:96,2
DA:99,2
DA:100,2
DA:101,2
DA:102,2
DA:103,2
DA:104,2
DA:105,2
DA:106,2
DA:107,2
DA:108,2
DA:109,2
DA:110,2
DA:111,2
DA:112,2
DA:113,2
DA:114,2
DA:117,2
DA:118,2
DA:119,2
DA:120,2
DA:121,2
DA:122,2
DA:123,2
DA:124,2
DA:125,2
DA:126,2
DA:127,2
DA:128,2
DA:129,2
DA:130,2
DA:131,2
DA:132,2
DA:134,2
DA:135,0
DA:143,2
DA:144,2
DA:146,2
LF:99
LH:81
BRDA:66,0,0,0
BRDA:66,0,1,0
BRDA:77,1,0,0
BRDA:77,1,1,0
BRDA:77,2,0,0
BRDA:77,2,1,0
BRDA:86,3,0,0
BRDA:86,3,1,0
BRDA:87,4,0,0
BRDA:87,4,1,0
BRF:10
BRH:0
end_of_record
TN:
SF:src/test-alfa.ts
FN:4,testALFA
FNF:1
FNH:0
FNDA:0,testALFA
DA:1,0
DA:5,0
DA:8,0
DA:10,0
DA:11,0
DA:12,0
DA:16,0
DA:17,0
DA:19,0
DA:20,0
DA:23,0
DA:25,0
DA:26,0
DA:30,0
DA:31,0
DA:33,0
DA:35,0
DA:39,0
LF:18
LH:0
BRF:0
BRH:0
end_of_record
TN:
SF:src/test-rag.ts
FN:7,testRAG
FN:21,(anonymous_1)
FNF:2
FNH:0
FNDA:0,testRAG
FNDA:0,(anonymous_1)
DA:1,0
DA:2,0
DA:3,0
DA:4,0
DA:8,0
DA:11,0
DA:14,0
DA:15,0
DA:16,0
DA:18,0
DA:19,0
DA:20,0
DA:21,0
DA:22,0
DA:25,0
DA:26,0
DA:27,0
DA:28,0
DA:30,0
DA:32,0
DA:36,0
LF:21
LH:0
BRF:0
BRH:0
end_of_record
TN:
SF:src/test-tool-flow.ts
FN:6,testChatbot
FNF:1
FNH:0
FNDA:0,testChatbot
DA:2,0
DA:4,0
DA:7,0
DA:8,0
DA:10,0
DA:11,0
DA:13,0
DA:14,0
DA:19,0
DA:21,0
DA:22,0
DA:24,0
DA:29,0
LF:13
LH:0
BRDA:21,0,0,0
BRDA:21,0,1,0
BRDA:22,1,0,0
BRDA:22,1,1,0
BRF:4
BRH:0
end_of_record
TN:
SF:src/test_phase1.ts
FN:5,testPhase1
FN:9,(anonymous_10)
FN:12,(anonymous_11)
FNF:3
FNH:0
FNDA:0,testPhase1
FNDA:0,(anonymous_10)
FNDA:0,(anonymous_11)
DA:1,0
DA:2,0
DA:3,0
DA:6,0
DA:7,0
DA:8,0
DA:9,0
DA:10,0
DA:12,0
DA:13,0
DA:16,0
DA:17,0
DA:18,0
DA:19,0
DA:21,0
DA:24,0
DA:25,0
DA:26,0
DA:27,0
DA:30,0
DA:31,0
DA:32,0
DA:33,0
DA:35,0
DA:39,0
DA:40,0
DA:41,0
DA:46,0
DA:47,0
DA:48,0
DA:50,0
DA:53,0
DA:55,0
DA:57,0
DA:61,0
LF:35
LH:0
BRDA:18,0,0,0
BRDA:32,1,0,0
BRDA:32,1,1,0
BRDA:32,2,0,0
BRDA:32,2,1,0
BRDA:47,3,0,0
BRDA:47,3,1,0
BRF:7
BRH:0
end_of_record
TN:
SF:src/types.d.ts
FNF:0
FNH:0
LF:0
LH:0
BRF:0
BRH:0
end_of_record
TN:
SF:src/config/index.ts
FN:35,getEnv
FNF:1
FNH:1
FNDA:60,getEnv
DA:1,2
DA:3,2
DA:32,2
DA:36,60
DA:37,60
DA:38,0
DA:39,0
DA:41,0
DA:44,2
LF:9
LH:6
BRDA:35,0,0,54
BRDA:37,1,0,60
BRDA:38,2,0,0
BRDA:38,3,0,0
BRDA:38,3,1,0
BRDA:41,4,0,0
BRDA:41,4,1,0
BRF:7
BRH:2
end_of_record
TN:
SF:src/middleware/auditMiddleware.ts
FN:5,(anonymous_0)
FN:6,(anonymous_1)
FN:10,(anonymous_2)
FN:31,(anonymous_3)
FN:44,(anonymous_4)
FNF:5
FNH:1
FNDA:4,(anonymous_0)
FNDA:0,(anonymous_1)
FNDA:0,(anonymous_2)
FNDA:0,(anonymous_3)
FNDA:0,(anonymous_4)
DA:2,2
DA:3,2
DA:5,2
DA:6,4
DA:7,0
DA:10,0
DA:11,0
DA:14,0
DA:15,0
DA:16,0
DA:27,0
DA:31,0
DA:34,0
DA:37,0
DA:44,2
DA:45,0
DA:46,0
DA:51,0
LF:18
LH:5
BRDA:14,0,0,0
BRDA:14,1,0,0
BRDA:14,1,1,0
BRF:3
BRH:0
end_of_record
TN:
SF:src/middleware/authorize.ts
FN:20,(anonymous_1)
FN:21,(anonymous_2)
FN:90,(anonymous_3)
FN:121,(anonymous_4)
FN:214,(anonymous_5)
FN:222,(anonymous_6)
FN:223,(anonymous_7)
FNF:7
FNH:2
FNDA:38,(anonymous_1)
FNDA:5,(anonymous_2)
FNDA:0,(anonymous_3)
FNDA:0,(anonymous_4)
FNDA:0,(anonymous_5)
FNDA:0,(anonymous_6)
FNDA:0,(anonymous_7)
DA:2,2
DA:3,2
DA:4,2
DA:20,2
DA:21,38
DA:22,5
DA:24,5
DA:25,5
DA:26,2
DA:30,2
DA:33,3
DA:36,3
DA:43,3
DA:50,3
DA:51,0
DA:52,0
DA:56,0
DA:59,3
DA:61,0
DA:62,0
DA:66,0
DA:69,0
DA:70,0
DA:74,0
DA:77,0
DA:78,0
DA:90,2
DA:91,0
DA:92,0
DA:94,0
DA:95,0
DA:98,0
DA:99,0
DA:105,0
DA:111,0
DA:114,0
DA:121,2
DA:126,0
DA:129,0
DA:130,0
DA:134,0
DA:138,0
DA:139,0
DA:143,0
DA:144,0
DA:148,0
DA:150,0
DA:153,0
DA:162,2
DA:214,2
DA:215,0
DA:216,0
DA:222,2
DA:223,0
DA:224,0
DA:225,0
DA:229,0
DA:232,0
DA:233,0
DA:237,0
DA:240,0
LF:61
LH:20
BRDA:25,0,0,2
BRDA:25,1,0,5
BRDA:25,1,1,3
BRDA:50,2,0,0
BRDA:61,3,0,0
BRDA:69,4,0,0
BRDA:94,5,0,0
BRDA:94,6,0,0
BRDA:94,6,1,0
BRDA:129,7,0,0
BRDA:138,8,0,0
BRDA:143,9,0,0
BRDA:148,10,0,0
BRDA:224,11,0,0
BRDA:232,12,0,0
BRF:15
BRH:3
end_of_record
TN:
SF:src/middleware/errorHandler.ts
FN:9,errorHandler
FN:33,createError
FN:40,notFound
FNF:3
FNH:0
FNDA:0,errorHandler
FNDA:0,createError
FNDA:0,notFound
DA:2,2
DA:9,2
DA:15,0
DA:16,0
DA:18,0
DA:24,0
DA:33,2
DA:34,0
DA:35,0
DA:36,0
DA:37,0
DA:40,2
DA:41,0
LF:13
LH:4
BRDA:15,0,0,0
BRDA:15,0,1,0
BRDA:16,1,0,0
BRDA:16,1,1,0
BRDA:28,2,0,0
BRDA:28,2,1,0
BRF:6
BRH:0
end_of_record
TN:
SF:src/middleware/usageMiddleware.ts
FN:10,(anonymous_0)
FN:11,(anonymous_1)
FNF:2
FNH:1
FNDA:6,(anonymous_0)
FNDA:0,(anonymous_1)
DA:2,2
DA:4,2
DA:10,2
DA:11,6
DA:12,0
DA:13,0
DA:17,0
DA:21,0
DA:22,0
DA:25,0
DA:26,0
DA:28,0
DA:29,0
DA:30,0
DA:40,0
DA:43,0
DA:45,0
DA:48,0
LF:18
LH:4
BRDA:12,0,0,0
BRDA:21,1,0,0
BRDA:28,2,0,0
BRF:3
BRH:0
end_of_record
TN:
SF:src/middleware/validate.ts
FN:79,(anonymous_0)
FN:8,(anonymous_1)
FN:13,(anonymous_2)
FN:33,(anonymous_3)
FNF:4
FNH:1
FNDA:0,(anonymous_0)
FNDA:12,(anonymous_1)
FNDA:0,(anonymous_2)
FNDA:0,(anonymous_3)
DA:2,2
DA:8,2
DA:13,12
DA:14,0
DA:16,0
DA:17,0
DA:21,0
DA:22,0
DA:26,0
DA:27,0
DA:30,0
DA:32,0
DA:33,0
DA:38,0
DA:45,0
DA:53,2
DA:79,2
LF:17
LH:5
BRDA:16,0,0,0
BRDA:21,1,0,0
BRDA:26,2,0,0
BRDA:32,3,0,0
BRF:4
BRH:0
end_of_record
TN:
SF:src/middleware/validationMiddleware.ts
FN:5,(anonymous_0)
FN:5,(anonymous_1)
FN:19,(anonymous_2)
FNF:3
FNH:1
FNDA:8,(anonymous_0)
FNDA:0,(anonymous_1)
FNDA:0,(anonymous_2)
DA:2,2
DA:3,2
DA:5,8
DA:6,0
DA:7,0
DA:12,0
DA:14,0
DA:15,0
DA:16,0
DA:19,0
DA:25,0
DA:26,0
LF:12
LH:3
BRDA:14,0,0,0
BRF:1
BRH:0
end_of_record
TN:
SF:src/queues/connection.ts
FNF:0
FNH:0
DA:2,0
DA:4,0
LF:2
LH:0
BRF:0
BRH:0
end_of_record
TN:
SF:src/queues/emailQueue.ts
FN:26,(anonymous_0)
FNF:1
FNH:0
FNDA:0,(anonymous_0)
DA:1,0
DA:2,0
DA:13,0
DA:26,0
DA:27,0
LF:5
LH:0
BRF:0
BRH:0
end_of_record
TN:
SF:src/queues/index.ts
FNF:0
FNH:0
DA:1,0
LF:1
LH:0
BRF:0
BRH:0
end_of_record
TN:
SF:src/routes/ai.ts
FN:35,(anonymous_0)
FNF:1
FNH:0
FNDA:0,(anonymous_0)
DA:1,2
DA:2,2
DA:3,2
DA:4,2
DA:5,2
DA:6,2
DA:8,2
DA:11,2
DA:35,2
DA:36,0
DA:37,0
DA:39,0
DA:58,0
DA:64,0
DA:65,0
DA:67,0
DA:68,0
DA:70,0
DA:71,0
DA:74,0
DA:79,0
DA:80,0
DA:84,2
LF:23
LH:10
BRDA:67,0,0,0
BRDA:67,0,1,0
BRF:2
BRH:0
end_of_record
TN:
SF:src/routes/analytics.ts
FN:13,getFromDB
FN:29,(anonymous_1)
FN:76,(anonymous_2)
FN:77,(anonymous_3)
FN:105,(anonymous_4)
FN:171,(anonymous_5)
FN:176,(anonymous_6)
FN:201,(anonymous_7)
FN:291,(anonymous_8)
FN:297,(anonymous_9)
FN:316,(anonymous_10)
FN:368,(anonymous_11)
FN:373,(anonymous_12)
FN:379,(anonymous_13)
FN:390,(anonymous_14)
FN:436,(anonymous_15)
FNF:16
FNH:0
FNDA:0,getFromDB
FNDA:0,(anonymous_1)
FNDA:0,(anonymous_2)
FNDA:0,(anonymous_3)
FNDA:0,(anonymous_4)
FNDA:0,(anonymous_5)
FNDA:0,(anonymous_6)
FNDA:0,(anonymous_7)
FNDA:0,(anonymous_8)
FNDA:0,(anonymous_9)
FNDA:0,(anonymous_10)
FNDA:0,(anonymous_11)
FNDA:0,(anonymous_12)
FNDA:0,(anonymous_13)
FNDA:0,(anonymous_14)
FNDA:0,(anonymous_15)
DA:1,2
DA:2,2
DA:3,2
DA:4,2
DA:5,2
DA:7,2
DA:10,2
DA:14,0
DA:15,0
DA:16,0
DA:17,0
DA:18,0
DA:20,0
DA:21,0
DA:23,0
DA:24,0
DA:29,2
DA:30,0
DA:32,0
DA:33,0
DA:34,0
DA:45,0
DA:55,0
DA:67,0
DA:76,0
DA:77,0
DA:83,0
DA:105,0
DA:106,0
DA:107,0
DA:108,0
DA:109,0
DA:110,0
DA:119,0
DA:126,0
DA:127,0
DA:128,0
DA:130,0
DA:131,0
DA:132,0
DA:134,0
DA:135,0
DA:136,0
DA:138,0
DA:139,0
DA:140,0
DA:143,0
DA:156,0
DA:171,0
DA:176,0
DA:191,0
DA:193,0
DA:195,0
DA:196,0
DA:201,2
DA:202,0
DA:203,0
DA:204,0
DA:206,0
DA:207,0
DA:208,0
DA:209,0
DA:221,0
DA:280,0
DA:281,0
DA:283,0
DA:291,0
DA:297,0
DA:306,0
DA:308,0
DA:310,0
DA:311,0
DA:316,2
DA:317,0
DA:318,0
DA:319,0
DA:329,0
DA:362,0
DA:364,0
DA:368,0
DA:373,0
DA:379,0
DA:382,0
DA:384,0
DA:385,0
DA:390,2
DA:391,0
DA:392,0
DA:393,0
DA:398,0
DA:417,0
DA:419,0
DA:436,0
DA:443,0
DA:445,0
DA:446,0
DA:450,2
LF:97
LH:12
BRDA:13,0,0,0
BRDA:16,1,0,0
BRDA:21,2,0,0
BRDA:21,2,1,0
BRDA:33,3,0,0
BRDA:108,4,0,0
BRDA:108,5,0,0
BRDA:108,5,1,0
BRDA:109,6,0,0
BRDA:109,7,0,0
BRDA:109,7,1,0
BRDA:126,8,0,0
BRDA:126,8,1,0
BRDA:127,9,0,0
BRDA:127,9,1,0
BRDA:128,10,0,0
BRDA:128,10,1,0
BRDA:130,11,0,0
BRDA:130,11,1,0
BRDA:131,12,0,0
BRDA:131,12,1,0
BRDA:132,13,0,0
BRDA:132,13,1,0
BRDA:134,14,0,0
BRDA:134,14,1,0
BRDA:135,15,0,0
BRDA:135,15,1,0
BRDA:136,16,0,0
BRDA:136,16,1,0
BRDA:138,17,0,0
BRDA:138,17,1,0
BRDA:139,18,0,0
BRDA:139,18,1,0
BRDA:140,19,0,0
BRDA:140,19,1,0
BRDA:159,20,0,0
BRDA:159,20,1,0
BRDA:163,21,0,0
BRDA:163,21,1,0
BRDA:172,22,0,0
BRDA:172,22,1,0
BRDA:173,23,0,0
BRDA:173,23,1,0
BRDA:174,24,0,0
BRDA:174,24,1,0
BRDA:184,25,0,0
BRDA:184,25,1,0
BRDA:203,26,0,0
BRDA:204,27,0,0
BRDA:204,27,1,0
BRDA:204,28,0,0
BRDA:204,28,1,0
BRDA:206,29,0,0
BRDA:206,29,1,0
BRDA:206,30,0,0
BRDA:206,30,1,0
BRDA:208,31,0,0
BRDA:280,32,0,0
BRDA:280,32,1,0
BRDA:281,33,0,0
BRDA:281,33,1,0
BRDA:285,34,0,0
BRDA:285,34,1,0
BRDA:285,35,0,0
BRDA:285,35,1,0
BRDA:286,36,0,0
BRDA:286,36,1,0
BRDA:287,37,0,0
BRDA:287,37,1,0
BRDA:287,38,0,0
BRDA:287,38,1,0
BRDA:288,39,0,0
BRDA:288,39,1,0
BRDA:288,40,0,0
BRDA:288,40,1,0
BRDA:289,41,0,0
BRDA:289,41,1,0
BRDA:289,42,0,0
BRDA:289,42,1,0
BRDA:291,43,0,0
BRDA:291,43,1,0
BRDA:293,44,0,0
BRDA:293,44,1,0
BRDA:294,45,0,0
BRDA:294,45,1,0
BRDA:297,46,0,0
BRDA:297,46,1,0
BRDA:300,47,0,0
BRDA:300,47,1,0
BRDA:301,48,0,0
BRDA:301,48,1,0
BRDA:302,49,0,0
BRDA:302,49,1,0
BRDA:302,50,0,0
BRDA:302,50,1,0
BRDA:318,51,0,0
BRDA:319,52,0,0
BRDA:319,52,1,0
BRDA:319,53,0,0
BRDA:319,53,1,0
BRDA:362,54,0,0
BRDA:362,54,1,0
BRDA:366,55,0,0
BRDA:366,55,1,0
BRDA:367,56,0,0
BRDA:367,56,1,0
BRDA:371,57,0,0
BRDA:371,57,1,0
BRDA:374,58,0,0
BRDA:374,58,1,0
BRDA:376,59,0,0
BRDA:376,59,1,0
BRDA:378,60,0,0
BRDA:378,60,1,0
BRDA:378,61,0,0
BRDA:378,61,1,0
BRDA:392,62,0,0
BRDA:393,63,0,0
BRDA:393,63,1,0
BRDA:393,64,0,0
BRDA:393,64,1,0
BRDA:417,65,0,0
BRDA:417,65,1,0
BRDA:422,66,0,0
BRDA:422,66,1,0
BRDA:423,67,0,0
BRDA:423,67,1,0
BRDA:424,68,0,0
BRDA:424,68,1,0
BRDA:437,69,0,0
BRDA:437,69,1,0
BRDA:439,70,0,0
BRDA:439,70,1,0
BRF:133
BRH:0
end_of_record
TN:
SF:src/routes/auth.ts
FN:14,(anonymous_1)
FN:73,(anonymous_2)
FN:126,(anonymous_3)
FN:157,(anonymous_4)
FN:163,(anonymous_5)
FNF:5
FNH:0
FNDA:0,(anonymous_1)
FNDA:0,(anonymous_2)
FNDA:0,(anonymous_3)
FNDA:0,(anonymous_4)
FNDA:0,(anonymous_5)
DA:1,2
DA:2,2
DA:3,2
DA:4,2
DA:5,2
DA:6,2
DA:7,2
DA:8,2
DA:9,2
DA:11,2
DA:14,2
DA:15,0
DA:16,0
DA:18,0
DA:19,0
DA:26,0
DA:27,0
DA:29,0
DA:30,0
DA:37,0
DA:38,0
DA:39,0
DA:46,0
DA:52,0
DA:67,0
DA:68,0
DA:73,2
DA:74,0
DA:75,0
DA:78,0
DA:79,0
DA:80,0
DA:87,0
DA:90,0
DA:96,0
DA:99,0
DA:105,0
DA:120,0
DA:121,0
DA:126,2
DA:127,0
DA:128,0
DA:130,0
DA:131,0
DA:138,0
DA:140,0
DA:146,0
DA:151,0
DA:152,0
DA:157,2
DA:159,0
DA:163,2
DA:165,0
DA:167,0
DA:168,0
DA:171,0
DA:172,0
DA:173,0
DA:175,0
DA:176,0
DA:178,0
DA:179,0
DA:182,0
DA:194,0
DA:198,2
LF:65
LH:16
BRDA:18,0,0,0
BRDA:18,1,0,0
BRDA:18,1,1,0
BRDA:29,2,0,0
BRDA:38,3,0,0
BRDA:79,4,0,0
BRDA:94,5,0,0
BRDA:94,5,1,0
BRDA:130,6,0,0
BRDA:167,7,0,0
BRDA:167,8,0,0
BRDA:167,8,1,0
BRDA:178,9,0,0
BRF:13
BRH:0
end_of_record
TN:
SF:src/routes/billing.ts
FN:21,(anonymous_0)
FN:40,(anonymous_1)
FN:69,(anonymous_2)
FN:88,(anonymous_3)
FN:120,(anonymous_4)
FN:160,(anonymous_5)
FNF:6
FNH:1
FNDA:0,(anonymous_0)
FNDA:0,(anonymous_1)
FNDA:1,(anonymous_2)
FNDA:0,(anonymous_3)
FNDA:0,(anonymous_4)
FNDA:0,(anonymous_5)
DA:1,2
DA:2,2
DA:3,2
DA:4,2
DA:5,2
DA:6,2
DA:8,2
DA:9,2
DA:21,2
DA:22,0
DA:23,0
DA:24,0
DA:26,0
DA:27,0
DA:40,2
DA:41,0
DA:42,0
DA:44,0
DA:49,0
DA:50,0
DA:53,0
DA:55,0
DA:56,0
DA:69,2
DA:70,1
DA:71,1
DA:72,1
DA:74,0
DA:75,0
DA:88,2
DA:89,0
DA:90,0
DA:91,0
DA:93,0
DA:94,0
DA:97,0
DA:104,0
DA:106,0
DA:107,0
DA:120,2
DA:121,0
DA:122,0
DA:124,0
DA:128,0
DA:129,0
DA:132,0
DA:134,0
DA:136,0
DA:141,0
DA:143,0
DA:146,0
DA:147,0
DA:160,2
DA:161,0
DA:162,0
DA:163,0
DA:165,0
DA:166,0
DA:169,0
DA:170,0
DA:172,0
DA:174,0
DA:175,0
DA:179,2
LF:64
LH:18
BRDA:49,0,0,0
BRDA:93,1,0,0
BRDA:100,2,0,0
BRDA:100,2,1,0
BRDA:101,3,0,0
BRDA:101,3,1,0
BRDA:128,4,0,0
BRDA:128,5,0,0
BRDA:128,5,1,0
BRDA:134,6,0,0
BRDA:134,6,1,0
BRDA:165,7,0,0
BRDA:170,8,0,0
BRDA:170,8,1,0
BRF:14
BRH:0
end_of_record
TN:
SF:src/routes/chatbot.ts
FN:16,getConversationsFromDB
FN:41,(anonymous_1)
FN:54,(anonymous_2)
FN:72,(anonymous_3)
FN:90,(anonymous_4)
FN:107,(anonymous_5)
FN:142,(anonymous_6)
FN:181,(anonymous_7)
FN:294,(anonymous_8)
FN:305,(anonymous_9)
FN:423,(anonymous_10)
FN:446,(anonymous_11)
FN:471,(anonymous_12)
FN:511,(anonymous_13)
FNF:14
FNH:0
FNDA:0,getConversationsFromDB
FNDA:0,(anonymous_1)
FNDA:0,(anonymous_2)
FNDA:0,(anonymous_3)
FNDA:0,(anonymous_4)
FNDA:0,(anonymous_5)
FNDA:0,(anonymous_6)
FNDA:0,(anonymous_7)
FNDA:0,(anonymous_8)
FNDA:0,(anonymous_9)
FNDA:0,(anonymous_10)
FNDA:0,(anonymous_11)
FNDA:0,(anonymous_12)
FNDA:0,(anonymous_13)
DA:1,2
DA:2,2
DA:3,2
DA:4,2
DA:5,2
DA:6,2
DA:7,2
DA:8,2
DA:10,2
DA:13,2
DA:17,0
DA:18,0
DA:19,0
DA:21,0
DA:33,0
DA:35,0
DA:36,0
DA:41,2
DA:42,0
DA:43,0
DA:45,0
DA:46,0
DA:52,0
DA:54,0
DA:66,0
DA:67,0
DA:72,2
DA:73,0
DA:74,0
DA:75,0
DA:77,0
DA:78,0
DA:81,0
DA:88,0
DA:90,0
DA:101,0
DA:102,0
DA:107,2
DA:108,0
DA:109,0
DA:110,0
DA:112,0
DA:113,0
DA:116,0
DA:122,0
DA:136,0
DA:137,0
DA:142,2
DA:143,0
DA:144,0
DA:145,0
DA:147,0
DA:148,0
DA:151,0
DA:157,0
DA:172,0
DA:173,0
DA:181,2
DA:182,0
DA:184,0
DA:185,0
DA:189,0
DA:190,0
DA:191,0
DA:192,0
DA:201,0
DA:202,0
DA:205,0
DA:206,0
DA:207,0
DA:208,0
DA:209,0
DA:214,0
DA:216,0
DA:219,0
DA:220,0
DA:225,0
DA:226,0
DA:227,0
DA:228,0
DA:233,0
DA:240,0
DA:241,0
DA:248,0
DA:249,0
DA:250,0
DA:251,0
DA:252,0
DA:253,0
DA:258,0
DA:260,0
DA:263,0
DA:268,0
DA:269,0
DA:270,0
DA:271,0
DA:277,0
DA:281,0
DA:282,0
DA:283,0
DA:284,0
DA:285,0
DA:293,0
DA:296,0
DA:297,0
DA:299,0
DA:300,0
DA:303,0
DA:305,0
DA:308,0
DA:312,0
DA:319,0
DA:320,0
DA:326,0
DA:328,0
DA:330,0
DA:333,0
DA:335,0
DA:341,0
DA:344,0
DA:345,0
DA:347,0
DA:348,0
DA:349,0
DA:350,0
DA:351,0
DA:352,0
DA:353,0
DA:354,0
DA:361,0
DA:362,0
DA:363,0
DA:364,0
DA:365,0
DA:367,0
DA:368,0
DA:378,0
DA:381,0
DA:382,0
DA:385,0
DA:386,0
DA:387,0
DA:388,0
DA:394,0
DA:397,0
DA:398,0
DA:402,0
DA:403,0
DA:404,0
DA:405,0
DA:411,0
DA:414,0
DA:415,0
DA:417,0
DA:418,0
DA:423,2
DA:424,0
DA:425,0
DA:427,0
DA:428,0
DA:432,0
DA:433,0
DA:435,0
DA:440,0
DA:441,0
DA:446,2
DA:447,0
DA:448,0
DA:450,0
DA:451,0
DA:454,0
DA:455,0
DA:457,0
DA:465,0
DA:466,0
DA:471,2
DA:472,0
DA:473,0
DA:474,0
DA:476,0
DA:477,0
DA:480,0
DA:481,0
DA:482,0
DA:486,0
DA:487,0
DA:488,0
DA:492,0
DA:493,0
DA:500,0
DA:503,0
DA:505,0
DA:506,0
DA:511,2
DA:512,0
DA:513,0
DA:515,0
DA:516,0
DA:517,0
DA:521,0
DA:524,0
DA:525,0
DA:531,0
DA:533,0
DA:535,0
DA:536,0
DA:540,2
LF:207
LH:20
BRDA:16,0,0,0
BRDA:19,1,0,0
BRDA:33,2,0,0
BRDA:33,2,1,0
BRDA:45,3,0,0
BRDA:58,4,0,0
BRDA:58,4,1,0
BRDA:59,5,0,0
BRDA:59,5,1,0
BRDA:77,6,0,0
BRDA:109,7,0,0
BRDA:112,8,0,0
BRDA:144,9,0,0
BRDA:147,10,0,0
BRDA:182,11,0,0
BRDA:182,12,0,0
BRDA:184,13,0,0
BRDA:189,14,0,0
BRDA:191,15,0,0
BRDA:201,16,0,0
BRDA:205,17,0,0
BRDA:205,18,0,0
BRDA:205,18,1,0
BRDA:208,19,0,0
BRDA:208,19,1,0
BRDA:227,20,0,0
BRDA:227,21,0,0
BRDA:227,21,1,0
BRDA:249,22,0,0
BRDA:249,23,0,0
BRDA:249,23,1,0
BRDA:252,24,0,0
BRDA:252,24,1,0
BRDA:270,25,0,0
BRDA:270,26,0,0
BRDA:270,26,1,0
BRDA:284,27,0,0
BRDA:284,28,0,0
BRDA:284,28,1,0
BRDA:293,29,0,0
BRDA:293,29,1,0
BRDA:296,30,0,0
BRDA:296,31,0,0
BRDA:296,31,1,0
BRDA:299,32,0,0
BRDA:299,33,0,0
BRDA:299,33,1,0
BRDA:319,34,0,0
BRDA:319,34,1,0
BRDA:344,35,0,0
BRDA:349,36,0,0
BRDA:362,37,0,0
BRDA:362,37,1,0
BRDA:364,38,0,0
BRDA:387,39,0,0
BRDA:387,40,0,0
BRDA:387,40,1,0
BRDA:404,41,0,0
BRDA:404,42,0,0
BRDA:404,42,1,0
BRDA:425,43,0,0
BRDA:427,44,0,0
BRDA:448,45,0,0
BRDA:448,46,0,0
BRDA:450,47,0,0
BRDA:476,48,0,0
BRDA:481,49,0,0
BRDA:487,50,0,0
BRDA:516,51,0,0
BRF:69
BRH:0
end_of_record
TN:
SF:src/routes/external.ts
FN:14,(anonymous_0)
FN:26,(anonymous_1)
FN:38,(anonymous_2)
FNF:3
FNH:0
FNDA:0,(anonymous_0)
FNDA:0,(anonymous_1)
FNDA:0,(anonymous_2)
DA:1,2
DA:2,2
DA:3,2
DA:4,2
DA:5,2
DA:6,2
DA:8,2
DA:11,2
DA:14,2
DA:15,0
DA:16,0
DA:17,0
DA:18,0
DA:20,0
DA:21,0
DA:26,2
DA:27,0
DA:28,0
DA:29,0
DA:30,0
DA:31,0
DA:33,0
DA:34,0
DA:38,2
DA:39,0
DA:40,0
DA:41,0
DA:43,0
DA:47,2
LF:29
LH:12
BRDA:16,0,0,0
BRDA:16,0,1,0
BRDA:28,1,0,0
BRDA:28,1,1,0
BRF:4
BRH:0
end_of_record
TN:
SF:src/routes/farmers.ts
FN:43,(anonymous_0)
FN:70,(anonymous_1)
FN:110,(anonymous_2)
FN:178,(anonymous_3)
FN:204,(anonymous_4)
FNF:5
FNH:3
FNDA:1,(anonymous_0)
FNDA:1,(anonymous_1)
FNDA:1,(anonymous_2)
FNDA:0,(anonymous_3)
FNDA:0,(anonymous_4)
DA:1,2
DA:2,2
DA:3,2
DA:4,2
DA:5,2
DA:6,2
DA:8,2
DA:11,2
DA:43,2
DA:44,1
DA:45,1
DA:46,1
DA:48,1
DA:49,1
DA:50,0
DA:52,1
DA:53,0
DA:60,1
DA:67,1
DA:70,1
DA:85,0
DA:86,0
DA:110,2
DA:111,1
DA:112,1
DA:113,1
DA:115,1
DA:119,1
DA:120,0
DA:123,1
DA:146,0
DA:147,0
DA:178,2
DA:179,0
DA:180,0
DA:181,0
DA:183,0
DA:196,0
DA:198,0
DA:199,0
DA:204,2
DA:205,0
DA:206,0
DA:207,0
DA:208,0
DA:210,0
DA:225,0
DA:227,0
DA:228,0
DA:232,2
LF:50
LH:28
BRDA:45,0,0,1
BRDA:45,1,0,1
BRDA:49,2,0,0
BRDA:52,3,0,0
BRDA:119,4,0,0
BRDA:140,5,0,1
BRDA:140,5,1,0
BRDA:192,6,0,0
BRDA:192,6,1,0
BRF:9
BRH:3
end_of_record
TN:
SF:src/routes/knowledge.ts
FN:58,seedKnowledgeArticles
FN:125,(anonymous_1)
FN:183,(anonymous_2)
FN:206,(anonymous_3)
FN:230,(anonymous_4)
FN:237,(anonymous_5)
FN:252,(anonymous_6)
FN:259,(anonymous_7)
FNF:8
FNH:1
FNDA:2,seedKnowledgeArticles
FNDA:0,(anonymous_1)
FNDA:0,(anonymous_2)
FNDA:0,(anonymous_3)
FNDA:0,(anonymous_4)
FNDA:0,(anonymous_5)
FNDA:0,(anonymous_6)
FNDA:0,(anonymous_7)
DA:1,2
DA:2,2
DA:3,2
DA:4,2
DA:5,2
DA:6,2
DA:8,2
DA:11,2
DA:14,2
DA:59,2
DA:60,2
DA:62,2
DA:105,2
DA:106,2
DA:107,0
DA:108,0
DA:109,0
DA:114,0
DA:117,2
DA:122,2
DA:125,2
DA:126,0
DA:127,0
DA:129,0
DA:130,0
DA:131,0
DA:132,0
DA:135,0
DA:136,0
DA:138,0
DA:139,0
DA:140,0
DA:141,0
DA:142,0
DA:143,0
DA:145,0
DA:146,0
DA:147,0
DA:148,0
DA:151,0
DA:152,0
DA:154,0
DA:155,0
DA:159,0
DA:160,0
DA:163,0
DA:164,0
DA:174,0
DA:175,0
DA:177,0
DA:178,0
DA:183,2
DA:184,0
DA:185,0
DA:186,0
DA:188,0
DA:189,0
DA:190,0
DA:191,0
DA:194,0
DA:195,0
DA:198,0
DA:200,0
DA:201,0
DA:206,2
DA:207,0
DA:208,0
DA:210,0
DA:211,0
DA:214,0
DA:216,0
DA:224,0
DA:225,0
DA:230,2
DA:231,0
DA:232,0
DA:233,0
DA:235,0
DA:236,0
DA:237,0
DA:240,0
DA:241,0
DA:244,0
DA:246,0
DA:247,0
DA:252,2
DA:253,0
DA:254,0
DA:255,0
DA:257,0
DA:258,0
DA:259,0
DA:262,0
DA:263,0
DA:266,0
DA:268,0
DA:269,0
DA:273,2
LF:98
LH:22
BRDA:60,0,0,0
BRDA:107,1,0,0
BRDA:127,2,0,0
BRDA:127,3,0,0
BRDA:131,4,0,0
BRDA:138,5,0,0
BRDA:138,5,1,0
BRDA:138,6,0,0
BRDA:138,6,1,0
BRDA:140,7,0,0
BRDA:145,8,0,0
BRDA:159,9,0,0
BRDA:159,10,0,0
BRDA:159,10,1,0
BRDA:189,11,0,0
BRDA:194,12,0,0
BRDA:210,13,0,0
BRDA:235,14,0,0
BRDA:240,15,0,0
BRDA:257,16,0,0
BRDA:262,17,0,0
BRF:21
BRH:0
end_of_record
TN:
SF:src/routes/language.ts
FN:40,(anonymous_0)
FN:52,(anonymous_1)
FN:63,(anonymous_2)
FN:65,(anonymous_3)
FNF:4
FNH:0
FNDA:0,(anonymous_0)
FNDA:0,(anonymous_1)
FNDA:0,(anonymous_2)
FNDA:0,(anonymous_3)
DA:1,2
DA:2,2
DA:4,2
DA:7,2
DA:10,2
DA:30,2
DA:40,2
DA:41,0
DA:52,2
DA:53,0
DA:63,2
DA:64,0
DA:65,0
DA:67,0
DA:68,0
DA:74,0
DA:80,2
LF:17
LH:10
BRDA:67,0,0,0
BRF:1
BRH:0
end_of_record
TN:
SF:src/routes/notifications.ts
FN:13,(anonymous_0)
FN:32,(anonymous_1)
FN:51,(anonymous_2)
FN:77,(anonymous_3)
FN:101,(anonymous_4)
FN:124,(anonymous_5)
FN:144,(anonymous_6)
FN:163,(anonymous_7)
FN:189,(anonymous_8)
FN:231,(anonymous_9)
FN:249,(anonymous_10)
FN:264,(anonymous_11)
FNF:12
FNH:0
FNDA:0,(anonymous_0)
FNDA:0,(anonymous_1)
FNDA:0,(anonymous_2)
FNDA:0,(anonymous_3)
FNDA:0,(anonymous_4)
FNDA:0,(anonymous_5)
FNDA:0,(anonymous_6)
FNDA:0,(anonymous_7)
FNDA:0,(anonymous_8)
FNDA:0,(anonymous_9)
FNDA:0,(anonymous_10)
FNDA:0,(anonymous_11)
DA:1,2
DA:2,2
DA:3,2
DA:4,2
DA:5,2
DA:7,2
DA:10,2
DA:13,2
DA:14,0
DA:15,0
DA:16,0
DA:18,0
DA:19,0
DA:22,0
DA:30,0
DA:32,0
DA:45,0
DA:46,0
DA:51,2
DA:52,0
DA:53,0
DA:54,0
DA:56,0
DA:57,0
DA:60,0
DA:66,0
DA:71,0
DA:72,0
DA:77,2
DA:78,0
DA:79,0
DA:80,0
DA:81,0
DA:83,0
DA:84,0
DA:87,0
DA:93,0
DA:95,0
DA:96,0
DA:101,2
DA:102,0
DA:103,0
DA:104,0
DA:106,0
DA:107,0
DA:110,0
DA:116,0
DA:118,0
DA:119,0
DA:124,2
DA:125,0
DA:126,0
DA:127,0
DA:128,0
DA:130,0
DA:131,0
DA:134,0
DA:136,0
DA:138,0
DA:139,0
DA:144,2
DA:145,0
DA:146,0
DA:147,0
DA:149,0
DA:150,0
DA:153,0
DA:155,0
DA:157,0
DA:158,0
DA:163,2
DA:164,0
DA:165,0
DA:166,0
DA:168,0
DA:169,0
DA:172,0
DA:178,0
DA:183,0
DA:184,0
DA:189,2
DA:190,0
DA:191,0
DA:192,0
DA:194,0
DA:195,0
DA:199,0
DA:200,0
DA:202,0
DA:203,0
DA:204,0
DA:207,0
DA:209,0
DA:210,0
DA:214,0
DA:215,0
DA:221,0
DA:226,0
DA:231,2
DA:232,0
DA:233,0
DA:234,0
DA:236,0
DA:237,0
DA:240,0
DA:241,0
DA:243,0
DA:244,0
DA:249,2
DA:250,0
DA:251,0
DA:252,0
DA:253,0
DA:255,0
DA:256,0
DA:258,0
DA:259,0
DA:264,2
DA:265,0
DA:266,0
DA:267,0
DA:268,0
DA:270,0
DA:271,0
DA:275,2
LF:125
LH:19
BRDA:18,0,0,0
BRDA:56,1,0,0
BRDA:83,2,0,0
BRDA:106,3,0,0
BRDA:130,4,0,0
BRDA:149,5,0,0
BRDA:168,6,0,0
BRDA:176,7,0,0
BRDA:176,7,1,0
BRDA:176,8,0,0
BRDA:176,8,1,0
BRDA:194,9,0,0
BRDA:202,10,0,0
BRDA:209,11,0,0
BRDA:218,12,0,0
BRDA:218,12,1,0
BRDA:218,13,0,0
BRDA:218,13,1,0
BRDA:236,14,0,0
BRDA:236,15,0,0
BRDA:236,15,1,0
BRDA:252,16,0,0
BRF:22
BRH:0
end_of_record
TN:
SF:src/routes/portfolio.ts
FN:13,(anonymous_0)
FN:83,(anonymous_1)
FN:102,(anonymous_2)
FN:151,(anonymous_3)
FN:159,(anonymous_4)
FN:175,(anonymous_5)
FN:230,(anonymous_6)
FNF:7
FNH:0
FNDA:0,(anonymous_0)
FNDA:0,(anonymous_1)
FNDA:0,(anonymous_2)
FNDA:0,(anonymous_3)
FNDA:0,(anonymous_4)
FNDA:0,(anonymous_5)
FNDA:0,(anonymous_6)
DA:1,2
DA:2,2
DA:3,2
DA:4,2
DA:5,2
DA:7,2
DA:10,2
DA:13,2
DA:14,0
DA:15,0
DA:16,0
DA:18,0
DA:19,0
DA:20,0
DA:21,0
DA:24,0
DA:26,0
DA:27,0
DA:37,0
DA:52,0
DA:75,0
DA:83,0
DA:93,0
DA:94,0
DA:96,0
DA:97,0
DA:102,2
DA:103,0
DA:104,0
DA:105,0
DA:106,0
DA:108,0
DA:110,0
DA:111,0
DA:115,0
DA:141,0
DA:149,0
DA:151,0
DA:159,0
DA:167,0
DA:169,0
DA:170,0
DA:175,2
DA:176,0
DA:177,0
DA:178,0
DA:179,0
DA:181,0
DA:182,0
DA:185,0
DA:186,0
DA:187,0
DA:189,0
DA:190,0
DA:191,0
DA:193,0
DA:194,0
DA:195,0
DA:197,0
DA:198,0
DA:199,0
DA:201,0
DA:202,0
DA:203,0
DA:205,0
DA:206,0
DA:207,0
DA:209,0
DA:210,0
DA:211,0
DA:214,0
DA:215,0
DA:217,0
DA:219,0
DA:224,0
DA:225,0
DA:230,2
DA:231,0
DA:232,0
DA:233,0
DA:235,0
DA:236,0
DA:237,0
DA:243,0
DA:246,0
DA:247,0
DA:250,0
DA:271,0
DA:272,0
DA:276,2
LF:90
LH:12
BRDA:16,0,0,0
BRDA:16,0,1,0
BRDA:20,1,0,0
BRDA:26,2,0,0
BRDA:77,3,0,0
BRDA:77,3,1,0
BRDA:78,4,0,0
BRDA:78,4,1,0
BRDA:79,5,0,0
BRDA:79,5,1,0
BRDA:80,6,0,0
BRDA:80,6,1,0
BRDA:81,7,0,0
BRDA:81,7,1,0
BRDA:105,8,0,0
BRDA:105,8,1,0
BRDA:106,9,0,0
BRDA:106,9,1,0
BRDA:110,10,0,0
BRDA:181,11,0,0
BRDA:189,12,0,0
BRDA:193,13,0,0
BRDA:197,14,0,0
BRDA:201,15,0,0
BRDA:205,16,0,0
BRDA:209,17,0,0
BRDA:236,18,0,0
BRDA:246,19,0,0
BRF:28
BRH:0
end_of_record
TN:
SF:src/routes/reporting.ts
FN:14,(anonymous_0)
FN:52,(anonymous_1)
FN:70,(anonymous_2)
FN:134,(anonymous_3)
FNF:4
FNH:0
FNDA:0,(anonymous_0)
FNDA:0,(anonymous_1)
FNDA:0,(anonymous_2)
FNDA:0,(anonymous_3)
DA:1,2
DA:2,2
DA:3,2
DA:4,2
DA:5,2
DA:6,2
DA:8,2
DA:11,2
DA:14,2
DA:15,0
DA:16,0
DA:17,0
DA:19,0
DA:20,0
DA:23,0
DA:24,0
DA:25,0
DA:27,0
DA:28,0
DA:29,0
DA:31,0
DA:32,0
DA:33,0
DA:35,0
DA:36,0
DA:37,0
DA:39,0
DA:40,0
DA:41,0
DA:44,0
DA:45,0
DA:47,0
DA:49,0
DA:52,0
DA:64,0
DA:65,0
DA:70,2
DA:71,0
DA:72,0
DA:73,0
DA:75,0
DA:77,0
DA:78,0
DA:79,0
DA:88,0
DA:91,0
DA:92,0
DA:100,0
DA:103,0
DA:109,0
DA:111,0
DA:124,0
DA:125,0
DA:128,0
DA:129,0
DA:134,2
DA:135,0
DA:136,0
DA:137,0
DA:139,0
DA:140,0
DA:141,0
DA:142,0
DA:145,0
DA:146,0
DA:149,0
DA:161,0
DA:162,0
DA:166,2
LF:69
LH:12
BRDA:16,0,0,0
BRDA:16,1,0,0
BRDA:19,2,0,0
BRDA:27,3,0,0
BRDA:31,4,0,0
BRDA:35,5,0,0
BRDA:39,6,0,0
BRDA:77,7,0,0
BRDA:78,8,0,0
BRDA:78,9,0,0
BRDA:78,9,1,0
BRDA:85,10,0,0
BRDA:85,10,1,0
BRDA:91,11,0,0
BRDA:91,12,0,0
BRDA:91,12,1,0
BRDA:124,13,0,0
BRDA:140,14,0,0
BRDA:145,15,0,0
BRF:19
BRH:0
end_of_record
TN:
SF:src/routes/sms.ts
FN:41,(anonymous_0)
FN:59,(anonymous_1)
FN:85,(anonymous_2)
FN:98,(anonymous_3)
FN:111,(anonymous_4)
FNF:5
FNH:0
FNDA:0,(anonymous_0)
FNDA:0,(anonymous_1)
FNDA:0,(anonymous_2)
FNDA:0,(anonymous_3)
FNDA:0,(anonymous_4)
DA:1,2
DA:2,2
DA:3,2
DA:4,2
DA:5,2
DA:6,2
DA:7,2
DA:9,2
DA:12,2
DA:15,2
DA:21,2
DA:27,2
DA:34,2
DA:41,2
DA:42,0
DA:43,0
DA:45,0
DA:47,0
DA:48,0
DA:49,0
DA:51,0
DA:54,0
DA:59,2
DA:60,0
DA:61,0
DA:63,0
DA:65,0
DA:68,0
DA:69,0
DA:73,0
DA:80,0
DA:85,2
DA:86,0
DA:87,0
DA:89,0
DA:91,0
DA:93,0
DA:98,2
DA:99,0
DA:100,0
DA:102,0
DA:104,0
DA:106,0
DA:111,2
DA:112,0
DA:113,0
DA:115,0
DA:121,0
DA:122,0
DA:124,0
DA:127,0
DA:131,2
LF:52
LH:19
BRDA:47,0,0,0
BRDA:47,0,1,0
BRDA:65,1,0,0
BRDA:121,2,0,0
BRDA:121,2,1,0
BRF:5
BRH:0
end_of_record
TN:
SF:src/routes/upload.ts
FN:12,(anonymous_1)
FN:15,(anonymous_2)
FN:22,(anonymous_3)
FN:55,(anonymous_4)
FN:82,(anonymous_5)
FN:88,(anonymous_6)
FN:109,(anonymous_7)
FN:134,(anonymous_8)
FN:160,(anonymous_9)
FNF:9
FNH:0
FNDA:0,(anonymous_1)
FNDA:0,(anonymous_2)
FNDA:0,(anonymous_3)
FNDA:0,(anonymous_4)
FNDA:0,(anonymous_5)
FNDA:0,(anonymous_6)
FNDA:0,(anonymous_7)
FNDA:0,(anonymous_8)
FNDA:0,(anonymous_9)
DA:1,2
DA:2,2
DA:3,2
DA:4,2
DA:5,2
DA:6,2
DA:8,2
DA:11,2
DA:13,0
DA:16,0
DA:17,0
DA:22,2
DA:23,0
DA:35,0
DA:36,0
DA:38,0
DA:43,2
DA:52,2
DA:55,2
DA:56,0
DA:57,0
DA:58,0
DA:61,0
DA:63,0
DA:65,0
DA:76,0
DA:77,0
DA:82,2
DA:83,0
DA:84,0
DA:85,0
DA:88,0
DA:96,0
DA:98,0
DA:103,0
DA:104,0
DA:109,2
DA:110,0
DA:111,0
DA:112,0
DA:115,0
DA:117,0
DA:119,0
DA:128,0
DA:129,0
DA:134,2
DA:135,0
DA:136,0
DA:137,0
DA:140,0
DA:142,0
DA:144,0
DA:154,0
DA:155,0
DA:160,2
DA:161,0
DA:162,0
DA:163,0
DA:165,0
DA:167,0
DA:168,0
DA:170,0
DA:173,2
LF:63
LH:17
BRDA:35,0,0,0
BRDA:35,0,1,0
BRDA:57,1,0,0
BRDA:84,2,0,0
BRDA:84,3,0,0
BRDA:84,3,1,0
BRDA:111,4,0,0
BRDA:136,5,0,0
BRDA:161,6,0,0
BRDA:162,7,0,0
BRDA:167,8,0,0
BRF:11
BRH:0
end_of_record
TN:
SF:src/routes/users.ts
FN:12,(anonymous_0)
FN:42,(anonymous_1)
FN:61,(anonymous_2)
FN:99,(anonymous_3)
FN:134,(anonymous_4)
FNF:5
FNH:0
FNDA:0,(anonymous_0)
FNDA:0,(anonymous_1)
FNDA:0,(anonymous_2)
FNDA:0,(anonymous_3)
FNDA:0,(anonymous_4)
DA:1,2
DA:2,2
DA:3,2
DA:4,2
DA:6,2
DA:9,2
DA:12,2
DA:13,0
DA:14,0
DA:15,0
DA:17,0
DA:18,0
DA:21,0
DA:22,0
DA:23,0
DA:25,0
DA:26,0
DA:27,0
DA:29,0
DA:30,0
DA:31,0
DA:34,0
DA:35,0
DA:37,0
DA:39,0
DA:42,0
DA:55,0
DA:56,0
DA:61,2
DA:62,0
DA:63,0
DA:64,0
DA:66,0
DA:67,0
DA:68,0
DA:69,0
DA:72,0
DA:73,0
DA:76,0
DA:93,0
DA:94,0
DA:99,2
DA:100,0
DA:101,0
DA:102,0
DA:104,0
DA:105,0
DA:106,0
DA:120,0
DA:126,0
DA:128,0
DA:129,0
DA:134,2
DA:135,0
DA:136,0
DA:137,0
DA:139,0
DA:140,0
DA:141,0
DA:142,0
DA:145,0
DA:146,0
DA:149,0
DA:166,0
DA:167,0
DA:171,2
LF:66
LH:11
BRDA:14,0,0,0
BRDA:14,1,0,0
BRDA:17,2,0,0
BRDA:25,3,0,0
BRDA:29,4,0,0
BRDA:67,5,0,0
BRDA:72,6,0,0
BRDA:87,7,0,0
BRDA:87,7,1,0
BRDA:88,8,0,0
BRDA:88,8,1,0
BRDA:89,9,0,0
BRDA:89,9,1,0
BRDA:104,10,0,0
BRDA:112,11,0,0
BRDA:112,11,1,0
BRDA:124,12,0,0
BRDA:124,12,1,0
BRDA:136,13,0,0
BRDA:136,13,1,0
BRDA:140,14,0,0
BRDA:145,15,0,0
BRDA:160,16,0,0
BRDA:160,16,1,0
BRDA:161,17,0,0
BRDA:161,17,1,0
BRDA:162,18,0,0
BRDA:162,18,1,0
BRF:28
BRH:0
end_of_record
TN:
SF:src/routes/visits.ts
FN:14,(anonymous_0)
FN:59,(anonymous_1)
FN:87,(anonymous_2)
FN:110,(anonymous_3)
FNF:4
FNH:0
FNDA:0,(anonymous_0)
FNDA:0,(anonymous_1)
FNDA:0,(anonymous_2)
FNDA:0,(anonymous_3)
DA:1,2
DA:2,2
DA:3,2
DA:4,2
DA:5,2
DA:6,2
DA:8,2
DA:11,2
DA:14,2
DA:15,0
DA:16,0
DA:17,0
DA:19,0
DA:20,0
DA:23,0
DA:24,0
DA:25,0
DA:27,0
DA:28,0
DA:29,0
DA:31,0
DA:32,0
DA:33,0
DA:35,0
DA:36,0
DA:37,0
DA:40,0
DA:41,0
DA:43,0
DA:45,0
DA:53,0
DA:54,0
DA:59,2
DA:60,0
DA:61,0
DA:62,0
DA:64,0
DA:65,0
DA:66,0
DA:72,0
DA:75,0
DA:76,0
DA:79,0
DA:81,0
DA:82,0
DA:87,2
DA:88,0
DA:89,0
DA:90,0
DA:92,0
DA:93,0
DA:96,0
DA:102,0
DA:104,0
DA:105,0
DA:110,2
DA:111,0
DA:112,0
DA:113,0
DA:114,0
DA:116,0
DA:117,0
DA:120,0
DA:121,0
DA:122,0
DA:124,0
DA:125,0
DA:126,0
DA:128,0
DA:129,0
DA:130,0
DA:132,0
DA:133,0
DA:134,0
DA:136,0
DA:137,0
DA:138,0
DA:140,0
DA:141,0
DA:142,0
DA:144,0
DA:145,0
DA:146,0
DA:149,0
DA:150,0
DA:152,0
DA:154,0
DA:168,0
DA:169,0
DA:173,2
LF:90
LH:13
BRDA:16,0,0,0
BRDA:16,1,0,0
BRDA:19,2,0,0
BRDA:27,3,0,0
BRDA:31,4,0,0
BRDA:35,5,0,0
BRDA:65,6,0,0
BRDA:75,7,0,0
BRDA:92,8,0,0
BRDA:100,9,0,0
BRDA:100,9,1,0
BRDA:100,10,0,0
BRDA:100,10,1,0
BRDA:116,11,0,0
BRDA:124,12,0,0
BRDA:128,13,0,0
BRDA:132,14,0,0
BRDA:136,15,0,0
BRDA:140,16,0,0
BRDA:144,17,0,0
BRF:20
BRH:0
end_of_record
TN:
SF:src/schemas/index.ts
FNF:0
FNH:0
DA:1,2
DA:6,2
DA:30,2
DA:44,2
DA:61,2
DA:95,2
DA:118,2
DA:150,2
DA:167,2
DA:196,2
DA:227,2
LF:11
LH:11
BRF:0
BRH:0
end_of_record
TN:
SF:src/services/cacheService.ts
FN:7,initializeCache
FN:13,(anonymous_1)
FN:22,(anonymous_2)
FN:23,(anonymous_3)
FN:32,getCache
FN:36,cacheGet
FN:46,cacheSet
FN:61,cacheDelete
FN:72,cacheClear
FN:83,closeCache
FNF:10
FNH:0
FNDA:0,initializeCache
FNDA:0,(anonymous_1)
FNDA:0,(anonymous_2)
FNDA:0,(anonymous_3)
FNDA:0,getCache
FNDA:0,cacheGet
FNDA:0,cacheSet
FNDA:0,cacheDelete
FNDA:0,cacheClear
FNDA:0,closeCache
DA:1,0
DA:2,0
DA:3,0
DA:5,0
DA:7,0
DA:8,0
DA:9,0
DA:14,0
DA:15,0
DA:17,0
DA:22,0
DA:23,0
DA:25,0
DA:27,0
DA:28,0
DA:32,0
DA:33,0
DA:36,0
DA:37,0
DA:38,0
DA:39,0
DA:41,0
DA:42,0
DA:46,0
DA:47,0
DA:48,0
DA:49,0
DA:50,0
DA:52,0
DA:54,0
DA:56,0
DA:57,0
DA:61,0
DA:62,0
DA:63,0
DA:64,0
DA:65,0
DA:67,0
DA:68,0
DA:72,0
DA:73,0
DA:74,0
DA:75,0
DA:76,0
DA:78,0
DA:79,0
DA:83,0
DA:84,0
DA:85,0
DA:86,0
DA:87,0
LF:51
LH:0
BRDA:14,0,0,0
BRDA:37,1,0,0
BRDA:47,2,0,0
BRDA:49,3,0,0
BRDA:49,3,1,0
BRDA:62,4,0,0
BRDA:73,5,0,0
BRDA:84,6,0,0
BRF:8
BRH:0
end_of_record
TN:
SF:src/services/databaseService.ts
FN:8,initializeDatabase
FN:37,createTables
FN:221,getPool
FN:225,query
FN:236,closeDatabase
FNF:5
FNH:0
FNDA:0,initializeDatabase
FNDA:0,createTables
FNDA:0,getPool
FNDA:0,query
FNDA:0,closeDatabase
DA:1,0
DA:2,0
DA:3,0
DA:4,0
DA:6,0
DA:8,0
DA:9,0
DA:10,0
DA:18,0
DA:19,0
DA:20,0
DA:22,0
DA:25,0
DA:26,0
DA:29,0
DA:31,0
DA:33,0
DA:37,0
DA:38,0
DA:40,0
DA:213,0
DA:214,0
DA:215,0
DA:217,0
DA:221,0
DA:222,0
DA:225,0
DA:226,0
DA:227,0
DA:229,0
DA:230,0
DA:231,0
DA:232,0
DA:233,0
DA:236,0
DA:237,0
DA:238,0
DA:239,0
DA:240,0
LF:39
LH:0
BRDA:38,0,0,0
BRDA:226,1,0,0
BRDA:237,2,0,0
BRF:3
BRH:0
end_of_record
TN:
SF:src/services/emailService.ts
FN:17,(anonymous_1)
FN:21,(anonymous_2)
FN:72,(anonymous_3)
FN:94,(anonymous_4)
FN:121,(anonymous_5)
FN:134,(anonymous_6)
FN:149,(anonymous_7)
FN:161,(anonymous_8)
FN:173,(anonymous_9)
FNF:9
FNH:0
FNDA:0,(anonymous_1)
FNDA:0,(anonymous_2)
FNDA:0,(anonymous_3)
FNDA:0,(anonymous_4)
FNDA:0,(anonymous_5)
FNDA:0,(anonymous_6)
FNDA:0,(anonymous_7)
FNDA:0,(anonymous_8)
FNDA:0,(anonymous_9)
DA:1,0
DA:2,0
DA:3,0
DA:4,0
DA:15,0
DA:18,0
DA:23,0
DA:24,0
DA:33,0
DA:34,0
DA:36,0
DA:43,0
DA:44,0
DA:46,0
DA:54,0
DA:55,0
DA:57,0
DA:65,0
DA:68,0
DA:73,0
DA:76,0
DA:77,0
DA:78,0
DA:84,0
DA:86,0
DA:91,0
DA:95,0
DA:96,0
DA:98,0
DA:99,0
DA:100,0
DA:103,0
DA:104,0
DA:112,0
DA:113,0
DA:115,0
DA:116,0
DA:122,0
DA:135,0
DA:137,0
DA:150,0
DA:162,0
DA:174,0
DA:178,0
LF:44
LH:0
BRDA:23,0,0,0
BRDA:23,0,1,0
BRDA:26,1,0,0
BRDA:26,1,1,0
BRDA:34,2,0,0
BRDA:34,2,1,0
BRDA:44,3,0,0
BRDA:44,3,1,0
BRDA:55,4,0,0
BRDA:55,4,1,0
BRDA:73,5,0,0
BRDA:76,6,0,0
BRDA:76,7,0,0
BRDA:76,7,1,0
BRDA:79,8,0,0
BRDA:79,8,1,0
BRDA:81,9,0,0
BRDA:81,9,1,0
BRDA:96,10,0,0
BRDA:96,10,1,0
BRDA:98,11,0,0
BRDA:105,12,0,0
BRDA:105,12,1,0
BRDA:109,13,0,0
BRDA:109,13,1,0
BRDA:129,14,0,0
BRDA:129,14,1,0
BRDA:135,15,0,0
BRDA:135,15,1,0
BRF:29
BRH:0
end_of_record
TN:
SF:src/services/faoService.ts
FN:21,(anonymous_1)
FN:28,(anonymous_2)
FN:41,(anonymous_3)
FN:63,(anonymous_4)
FNF:4
FNH:0
FNDA:0,(anonymous_1)
FNDA:0,(anonymous_2)
FNDA:0,(anonymous_3)
FNDA:0,(anonymous_4)
DA:1,2
DA:2,2
DA:3,2
DA:15,2
DA:16,2
DA:22,0
DA:25,0
DA:28,0
DA:30,0
DA:31,0
DA:34,0
DA:36,0
DA:37,0
DA:42,0
DA:63,0
DA:64,0
LF:16
LH:5
BRDA:30,0,0,0
BRDA:30,1,0,0
BRDA:30,1,1,0
BRDA:64,2,0,0
BRDA:64,2,1,0
BRDA:64,2,2,0
BRDA:64,2,3,0
BRF:7
BRH:0
end_of_record
TN:
SF:src/services/knowledgeService.ts
FN:18,(anonymous_0)
FN:25,(anonymous_1)
FN:31,(anonymous_2)
FN:55,(anonymous_3)
FN:66,(anonymous_4)
FN:67,(anonymous_5)
FNF:6
FNH:0
FNDA:0,(anonymous_0)
FNDA:0,(anonymous_1)
FNDA:0,(anonymous_2)
FNDA:0,(anonymous_3)
FNDA:0,(anonymous_4)
FNDA:0,(anonymous_5)
DA:1,2
DA:2,2
DA:3,2
DA:14,2
DA:19,0
DA:26,0
DA:29,0
DA:30,0
DA:31,0
DA:35,0
DA:36,0
DA:42,0
DA:47,0
DA:48,0
DA:56,0
DA:57,0
DA:65,0
DA:66,0
DA:67,0
DA:69,0
DA:70,0
LF:21
LH:4
BRDA:18,0,0,0
BRDA:37,1,0,0
BRDA:37,1,1,0
BRF:3
BRH:0
end_of_record
TN:
SF:src/services/mapService.ts
FN:18,(anonymous_0)
FN:42,(anonymous_1)
FNF:2
FNH:0
FNDA:0,(anonymous_0)
FNDA:0,(anonymous_1)
DA:1,2
DA:2,2
DA:18,2
DA:19,0
DA:20,0
DA:21,0
DA:25,0
DA:32,0
DA:42,0
DA:43,0
DA:45,0
DA:46,0
DA:48,0
DA:63,0
DA:75,0
DA:77,0
DA:78,0
LF:17
LH:3
BRDA:21,0,0,0
BRDA:43,1,0,0
BRDA:43,1,1,0
BRF:3
BRH:0
end_of_record
TN:
SF:src/services/notificationService.ts
FN:38,(anonymous_9)
FN:49,(anonymous_10)
FN:71,(anonymous_11)
FN:100,(anonymous_12)
FN:108,(anonymous_13)
FN:139,(anonymous_14)
FN:188,(anonymous_15)
FN:193,(anonymous_16)
FN:196,(anonymous_17)
FN:206,(anonymous_18)
FN:236,(anonymous_19)
FN:250,(anonymous_20)
FN:263,(anonymous_21)
FN:276,(anonymous_22)
FNF:14
FNH:0
FNDA:0,(anonymous_9)
FNDA:0,(anonymous_10)
FNDA:0,(anonymous_11)
FNDA:0,(anonymous_12)
FNDA:0,(anonymous_13)
FNDA:0,(anonymous_14)
FNDA:0,(anonymous_15)
FNDA:0,(anonymous_16)
FNDA:0,(anonymous_17)
FNDA:0,(anonymous_18)
FNDA:0,(anonymous_19)
FNDA:0,(anonymous_20)
FNDA:0,(anonymous_21)
FNDA:0,(anonymous_22)
DA:1,0
DA:2,0
DA:3,0
DA:5,0
DA:39,0
DA:40,0
DA:41,0
DA:42,0
DA:43,0
DA:50,0
DA:51,0
DA:53,0
DA:55,0
DA:57,0
DA:59,0
DA:60,0
DA:63,0
DA:64,0
DA:72,0
DA:74,0
DA:85,0
DA:88,0
DA:90,0
DA:92,0
DA:93,0
DA:101,0
DA:102,0
DA:103,0
DA:106,0
DA:108,0
DA:109,0
DA:111,0
DA:127,0
DA:128,0
DA:129,0
DA:131,0
DA:132,0
DA:140,0
DA:141,0
DA:142,0
DA:145,0
DA:146,0
DA:147,0
DA:148,0
DA:149,0
DA:153,0
DA:155,0
DA:171,0
DA:172,0
DA:173,0
DA:174,0
DA:177,0
DA:178,0
DA:180,0
DA:181,0
DA:192,0
DA:193,0
DA:196,0
DA:197,0
DA:199,0
DA:200,0
DA:210,0
DA:213,0
DA:223,0
DA:224,0
DA:226,0
DA:227,0
DA:233,0
DA:236,0
DA:241,0
DA:250,0
DA:254,0
DA:263,0
DA:267,0
DA:276,0
DA:281,0
LF:76
LH:0
BRDA:43,0,0,0
BRDA:43,0,1,0
BRDA:51,1,0,0
BRDA:51,1,1,0
BRDA:51,1,2,0
BRDA:51,1,3,0
BRDA:88,2,0,0
BRDA:88,2,1,0
BRDA:101,3,0,0
BRDA:112,4,0,0
BRDA:112,4,1,0
BRDA:140,5,0,0
BRDA:140,6,0,0
BRDA:140,6,1,0
BRDA:140,6,2,0
BRDA:147,7,0,0
BRDA:171,8,0,0
BRDA:196,9,0,0
BRDA:196,9,1,0
BRF:19
BRH:0
end_of_record
TN:
SF:src/services/paymentService.ts
FN:29,(anonymous_1)
FN:33,(anonymous_2)
FN:47,(anonymous_3)
FN:82,(anonymous_4)
FN:109,(anonymous_5)
FN:136,(anonymous_6)
FN:152,(anonymous_7)
FN:181,(anonymous_8)
FN:195,(anonymous_9)
FN:213,(anonymous_10)
FN:254,(anonymous_11)
FNF:11
FNH:2
FNDA:2,(anonymous_1)
FNDA:2,(anonymous_2)
FNDA:0,(anonymous_3)
FNDA:0,(anonymous_4)
FNDA:0,(anonymous_5)
FNDA:0,(anonymous_6)
FNDA:0,(anonymous_7)
FNDA:0,(anonymous_8)
FNDA:0,(anonymous_9)
FNDA:0,(anonymous_10)
FNDA:0,(anonymous_11)
DA:1,2
DA:3,2
DA:27,2
DA:30,2
DA:34,2
DA:36,2
DA:37,2
DA:40,2
DA:42,0
DA:51,0
DA:53,0
DA:59,0
DA:75,0
DA:86,0
DA:87,0
DA:93,0
DA:102,0
DA:110,0
DA:111,0
DA:115,0
DA:120,0
DA:121,0
DA:125,0
DA:132,0
DA:137,0
DA:138,0
DA:139,0
DA:142,0
DA:143,0
DA:144,0
DA:146,0
DA:147,0
DA:157,0
DA:158,0
DA:165,0
DA:166,0
DA:167,0
DA:169,0
DA:175,0
DA:176,0
DA:182,0
DA:183,0
DA:186,0
DA:191,0
DA:196,0
DA:197,0
DA:200,0
DA:201,0
DA:207,0
DA:208,0
DA:220,0
DA:222,0
DA:247,0
DA:248,0
DA:254,0
DA:262,0
DA:263,0
DA:268,2
LF:58
LH:9
BRDA:36,0,0,2
BRDA:36,0,1,0
BRDA:51,1,0,0
BRDA:86,2,0,0
BRDA:95,3,0,0
BRDA:95,3,1,0
BRDA:110,4,0,0
BRDA:120,5,0,0
BRDA:137,6,0,0
BRDA:157,7,0,0
BRDA:172,8,0,0
BRDA:172,8,1,0
BRDA:182,9,0,0
BRDA:196,10,0,0
BRDA:196,11,0,0
BRDA:196,11,1,0
BRDA:220,12,0,0
BRDA:256,13,0,0
BRDA:256,13,1,0
BRDA:257,14,0,0
BRDA:257,14,1,0
BRDA:258,15,0,0
BRDA:258,15,1,0
BRDA:259,16,0,0
BRDA:259,16,1,0
BRF:25
BRH:1
end_of_record
TN:
SF:src/services/prismaService.ts
FN:6,getPrisma
FN:15,disconnectPrisma
FNF:2
FNH:1
FNDA:1,getPrisma
FNDA:0,disconnectPrisma
DA:1,1
DA:2,1
DA:4,1
DA:6,1
DA:7,1
DA:8,1
DA:12,1
DA:15,1
DA:16,0
DA:17,0
DA:18,0
DA:19,0
LF:12
LH:8
BRDA:7,0,0,1
BRDA:16,1,0,0
BRF:2
BRH:1
end_of_record
TN:
SF:src/services/pushNotificationService.ts
FN:19,(anonymous_1)
FN:47,(anonymous_2)
FN:63,(anonymous_3)
FN:76,(anonymous_4)
FNF:4
FNH:0
FNDA:0,(anonymous_1)
FNDA:0,(anonymous_2)
FNDA:0,(anonymous_3)
FNDA:0,(anonymous_4)
DA:1,2
DA:2,2
DA:3,2
DA:6,2
DA:7,2
DA:8,2
DA:10,2
DA:11,2
DA:13,0
DA:19,2
DA:20,0
DA:21,0
DA:22,0
DA:23,0
DA:37,0
DA:39,0
DA:40,0
DA:47,2
DA:48,0
DA:49,0
DA:50,0
DA:53,0
DA:55,0
DA:56,0
DA:63,2
DA:64,0
DA:65,0
DA:66,0
DA:70,0
DA:76,0
DA:77,0
DA:85,0
DA:86,0
DA:88,0
DA:90,0
DA:91,0
DA:93,0
DA:98,0
DA:99,0
DA:101,0
DA:102,0
LF:41
LH:11
BRDA:6,0,0,2
BRDA:6,0,1,0
BRDA:7,1,0,2
BRDA:7,1,1,0
BRDA:8,2,0,2
BRDA:8,2,1,0
BRDA:10,3,0,2
BRDA:10,3,1,0
BRDA:10,4,0,2
BRDA:10,4,1,2
BRDA:63,5,0,0
BRDA:88,6,0,0
BRDA:88,6,1,0
BRDA:88,7,0,0
BRDA:88,7,1,0
BRF:15
BRH:6
end_of_record
TN:
SF:src/services/smsService.ts
FN:30,(anonymous_1)
FN:34,(anonymous_2)
FN:56,(anonymous_3)
FN:87,(anonymous_4)
FN:120,(anonymous_5)
FN:145,(anonymous_6)
FN:171,(anonymous_7)
FN:183,(anonymous_8)
FN:230,(anonymous_9)
FN:235,(anonymous_10)
FN:258,(anonymous_11)
FN:269,(anonymous_12)
FNF:12
FNH:2
FNDA:2,(anonymous_1)
FNDA:2,(anonymous_2)
FNDA:0,(anonymous_3)
FNDA:0,(anonymous_4)
FNDA:0,(anonymous_5)
FNDA:0,(anonymous_6)
FNDA:0,(anonymous_7)
FNDA:0,(anonymous_8)
FNDA:0,(anonymous_9)
FNDA:0,(anonymous_10)
FNDA:0,(anonymous_11)
FNDA:0,(anonymous_12)
DA:1,2
DA:2,2
DA:31,2
DA:36,2
DA:37,0
DA:38,0
DA:39,0
DA:43,2
DA:44,0
DA:45,0
DA:46,0
DA:47,0
DA:50,2
DA:51,2
DA:57,0
DA:58,0
DA:73,0
DA:74,0
DA:75,0
DA:76,0
DA:78,0
DA:79,0
DA:81,0
DA:82,0
DA:88,0
DA:89,0
DA:90,0
DA:92,0
DA:107,0
DA:108,0
DA:109,0
DA:111,0
DA:112,0
DA:114,0
DA:115,0
DA:121,0
DA:124,0
DA:127,0
DA:128,0
DA:129,0
DA:133,0
DA:134,0
DA:137,0
DA:138,0
DA:141,0
DA:150,0
DA:151,0
DA:152,0
DA:154,0
DA:155,0
DA:160,0
DA:161,0
DA:162,0
DA:165,0
DA:169,2
DA:173,0
DA:180,0
DA:184,0
DA:185,0
DA:186,0
DA:189,0
DA:192,0
DA:194,0
DA:197,0
DA:198,0
DA:200,0
DA:202,0
DA:204,0
DA:206,0
DA:208,0
DA:209,0
DA:211,0
DA:215,0
DA:216,0
DA:218,0
DA:221,0
DA:222,0
DA:223,0
DA:225,0
DA:226,0
DA:231,0
DA:237,0
DA:240,0
DA:241,0
DA:245,0
DA:246,0
DA:249,0
DA:250,0
DA:254,0
DA:260,0
DA:262,0
DA:263,0
DA:266,0
DA:269,0
DA:270,0
DA:273,0
DA:277,2
LF:97
LH:9
BRDA:36,0,0,0
BRDA:38,1,0,0
BRDA:38,1,1,0
BRDA:43,2,0,0
BRDA:50,3,0,2
BRDA:50,4,0,2
BRDA:50,4,1,2
BRDA:74,5,0,0
BRDA:81,6,0,0
BRDA:81,6,1,0
BRDA:107,7,0,0
BRDA:114,8,0,0
BRDA:114,8,1,0
BRDA:127,9,0,0
BRDA:127,10,0,0
BRDA:127,10,1,0
BRDA:133,11,0,0
BRDA:137,12,0,0
BRDA:161,13,0,0
BRDA:161,13,1,0
BRDA:185,14,0,0
BRDA:192,15,0,0
BRDA:192,15,1,0
BRDA:192,15,2,0
BRDA:192,15,3,0
BRDA:200,16,0,0
BRDA:200,16,1,0
BRDA:200,16,2,0
BRDA:200,16,3,0
BRDA:200,16,4,0
BRDA:215,17,0,0
BRDA:221,18,0,0
BRDA:240,19,0,0
BRDA:245,20,0,0
BRDA:249,21,0,0
BRDA:249,22,0,0
BRDA:249,22,1,0
BRDA:262,23,0,0
BRF:38
BRH:3
end_of_record
TN:
SF:src/services/socketService.ts
FN:9,initializeSocketHandlers
FN:10,(anonymous_1)
FN:14,(anonymous_2)
FN:27,(anonymous_3)
FN:33,(anonymous_4)
FN:38,(anonymous_5)
FN:46,(anonymous_6)
FN:51,(anonymous_7)
FN:56,(anonymous_8)
FN:65,(anonymous_9)
FN:70,(anonymous_10)
FN:76,emitToUser
FN:80,emitToRole
FN:84,emitToConversation
FNF:14
FNH:0
FNDA:0,initializeSocketHandlers
FNDA:0,(anonymous_1)
FNDA:0,(anonymous_2)
FNDA:0,(anonymous_3)
FNDA:0,(anonymous_4)
FNDA:0,(anonymous_5)
FNDA:0,(anonymous_6)
FNDA:0,(anonymous_7)
FNDA:0,(anonymous_8)
FNDA:0,(anonymous_9)
FNDA:0,(anonymous_10)
FNDA:0,emitToUser
FNDA:0,emitToRole
FNDA:0,emitToConversation
DA:2,0
DA:9,0
DA:10,0
DA:11,0
DA:14,0
DA:15,0
DA:16,0
DA:17,0
DA:18,0
DA:19,0
DA:20,0
DA:21,0
DA:23,0
DA:27,0
DA:28,0
DA:29,0
DA:33,0
DA:34,0
DA:38,0
DA:42,0
DA:46,0
DA:47,0
DA:51,0
DA:52,0
DA:56,0
DA:61,0
DA:65,0
DA:66,0
DA:70,0
DA:71,0
DA:76,0
DA:77,0
DA:80,0
DA:81,0
DA:84,0
DA:85,0
LF:36
LH:0
BRDA:16,0,0,0
BRDA:16,0,1,0
BRDA:18,1,0,0
BRDA:18,1,1,0
BRDA:20,2,0,0
BRF:5
BRH:0
end_of_record
TN:
SF:src/services/usageService.ts
FN:33,(anonymous_0)
FN:64,(anonymous_1)
FN:96,(anonymous_2)
FN:135,(anonymous_3)
FNF:4
FNH:0
FNDA:0,(anonymous_0)
FNDA:0,(anonymous_1)
FNDA:0,(anonymous_2)
FNDA:0,(anonymous_3)
DA:1,1
DA:2,1
DA:4,1
DA:14,1
DA:34,0
DA:35,0
DA:43,0
DA:44,0
DA:48,0
DA:49,0
DA:54,0
DA:57,0
DA:59,0
DA:60,0
DA:65,0
DA:66,0
DA:71,0
DA:72,0
DA:73,0
DA:76,0
DA:77,0
DA:78,0
DA:79,0
DA:81,0
DA:89,0
DA:91,0
DA:92,0
DA:97,0
DA:98,0
DA:99,0
DA:100,0
DA:103,0
DA:105,0
DA:108,0
DA:110,0
DA:111,0
DA:113,0
DA:114,0
DA:115,0
DA:116,0
DA:117,0
DA:118,0
DA:119,0
DA:120,0
DA:121,0
DA:124,0
DA:130,0
DA:131,0
DA:136,0
DA:137,0
DA:147,0
DA:149,0
DA:150,0
DA:155,1
LF:54
LH:5
BRDA:43,0,0,0
BRDA:48,1,0,0
BRDA:71,2,0,0
BRDA:71,3,0,0
BRDA:71,3,1,0
BRDA:77,4,0,0
BRDA:78,5,0,0
BRDA:79,6,0,0
BRDA:99,7,0,0
BRDA:99,8,0,0
BRDA:99,8,1,0
BRDA:99,8,2,0
BRDA:105,9,0,0
BRDA:105,9,1,0
BRDA:106,10,0,0
BRDA:106,10,1,0
BRDA:113,11,0,0
BRDA:113,11,1,0
BRDA:116,12,0,0
BRDA:116,12,1,0
BRDA:119,13,0,0
BRF:21
BRH:0
end_of_record
TN:
SF:src/services/vectorService.ts
FN:20,(anonymous_0)
FN:55,(anonymous_1)
FN:72,(anonymous_2)
FN:91,(anonymous_3)
FNF:4
FNH:0
FNDA:0,(anonymous_0)
FNDA:0,(anonymous_1)
FNDA:0,(anonymous_2)
FNDA:0,(anonymous_3)
DA:1,2
DA:2,2
DA:3,2
DA:16,2
DA:21,0
DA:23,0
DA:25,0
DA:26,0
DA:28,0
DA:47,0
DA:48,0
DA:56,0
DA:58,0
DA:60,0
DA:61,0
DA:64,0
DA:72,0
DA:83,0
DA:84,0
DA:92,0
DA:93,0
DA:94,0
LF:22
LH:4
BRDA:40,0,0,0
BRDA:40,0,1,0
BRDA:43,1,0,0
BRDA:43,1,1,0
BRDA:55,2,0,0
BRF:5
BRH:0
end_of_record
TN:
SF:src/services/weatherService.ts
FN:18,(anonymous_1)
FN:48,(anonymous_2)
FN:68,(anonymous_3)
FN:97,(anonymous_4)
FN:110,(anonymous_5)
FNF:5
FNH:0
FNDA:0,(anonymous_1)
FNDA:0,(anonymous_2)
FNDA:0,(anonymous_3)
FNDA:0,(anonymous_4)
FNDA:0,(anonymous_5)
DA:1,2
DA:2,2
DA:18,2
DA:19,0
DA:41,0
DA:44,2
DA:49,0
DA:52,0
DA:55,0
DA:60,0
DA:61,0
DA:62,0
DA:66,0
DA:67,0
DA:68,0
DA:69,0
DA:72,0
DA:75,0
DA:89,0
DA:90,0
DA:92,0
DA:97,0
DA:105,0
DA:106,0
DA:111,0
LF:25
LH:4
BRDA:41,0,0,0
BRDA:41,0,1,0
BRDA:60,1,0,0
BRDA:67,2,0,0
BRDA:67,3,0,0
BRDA:67,3,1,0
BRDA:69,4,0,0
BRF:7
BRH:0
end_of_record
TN:
SF:src/services/webrtcService.ts
FN:40,(anonymous_0)
FN:46,(anonymous_1)
FN:52,(anonymous_2)
FN:55,(anonymous_3)
FN:59,(anonymous_4)
FN:66,(anonymous_5)
FN:84,(anonymous_6)
FN:109,(anonymous_7)
FN:114,(anonymous_8)
FN:122,(anonymous_9)
FN:130,(anonymous_10)
FN:138,(anonymous_11)
FN:146,(anonymous_12)
FN:154,(anonymous_13)
FN:164,(anonymous_14)
FN:181,(anonymous_15)
FN:202,(anonymous_16)
FN:219,(anonymous_17)
FN:224,(anonymous_18)
FN:234,(anonymous_19)
FN:235,(anonymous_20)
FN:239,(anonymous_21)
FN:244,(anonymous_22)
FN:249,(anonymous_23)
FN:251,(anonymous_24)
FNF:25
FNH:0
FNDA:0,(anonymous_0)
FNDA:0,(anonymous_1)
FNDA:0,(anonymous_2)
FNDA:0,(anonymous_3)
FNDA:0,(anonymous_4)
FNDA:0,(anonymous_5)
FNDA:0,(anonymous_6)
FNDA:0,(anonymous_7)
FNDA:0,(anonymous_8)
FNDA:0,(anonymous_9)
FNDA:0,(anonymous_10)
FNDA:0,(anonymous_11)
FNDA:0,(anonymous_12)
FNDA:0,(anonymous_13)
FNDA:0,(anonymous_14)
FNDA:0,(anonymous_15)
FNDA:0,(anonymous_16)
FNDA:0,(anonymous_17)
FNDA:0,(anonymous_18)
FNDA:0,(anonymous_19)
FNDA:0,(anonymous_20)
FNDA:0,(anonymous_21)
FNDA:0,(anonymous_22)
FNDA:0,(anonymous_23)
FNDA:0,(anonymous_24)
DA:2,0
DA:3,0
DA:41,0
DA:42,0
DA:43,0
DA:44,0
DA:47,0
DA:48,0
DA:49,0
DA:53,0
DA:55,0
DA:56,0
DA:59,0
DA:60,0
DA:61,0
DA:62,0
DA:66,0
DA:67,0
DA:68,0
DA:76,0
DA:77,0
DA:79,0
DA:80,0
DA:84,0
DA:85,0
DA:87,0
DA:88,0
DA:89,0
DA:92,0
DA:93,0
DA:96,0
DA:102,0
DA:103,0
DA:105,0
DA:109,0
DA:110,0
DA:114,0
DA:115,0
DA:122,0
DA:123,0
DA:130,0
DA:131,0
DA:138,0
DA:139,0
DA:146,0
DA:147,0
DA:154,0
DA:155,0
DA:156,0
DA:157,0
DA:158,0
DA:159,0
DA:164,0
DA:165,0
DA:166,0
DA:167,0
DA:170,0
DA:171,0
DA:172,0
DA:176,0
DA:182,0
DA:183,0
DA:185,0
DA:186,0
DA:189,0
DA:192,0
DA:193,0
DA:194,0
DA:195,0
DA:198,0
DA:203,0
DA:212,0
DA:213,0
DA:215,0
DA:220,0
DA:225,0
DA:226,0
DA:228,0
DA:229,0
DA:230,0
DA:235,0
DA:240,0
DA:245,0
DA:250,0
DA:251,0
DA:256,0
LF:86
LH:0
BRDA:53,0,0,0
BRDA:87,1,0,0
BRDA:87,2,0,0
BRDA:87,2,1,0
BRDA:156,3,0,0
BRDA:166,4,0,0
BRDA:171,5,0,0
BRDA:183,6,0,0
BRDA:192,7,0,0
BRDA:226,8,0,0
BRDA:251,9,0,0
BRDA:251,9,1,0
BRF:12
BRH:0
end_of_record
TN:
SF:src/services/aiProvider/aiProvider.ts
FN:121,(anonymous_9)
FN:125,(anonymous_10)
FN:129,(anonymous_11)
FN:133,(anonymous_12)
FN:137,(anonymous_13)
FN:141,(anonymous_14)
FN:145,(anonymous_15)
FN:149,(anonymous_16)
FN:153,(anonymous_17)
FN:164,(anonymous_18)
FN:170,(anonymous_19)
FN:182,(anonymous_20)
FN:186,(anonymous_21)
FN:190,(anonymous_22)
FN:212,(anonymous_23)
FN:215,(anonymous_24)
FN:218,(anonymous_25)
FN:221,(anonymous_26)
FN:224,(anonymous_27)
FN:227,(anonymous_28)
FN:239,(anonymous_29)
FN:243,(anonymous_30)
FN:247,(anonymous_31)
FN:257,(anonymous_32)
FN:268,(anonymous_33)
FN:271,(anonymous_34)
FNF:26
FNH:0
FNDA:0,(anonymous_9)
FNDA:0,(anonymous_10)
FNDA:0,(anonymous_11)
FNDA:0,(anonymous_12)
FNDA:0,(anonymous_13)
FNDA:0,(anonymous_14)
FNDA:0,(anonymous_15)
FNDA:0,(anonymous_16)
FNDA:0,(anonymous_17)
FNDA:0,(anonymous_18)
FNDA:0,(anonymous_19)
FNDA:0,(anonymous_20)
FNDA:0,(anonymous_21)
FNDA:0,(anonymous_22)
FNDA:0,(anonymous_23)
FNDA:0,(anonymous_24)
FNDA:0,(anonymous_25)
FNDA:0,(anonymous_26)
FNDA:0,(anonymous_27)
FNDA:0,(anonymous_28)
FNDA:0,(anonymous_29)
FNDA:0,(anonymous_30)
FNDA:0,(anonymous_31)
FNDA:0,(anonymous_32)
FNDA:0,(anonymous_33)
FNDA:0,(anonymous_34)
DA:1,2
DA:2,2
DA:117,2
DA:122,0
DA:126,0
DA:130,0
DA:134,0
DA:138,0
DA:142,0
DA:146,0
DA:150,0
DA:154,0
DA:159,2
DA:160,2
DA:165,0
DA:166,0
DA:167,0
DA:171,0
DA:173,0
DA:174,0
DA:177,0
DA:178,0
DA:179,0
DA:183,0
DA:187,0
DA:193,0
DA:194,0
DA:195,0
DA:197,0
DA:198,0
DA:201,0
DA:203,0
DA:207,0
DA:208,0
DA:209,0
DA:213,0
DA:215,0
DA:216,0
DA:218,0
DA:219,0
DA:221,0
DA:222,0
DA:224,0
DA:225,0
DA:227,0
DA:228,0
DA:230,0
DA:236,2
DA:237,2
DA:240,0
DA:247,0
DA:248,0
DA:250,0
DA:252,0
DA:253,0
DA:255,0
DA:256,0
DA:257,0
DA:262,0
DA:264,0
DA:266,0
DA:268,0
DA:269,0
DA:271,0
DA:272,0
DA:274,0
LF:66
LH:7
BRDA:171,0,0,0
BRDA:171,0,1,0
BRDA:173,1,0,0
BRDA:197,2,0,0
BRDA:213,3,0,0
BRDA:213,3,1,0
BRDA:213,3,2,0
BRDA:213,3,3,0
BRDA:213,3,4,0
BRDA:213,3,5,0
BRDA:248,4,0,0
BRDA:248,4,1,0
BRDA:248,4,2,0
BRDA:248,4,3,0
BRDA:248,4,4,0
BRDA:248,4,5,0
BRDA:248,4,6,0
BRDA:248,4,7,0
BRF:18
BRH:0
end_of_record
TN:
SF:src/services/aiProvider/providers/anthropic.ts
FN:16,(anonymous_9)
FN:27,(anonymous_10)
FN:31,(anonymous_11)
FN:40,(anonymous_12)
FN:43,(anonymous_13)
FN:49,(anonymous_14)
FN:51,(anonymous_15)
FN:58,(anonymous_16)
FN:92,(anonymous_17)
FN:116,(anonymous_18)
FN:134,(anonymous_19)
FN:141,(anonymous_20)
FN:151,(anonymous_21)
FN:158,(anonymous_22)
FN:159,(anonymous_23)
FN:166,(anonymous_24)
FN:180,(anonymous_25)
FN:196,(anonymous_26)
FNF:18
FNH:0
FNDA:0,(anonymous_9)
FNDA:0,(anonymous_10)
FNDA:0,(anonymous_11)
FNDA:0,(anonymous_12)
FNDA:0,(anonymous_13)
FNDA:0,(anonymous_14)
FNDA:0,(anonymous_15)
FNDA:0,(anonymous_16)
FNDA:0,(anonymous_17)
FNDA:0,(anonymous_18)
FNDA:0,(anonymous_19)
FNDA:0,(anonymous_20)
FNDA:0,(anonymous_21)
FNDA:0,(anonymous_22)
FNDA:0,(anonymous_23)
FNDA:0,(anonymous_24)
FNDA:0,(anonymous_25)
FNDA:0,(anonymous_26)
DA:1,0
DA:13,0
DA:14,0
DA:16,0
DA:17,0
DA:18,0
DA:25,0
DA:28,0
DA:30,0
DA:31,0
DA:32,0
DA:33,0
DA:35,0
DA:36,0
DA:41,0
DA:43,0
DA:49,0
DA:51,0
DA:59,0
DA:60,0
DA:62,0
DA:63,0
DA:70,0
DA:71,0
DA:82,0
DA:83,0
DA:93,0
DA:94,0
DA:96,0
DA:97,0
DA:105,0
DA:106,0
DA:107,0
DA:111,0
DA:112,0
DA:117,0
DA:118,0
DA:120,0
DA:121,0
DA:126,0
DA:132,0
DA:133,0
DA:134,0
DA:142,0
DA:143,0
DA:145,0
DA:146,0
DA:151,0
DA:157,0
DA:158,0
DA:159,0
DA:167,0
DA:168,0
DA:173,0
DA:181,0
DA:182,0
DA:184,0
DA:185,0
DA:187,0
DA:197,0
DA:198,0
DA:199,0
DA:204,0
DA:206,0
LF:64
LH:0
BRDA:28,0,0,0
BRDA:60,1,0,0
BRDA:60,1,1,0
BRDA:65,2,0,0
BRDA:65,2,1,0
BRDA:66,3,0,0
BRDA:66,3,1,0
BRDA:70,4,0,0
BRDA:70,4,1,0
BRDA:94,5,0,0
BRDA:94,5,1,0
BRDA:99,6,0,0
BRDA:99,6,1,0
BRDA:100,7,0,0
BRDA:100,7,1,0
BRDA:106,8,0,0
BRDA:106,9,0,0
BRDA:106,9,1,0
BRDA:118,10,0,0
BRDA:118,10,1,0
BRDA:143,11,0,0
BRDA:143,11,1,0
BRDA:169,12,0,0
BRDA:169,12,1,0
BRDA:170,13,0,0
BRDA:170,13,1,0
BRDA:175,14,0,0
BRDA:175,14,1,0
BRDA:185,15,0,0
BRDA:185,15,1,0
BRF:30
BRH:0
end_of_record
TN:
SF:src/services/aiProvider/providers/azureOpenAI.ts
FN:20,(anonymous_9)
FN:33,(anonymous_10)
FN:37,(anonymous_11)
FN:50,(anonymous_12)
FN:52,(anonymous_13)
FN:70,(anonymous_14)
FN:73,(anonymous_15)
FN:74,(anonymous_16)
FN:84,(anonymous_17)
FN:128,(anonymous_18)
FN:158,(anonymous_19)
FN:173,(anonymous_20)
FN:180,(anonymous_21)
FN:186,(anonymous_22)
FN:193,(anonymous_23)
FN:194,(anonymous_24)
FN:201,(anonymous_25)
FN:211,(anonymous_26)
FN:220,(anonymous_27)
FN:234,(anonymous_28)
FN:253,(anonymous_29)
FNF:21
FNH:0
FNDA:0,(anonymous_9)
FNDA:0,(anonymous_10)
FNDA:0,(anonymous_11)
FNDA:0,(anonymous_12)
FNDA:0,(anonymous_13)
FNDA:0,(anonymous_14)
FNDA:0,(anonymous_15)
FNDA:0,(anonymous_16)
FNDA:0,(anonymous_17)
FNDA:0,(anonymous_18)
FNDA:0,(anonymous_19)
FNDA:0,(anonymous_20)
FNDA:0,(anonymous_21)
FNDA:0,(anonymous_22)
FNDA:0,(anonymous_23)
FNDA:0,(anonymous_24)
FNDA:0,(anonymous_25)
FNDA:0,(anonymous_26)
FNDA:0,(anonymous_27)
FNDA:0,(anonymous_28)
FNDA:0,(anonymous_29)
DA:1,0
DA:17,0
DA:18,0
DA:20,0
DA:21,0
DA:22,0
DA:31,0
DA:34,0
DA:36,0
DA:37,0
DA:38,0
DA:42,0
DA:44,0
DA:46,0
DA:51,0
DA:53,0
DA:71,0
DA:72,0
DA:73,0
DA:74,0
DA:85,0
DA:86,0
DA:88,0
DA:93,0
DA:102,0
DA:103,0
DA:109,0
DA:110,0
DA:117,0
DA:119,0
DA:129,0
DA:130,0
DA:135,0
DA:140,0
DA:141,0
DA:147,0
DA:148,0
DA:149,0
DA:153,0
DA:154,0
DA:159,0
DA:160,0
DA:162,0
DA:163,0
DA:164,0
DA:170,0
DA:172,0
DA:173,0
DA:181,0
DA:182,0
DA:184,0
DA:185,0
DA:186,0
DA:192,0
DA:193,0
DA:194,0
DA:202,0
DA:204,0
DA:212,0
DA:214,0
DA:221,0
DA:222,0
DA:227,0
DA:235,0
DA:237,0
DA:239,0
DA:240,0
DA:241,0
DA:244,0
DA:254,0
DA:255,0
DA:257,0
DA:262,0
DA:264,0
LF:74
LH:0
BRDA:34,0,0,0
BRDA:71,1,0,0
BRDA:71,1,1,0
BRDA:86,2,0,0
BRDA:86,2,1,0
BRDA:94,3,0,0
BRDA:94,3,1,0
BRDA:95,4,0,0
BRDA:95,4,1,0
BRDA:136,5,0,0
BRDA:136,5,1,0
BRDA:137,6,0,0
BRDA:137,6,1,0
BRDA:148,7,0,0
BRDA:160,8,0,0
BRDA:160,8,1,0
BRDA:182,9,0,0
BRDA:182,9,1,0
BRDA:206,10,0,0
BRDA:206,10,1,0
BRDA:223,11,0,0
BRDA:223,11,1,0
BRDA:224,12,0,0
BRDA:224,12,1,0
BRDA:229,13,0,0
BRDA:229,13,1,0
BRDA:240,14,0,0
BRDA:240,14,1,0
BRF:28
BRH:0
end_of_record
TN:
SF:src/services/aiProvider/providers/googleVertex.ts
FN:20,(anonymous_9)
FN:31,(anonymous_10)
FN:35,(anonymous_11)
FN:44,(anonymous_12)
FN:46,(anonymous_13)
FN:47,(anonymous_14)
FN:49,(anonymous_15)
FN:52,(anonymous_16)
FN:53,(anonymous_17)
FN:55,(anonymous_18)
FN:60,(anonymous_19)
FN:61,(anonymous_20)
FN:63,(anonymous_21)
FN:70,(anonymous_22)
FN:96,(anonymous_23)
FN:113,(anonymous_24)
FN:128,(anonymous_25)
FN:135,(anonymous_26)
FN:142,(anonymous_27)
FN:154,(anonymous_28)
FN:155,(anonymous_29)
FN:162,(anonymous_30)
FN:171,(anonymous_31)
FN:179,(anonymous_32)
FN:193,(anonymous_33)
FN:210,(anonymous_34)
FNF:26
FNH:0
FNDA:0,(anonymous_9)
FNDA:0,(anonymous_10)
FNDA:0,(anonymous_11)
FNDA:0,(anonymous_12)
FNDA:0,(anonymous_13)
FNDA:0,(anonymous_14)
FNDA:0,(anonymous_15)
FNDA:0,(anonymous_16)
FNDA:0,(anonymous_17)
FNDA:0,(anonymous_18)
FNDA:0,(anonymous_19)
FNDA:0,(anonymous_20)
FNDA:0,(anonymous_21)
FNDA:0,(anonymous_22)
FNDA:0,(anonymous_23)
FNDA:0,(anonymous_24)
FNDA:0,(anonymous_25)
FNDA:0,(anonymous_26)
FNDA:0,(anonymous_27)
FNDA:0,(anonymous_28)
FNDA:0,(anonymous_29)
FNDA:0,(anonymous_30)
FNDA:0,(anonymous_31)
FNDA:0,(anonymous_32)
FNDA:0,(anonymous_33)
FNDA:0,(anonymous_34)
DA:1,0
DA:17,0
DA:18,0
DA:20,0
DA:21,0
DA:22,0
DA:29,0
DA:32,0
DA:34,0
DA:35,0
DA:36,0
DA:37,0
DA:39,0
DA:40,0
DA:45,0
DA:46,0
DA:47,0
DA:49,0
DA:52,0
DA:53,0
DA:55,0
DA:60,0
DA:61,0
DA:63,0
DA:71,0
DA:72,0
DA:74,0
DA:75,0
DA:76,0
DA:77,0
DA:79,0
DA:86,0
DA:87,0
DA:97,0
DA:98,0
DA:99,0
DA:101,0
DA:102,0
DA:103,0
DA:104,0
DA:105,0
DA:108,0
DA:109,0
DA:114,0
DA:115,0
DA:117,0
DA:118,0
DA:119,0
DA:120,0
DA:126,0
DA:127,0
DA:128,0
DA:136,0
DA:137,0
DA:138,0
DA:140,0
DA:141,0
DA:143,0
DA:144,0
DA:151,0
DA:153,0
DA:154,0
DA:155,0
DA:163,0
DA:164,0
DA:172,0
DA:173,0
DA:180,0
DA:181,0
DA:186,0
DA:194,0
DA:195,0
DA:197,0
DA:198,0
DA:199,0
DA:201,0
DA:211,0
DA:212,0
DA:213,0
DA:214,0
DA:215,0
DA:217,0
LF:82
LH:0
BRDA:32,0,0,0
BRDA:72,1,0,0
BRDA:72,1,1,0
BRDA:98,2,0,0
BRDA:98,2,1,0
BRDA:105,3,0,0
BRDA:115,4,0,0
BRDA:115,4,1,0
BRDA:137,5,0,0
BRDA:137,5,1,0
BRDA:182,6,0,0
BRDA:182,6,1,0
BRDA:183,7,0,0
BRDA:183,7,1,0
BRDA:188,8,0,0
BRDA:188,8,1,0
BRDA:198,9,0,0
BRDA:198,9,1,0
BRF:18
BRH:0
end_of_record
TN:
SF:src/services/aiProvider/providers/groq.ts
FN:20,(anonymous_1)
FN:25,(anonymous_2)
FN:28,(anonymous_3)
FN:54,(anonymous_4)
FN:82,(anonymous_5)
FNF:5
FNH:0
FNDA:0,(anonymous_1)
FNDA:0,(anonymous_2)
FNDA:0,(anonymous_3)
FNDA:0,(anonymous_4)
FNDA:0,(anonymous_5)
DA:1,0
DA:7,0
DA:8,0
DA:9,0
DA:11,0
DA:15,0
DA:16,0
DA:17,0
DA:21,0
DA:22,0
DA:26,0
DA:28,0
DA:37,0
DA:38,0
DA:51,0
DA:52,0
DA:54,0
DA:71,0
DA:73,0
DA:83,0
DA:84,0
DA:89,0
DA:91,0
DA:92,0
LF:24
LH:0
BRDA:26,0,0,0
BRDA:26,0,1,0
BRDA:41,1,0,0
BRDA:41,1,1,0
BRDA:42,2,0,0
BRDA:42,2,1,0
BRDA:48,3,0,0
BRDA:48,3,1,0
BRDA:48,4,0,0
BRDA:48,4,1,0
BRDA:64,5,0,0
BRDA:64,5,1,0
BRDA:65,6,0,0
BRDA:65,6,1,0
BRDA:66,7,0,0
BRDA:66,7,1,0
BRF:16
BRH:0
end_of_record
TN:
SF:src/services/aiProvider/providers/openAI.ts
FN:16,(anonymous_9)
FN:27,(anonymous_10)
FN:31,(anonymous_11)
FN:40,(anonymous_12)
FN:44,(anonymous_13)
FN:56,(anonymous_14)
FN:58,(anonymous_15)
FN:66,(anonymous_16)
FN:103,(anonymous_17)
FN:126,(anonymous_18)
FN:145,(anonymous_19)
FN:152,(anonymous_20)
FN:163,(anonymous_21)
FN:170,(anonymous_22)
FN:171,(anonymous_23)
FN:178,(anonymous_24)
FN:192,(anonymous_25)
FN:208,(anonymous_26)
FNF:18
FNH:0
FNDA:0,(anonymous_9)
FNDA:0,(anonymous_10)
FNDA:0,(anonymous_11)
FNDA:0,(anonymous_12)
FNDA:0,(anonymous_13)
FNDA:0,(anonymous_14)
FNDA:0,(anonymous_15)
FNDA:0,(anonymous_16)
FNDA:0,(anonymous_17)
FNDA:0,(anonymous_18)
FNDA:0,(anonymous_19)
FNDA:0,(anonymous_20)
FNDA:0,(anonymous_21)
FNDA:0,(anonymous_22)
FNDA:0,(anonymous_23)
FNDA:0,(anonymous_24)
FNDA:0,(anonymous_25)
FNDA:0,(anonymous_26)
DA:1,0
DA:13,0
DA:14,0
DA:16,0
DA:17,0
DA:18,0
DA:25,0
DA:28,0
DA:30,0
DA:31,0
DA:32,0
DA:33,0
DA:35,0
DA:36,0
DA:41,0
DA:44,0
DA:56,0
DA:58,0
DA:67,0
DA:68,0
DA:70,0
DA:71,0
DA:85,0
DA:86,0
DA:93,0
DA:94,0
DA:104,0
DA:105,0
DA:107,0
DA:108,0
DA:116,0
DA:117,0
DA:118,0
DA:121,0
DA:122,0
DA:127,0
DA:128,0
DA:130,0
DA:131,0
DA:137,0
DA:143,0
DA:144,0
DA:145,0
DA:153,0
DA:154,0
DA:156,0
DA:157,0
DA:163,0
DA:169,0
DA:170,0
DA:171,0
DA:179,0
DA:180,0
DA:185,0
DA:193,0
DA:194,0
DA:196,0
DA:197,0
DA:199,0
DA:209,0
DA:210,0
DA:211,0
DA:216,0
DA:218,0
LF:64
LH:0
BRDA:28,0,0,0
BRDA:68,1,0,0
BRDA:68,1,1,0
BRDA:77,2,0,0
BRDA:77,2,1,0
BRDA:78,3,0,0
BRDA:78,3,1,0
BRDA:105,4,0,0
BRDA:105,4,1,0
BRDA:111,5,0,0
BRDA:111,5,1,0
BRDA:112,6,0,0
BRDA:112,6,1,0
BRDA:118,7,0,0
BRDA:128,8,0,0
BRDA:128,8,1,0
BRDA:154,9,0,0
BRDA:154,9,1,0
BRDA:181,10,0,0
BRDA:181,10,1,0
BRDA:182,11,0,0
BRDA:182,11,1,0
BRDA:187,12,0,0
BRDA:187,12,1,0
BRDA:197,13,0,0
BRDA:197,13,1,0
BRF:26
BRH:0
end_of_record
TN:
SF:src/tools/getDate.ts
FN:15,(anonymous_0)
FNF:1
FNH:0
FNDA:0,(anonymous_0)
DA:2,2
DA:6,2
DA:11,2
DA:16,0
DA:17,0
LF:5
LH:3
BRF:0
BRH:0
end_of_record
TN:
SF:src/tools/registry.ts
FN:22,(anonymous_0)
FNF:1
FNH:1
FNDA:6,(anonymous_0)
DA:5,2
DA:6,2
DA:7,2
DA:13,2
DA:22,6
LF:5
LH:5
BRF:0
BRH:0
end_of_record
TN:
SF:src/tools/scheduleVisit.ts
FN:21,(anonymous_0)
FNF:1
FNH:0
FNDA:0,(anonymous_0)
DA:1,2
DA:3,2
DA:4,2
DA:7,2
DA:17,2
DA:22,0
DA:24,0
DA:25,0
DA:26,0
DA:32,0
DA:34,0
DA:35,0
DA:37,0
DA:38,0
DA:44,0
DA:50,0
DA:56,0
DA:57,0
LF:18
LH:5
BRDA:25,0,0,0
BRDA:37,1,0,0
BRF:2
BRH:0
end_of_record
TN:
SF:src/tools/weatherTool.ts
FN:19,(anonymous_0)
FNF:1
FNH:0
FNDA:0,(anonymous_0)
DA:1,2
DA:4,2
DA:7,2
DA:15,2
DA:20,0
DA:25,0
DA:31,0
DA:38,0
LF:8
LH:4
BRF:0
BRH:0
end_of_record
TN:
SF:src/utils/generateFrontendTranslations.ts
FNF:0
FNH:0
DA:8,0
DA:428,0
DA:433,0
DA:434,0
LF:4
LH:0
BRF:0
BRH:0
end_of_record
TN:
SF:src/utils/retry.ts
FN:16,(anonymous_0)
FN:24,withRetry
FN:62,defaultRetryableErrors
FN:68,sleep
FN:69,(anonymous_4)
FN:73,calculateBackoffWithJitter
FN:96,(anonymous_7)
FN:116,(anonymous_8)
FN:124,(anonymous_9)
FN:134,(anonymous_10)
FN:144,(anonymous_11)
FN:153,(anonymous_12)
FN:167,(anonymous_13)
FN:176,(anonymous_14)
FNF:14
FNH:0
FNDA:0,(anonymous_0)
FNDA:0,withRetry
FNDA:0,defaultRetryableErrors
FNDA:0,sleep
FNDA:0,(anonymous_4)
FNDA:0,calculateBackoffWithJitter
FNDA:0,(anonymous_7)
FNDA:0,(anonymous_8)
FNDA:0,(anonymous_9)
FNDA:0,(anonymous_10)
FNDA:0,(anonymous_11)
FNDA:0,(anonymous_12)
FNDA:0,(anonymous_13)
FNDA:0,(anonymous_14)
DA:1,0
DA:11,0
DA:18,0
DA:19,0
DA:20,0
DA:24,0
DA:28,0
DA:30,0
DA:32,0
DA:33,0
DA:34,0
DA:36,0
DA:39,0
DA:40,0
DA:44,0
DA:45,0
DA:49,0
DA:50,0
DA:53,0
DA:59,0
DA:63,0
DA:64,0
DA:65,0
DA:69,0
DA:73,0
DA:79,0
DA:80,0
DA:81,0
DA:85,0
DA:86,0
DA:87,0
DA:88,0
DA:91,0
DA:92,0
DA:93,0
DA:97,0
DA:98,0
DA:99,0
DA:100,0
DA:102,0
DA:106,0
DA:107,0
DA:108,0
DA:109,0
DA:111,0
DA:112,0
DA:117,0
DA:118,0
DA:119,0
DA:120,0
DA:125,0
DA:126,0
DA:128,0
DA:129,0
DA:130,0
DA:135,0
DA:140,0
DA:145,0
DA:146,0
DA:147,0
DA:149,0
DA:150,0
DA:154,0
DA:156,0
DA:157,0
DA:158,0
DA:161,0
DA:162,0
DA:163,0
DA:164,0
DA:168,0
DA:169,0
DA:170,0
DA:172,0
DA:173,0
DA:177,0
DA:178,0
LF:77
LH:0
BRDA:18,0,0,0
BRDA:20,1,0,0
BRDA:20,1,1,0
BRDA:20,1,2,0
BRDA:26,2,0,0
BRDA:39,3,0,0
BRDA:40,4,0,0
BRDA:40,4,1,0
BRDA:44,5,0,0
BRDA:44,5,1,0
BRDA:46,6,0,0
BRDA:46,6,1,0
BRDA:63,7,0,0
BRDA:65,8,0,0
BRDA:65,8,1,0
BRDA:65,8,2,0
BRDA:91,9,0,0
BRDA:92,10,0,0
BRDA:93,11,0,0
BRDA:97,12,0,0
BRDA:98,13,0,0
BRDA:98,13,1,0
BRDA:118,14,0,0
BRDA:128,15,0,0
BRDA:149,16,0,0
BRDA:149,16,1,0
BRDA:153,17,0,0
BRDA:156,18,0,0
BRF:28
BRH:0
end_of_record
TN:
SF:src/utils/schemas.ts
FNF:0
FNH:0
DA:1,2
DA:4,2
DA:11,2
DA:24,2
DA:37,2
LF:5
LH:5
BRF:0
BRH:0
end_of_record
TN:
SF:src/utils/swagger.ts
FN:44,setupSwagger
FNF:1
FNH:1
FNDA:2,setupSwagger
DA:1,2
DA:2,2
DA:4,2
DA:6,2
DA:42,2
DA:44,2
DA:45,2
DA:46,2
LF:8
LH:8
BRF:0
BRH:0
end_of_record
TN:
SF:src/utils/translateAll.ts
FN:115,translateAll
FN:143,(anonymous_1)
FNF:2
FNH:0
FNDA:0,translateAll
FNDA:0,(anonymous_1)
DA:8,0
DA:11,0
DA:95,0
DA:116,0
DA:118,0
DA:121,0
DA:123,0
DA:124,0
DA:125,0
DA:127,0
DA:129,0
DA:130,0
DA:131,0
DA:133,0
DA:134,0
DA:135,0
DA:136,0
DA:138,0
DA:139,0
DA:143,0
DA:146,0
DA:147,0
DA:151,0
DA:152,0
DA:153,0
DA:156,0
LF:26
LH:0
BRDA:146,0,0,0
BRDA:146,0,1,0
BRF:2
BRH:0
end_of_record
TN:
SF:src/utils/translationGenerator.ts
FN:143,generateTranslations
FN:164,(anonymous_1)
FN:208,(anonymous_2)
FNF:3
FNH:0
FNDA:0,generateTranslations
FNDA:0,(anonymous_1)
FNDA:0,(anonymous_2)
DA:8,0
DA:11,0
DA:120,0
DA:144,0
DA:146,0
DA:147,0
DA:150,0
DA:153,0
DA:157,0
DA:158,0
DA:160,0
DA:163,0
DA:164,0
DA:167,0
DA:177,0
DA:178,0
DA:183,0
DA:184,0
DA:185,0
DA:186,0
DA:187,0
DA:188,0
DA:189,0
DA:191,0
DA:194,0
DA:197,0
DA:201,0
DA:202,0
DA:206,0
DA:207,0
DA:208,0
DA:212,0
LF:32
LH:0
BRDA:184,0,0,0
BRDA:184,0,1,0
BRDA:186,1,0,0
BRDA:186,1,1,0
BRDA:206,2,0,0
BRF:5
BRH:0
end_of_record
TN:
SF:src/workers/emailWorker.ts
FN:9,(anonymous_0)
FN:34,(anonymous_1)
FN:38,(anonymous_2)
FNF:3
FNH:0
FNDA:0,(anonymous_0)
FNDA:0,(anonymous_1)
FNDA:0,(anonymous_2)
DA:1,0
DA:2,0
DA:4,0
DA:5,0
DA:7,0
DA:10,0
DA:12,0
DA:14,0
DA:15,0
DA:22,0
DA:24,0
DA:25,0
DA:34,0
DA:35,0
DA:38,0
DA:39,0
LF:16
LH:0
BRDA:10,0,0,0
BRDA:10,1,0,0
BRDA:10,2,0,0
BRF:3
BRH:0
end_of_record
